#
# There is insufficient memory for the Java Runtime Environment to continue.
# Native memory allocation (malloc) failed to allocate 958576 bytes for Chunk::new
# Possible reasons:
#   The system is out of physical RAM or swap space
#   In 32 bit mode, the process size limit was hit
# Possible solutions:
#   Reduce memory load on the system
#   Increase physical memory or swap space
#   Check if swap backing store is full
#   Use 64 bit Java on a 64 bit OS
#   Decrease Java heap size (-Xmx/-Xms)
#   Decrease number of Java threads
#   Decrease Java thread stack sizes (-Xss)
#   Set larger code cache with -XX:ReservedCodeCacheSize=
# This output file may be truncated or incomplete.
#
#  Out of Memory Error (allocation.cpp:390), pid=8260, tid=7828
#
# JRE version: Java(TM) SE Runtime Environment (8.0_73-b02) (build 1.8.0_73-b02)
# Java VM: Java HotSpot(TM) 64-Bit Server VM (25.73-b02 mixed mode windows-amd64 compressed oops)
# Failed to write core dump. Minidumps are not enabled by default on client versions of Windows
#

---------------  T H R E A D  ---------------

Current thread (0x0000000014fdb800):  JavaThread "C2 CompilerThread0" daemon [_thread_in_native, id=7828, stack(0x0000000016610000,0x0000000016710000)]

Stack: [0x0000000016610000,0x0000000016710000]
[error occurred during error reporting (printing stack bounds), id 0xc0000005]

Native frames: (J=compiled Java code, j=interpreted, Vv=VM code, C=native code)


Current CompileTask:
C2:   7796 1814   !   4       com.android.dx.cf.code.BytecodeArray::parseInstruction (2764 bytes)


---------------  P R O C E S S  ---------------

Java Threads: ( => current thread )
  0x00000000181e8800 JavaThread "pool-1-thread-1" [_thread_new, id=3740, stack(0x0000000000000000,0x0000000000000000)]
  0x0000000016915800 JavaThread "Service Thread" daemon [_thread_blocked, id=7252, stack(0x0000000016d10000,0x0000000016e10000)]
  0x0000000015038800 JavaThread "C1 CompilerThread2" daemon [_thread_blocked, id=9788, stack(0x0000000016810000,0x0000000016910000)]
  0x0000000014fe0000 JavaThread "C2 CompilerThread1" daemon [_thread_in_native, id=11448, stack(0x0000000016710000,0x0000000016810000)]
=>0x0000000014fdb800 JavaThread "C2 CompilerThread0" daemon [_thread_in_native, id=7828, stack(0x0000000016610000,0x0000000016710000)]
  0x0000000014fd9800 JavaThread "Attach Listener" daemon [_thread_blocked, id=9792, stack(0x0000000016510000,0x0000000016610000)]
  0x0000000014fd8000 JavaThread "Signal Dispatcher" daemon [_thread_blocked, id=6580, stack(0x0000000016410000,0x0000000016510000)]
  0x0000000002880800 JavaThread "Finalizer" daemon [_thread_blocked, id=8492, stack(0x0000000016230000,0x0000000016330000)]
  0x000000000287d000 JavaThread "Reference Handler" daemon [_thread_blocked, id=5988, stack(0x0000000016130000,0x0000000016230000)]
  0x0000000002790800 JavaThread "main" [_thread_blocked, id=6160, stack(0x0000000002630000,0x0000000002730000)]

Other Threads:
  0x0000000014fa8000 VMThread [stack: 0x0000000016030000,0x0000000016130000] [id=3580]
  0x0000000016932800 WatcherThread [stack: 0x0000000016e10000,0x0000000016f10000] [id=7868]

VM state:not at safepoint (normal execution)

VM Mutex/Monitor currently owned by a thread: None

Heap:
 PSYoungGen      total 53248K, used 25133K [0x00000000eab00000, 0x00000000f1300000, 0x0000000100000000)
  eden space 49152K, 42% used [0x00000000eab00000,0x00000000ebf8b5b8,0x00000000edb00000)
  from space 4096K, 100% used [0x00000000edb00000,0x00000000edf00000,0x00000000edf00000)
  to   space 4096K, 0% used [0x00000000f0f00000,0x00000000f0f00000,0x00000000f1300000)
 ParOldGen       total 65536K, used 10514K [0x00000000c0000000, 0x00000000c4000000, 0x00000000eab00000)
  object space 65536K, 16% used [0x00000000c0000000,0x00000000c0a449a8,0x00000000c4000000)
 Metaspace       used 6357K, capacity 7154K, committed 7296K, reserved 1056768K
  class space    used 604K, capacity 618K, committed 640K, reserved 1048576K

Card table byte_map: [0x0000000011cd0000,0x0000000011ee0000] byte_map_base: 0x00000000116d0000

Marking Bits: (ParMarkBitMap*) 0x0000000058b40600
 Begin Bits: [0x0000000012440000, 0x0000000013440000)
 End Bits:   [0x0000000013440000, 0x0000000014440000)

Polling page: 0x0000000000ee0000

CodeCache: size=245760Kb used=7959Kb max_used=7976Kb free=237800Kb
 bounds [0x0000000002910000, 0x00000000030f0000, 0x0000000011910000]
 total_blobs=2064 nmethods=1794 adapters=182
 compilation: enabled

Compilation events (10 events):
Event: 7.272 Thread 0x0000000014fe0000 nmethod 1780 0x00000000030cbc50 code [0x00000000030cbda0, 0x00000000030cbea8]
Event: 7.670 Thread 0x0000000014fe0000 1829       4       com.android.dx.rop.code.SourcePosition::<init> (50 bytes)
Event: 7.671 Thread 0x0000000014fe0000 nmethod 1829 0x0000000002f59390 code [0x0000000002f594c0, 0x0000000002f59578]
Event: 7.671 Thread 0x0000000014fe0000 1830       4       com.android.dx.rop.type.Prototype::withFirstParameter (68 bytes)
Event: 7.762 Thread 0x0000000015038800 1834       3       java.util.concurrent.locks.ReentrantLock$Sync::nonfairTryAcquire (67 bytes)
Event: 7.762 Thread 0x0000000015038800 nmethod 1834 0x00000000030ccb10 code [0x00000000030ccca0, 0x00000000030cd3c8]
Event: 7.762 Thread 0x0000000015038800 1835       3       java.util.concurrent.locks.ReentrantLock$NonfairSync::tryAcquire (6 bytes)
Event: 7.762 Thread 0x0000000015038800 nmethod 1835 0x00000000030cb850 code [0x00000000030cb9c0, 0x00000000030cbbc8]
Event: 7.763 Thread 0x0000000015038800 1837       3       java.util.concurrent.FutureTask::report (37 bytes)
Event: 7.763 Thread 0x0000000015038800 nmethod 1837 0x00000000030cc410 code [0x00000000030cc5a0, 0x00000000030cc998]

GC Heap History (6 events):
Event: 3.170 GC heap before
{Heap before GC invocations=1 (full 0):
 PSYoungGen      total 28672K, used 24576K [0x00000000eab00000, 0x00000000ecb00000, 0x0000000100000000)
  eden space 24576K, 100% used [0x00000000eab00000,0x00000000ec300000,0x00000000ec300000)
  from space 4096K, 0% used [0x00000000ec700000,0x00000000ec700000,0x00000000ecb00000)
  to   space 4096K, 0% used [0x00000000ec300000,0x00000000ec300000,0x00000000ec700000)
 ParOldGen       total 65536K, used 0K [0x00000000c0000000, 0x00000000c4000000, 0x00000000eab00000)
  object space 65536K, 0% used [0x00000000c0000000,0x00000000c0000000,0x00000000c4000000)
 Metaspace       used 5910K, capacity 6832K, committed 7040K, reserved 1056768K
  class space    used 595K, capacity 616K, committed 640K, reserved 1048576K
Event: 3.250 GC heap after
Heap after GC invocations=1 (full 0):
 PSYoungGen      total 28672K, used 4086K [0x00000000eab00000, 0x00000000ee300000, 0x0000000100000000)
  eden space 24576K, 0% used [0x00000000eab00000,0x00000000eab00000,0x00000000ec300000)
  from space 4096K, 99% used [0x00000000ec300000,0x00000000ec6fdb48,0x00000000ec700000)
  to   space 4096K, 0% used [0x00000000edf00000,0x00000000edf00000,0x00000000ee300000)
 ParOldGen       total 65536K, used 463K [0x00000000c0000000, 0x00000000c4000000, 0x00000000eab00000)
  object space 65536K, 0% used [0x00000000c0000000,0x00000000c0073d30,0x00000000c4000000)
 Metaspace       used 5910K, capacity 6832K, committed 7040K, reserved 1056768K
  class space    used 595K, capacity 616K, committed 640K, reserved 1048576K
}
Event: 4.788 GC heap before
{Heap before GC invocations=2 (full 0):
 PSYoungGen      total 28672K, used 28662K [0x00000000eab00000, 0x00000000ee300000, 0x0000000100000000)
  eden space 24576K, 100% used [0x00000000eab00000,0x00000000ec300000,0x00000000ec300000)
  from space 4096K, 99% used [0x00000000ec300000,0x00000000ec6fdb48,0x00000000ec700000)
  to   space 4096K, 0% used [0x00000000edf00000,0x00000000edf00000,0x00000000ee300000)
 ParOldGen       total 65536K, used 463K [0x00000000c0000000, 0x00000000c4000000, 0x00000000eab00000)
  object space 65536K, 0% used [0x00000000c0000000,0x00000000c0073d30,0x00000000c4000000)
 Metaspace       used 6173K, capacity 7024K, committed 7296K, reserved 1056768K
  class space    used 601K, capacity 616K, committed 640K, reserved 1048576K
Event: 5.189 GC heap after
Heap after GC invocations=2 (full 0):
 PSYoungGen      total 53248K, used 4087K [0x00000000eab00000, 0x00000000ee300000, 0x0000000100000000)
  eden space 49152K, 0% used [0x00000000eab00000,0x00000000eab00000,0x00000000edb00000)
  from space 4096K, 99% used [0x00000000edf00000,0x00000000ee2fdc70,0x00000000ee300000)
  to   space 4096K, 0% used [0x00000000edb00000,0x00000000edb00000,0x00000000edf00000)
 ParOldGen       total 65536K, used 2628K [0x00000000c0000000, 0x00000000c4000000, 0x00000000eab00000)
  object space 65536K, 4% used [0x00000000c0000000,0x00000000c0291180,0x00000000c4000000)
 Metaspace       used 6173K, capacity 7024K, committed 7296K, reserved 1056768K
  class space    used 601K, capacity 616K, committed 640K, reserved 1048576K
}
Event: 6.697 GC heap before
{Heap before GC invocations=3 (full 0):
 PSYoungGen      total 53248K, used 53239K [0x00000000eab00000, 0x00000000ee300000, 0x0000000100000000)
  eden space 49152K, 100% used [0x00000000eab00000,0x00000000edb00000,0x00000000edb00000)
  from space 4096K, 99% used [0x00000000edf00000,0x00000000ee2fdc70,0x00000000ee300000)
  to   space 4096K, 0% used [0x00000000edb00000,0x00000000edb00000,0x00000000edf00000)
 ParOldGen       total 65536K, used 2628K [0x00000000c0000000, 0x00000000c4000000, 0x00000000eab00000)
  object space 65536K, 4% used [0x00000000c0000000,0x00000000c0291180,0x00000000c4000000)
 Metaspace       used 6326K, capacity 7152K, committed 7296K, reserved 1056768K
  class space    used 602K, capacity 616K, committed 640K, reserved 1048576K
Event: 6.818 GC heap after
Heap after GC invocations=3 (full 0):
 PSYoungGen      total 53248K, used 4096K [0x00000000eab00000, 0x00000000f1300000, 0x0000000100000000)
  eden space 49152K, 0% used [0x00000000eab00000,0x00000000eab00000,0x00000000edb00000)
  from space 4096K, 100% used [0x00000000edb00000,0x00000000edf00000,0x00000000edf00000)
  to   space 4096K, 0% used [0x00000000f0f00000,0x00000000f0f00000,0x00000000f1300000)
 ParOldGen       total 65536K, used 10514K [0x00000000c0000000, 0x00000000c4000000, 0x00000000eab00000)
  object space 65536K, 16% used [0x00000000c0000000,0x00000000c0a449a8,0x00000000c4000000)
 Metaspace       used 6326K, capacity 7152K, committed 7296K, reserved 1056768K
  class space    used 602K, capacity 616K, committed 640K, reserved 1048576K
}

Deoptimization events (10 events):
Event: 5.636 Thread 0x0000000016b95000 Uncommon trap: reason=bimorphic action=maybe_recompile pc=0x0000000003006a58 method=com.android.dx.ssa.SCCP.setLatticeValueTo(IILcom/android/dx/rop/cst/Constant;)Z @ 43
Event: 5.636 Thread 0x0000000016b95000 Uncommon trap: reason=bimorphic action=maybe_recompile pc=0x0000000003006a58 method=com.android.dx.ssa.SCCP.setLatticeValueTo(IILcom/android/dx/rop/cst/Constant;)Z @ 43
Event: 5.636 Thread 0x0000000016b95000 Uncommon trap: reason=bimorphic action=maybe_recompile pc=0x0000000003006a58 method=com.android.dx.ssa.SCCP.setLatticeValueTo(IILcom/android/dx/rop/cst/Constant;)Z @ 43
Event: 7.024 Thread 0x0000000016b96800 Uncommon trap: reason=unstable_if action=reinterpret pc=0x000000000304b344 method=com.android.dx.cf.code.LocalVariableList$Item.matchesPcAndIndex(II)Z @ 13
Event: 7.090 Thread 0x0000000016b96800 Uncommon trap: reason=bimorphic action=maybe_recompile pc=0x0000000003069644 method=com.android.dx.cf.code.BytecodeArray.parseInstruction(ILcom/android/dx/cf/code/BytecodeArray$Visitor;)I @ 1357
Event: 7.090 Thread 0x0000000016b96800 Uncommon trap: reason=bimorphic action=maybe_recompile pc=0x0000000003069644 method=com.android.dx.cf.code.BytecodeArray.parseInstruction(ILcom/android/dx/cf/code/BytecodeArray$Visitor;)I @ 1357
Event: 7.091 Thread 0x0000000016b96800 Uncommon trap: reason=bimorphic action=maybe_recompile pc=0x0000000003069644 method=com.android.dx.cf.code.BytecodeArray.parseInstruction(ILcom/android/dx/cf/code/BytecodeArray$Visitor;)I @ 1357
Event: 7.091 Thread 0x0000000016b96800 Uncommon trap: reason=bimorphic action=maybe_recompile pc=0x0000000003069644 method=com.android.dx.cf.code.BytecodeArray.parseInstruction(ILcom/android/dx/cf/code/BytecodeArray$Visitor;)I @ 1357
Event: 7.095 Thread 0x0000000016b96800 Uncommon trap: reason=bimorphic action=maybe_recompile pc=0x0000000003014294 method=com.android.dx.ssa.SCCP.simulatePhi(Lcom/android/dx/ssa/PhiInsn;)V @ 124
Event: 7.113 Thread 0x0000000016b95800 Uncommon trap: reason=unstable_if action=reinterpret pc=0x0000000002dd29f0 method=com.android.dx.dex.code.OutputFinisher.hasLocalInfo(Lcom/android/dx/dex/code/DalvInsn;)Z @ 24

Internal exceptions (2 events):
Event: 0.107 Thread 0x0000000002790800 Exception <a 'java/lang/NoSuchMethodError': Method sun.misc.Unsafe.defineClass(Ljava/lang/String;[BII)Ljava/lang/Class; name or signature does not match> (0x00000000eab0d5a8) thrown at [D:\re\puppet\workspace\8-2-build-windows-amd64-cygwin\jdk8u73\6086\hot¥±owç^»?
Event: 0.107 Thread 0x0000000002790800 Exception <a 'java/lang/NoSuchMethodError': Method sun.misc.Unsafe.prefetchRead(Ljava/lang/Object;J)V name or signature does not match> (0x00000000eab0d890) thrown at [D:\re\puppet\workspace\8-2-build-windows-amd64-cygwin\jdk8u73\6086\hotspot\src\share\vm\

Events (10 events):
Event: 7.129 loading class java/util/HashMap$KeyIterator
Event: 7.129 loading class java/util/HashMap$KeyIterator done
Event: 7.129 Thread 0x0000000016b95000 Thread exited: 0x0000000016b95000
Event: 7.130 Thread 0x0000000016b95800 Thread exited: 0x0000000016b95800
Event: 7.130 Thread 0x0000000016b82800 Thread exited: 0x0000000016b82800
Event: 7.763 Thread 0x0000000016b83000 Thread exited: 0x0000000016b83000
Event: 7.763 loading class com/android/dx/command/dexer/Main$DexWriter
Event: 7.763 loading class com/android/dx/command/dexer/Main$DexWriter done
Event: 7.764 Thread 0x00000000181e8800 Thread added: 0x00000000181e8800
Event: 7.764 Thread 0x0000000016b96800 Thread exited: 0x0000000016b96800


Dynamic libraries:
0x00007ff7cfaf0000 - 0x00007ff7cfb27000 	C:\Program Files\Java\jdk1.8.0_73\bin\java.exe
0x00007ff9d0080000 - 0x00007ff9d0242000 	C:\Windows\SYSTEM32\ntdll.dll
0x00007ff9ce580000 - 0x00007ff9ce62d000 	C:\Windows\system32\KERNEL32.DLL
0x00007ff9ccf40000 - 0x00007ff9cd11d000 	C:\Windows\system32\KERNELBASE.dll
0x0000000058bc0000 - 0x0000000058c66000 	C:\Program Files\Bitdefender\Bitdefender 2016\Active Virus Control\avc3_000_001\avcuf64.dll
0x00007ff9ce470000 - 0x00007ff9ce516000 	C:\Windows\system32\ADVAPI32.dll
0x00007ff9cdf20000 - 0x00007ff9cdfbd000 	C:\Windows\system32\msvcrt.dll
0x00007ff9cdec0000 - 0x00007ff9cdf1b000 	C:\Windows\system32\sechost.dll
0x00007ff9ce0a0000 - 0x00007ff9ce1c6000 	C:\Windows\system32\RPCRT4.dll
0x00007ff9ce1d0000 - 0x00007ff9ce31e000 	C:\Windows\system32\USER32.dll
0x00007ff9ce770000 - 0x00007ff9ce8f5000 	C:\Windows\system32\GDI32.dll
0x00007ff9c0230000 - 0x00007ff9c04a4000 	C:\Windows\WinSxS\amd64_microsoft.windows.common-controls_6595b64144ccf1df_6.0.10240.16384_none_f41f7b285750ef43\COMCTL32.dll
0x00007ff9cd830000 - 0x00007ff9cd866000 	C:\Windows\system32\IMM32.DLL
0x00007ff9cd870000 - 0x00007ff9cd9cc000 	C:\Windows\system32\MSCTF.dll
0x0000000057eb0000 - 0x0000000057f82000 	C:\Program Files\Java\jdk1.8.0_73\jre\bin\msvcr100.dll
0x0000000058330000 - 0x0000000058bc0000 	C:\Program Files\Java\jdk1.8.0_73\jre\bin\server\jvm.dll
0x00007ff9d0070000 - 0x00007ff9d0078000 	C:\Windows\system32\PSAPI.DLL
0x00007ff9c8210000 - 0x00007ff9c8219000 	C:\Windows\SYSTEM32\WSOCK32.dll
0x00007ff9cfe30000 - 0x00007ff9cfe99000 	C:\Windows\system32\WS2_32.dll
0x00007ff9cd750000 - 0x00007ff9cd758000 	C:\Windows\system32\NSI.dll
0x00007ff9b6c40000 - 0x00007ff9b6c63000 	C:\Windows\SYSTEM32\WINMM.dll
0x00007ff9c65f0000 - 0x00007ff9c65fa000 	C:\Windows\SYSTEM32\VERSION.dll
0x00007ff9b6c10000 - 0x00007ff9b6c3c000 	C:\Windows\SYSTEM32\WINMMBASE.dll
0x00007ff9ccef0000 - 0x00007ff9ccf34000 	C:\Windows\system32\cfgmgr32.dll
0x00007ff9cb380000 - 0x00007ff9cb3a7000 	C:\Windows\SYSTEM32\DEVOBJ.dll
0x0000000058320000 - 0x000000005832f000 	C:\Program Files\Java\jdk1.8.0_73\jre\bin\verify.dll
0x00000000582f0000 - 0x0000000058319000 	C:\Program Files\Java\jdk1.8.0_73\jre\bin\java.dll
0x00000000582d0000 - 0x00000000582e6000 	C:\Program Files\Java\jdk1.8.0_73\jre\bin\zip.dll
0x00007ff9ce900000 - 0x00007ff9cfe25000 	C:\Windows\system32\SHELL32.dll
0x00007ff9cd120000 - 0x00007ff9cd748000 	C:\Windows\system32\windows.storage.dll
0x00007ff9cdc40000 - 0x00007ff9cdebc000 	C:\Windows\system32\combase.dll
0x00007ff9cd7d0000 - 0x00007ff9cd821000 	C:\Windows\system32\shlwapi.dll
0x00007ff9ccb40000 - 0x00007ff9ccb4f000 	C:\Windows\system32\kernel.appcore.dll
0x00007ff9cce30000 - 0x00007ff9ccee3000 	C:\Windows\system32\shcore.dll
0x00007ff9ccaf0000 - 0x00007ff9ccb3a000 	C:\Windows\system32\powrprof.dll
0x00007ff9ccad0000 - 0x00007ff9ccae3000 	C:\Windows\system32\profapi.dll

VM Arguments:
jvm_args: -Djava.awt.headless=true -Xmx1024M -Dfile.encoding=windows-1252 -Duser.country=US -Duser.language=en -Duser.variant 
java_command: com.android.dx.command.Main --dex --force-jumbo --num-threads=4 --multi-dex --output C:\Users\user\AndroidStudioProjects\ExpenseManager\app\build\intermediates\transforms\dex\debug\folders\1000\10\internal_impl-23.4.0_d2dcd13c290e2b0509ebd9533b01ab787df7a4e1 C:\Users\user\AndroidStudioProjects\ExpenseManager\app\build\intermediates\exploded-aar\com.android.support\support-v4\23.4.0\jars\libs\internal_impl-23.4.0.jar
java_class_path (initial): C:\Users\user\AppData\Local\Android\sdk\build-tools\23.0.3\lib\dx.jar
Launcher Type: SUN_STANDARD

Environment Variables:
PATH=C:\ProgramData\Oracle\Java\javapath;D:\DevSuiteHome_1\jdk\jre\bin\classic;D:\DevSuiteHome_1\jdk\jre\bin;D:\DevSuiteHome_1\jdk\jre\bin\client;D:\DevSuiteHome_1\jlib;D:\DevSuiteHome_1\bin;D:\DevSuiteHome_1\jre\1.4.2\bin\client;D:\DevSuiteHome_1\jre\1.4.2\bin;C:\Windows\system32;C:\Windows;C:\Windows\System32\Wbem;C:\Windows\System32\WindowsPowerShell\v1.0\;C:\Program Files (x86)\Skype\Phone\;C:\Program Files (x86)\CrSSL\bin;C:\Program Files\CrSSL\bin;C:\Program Files (x86)\CrSSL\bin
USERNAME=user
OS=Windows_NT
PROCESSOR_IDENTIFIER=Intel64 Family 6 Model 69 Stepping 1, GenuineIntel



---------------  S Y S T E M  ---------------

OS: Windows 10.0 , 64 bit Build 10240 (10.0.10240.16384)

CPU:total 4 (2 cores per cpu, 2 threads per core) family 6 model 69 stepping 1, cmov, cx8, fxsr, mmx, sse, sse2, sse3, ssse3, sse4.1, sse4.2, popcnt, avx, avx2, aes, clmul, erms, lzcnt, ht, tsc, tscinvbit, bmi1, bmi2

Memory: 4k page, physical 6214896k(459248k free), swap 7918832k(13000k free)

vm_info: Java HotSpot(TM) 64-Bit Server VM (25.73-b02) for windows-amd64 JRE (1.8.0_73-b02), built on Jan 29 2016 17:38:49 by "java_re" with MS VC++ 10.0 (VS2010)

time: Thu Jun 23 18:45:11 2016
elapsed time: 7 seconds (0d 0h 0m 7s)

