#
# There is insufficient memory for the Java Runtime Environment to continue.
# Native memory allocation (malloc) failed to allocate 877376 bytes for Chunk::new
# Possible reasons:
#   The system is out of physical RAM or swap space
#   In 32 bit mode, the process size limit was hit
# Possible solutions:
#   Reduce memory load on the system
#   Increase physical memory or swap space
#   Check if swap backing store is full
#   Use 64 bit Java on a 64 bit OS
#   Decrease Java heap size (-Xmx/-Xms)
#   Decrease number of Java threads
#   Decrease Java thread stack sizes (-Xss)
#   Set larger code cache with -XX:ReservedCodeCacheSize=
# This output file may be truncated or incomplete.
#
#  Out of Memory Error (allocation.cpp:390), pid=5536, tid=1552
#
# JRE version: Java(TM) SE Runtime Environment (8.0_73-b02) (build 1.8.0_73-b02)
# Java VM: Java HotSpot(TM) 64-Bit Server VM (25.73-b02 mixed mode windows-amd64 compressed oops)
# Failed to write core dump. Minidumps are not enabled by default on client versions of Windows
#

---------------  T H R E A D  ---------------

Current thread (0x0000000015469800):  JavaThread "C2 CompilerThread0" daemon [_thread_in_native, id=1552, stack(0x0000000016aa0000,0x0000000016ba0000)]

Stack: [0x0000000016aa0000,0x0000000016ba0000]
[error occurred during error reporting (printing stack bounds), id 0xc0000005]

Native frames: (J=compiled Java code, j=interpreted, Vv=VM code, C=native code)


Current CompileTask:
C2:   3722 1086       4       com.android.dx.ssa.SCCP::simulateStmt (481 bytes)


---------------  P R O C E S S  ---------------

Java Threads: ( => current thread )
  0x0000000016ff6800 JavaThread "pool-2-thread-4" [_thread_blocked, id=7008, stack(0x00000000177a0000,0x00000000178a0000)]
  0x0000000016ff5800 JavaThread "pool-2-thread-3" [_thread_blocked, id=496, stack(0x00000000176a0000,0x00000000177a0000)]
  0x0000000016f1d800 JavaThread "pool-2-thread-2" [_thread_in_Java, id=1584, stack(0x00000000175a0000,0x00000000176a0000)]
  0x0000000016f19000 JavaThread "pool-3-thread-1" [_thread_blocked, id=5096, stack(0x00000000174a0000,0x00000000175a0000)]
  0x0000000016f18000 JavaThread "pool-2-thread-1" [_thread_in_Java, id=5144, stack(0x00000000173a0000,0x00000000174a0000)]
  0x0000000016da5800 JavaThread "Service Thread" daemon [_thread_blocked, id=548, stack(0x00000000171a0000,0x00000000172a0000)]
  0x00000000154cc000 JavaThread "C1 CompilerThread2" daemon [_thread_blocked, id=7024, stack(0x0000000016ca0000,0x0000000016da0000)]
  0x00000000154c9800 JavaThread "C2 CompilerThread1" daemon [_thread_in_native, id=1300, stack(0x0000000016ba0000,0x0000000016ca0000)]
=>0x0000000015469800 JavaThread "C2 CompilerThread0" daemon [_thread_in_native, id=1552, stack(0x0000000016aa0000,0x0000000016ba0000)]
  0x0000000015467800 JavaThread "Attach Listener" daemon [_thread_blocked, id=4804, stack(0x00000000169a0000,0x0000000016aa0000)]
  0x000000001547c000 JavaThread "Signal Dispatcher" daemon [_thread_blocked, id=7068, stack(0x00000000168a0000,0x00000000169a0000)]
  0x0000000002d91800 JavaThread "Finalizer" daemon [_thread_blocked, id=208, stack(0x00000000166c0000,0x00000000167c0000)]
  0x0000000002d8e800 JavaThread "Reference Handler" daemon [_thread_blocked, id=5052, stack(0x00000000165c0000,0x00000000166c0000)]
  0x0000000002ca0800 JavaThread "main" [_thread_blocked, id=3672, stack(0x0000000002ba0000,0x0000000002ca0000)]

Other Threads:
  0x0000000015437000 VMThread [stack: 0x00000000164c0000,0x00000000165c0000] [id=4824]
  0x0000000016db1800 WatcherThread [stack: 0x00000000172a0000,0x00000000173a0000] [id=4748]

VM state:not at safepoint (normal execution)

VM Mutex/Monitor currently owned by a thread: None

Heap:
 PSYoungGen      total 28672K, used 12061K [0x00000000eab00000, 0x00000000ecb00000, 0x0000000100000000)
  eden space 24576K, 32% used [0x00000000eab00000,0x00000000eb2cb528,0x00000000ec300000)
  from space 4096K, 99% used [0x00000000ec300000,0x00000000ec6fc048,0x00000000ec700000)
  to   space 4096K, 0% used [0x00000000ec700000,0x00000000ec700000,0x00000000ecb00000)
 ParOldGen       total 65536K, used 1635K [0x00000000c0000000, 0x00000000c4000000, 0x00000000eab00000)
  object space 65536K, 2% used [0x00000000c0000000,0x00000000c0198ef8,0x00000000c4000000)
 Metaspace       used 5988K, capacity 6962K, committed 7040K, reserved 1056768K
  class space    used 603K, capacity 618K, committed 640K, reserved 1048576K

Card table byte_map: [0x0000000012160000,0x0000000012370000] byte_map_base: 0x0000000011b60000

Marking Bits: (ParMarkBitMap*) 0x0000000057eb0600
 Begin Bits: [0x00000000128d0000, 0x00000000138d0000)
 End Bits:   [0x00000000138d0000, 0x00000000148d0000)

Polling page: 0x0000000002ae0000

CodeCache: size=245760Kb used=4665Kb max_used=4665Kb free=241094Kb
 bounds [0x0000000002da0000, 0x0000000003240000, 0x0000000011da0000]
 total_blobs=1432 nmethods=1163 adapters=182
 compilation: enabled

Compilation events (10 events):
Event: 3.715 Thread 0x00000000154cc000 1173       3       com.android.dx.rop.type.Prototype::getParameterFrameTypes (96 bytes)
Event: 3.716 Thread 0x00000000154cc000 nmethod 1173 0x000000000322ce10 code [0x000000000322d060, 0x000000000322e078]
Event: 3.716 Thread 0x00000000154cc000 1167       3       com.android.dx.ssa.back.FirstFitLocalCombiningAllocator::findRopRegForLocal (74 bytes)
Event: 3.717 Thread 0x00000000154cc000 nmethod 1167 0x000000000322eb10 code [0x000000000322ece0, 0x000000000322f3c8]
Event: 3.717 Thread 0x00000000154cc000 1170       3       com.android.dx.rop.cst.CstBaseMethodRef::isInstanceInit (8 bytes)
Event: 3.717 Thread 0x00000000154cc000 nmethod 1170 0x000000000322f650 code [0x000000000322f7c0, 0x000000000322fbe8]
Event: 3.717 Thread 0x00000000154cc000 1171       3       com.android.dx.ssa.SsaMethod::makeNewGotoBlock (52 bytes)
Event: 3.718 Thread 0x00000000154cc000 nmethod 1171 0x000000000322fd50 code [0x000000000322ffa0, 0x0000000003230dc8]
Event: 3.718 Thread 0x00000000154cc000 1172       3       com.android.dx.ssa.SsaMethod::getGoto (26 bytes)
Event: 3.719 Thread 0x00000000154cc000 nmethod 1172 0x0000000003231590 code [0x0000000003231740, 0x0000000003231cb8]

GC Heap History (2 events):
Event: 3.610 GC heap before
{Heap before GC invocations=1 (full 0):
 PSYoungGen      total 28672K, used 24576K [0x00000000eab00000, 0x00000000ecb00000, 0x0000000100000000)
  eden space 24576K, 100% used [0x00000000eab00000,0x00000000ec300000,0x00000000ec300000)
  from space 4096K, 0% used [0x00000000ec700000,0x00000000ec700000,0x00000000ecb00000)
  to   space 4096K, 0% used [0x00000000ec300000,0x00000000ec300000,0x00000000ec700000)
 ParOldGen       total 65536K, used 0K [0x00000000c0000000, 0x00000000c4000000, 0x00000000eab00000)
  object space 65536K, 0% used [0x00000000c0000000,0x00000000c0000000,0x00000000c4000000)
 Metaspace       used 5919K, capacity 6898K, committed 7040K, reserved 1056768K
  class space    used 603K, capacity 618K, committed 640K, reserved 1048576K
Event: 3.621 GC heap after
Heap after GC invocations=1 (full 0):
 PSYoungGen      total 28672K, used 4080K [0x00000000eab00000, 0x00000000ecb00000, 0x0000000100000000)
  eden space 24576K, 0% used [0x00000000eab00000,0x00000000eab00000,0x00000000ec300000)
  from space 4096K, 99% used [0x00000000ec300000,0x00000000ec6fc048,0x00000000ec700000)
  to   space 4096K, 0% used [0x00000000ec700000,0x00000000ec700000,0x00000000ecb00000)
 ParOldGen       total 65536K, used 1635K [0x00000000c0000000, 0x00000000c4000000, 0x00000000eab00000)
  object space 65536K, 2% used [0x00000000c0000000,0x00000000c0198ef8,0x00000000c4000000)
 Metaspace       used 5919K, capacity 6898K, committed 7040K, reserved 1056768K
  class space    used 603K, capacity 618K, committed 640K, reserved 1048576K
}

Deoptimization events (7 events):
Event: 3.077 Thread 0x0000000002ca0800 Uncommon trap: reason=unstable_if action=reinterpret pc=0x0000000002fc60bc method=java.util.HashMap.getNode(ILjava/lang/Object;)Ljava/util/HashMap$Node; @ 62
Event: 3.447 Thread 0x0000000016ff6800 Uncommon trap: reason=unstable_if action=reinterpret pc=0x00000000030f355c method=com.android.dx.rop.cst.Constant.compareTo(Lcom/android/dx/rop/cst/Constant;)I @ 12
Event: 3.656 Thread 0x0000000016f1d800 Uncommon trap: reason=unstable_if action=reinterpret pc=0x00000000030e242c method=com.android.dx.rop.code.RegisterSpecSet.put(Lcom/android/dx/rop/code/RegisterSpec;)V @ 77
Event: 3.656 Thread 0x0000000016f1d800 Uncommon trap: reason=unstable_if action=reinterpret pc=0x00000000030f39ac method=com.android.dx.rop.code.RegisterSpecSet.put(Lcom/android/dx/rop/code/RegisterSpec;)V @ 77
Event: 3.659 Thread 0x0000000016f1d800 Uncommon trap: reason=bimorphic action=maybe_recompile pc=0x000000000300e2b4 method=java.util.HashMap.getNode(ILjava/lang/Object;)Ljava/util/HashMap$Node; @ 126
Event: 3.699 Thread 0x0000000016ff6800 Uncommon trap: reason=bimorphic action=maybe_recompile pc=0x000000000300e2b4 method=java.util.HashMap.getNode(ILjava/lang/Object;)Ljava/util/HashMap$Node; @ 126
Event: 3.704 Thread 0x0000000016ff6800 Uncommon trap: reason=null_check action=make_not_entrant pc=0x00000000030b71e8 method=com.android.dx.rop.type.Type.equals(Ljava/lang/Object;)Z @ 8

Internal exceptions (3 events):
Event: 0.790 Thread 0x0000000002ca0800 Exception <a 'java/lang/NoSuchMethodError': Method sun.misc.Unsafe.defineClass(Ljava/lang/String;[BII)Ljava/lang/Class; name or signature does not match> (0x00000000eab0d5d8) thrown at [D:\re\puppet\workspace\8-2-build-windows-amd64-cygwin\jdk8u73\6086\hotd	ø
Event: 0.790 Thread 0x0000000002ca0800 Exception <a 'java/lang/NoSuchMethodError': Method sun.misc.Unsafe.prefetchRead(Ljava/lang/Object;J)V name or signature does not match> (0x00000000eab0d8c0) thrown at [D:\re\puppet\workspace\8-2-build-windows-amd64-cygwin\jdk8u73\6086\hotspot\src\share\vm\­?ñ‰˜¡@
Event: 3.704 Thread 0x0000000016ff6800 Implicit null exception at 0x00000000030b70e2 to 0x00000000030b71da

Events (10 events):
Event: 3.656 Thread 0x0000000016f1d800 DEOPT UNPACKING pc=0x0000000002de582a sp=0x000000001769e940 mode 2
Event: 3.659 Thread 0x0000000016f1d800 Uncommon trap: trap_request=0xffffffc6 fr.pc=0x000000000300e2b4
Event: 3.659 Thread 0x0000000016f1d800 DEOPT PACKING pc=0x000000000300e2b4 sp=0x000000001769ea80
Event: 3.659 Thread 0x0000000016f1d800 DEOPT UNPACKING pc=0x0000000002de582a sp=0x000000001769e9b8 mode 2
Event: 3.699 Thread 0x0000000016ff6800 Uncommon trap: trap_request=0xffffffc6 fr.pc=0x000000000300e2b4
Event: 3.699 Thread 0x0000000016ff6800 DEOPT PACKING pc=0x000000000300e2b4 sp=0x000000001789e8a0
Event: 3.699 Thread 0x0000000016ff6800 DEOPT UNPACKING pc=0x0000000002de582a sp=0x000000001789e7d8 mode 2
Event: 3.704 Thread 0x0000000016ff6800 Uncommon trap: trap_request=0xfffffff4 fr.pc=0x00000000030b71e8
Event: 3.704 Thread 0x0000000016ff6800 DEOPT PACKING pc=0x00000000030b71e8 sp=0x000000001789e4f0
Event: 3.704 Thread 0x0000000016ff6800 DEOPT UNPACKING pc=0x0000000002de582a sp=0x000000001789e478 mode 2


Dynamic libraries:
0x00007ff748d20000 - 0x00007ff748d57000 	C:\Program Files\Java\jdk1.8.0_73\bin\java.exe
0x00007ff9ee350000 - 0x00007ff9ee512000 	C:\Windows\SYSTEM32\ntdll.dll
0x00007ff9ebdc0000 - 0x00007ff9ebe6d000 	C:\Windows\system32\KERNEL32.DLL
0x00007ff9eb610000 - 0x00007ff9eb7ed000 	C:\Windows\system32\KERNELBASE.dll
0x00000000582c0000 - 0x0000000058371000 	C:\Program Files\Bitdefender\Bitdefender 2016\Active Virus Control\Avc3_00363_002\avcuf64.dll
0x00007ff9ec840000 - 0x00007ff9ec8e6000 	C:\Windows\system32\ADVAPI32.dll
0x00007ff9ebbf0000 - 0x00007ff9ebc8d000 	C:\Windows\system32\msvcrt.dll
0x00007ff9ee180000 - 0x00007ff9ee1db000 	C:\Windows\system32\sechost.dll
0x00007ff9ebc90000 - 0x00007ff9ebdb6000 	C:\Windows\system32\RPCRT4.dll
0x00007ff9ec160000 - 0x00007ff9ec2ae000 	C:\Windows\system32\USER32.dll
0x00007ff9ebe70000 - 0x00007ff9ebff5000 	C:\Windows\system32\GDI32.dll
0x00007ff9d8f00000 - 0x00007ff9d9174000 	C:\Windows\WinSxS\amd64_microsoft.windows.common-controls_6595b64144ccf1df_6.0.10240.16384_none_f41f7b285750ef43\COMCTL32.dll
0x00007ff9ee2a0000 - 0x00007ff9ee2d6000 	C:\Windows\system32\IMM32.DLL
0x00007ff9ec6e0000 - 0x00007ff9ec83c000 	C:\Windows\system32\MSCTF.dll
0x0000000057110000 - 0x00000000571e2000 	C:\Program Files\Java\jdk1.8.0_73\jre\bin\msvcr100.dll
0x00000000576a0000 - 0x0000000057f30000 	C:\Program Files\Java\jdk1.8.0_73\jre\bin\server\jvm.dll
0x00007ff9ec070000 - 0x00007ff9ec078000 	C:\Windows\system32\PSAPI.DLL
0x00007ff9dc460000 - 0x00007ff9dc469000 	C:\Windows\SYSTEM32\WSOCK32.dll
0x00007ff9ee2e0000 - 0x00007ff9ee349000 	C:\Windows\system32\WS2_32.dll
0x00007ff9edf60000 - 0x00007ff9edf68000 	C:\Windows\system32\NSI.dll
0x00007ff9e8e50000 - 0x00007ff9e8e73000 	C:\Windows\SYSTEM32\WINMM.dll
0x00007ff9e8df0000 - 0x00007ff9e8dfa000 	C:\Windows\SYSTEM32\VERSION.dll
0x00007ff9e8e20000 - 0x00007ff9e8e4c000 	C:\Windows\SYSTEM32\WINMMBASE.dll
0x00007ff9eae20000 - 0x00007ff9eae64000 	C:\Windows\system32\cfgmgr32.dll
0x00007ff9e96f0000 - 0x00007ff9e9717000 	C:\Windows\SYSTEM32\DEVOBJ.dll
0x0000000057690000 - 0x000000005769f000 	C:\Program Files\Java\jdk1.8.0_73\jre\bin\verify.dll
0x0000000057660000 - 0x0000000057689000 	C:\Program Files\Java\jdk1.8.0_73\jre\bin\java.dll
0x0000000057640000 - 0x0000000057656000 	C:\Program Files\Java\jdk1.8.0_73\jre\bin\zip.dll
0x00007ff9ec910000 - 0x00007ff9ede35000 	C:\Windows\system32\SHELL32.dll
0x00007ff9eaf20000 - 0x00007ff9eb548000 	C:\Windows\system32\windows.storage.dll
0x00007ff9ec460000 - 0x00007ff9ec6dc000 	C:\Windows\system32\combase.dll
0x00007ff9ec2b0000 - 0x00007ff9ec301000 	C:\Windows\system32\shlwapi.dll
0x00007ff9eae10000 - 0x00007ff9eae1f000 	C:\Windows\system32\kernel.appcore.dll
0x00007ff9eb550000 - 0x00007ff9eb603000 	C:\Windows\system32\shcore.dll
0x00007ff9eadc0000 - 0x00007ff9eae0a000 	C:\Windows\system32\powrprof.dll
0x00007ff9eada0000 - 0x00007ff9eadb3000 	C:\Windows\system32\profapi.dll

VM Arguments:
jvm_args: -Djava.awt.headless=true -Xmx1024M -Dfile.encoding=windows-1252 -Duser.country=US -Duser.language=en -Duser.variant 
java_command: com.android.dx.command.Main --dex --force-jumbo --num-threads=4 --multi-dex --output C:\Users\user\AndroidStudioProjects\ExpenseManager\app\build\intermediates\transforms\dex\debug\folders\1000\10\com.android.support-support-vector-drawable-23.4.0_975480d889613d500f0d751721fbd743949a393c C:\Users\user\AndroidStudioProjects\ExpenseManager\app\build\intermediates\exploded-aar\com.android.support\support-vector-drawable\23.4.0\jars\classes.jar
java_class_path (initial): C:\Users\user\AppData\Local\Android\sdk\build-tools\23.0.3\lib\dx.jar
Launcher Type: SUN_STANDARD

Environment Variables:
PATH=C:\ProgramData\Oracle\Java\javapath;D:\DevSuiteHome_1\jdk\jre\bin\classic;D:\DevSuiteHome_1\jdk\jre\bin;D:\DevSuiteHome_1\jdk\jre\bin\client;D:\DevSuiteHome_1\jlib;D:\DevSuiteHome_1\bin;D:\DevSuiteHome_1\jre\1.4.2\bin\client;D:\DevSuiteHome_1\jre\1.4.2\bin;C:\Windows\system32;C:\Windows;C:\Windows\System32\Wbem;C:\Windows\System32\WindowsPowerShell\v1.0\;C:\Program Files (x86)\Skype\Phone\;C:\Program Files (x86)\CrSSL\bin;C:\Program Files\CrSSL\bin;C:\Program Files (x86)\CrSSL\bin
USERNAME=user
OS=Windows_NT
PROCESSOR_IDENTIFIER=Intel64 Family 6 Model 69 Stepping 1, GenuineIntel



---------------  S Y S T E M  ---------------

OS: Windows 10.0 , 64 bit Build 10240 (10.0.10240.16384)

CPU:total 4 (2 cores per cpu, 2 threads per core) family 6 model 69 stepping 1, cmov, cx8, fxsr, mmx, sse, sse2, sse3, ssse3, sse4.1, sse4.2, popcnt, avx, avx2, aes, clmul, erms, lzcnt, ht, tsc, tscinvbit, bmi1, bmi2

Memory: 4k page, physical 6214896k(503424k free), swap 7918832k(5412k free)

vm_info: Java HotSpot(TM) 64-Bit Server VM (25.73-b02) for windows-amd64 JRE (1.8.0_73-b02), built on Jan 29 2016 17:38:49 by "java_re" with MS VC++ 10.0 (VS2010)

time: Fri Jun 24 21:36:24 2016
elapsed time: 3 seconds (0d 0h 0m 3s)

