#
# There is insufficient memory for the Java Runtime Environment to continue.
# Native memory allocation (malloc) failed to allocate 690896 bytes for Chunk::new
# Possible reasons:
#   The system is out of physical RAM or swap space
#   In 32 bit mode, the process size limit was hit
# Possible solutions:
#   Reduce memory load on the system
#   Increase physical memory or swap space
#   Check if swap backing store is full
#   Use 64 bit Java on a 64 bit OS
#   Decrease Java heap size (-Xmx/-Xms)
#   Decrease number of Java threads
#   Decrease Java thread stack sizes (-Xss)
#   Set larger code cache with -XX:ReservedCodeCacheSize=
# This output file may be truncated or incomplete.
#
#  Out of Memory Error (allocation.cpp:390), pid=4400, tid=8288
#
# JRE version: Java(TM) SE Runtime Environment (8.0_73-b02) (build 1.8.0_73-b02)
# Java VM: Java HotSpot(TM) 64-Bit Server VM (25.73-b02 mixed mode windows-amd64 compressed oops)
# Failed to write core dump. Minidumps are not enabled by default on client versions of Windows
#

---------------  T H R E A D  ---------------

Current thread (0x0000000015650000):  JavaThread "C2 CompilerThread1" daemon [_thread_in_native, id=8288, stack(0x0000000016d80000,0x0000000016e80000)]

Stack: [0x0000000016d80000,0x0000000016e80000]
[error occurred during error reporting (printing stack bounds), id 0xc0000005]

Native frames: (J=compiled Java code, j=interpreted, Vv=VM code, C=native code)


Current CompileTask:
C2:   4968 1928 %     4       com.android.dx.ssa.SsaConverter::placePhiFunctions @ 264 (394 bytes)


---------------  P R O C E S S  ---------------

Java Threads: ( => current thread )
  0x0000000017236000 JavaThread "pool-2-thread-4" [_thread_in_Java, id=1108, stack(0x0000000018180000,0x0000000018280000)]
  0x0000000017235000 JavaThread "pool-2-thread-3" [_thread_blocked, id=1848, stack(0x0000000018080000,0x0000000018180000)]
  0x0000000017251800 JavaThread "pool-2-thread-2" [_thread_blocked, id=7652, stack(0x0000000017f80000,0x0000000018080000)]
  0x000000001724f000 JavaThread "pool-3-thread-1" [_thread_blocked, id=8928, stack(0x0000000017e80000,0x0000000017f80000)]
  0x000000001724e000 JavaThread "pool-2-thread-1" [_thread_in_Java, id=8448, stack(0x0000000017d80000,0x0000000017e80000)]
  0x0000000016f8d800 JavaThread "Service Thread" daemon [_thread_blocked, id=7748, stack(0x0000000017380000,0x0000000017480000)]
  0x00000000156ac000 JavaThread "C1 CompilerThread2" daemon [_thread_blocked, id=8428, stack(0x0000000016e80000,0x0000000016f80000)]
=>0x0000000015650000 JavaThread "C2 CompilerThread1" daemon [_thread_in_native, id=8288, stack(0x0000000016d80000,0x0000000016e80000)]
  0x000000001564b800 JavaThread "C2 CompilerThread0" daemon [_thread_in_native, id=9080, stack(0x0000000016c80000,0x0000000016d80000)]
  0x0000000015649800 JavaThread "Attach Listener" daemon [_thread_blocked, id=7912, stack(0x0000000016b80000,0x0000000016c80000)]
  0x0000000015648000 JavaThread "Signal Dispatcher" daemon [_thread_blocked, id=7588, stack(0x0000000016a80000,0x0000000016b80000)]
  0x0000000002f70800 JavaThread "Finalizer" daemon [_thread_blocked, id=1864, stack(0x00000000168a0000,0x00000000169a0000)]
  0x0000000002f6d000 JavaThread "Reference Handler" daemon [_thread_blocked, id=8360, stack(0x00000000167a0000,0x00000000168a0000)]
  0x0000000002e80800 JavaThread "main" [_thread_blocked, id=1472, stack(0x0000000002c00000,0x0000000002d00000)]

Other Threads:
  0x0000000015618000 VMThread [stack: 0x00000000166a0000,0x00000000167a0000] [id=8380]
  0x0000000016f9a000 WatcherThread [stack: 0x0000000017480000,0x0000000017580000] [id=7696]

VM state:not at safepoint (normal execution)

VM Mutex/Monitor currently owned by a thread: None

Heap:
 PSYoungGen      total 110592K, used 27889K [0x00000000eab00000, 0x00000000f9200000, 0x0000000100000000)
  eden space 97280K, 15% used [0x00000000eab00000,0x00000000eb943a08,0x00000000f0a00000)
  from space 13312K, 99% used [0x00000000f0a00000,0x00000000f16f8bb0,0x00000000f1700000)
  to   space 20992K, 0% used [0x00000000f7d80000,0x00000000f7d80000,0x00000000f9200000)
 ParOldGen       total 65536K, used 29487K [0x00000000c0000000, 0x00000000c4000000, 0x00000000eab00000)
  object space 65536K, 44% used [0x00000000c0000000,0x00000000c1ccbcd8,0x00000000c4000000)
 Metaspace       used 6483K, capacity 7256K, committed 7424K, reserved 1056768K
  class space    used 623K, capacity 656K, committed 768K, reserved 1048576K

Card table byte_map: [0x0000000012340000,0x0000000012550000] byte_map_base: 0x0000000011d40000

Marking Bits: (ParMarkBitMap*) 0x0000000062a40600
 Begin Bits: [0x0000000012ab0000, 0x0000000013ab0000)
 End Bits:   [0x0000000013ab0000, 0x0000000014ab0000)

Polling page: 0x0000000002d00000

CodeCache: size=245760Kb used=7902Kb max_used=7902Kb free=237857Kb
 bounds [0x0000000002f80000, 0x0000000003740000, 0x0000000011f80000]
 total_blobs=2171 nmethods=1901 adapters=182
 compilation: enabled

Compilation events (10 events):
Event: 4.917 Thread 0x0000000015650000 nmethod 1934 0x000000000372e810 code [0x000000000372e960, 0x000000000372eb18]
Event: 4.917 Thread 0x0000000015650000 1928 %     4       com.android.dx.ssa.SsaConverter::placePhiFunctions @ 264 (394 bytes)
Event: 4.921 Thread 0x00000000156ac000 1946   !   2       com.android.dx.rop.cst.CstType::intern (48 bytes)
Event: 4.922 Thread 0x00000000156ac000 nmethod 1946 0x0000000003730e50 code [0x0000000003731000, 0x0000000003731508]
Event: 4.922 Thread 0x00000000156ac000 1947       2       com.android.dx.dex.file.EncodedField::hashCode (8 bytes)
Event: 4.923 Thread 0x00000000156ac000 nmethod 1947 0x0000000003730750 code [0x00000000037308e0, 0x0000000003730b08]
Event: 4.923 Thread 0x00000000156ac000 1948       2       com.android.dx.rop.cst.CstMemberRef::hashCode (19 bytes)
Event: 4.923 Thread 0x00000000156ac000 nmethod 1948 0x00000000037300d0 code [0x0000000003730260, 0x0000000003730488]
Event: 4.934 Thread 0x00000000156ac000 1952   !   2       com.android.dx.dex.file.UniformListItem::getAlignment (40 bytes)
Event: 4.934 Thread 0x00000000156ac000 nmethod 1952 0x000000000372fa10 code [0x000000000372fba0, 0x000000000372fec8]

GC Heap History (10 events):
Event: 2.159 GC heap before
{Heap before GC invocations=3 (full 0):
 PSYoungGen      total 28672K, used 28671K [0x00000000eab00000, 0x00000000ee300000, 0x0000000100000000)
  eden space 24576K, 100% used [0x00000000eab00000,0x00000000ec300000,0x00000000ec300000)
  from space 4096K, 99% used [0x00000000ec700000,0x00000000ecaffe10,0x00000000ecb00000)
  to   space 4096K, 0% used [0x00000000ec300000,0x00000000ec300000,0x00000000ec700000)
 ParOldGen       total 65536K, used 3307K [0x00000000c0000000, 0x00000000c4000000, 0x00000000eab00000)
  object space 65536K, 5% used [0x00000000c0000000,0x00000000c033ad98,0x00000000c4000000)
 Metaspace       used 6204K, capacity 7088K, committed 7296K, reserved 1056768K
  class space    used 602K, capacity 616K, committed 640K, reserved 1048576K
Event: 2.174 GC heap after
Heap after GC invocations=3 (full 0):
 PSYoungGen      total 28672K, used 4076K [0x00000000eab00000, 0x00000000ee300000, 0x0000000100000000)
  eden space 24576K, 0% used [0x00000000eab00000,0x00000000eab00000,0x00000000ec300000)
  from space 4096K, 99% used [0x00000000ec300000,0x00000000ec6fb018,0x00000000ec700000)
  to   space 4096K, 0% used [0x00000000edf00000,0x00000000edf00000,0x00000000ee300000)
 ParOldGen       total 65536K, used 7189K [0x00000000c0000000, 0x00000000c4000000, 0x00000000eab00000)
  object space 65536K, 10% used [0x00000000c0000000,0x00000000c0705790,0x00000000c4000000)
 Metaspace       used 6204K, capacity 7088K, committed 7296K, reserved 1056768K
  class space    used 602K, capacity 616K, committed 640K, reserved 1048576K
}
Event: 2.372 GC heap before
{Heap before GC invocations=4 (full 0):
 PSYoungGen      total 28672K, used 28652K [0x00000000eab00000, 0x00000000ee300000, 0x0000000100000000)
  eden space 24576K, 100% used [0x00000000eab00000,0x00000000ec300000,0x00000000ec300000)
  from space 4096K, 99% used [0x00000000ec300000,0x00000000ec6fb018,0x00000000ec700000)
  to   space 4096K, 0% used [0x00000000edf00000,0x00000000edf00000,0x00000000ee300000)
 ParOldGen       total 65536K, used 7189K [0x00000000c0000000, 0x00000000c4000000, 0x00000000eab00000)
  object space 65536K, 10% used [0x00000000c0000000,0x00000000c0705790,0x00000000c4000000)
 Metaspace       used 6256K, capacity 7152K, committed 7296K, reserved 1056768K
  class space    used 602K, capacity 616K, committed 640K, reserved 1048576K
Event: 2.387 GC heap after
Heap after GC invocations=4 (full 0):
 PSYoungGen      total 53248K, used 4088K [0x00000000eab00000, 0x00000000ee300000, 0x0000000100000000)
  eden space 49152K, 0% used [0x00000000eab00000,0x00000000eab00000,0x00000000edb00000)
  from space 4096K, 99% used [0x00000000edf00000,0x00000000ee2fe3a8,0x00000000ee300000)
  to   space 4096K, 0% used [0x00000000edb00000,0x00000000edb00000,0x00000000edf00000)
 ParOldGen       total 65536K, used 10579K [0x00000000c0000000, 0x00000000c4000000, 0x00000000eab00000)
  object space 65536K, 16% used [0x00000000c0000000,0x00000000c0a54d48,0x00000000c4000000)
 Metaspace       used 6256K, capacity 7152K, committed 7296K, reserved 1056768K
  class space    used 602K, capacity 616K, committed 640K, reserved 1048576K
}
Event: 2.883 GC heap before
{Heap before GC invocations=5 (full 0):
 PSYoungGen      total 53248K, used 53240K [0x00000000eab00000, 0x00000000ee300000, 0x0000000100000000)
  eden space 49152K, 100% used [0x00000000eab00000,0x00000000edb00000,0x00000000edb00000)
  from space 4096K, 99% used [0x00000000edf00000,0x00000000ee2fe3a8,0x00000000ee300000)
  to   space 4096K, 0% used [0x00000000edb00000,0x00000000edb00000,0x00000000edf00000)
 ParOldGen       total 65536K, used 10579K [0x00000000c0000000, 0x00000000c4000000, 0x00000000eab00000)
  object space 65536K, 16% used [0x00000000c0000000,0x00000000c0a54d48,0x00000000c4000000)
 Metaspace       used 6294K, capacity 7152K, committed 7296K, reserved 1056768K
  class space    used 602K, capacity 616K, committed 640K, reserved 1048576K
Event: 2.917 GC heap after
Heap after GC invocations=5 (full 0):
 PSYoungGen      total 53248K, used 4085K [0x00000000eab00000, 0x00000000f2300000, 0x0000000100000000)
  eden space 49152K, 0% used [0x00000000eab00000,0x00000000eab00000,0x00000000edb00000)
  from space 4096K, 99% used [0x00000000edb00000,0x00000000edefd478,0x00000000edf00000)
  to   space 12288K, 0% used [0x00000000f1700000,0x00000000f1700000,0x00000000f2300000)
 ParOldGen       total 65536K, used 18014K [0x00000000c0000000, 0x00000000c4000000, 0x00000000eab00000)
  object space 65536K, 27% used [0x00000000c0000000,0x00000000c1197868,0x00000000c4000000)
 Metaspace       used 6294K, capacity 7152K, committed 7296K, reserved 1056768K
  class space    used 602K, capacity 616K, committed 640K, reserved 1048576K
}
Event: 3.265 GC heap before
{Heap before GC invocations=6 (full 0):
 PSYoungGen      total 53248K, used 53237K [0x00000000eab00000, 0x00000000f2300000, 0x0000000100000000)
  eden space 49152K, 100% used [0x00000000eab00000,0x00000000edb00000,0x00000000edb00000)
  from space 4096K, 99% used [0x00000000edb00000,0x00000000edefd478,0x00000000edf00000)
  to   space 12288K, 0% used [0x00000000f1700000,0x00000000f1700000,0x00000000f2300000)
 ParOldGen       total 65536K, used 18014K [0x00000000c0000000, 0x00000000c4000000, 0x00000000eab00000)
  object space 65536K, 27% used [0x00000000c0000000,0x00000000c1197868,0x00000000c4000000)
 Metaspace       used 6406K, capacity 7192K, committed 7424K, reserved 1056768K
  class space    used 623K, capacity 656K, committed 768K, reserved 1048576K
Event: 3.306 GC heap after
Heap after GC invocations=6 (full 0):
 PSYoungGen      total 109568K, used 10871K [0x00000000eab00000, 0x00000000f2500000, 0x0000000100000000)
  eden space 97280K, 0% used [0x00000000eab00000,0x00000000eab00000,0x00000000f0a00000)
  from space 12288K, 88% used [0x00000000f1700000,0x00000000f219dcc8,0x00000000f2300000)
  to   space 13312K, 0% used [0x00000000f0a00000,0x00000000f0a00000,0x00000000f1700000)
 ParOldGen       total 65536K, used 18014K [0x00000000c0000000, 0x00000000c4000000, 0x00000000eab00000)
  object space 65536K, 27% used [0x00000000c0000000,0x00000000c1197868,0x00000000c4000000)
 Metaspace       used 6406K, capacity 7192K, committed 7424K, reserved 1056768K
  class space    used 623K, capacity 656K, committed 768K, reserved 1048576K
}
Event: 4.807 GC heap before
{Heap before GC invocations=7 (full 0):
 PSYoungGen      total 109568K, used 108151K [0x00000000eab00000, 0x00000000f2500000, 0x0000000100000000)
  eden space 97280K, 100% used [0x00000000eab00000,0x00000000f0a00000,0x00000000f0a00000)
  from space 12288K, 88% used [0x00000000f1700000,0x00000000f219dcc8,0x00000000f2300000)
  to   space 13312K, 0% used [0x00000000f0a00000,0x00000000f0a00000,0x00000000f1700000)
 ParOldGen       total 65536K, used 18014K [0x00000000c0000000, 0x00000000c4000000, 0x00000000eab00000)
  object space 65536K, 27% used [0x00000000c0000000,0x00000000c1197868,0x00000000c4000000)
 Metaspace       used 6478K, capacity 7256K, committed 7424K, reserved 1056768K
  class space    used 623K, capacity 656K, committed 768K, reserved 1048576K
Event: 4.912 GC heap after
Heap after GC invocations=7 (full 0):
 PSYoungGen      total 110592K, used 13282K [0x00000000eab00000, 0x00000000f9200000, 0x0000000100000000)
  eden space 97280K, 0% used [0x00000000eab00000,0x00000000eab00000,0x00000000f0a00000)
  from space 13312K, 99% used [0x00000000f0a00000,0x00000000f16f8bb0,0x00000000f1700000)
  to   space 20992K, 0% used [0x00000000f7d80000,0x00000000f7d80000,0x00000000f9200000)
 ParOldGen       total 65536K, used 29487K [0x00000000c0000000, 0x00000000c4000000, 0x00000000eab00000)
  object space 65536K, 44% used [0x00000000c0000000,0x00000000c1ccbcd8,0x00000000c4000000)
 Metaspace       used 6478K, capacity 7256K, committed 7424K, reserved 1056768K
  class space    used 623K, capacity 656K, committed 768K, reserved 1048576K
}

Deoptimization events (10 events):
Event: 3.065 Thread 0x0000000002e80800 Uncommon trap: reason=bimorphic action=maybe_recompile pc=0x000000000362b980 method=com.android.dx.rop.code.RegisterSpec.withSimpleType()Lcom/android/dx/rop/code/RegisterSpec; @ 21
Event: 3.076 Thread 0x0000000017235000 Uncommon trap: reason=unstable_if action=reinterpret pc=0x00000000032322d8 method=java.util.HashMap.getNode(ILjava/lang/Object;)Ljava/util/HashMap$Node; @ 84
Event: 3.117 Thread 0x0000000017251800 Uncommon trap: reason=bimorphic action=maybe_recompile pc=0x000000000362b980 method=com.android.dx.rop.code.RegisterSpec.withSimpleType()Lcom/android/dx/rop/code/RegisterSpec; @ 21
Event: 3.410 Thread 0x0000000017236000 Uncommon trap: reason=unstable_if action=reinterpret pc=0x0000000003649d54 method=com.android.dx.ssa.MoveParamCombiner$1.visitNonMoveInsn(Lcom/android/dx/ssa/NormalSsaInsn;)V @ 27
Event: 3.632 Thread 0x0000000002e80800 Uncommon trap: reason=bimorphic action=maybe_recompile pc=0x000000000362b980 method=com.android.dx.rop.code.RegisterSpec.withSimpleType()Lcom/android/dx/rop/code/RegisterSpec; @ 21
Event: 3.645 Thread 0x0000000002e80800 Uncommon trap: reason=bimorphic action=maybe_recompile pc=0x000000000362b980 method=com.android.dx.rop.code.RegisterSpec.withSimpleType()Lcom/android/dx/rop/code/RegisterSpec; @ 21
Event: 3.953 Thread 0x0000000002e80800 Uncommon trap: reason=unstable_if action=reinterpret pc=0x00000000036237fc method=java.util.HashMap.resize()[Ljava/util/HashMap$Node; @ 206
Event: 4.610 Thread 0x0000000017236000 Uncommon trap: reason=unstable_if action=reinterpret pc=0x00000000033ab1f0 method=com.android.dx.dex.code.OutputFinisher.hasLocalInfo(Lcom/android/dx/dex/code/DalvInsn;)Z @ 24
Event: 4.659 Thread 0x0000000017235000 Uncommon trap: reason=unstable_if action=reinterpret pc=0x000000000341bc00 method=java.util.HashMap.putVal(ILjava/lang/Object;Ljava/lang/Object;ZZ)Ljava/lang/Object; @ 109
Event: 4.670 Thread 0x0000000017251800 Uncommon trap: reason=unstable_if action=reinterpret pc=0x00000000035fd700 method=com.android.dx.ssa.SCCP.simulateBranch(Lcom/android/dx/ssa/SsaInsn;)V @ 548

Internal exceptions (5 events):
Event: 0.062 Thread 0x0000000002e80800 Exception <a 'java/lang/NoSuchMethodError': Method sun.misc.Unsafe.defineClass(Ljava/lang/String;[BII)Ljava/lang/Class; name or signature does not match> (0x00000000eab0d5b0) thrown at [D:\re\puppet\workspace\8-2-build-windows-amd64-cygwin\jdk8u73\6086\hot¼£ÊËí¯?
Event: 0.062 Thread 0x0000000002e80800 Exception <a 'java/lang/NoSuchMethodError': Method sun.misc.Unsafe.prefetchRead(Ljava/lang/Object;J)V name or signature does not match> (0x00000000eab0d898) thrown at [D:\re\puppet\workspace\8-2-build-windows-amd64-cygwin\jdk8u73\6086\hotspot\src\share\vm\f®½Þon@
Event: 3.054 Thread 0x0000000017235000 Exception <a 'java/lang/ArrayIndexOutOfBoundsException': 18> (0x00000000ec2d7ae8) thrown at [D:\re\puppet\workspace\8-2-build-windows-amd64-cygwin\jdk8u73\6086\hotspot\src\share\vm\interpreter\interpreterRuntime.cpp, line 366]
Event: 3.054 Thread 0x0000000017235000 Exception <a 'java/lang/ArrayIndexOutOfBoundsException': 145> (0x00000000ec2d9668) thrown at [D:\re\puppet\workspace\8-2-build-windows-amd64-cygwin\jdk8u73\6086\hotspot\src\share\vm\interpreter\interpreterRuntime.cpp, line 366]
Event: 3.055 Thread 0x0000000017235000 Exception <a 'java/lang/ArrayIndexOutOfBoundsException'> (0x00000000ec2da950) thrown at [D:\re\puppet\workspace\8-2-build-windows-amd64-cygwin\jdk8u73\6086\hotspot\src\share\vm\runtime\sharedRuntime.cpp, line 605]

Events (10 events):
Event: 4.610 Thread 0x0000000017236000 DEOPT PACKING pc=0x00000000033ab1f0 sp=0x000000001827ecf0
Event: 4.610 Thread 0x0000000017236000 DEOPT UNPACKING pc=0x0000000002fc582a sp=0x000000001827ec08 mode 2
Event: 4.659 Thread 0x0000000017235000 Uncommon trap: trap_request=0xffffff65 fr.pc=0x000000000341bc00
Event: 4.659 Thread 0x0000000017235000 DEOPT PACKING pc=0x000000000341bc00 sp=0x000000001817e350
Event: 4.659 Thread 0x0000000017235000 DEOPT UNPACKING pc=0x0000000002fc582a sp=0x000000001817e268 mode 2
Event: 4.670 Thread 0x0000000017251800 Uncommon trap: trap_request=0xffffff65 fr.pc=0x00000000035fd700
Event: 4.670 Thread 0x0000000017251800 DEOPT PACKING pc=0x00000000035fd700 sp=0x000000001807e8a0
Event: 4.670 Thread 0x0000000017251800 DEOPT UNPACKING pc=0x0000000002fc582a sp=0x000000001807e878 mode 2
Event: 4.805 Executing VM operation: ParallelGCFailedAllocation
Event: 4.912 Executing VM operation: ParallelGCFailedAllocation done


Dynamic libraries:
0x00007ff67f1b0000 - 0x00007ff67f1e7000 	C:\Program Files\Java\jdk1.8.0_73\bin\java.exe
0x00007ffee20b0000 - 0x00007ffee2272000 	C:\Windows\SYSTEM32\ntdll.dll
0x00007ffee19a0000 - 0x00007ffee1a4d000 	C:\Windows\system32\KERNEL32.DLL
0x00007ffedf5a0000 - 0x00007ffedf77d000 	C:\Windows\system32\KERNELBASE.dll
0x00007ffee1a50000 - 0x00007ffee1af6000 	C:\Windows\system32\ADVAPI32.dll
0x00007ffee1c40000 - 0x00007ffee1cdd000 	C:\Windows\system32\msvcrt.dll
0x00007ffee00c0000 - 0x00007ffee011b000 	C:\Windows\system32\sechost.dll
0x00007ffee1d20000 - 0x00007ffee1e46000 	C:\Windows\system32\RPCRT4.dll
0x00007ffedfef0000 - 0x00007ffee003e000 	C:\Windows\system32\USER32.dll
0x00007ffee16c0000 - 0x00007ffee1845000 	C:\Windows\system32\GDI32.dll
0x00007ffecd5e0000 - 0x00007ffecd854000 	C:\Windows\WinSxS\amd64_microsoft.windows.common-controls_6595b64144ccf1df_6.0.10240.16384_none_f41f7b285750ef43\COMCTL32.dll
0x00007ffee1ce0000 - 0x00007ffee1d16000 	C:\Windows\system32\IMM32.DLL
0x00007ffedfa50000 - 0x00007ffedfbac000 	C:\Windows\system32\MSCTF.dll
0x0000000061db0000 - 0x0000000061e82000 	C:\Program Files\Java\jdk1.8.0_73\jre\bin\msvcr100.dll
0x0000000062230000 - 0x0000000062ac0000 	C:\Program Files\Java\jdk1.8.0_73\jre\bin\server\jvm.dll
0x00007ffee0040000 - 0x00007ffee0048000 	C:\Windows\system32\PSAPI.DLL
0x00007ffedbe30000 - 0x00007ffedbe39000 	C:\Windows\SYSTEM32\WSOCK32.dll
0x00007ffee2020000 - 0x00007ffee2089000 	C:\Windows\system32\WS2_32.dll
0x00007ffee16b0000 - 0x00007ffee16b8000 	C:\Windows\system32\NSI.dll
0x00007ffed7d30000 - 0x00007ffed7d53000 	C:\Windows\SYSTEM32\WINMM.dll
0x00007ffed4b40000 - 0x00007ffed4b4a000 	C:\Windows\SYSTEM32\VERSION.dll
0x00007ffed7430000 - 0x00007ffed745c000 	C:\Windows\SYSTEM32\WINMMBASE.dll
0x00007ffedec30000 - 0x00007ffedec74000 	C:\Windows\system32\cfgmgr32.dll
0x00007ffedd450000 - 0x00007ffedd477000 	C:\Windows\SYSTEM32\DEVOBJ.dll
0x0000000062220000 - 0x000000006222f000 	C:\Program Files\Java\jdk1.8.0_73\jre\bin\verify.dll
0x00000000621f0000 - 0x0000000062219000 	C:\Program Files\Java\jdk1.8.0_73\jre\bin\java.dll
0x00000000621d0000 - 0x00000000621e6000 	C:\Program Files\Java\jdk1.8.0_73\jre\bin\zip.dll
0x00007ffee0120000 - 0x00007ffee1645000 	C:\Windows\system32\SHELL32.dll
0x00007ffedee50000 - 0x00007ffedf478000 	C:\Windows\system32\windows.storage.dll
0x00007ffedfc70000 - 0x00007ffedfeec000 	C:\Windows\system32\combase.dll
0x00007ffee1650000 - 0x00007ffee16a1000 	C:\Windows\system32\shlwapi.dll
0x00007ffedeb50000 - 0x00007ffedeb5f000 	C:\Windows\system32\kernel.appcore.dll
0x00007ffedf480000 - 0x00007ffedf533000 	C:\Windows\system32\shcore.dll
0x00007ffedeae0000 - 0x00007ffedeb2a000 	C:\Windows\system32\powrprof.dll
0x00007ffedeb60000 - 0x00007ffedeb73000 	C:\Windows\system32\profapi.dll

VM Arguments:
jvm_args: -Djava.awt.headless=true -Xmx1024M -Dfile.encoding=windows-1252 -Duser.country=US -Duser.language=en -Duser.variant 
java_command: com.android.dx.command.Main --dex --force-jumbo --num-threads=4 --multi-dex --output C:\Users\user\AndroidStudioProjects\ExpenseManager\app\build\intermediates\transforms\dex\debug\folders\1000\10\com.android.support-appcompat-v7-23.4.0_e769e7ba8a5770fb76f1257e596adcf59bf55db8 C:\Users\user\AndroidStudioProjects\ExpenseManager\app\build\intermediates\exploded-aar\com.android.support\appcompat-v7\23.4.0\jars\classes.jar
java_class_path (initial): C:\Users\user\AppData\Local\Android\sdk\build-tools\23.0.3\lib\dx.jar
Launcher Type: SUN_STANDARD

Environment Variables:
PATH=C:\ProgramData\Oracle\Java\javapath;D:\DevSuiteHome_1\jdk\jre\bin\classic;D:\DevSuiteHome_1\jdk\jre\bin;D:\DevSuiteHome_1\jdk\jre\bin\client;D:\DevSuiteHome_1\jlib;D:\DevSuiteHome_1\bin;D:\DevSuiteHome_1\jre\1.4.2\bin\client;D:\DevSuiteHome_1\jre\1.4.2\bin;C:\Windows\system32;C:\Windows;C:\Windows\System32\Wbem;C:\Windows\System32\WindowsPowerShell\v1.0\;C:\Program Files (x86)\Skype\Phone\;C:\Program Files (x86)\CrSSL\bin;C:\Program Files\CrSSL\bin;C:\Program Files (x86)\CrSSL\bin
USERNAME=user
OS=Windows_NT
PROCESSOR_IDENTIFIER=Intel64 Family 6 Model 69 Stepping 1, GenuineIntel



---------------  S Y S T E M  ---------------

OS: Windows 10.0 , 64 bit Build 10240 (10.0.10240.16384)

CPU:total 4 (2 cores per cpu, 2 threads per core) family 6 model 69 stepping 1, cmov, cx8, fxsr, mmx, sse, sse2, sse3, ssse3, sse4.1, sse4.2, popcnt, avx, avx2, aes, clmul, erms, lzcnt, ht, tsc, tscinvbit, bmi1, bmi2

Memory: 4k page, physical 6214896k(679364k free), swap 7918832k(4508k free)

vm_info: Java HotSpot(TM) 64-Bit Server VM (25.73-b02) for windows-amd64 JRE (1.8.0_73-b02), built on Jan 29 2016 17:38:49 by "java_re" with MS VC++ 10.0 (VS2010)

time: Thu Jul 07 15:20:23 2016
elapsed time: 4 seconds (0d 0h 0m 4s)

