#
# There is insufficient memory for the Java Runtime Environment to continue.
# Native memory allocation (malloc) failed to allocate 1901216 bytes for Chunk::new
# Possible reasons:
#   The system is out of physical RAM or swap space
#   In 32 bit mode, the process size limit was hit
# Possible solutions:
#   Reduce memory load on the system
#   Increase physical memory or swap space
#   Check if swap backing store is full
#   Use 64 bit Java on a 64 bit OS
#   Decrease Java heap size (-Xmx/-Xms)
#   Decrease number of Java threads
#   Decrease Java thread stack sizes (-Xss)
#   Set larger code cache with -XX:ReservedCodeCacheSize=
# This output file may be truncated or incomplete.
#
#  Out of Memory Error (allocation.cpp:390), pid=1088, tid=5228
#
# JRE version: Java(TM) SE Runtime Environment (8.0_73-b02) (build 1.8.0_73-b02)
# Java VM: Java HotSpot(TM) 64-Bit Server VM (25.73-b02 mixed mode windows-amd64 compressed oops)
# Failed to write core dump. Minidumps are not enabled by default on client versions of Windows
#

---------------  T H R E A D  ---------------

Current thread (0x00000000151ca800):  JavaThread "C2 CompilerThread0" daemon [_thread_in_native, id=5228, stack(0x0000000016800000,0x0000000016900000)]

Stack: [0x0000000016800000,0x0000000016900000]
[error occurred during error reporting (printing stack bounds), id 0xc0000005]

Native frames: (J=compiled Java code, j=interpreted, Vv=VM code, C=native code)


Current CompileTask:
C2:   4926 2007   !   4       com.android.dx.cf.code.BytecodeArray::parseInstruction (2764 bytes)


---------------  P R O C E S S  ---------------

Java Threads: ( => current thread )
  0x0000000016c75800 JavaThread "pool-2-thread-4" [_thread_blocked, id=1876, stack(0x0000000017500000,0x0000000017600000)]
  0x0000000016c71800 JavaThread "pool-2-thread-3" [_thread_blocked, id=8228, stack(0x0000000017400000,0x0000000017500000)]
  0x0000000016c6f800 JavaThread "pool-2-thread-2" [_thread_blocked, id=7872, stack(0x0000000017300000,0x0000000017400000)]
  0x0000000016c6a000 JavaThread "pool-3-thread-1" [_thread_blocked, id=6532, stack(0x0000000017200000,0x0000000017300000)]
  0x0000000016cbb000 JavaThread "pool-2-thread-1" [_thread_in_Java, id=7364, stack(0x0000000017100000,0x0000000017200000)]
  0x0000000016a14000 JavaThread "Service Thread" daemon [_thread_blocked, id=2340, stack(0x0000000016f00000,0x0000000017000000)]
  0x0000000016a10800 JavaThread "C1 CompilerThread2" daemon [_thread_blocked, id=8572, stack(0x0000000016e00000,0x0000000016f00000)]
  0x00000000151d1000 JavaThread "C2 CompilerThread1" daemon [_thread_in_native, id=6104, stack(0x0000000016900000,0x0000000016a00000)]
=>0x00000000151ca800 JavaThread "C2 CompilerThread0" daemon [_thread_in_native, id=5228, stack(0x0000000016800000,0x0000000016900000)]
  0x00000000151c8800 JavaThread "Attach Listener" daemon [_thread_blocked, id=7596, stack(0x0000000016700000,0x0000000016800000)]
  0x00000000151c7000 JavaThread "Signal Dispatcher" daemon [_thread_blocked, id=8776, stack(0x0000000016600000,0x0000000016700000)]
  0x0000000002af0800 JavaThread "Finalizer" daemon [_thread_blocked, id=5332, stack(0x0000000016420000,0x0000000016520000)]
  0x0000000002aed000 JavaThread "Reference Handler" daemon [_thread_blocked, id=8176, stack(0x0000000016320000,0x0000000016420000)]
  0x0000000002a00800 JavaThread "main" [_thread_blocked, id=6760, stack(0x0000000002840000,0x0000000002940000)]

Other Threads:
  0x0000000015198000 VMThread [stack: 0x0000000016220000,0x0000000016320000] [id=5552]
  0x0000000016a18000 WatcherThread [stack: 0x0000000017000000,0x0000000017100000] [id=9016]

VM state:not at safepoint (normal execution)

VM Mutex/Monitor currently owned by a thread: None

Heap:
 PSYoungGen      total 112128K, used 46750K [0x00000000eab00000, 0x00000000f2900000, 0x0000000100000000)
  eden space 96768K, 32% used [0x00000000eab00000,0x00000000ec9ab1c0,0x00000000f0980000)
  from space 15360K, 99% used [0x00000000f0980000,0x00000000f187c6c0,0x00000000f1880000)
  to   space 13824K, 0% used [0x00000000f1880000,0x00000000f1880000,0x00000000f2600000)
 ParOldGen       total 65536K, used 29924K [0x00000000c0000000, 0x00000000c4000000, 0x00000000eab00000)
  object space 65536K, 45% used [0x00000000c0000000,0x00000000c1d39390,0x00000000c4000000)
 Metaspace       used 6516K, capacity 7256K, committed 7424K, reserved 1056768K
  class space    used 623K, capacity 656K, committed 768K, reserved 1048576K

Card table byte_map: [0x0000000011ec0000,0x00000000120d0000] byte_map_base: 0x00000000118c0000

Marking Bits: (ParMarkBitMap*) 0x0000000060780600
 Begin Bits: [0x0000000012630000, 0x0000000013630000)
 End Bits:   [0x0000000013630000, 0x0000000014630000)

Polling page: 0x0000000001070000

CodeCache: size=245760Kb used=8034Kb max_used=8034Kb free=237725Kb
 bounds [0x0000000002b00000, 0x00000000032e0000, 0x0000000011b00000]
 total_blobs=2252 nmethods=1982 adapters=182
 compilation: enabled

Compilation events (10 events):
Event: 4.840 Thread 0x0000000016a10800 2034       2       java.util.concurrent.locks.AbstractQueuedSynchronizer::transferForSignal (45 bytes)
Event: 4.840 Thread 0x0000000016a10800 nmethod 2034 0x00000000032c6850 code [0x00000000032c69c0, 0x00000000032c6c18]
Event: 4.841 Thread 0x0000000016a10800 2035       2       java.util.concurrent.locks.AbstractQueuedSynchronizer$ConditionObject::checkInterruptWhileWaiting (27 bytes)
Event: 4.842 Thread 0x0000000016a10800 nmethod 2035 0x00000000032c6210 code [0x00000000032c63a0, 0x00000000032c6678]
Event: 4.870 Thread 0x0000000016a10800 2036       2       com.android.dx.ssa.ConstCollector$1::compare (13 bytes)
Event: 4.870 Thread 0x0000000016a10800 nmethod 2036 0x00000000032c5e10 code [0x00000000032c5f80, 0x00000000032c6148]
Event: 4.877 Thread 0x0000000016a10800 2037       2       com.android.dx.ssa.back.FirstFitLocalCombiningAllocator::findRangeAndAdjust (311 bytes)
Event: 4.879 Thread 0x0000000016a10800 nmethod 2037 0x00000000032ddfd0 code [0x00000000032de240, 0x00000000032decf8]
Event: 4.879 Thread 0x0000000016a10800 2038       2       com.android.dx.ssa.NormalSsaInsn::changeOneSource (120 bytes)
Event: 4.880 Thread 0x0000000016a10800 nmethod 2038 0x00000000032c4ad0 code [0x00000000032c4ce0, 0x00000000032c5438]

GC Heap History (10 events):
Event: 2.343 GC heap before
{Heap before GC invocations=3 (full 0):
 PSYoungGen      total 28672K, used 28647K [0x00000000eab00000, 0x00000000ee300000, 0x0000000100000000)
  eden space 24576K, 100% used [0x00000000eab00000,0x00000000ec300000,0x00000000ec300000)
  from space 4096K, 99% used [0x00000000ec700000,0x00000000ecaf9db0,0x00000000ecb00000)
  to   space 4096K, 0% used [0x00000000ec300000,0x00000000ec300000,0x00000000ec700000)
 ParOldGen       total 65536K, used 2119K [0x00000000c0000000, 0x00000000c4000000, 0x00000000eab00000)
  object space 65536K, 3% used [0x00000000c0000000,0x00000000c0211e98,0x00000000c4000000)
 Metaspace       used 6143K, capacity 7024K, committed 7296K, reserved 1056768K
  class space    used 601K, capacity 616K, committed 640K, reserved 1048576K
Event: 2.355 GC heap after
Heap after GC invocations=3 (full 0):
 PSYoungGen      total 28672K, used 4081K [0x00000000eab00000, 0x00000000ee300000, 0x0000000100000000)
  eden space 24576K, 0% used [0x00000000eab00000,0x00000000eab00000,0x00000000ec300000)
  from space 4096K, 99% used [0x00000000ec300000,0x00000000ec6fc5c0,0x00000000ec700000)
  to   space 4096K, 0% used [0x00000000edf00000,0x00000000edf00000,0x00000000ee300000)
 ParOldGen       total 65536K, used 6072K [0x00000000c0000000, 0x00000000c4000000, 0x00000000eab00000)
  object space 65536K, 9% used [0x00000000c0000000,0x00000000c05ee1a8,0x00000000c4000000)
 Metaspace       used 6143K, capacity 7024K, committed 7296K, reserved 1056768K
  class space    used 601K, capacity 616K, committed 640K, reserved 1048576K
}
Event: 2.570 GC heap before
{Heap before GC invocations=4 (full 0):
 PSYoungGen      total 28672K, used 28657K [0x00000000eab00000, 0x00000000ee300000, 0x0000000100000000)
  eden space 24576K, 100% used [0x00000000eab00000,0x00000000ec300000,0x00000000ec300000)
  from space 4096K, 99% used [0x00000000ec300000,0x00000000ec6fc5c0,0x00000000ec700000)
  to   space 4096K, 0% used [0x00000000edf00000,0x00000000edf00000,0x00000000ee300000)
 ParOldGen       total 65536K, used 6072K [0x00000000c0000000, 0x00000000c4000000, 0x00000000eab00000)
  object space 65536K, 9% used [0x00000000c0000000,0x00000000c05ee1a8,0x00000000c4000000)
 Metaspace       used 6184K, capacity 7088K, committed 7296K, reserved 1056768K
  class space    used 602K, capacity 616K, committed 640K, reserved 1048576K
Event: 2.593 GC heap after
Heap after GC invocations=4 (full 0):
 PSYoungGen      total 53248K, used 4095K [0x00000000eab00000, 0x00000000ee300000, 0x0000000100000000)
  eden space 49152K, 0% used [0x00000000eab00000,0x00000000eab00000,0x00000000edb00000)
  from space 4096K, 99% used [0x00000000edf00000,0x00000000ee2ffe70,0x00000000ee300000)
  to   space 4096K, 0% used [0x00000000edb00000,0x00000000edb00000,0x00000000edf00000)
 ParOldGen       total 65536K, used 10630K [0x00000000c0000000, 0x00000000c4000000, 0x00000000eab00000)
  object space 65536K, 16% used [0x00000000c0000000,0x00000000c0a61a28,0x00000000c4000000)
 Metaspace       used 6184K, capacity 7088K, committed 7296K, reserved 1056768K
  class space    used 602K, capacity 616K, committed 640K, reserved 1048576K
}
Event: 2.942 GC heap before
{Heap before GC invocations=5 (full 0):
 PSYoungGen      total 53248K, used 53247K [0x00000000eab00000, 0x00000000ee300000, 0x0000000100000000)
  eden space 49152K, 100% used [0x00000000eab00000,0x00000000edb00000,0x00000000edb00000)
  from space 4096K, 99% used [0x00000000edf00000,0x00000000ee2ffe70,0x00000000ee300000)
  to   space 4096K, 0% used [0x00000000edb00000,0x00000000edb00000,0x00000000edf00000)
 ParOldGen       total 65536K, used 10630K [0x00000000c0000000, 0x00000000c4000000, 0x00000000eab00000)
  object space 65536K, 16% used [0x00000000c0000000,0x00000000c0a61a28,0x00000000c4000000)
 Metaspace       used 6273K, capacity 7152K, committed 7296K, reserved 1056768K
  class space    used 602K, capacity 616K, committed 640K, reserved 1048576K
Event: 2.978 GC heap after
Heap after GC invocations=5 (full 0):
 PSYoungGen      total 53248K, used 4081K [0x00000000eab00000, 0x00000000f2600000, 0x0000000100000000)
  eden space 49152K, 0% used [0x00000000eab00000,0x00000000eab00000,0x00000000edb00000)
  from space 4096K, 99% used [0x00000000edb00000,0x00000000edefc5c0,0x00000000edf00000)
  to   space 13824K, 0% used [0x00000000f1880000,0x00000000f1880000,0x00000000f2600000)
 ParOldGen       total 65536K, used 18408K [0x00000000c0000000, 0x00000000c4000000, 0x00000000eab00000)
  object space 65536K, 28% used [0x00000000c0000000,0x00000000c11fa160,0x00000000c4000000)
 Metaspace       used 6273K, capacity 7152K, committed 7296K, reserved 1056768K
  class space    used 602K, capacity 616K, committed 640K, reserved 1048576K
}
Event: 3.350 GC heap before
{Heap before GC invocations=6 (full 0):
 PSYoungGen      total 53248K, used 53233K [0x00000000eab00000, 0x00000000f2600000, 0x0000000100000000)
  eden space 49152K, 100% used [0x00000000eab00000,0x00000000edb00000,0x00000000edb00000)
  from space 4096K, 99% used [0x00000000edb00000,0x00000000edefc5c0,0x00000000edf00000)
  to   space 13824K, 0% used [0x00000000f1880000,0x00000000f1880000,0x00000000f2600000)
 ParOldGen       total 65536K, used 18408K [0x00000000c0000000, 0x00000000c4000000, 0x00000000eab00000)
  object space 65536K, 28% used [0x00000000c0000000,0x00000000c11fa160,0x00000000c4000000)
 Metaspace       used 6323K, capacity 7152K, committed 7296K, reserved 1056768K
  class space    used 602K, capacity 616K, committed 640K, reserved 1048576K
Event: 3.373 GC heap after
Heap after GC invocations=6 (full 0):
 PSYoungGen      total 110592K, used 11889K [0x00000000eab00000, 0x00000000f2900000, 0x0000000100000000)
  eden space 96768K, 0% used [0x00000000eab00000,0x00000000eab00000,0x00000000f0980000)
  from space 13824K, 86% used [0x00000000f1880000,0x00000000f241c5c0,0x00000000f2600000)
  to   space 15360K, 0% used [0x00000000f0980000,0x00000000f0980000,0x00000000f1880000)
 ParOldGen       total 65536K, used 18416K [0x00000000c0000000, 0x00000000c4000000, 0x00000000eab00000)
  object space 65536K, 28% used [0x00000000c0000000,0x00000000c11fc160,0x00000000c4000000)
 Metaspace       used 6323K, capacity 7152K, committed 7296K, reserved 1056768K
  class space    used 602K, capacity 616K, committed 640K, reserved 1048576K
}
Event: 4.405 GC heap before
{Heap before GC invocations=7 (full 0):
 PSYoungGen      total 110592K, used 108657K [0x00000000eab00000, 0x00000000f2900000, 0x0000000100000000)
  eden space 96768K, 100% used [0x00000000eab00000,0x00000000f0980000,0x00000000f0980000)
  from space 13824K, 86% used [0x00000000f1880000,0x00000000f241c5c0,0x00000000f2600000)
  to   space 15360K, 0% used [0x00000000f0980000,0x00000000f0980000,0x00000000f1880000)
 ParOldGen       total 65536K, used 18416K [0x00000000c0000000, 0x00000000c4000000, 0x00000000eab00000)
  object space 65536K, 28% used [0x00000000c0000000,0x00000000c11fc160,0x00000000c4000000)
 Metaspace       used 6504K, capacity 7256K, committed 7424K, reserved 1056768K
  class space    used 623K, capacity 656K, committed 768K, reserved 1048576K
Event: 4.554 GC heap after
Heap after GC invocations=7 (full 0):
 PSYoungGen      total 112128K, used 15345K [0x00000000eab00000, 0x00000000f2900000, 0x0000000100000000)
  eden space 96768K, 0% used [0x00000000eab00000,0x00000000eab00000,0x00000000f0980000)
  from space 15360K, 99% used [0x00000000f0980000,0x00000000f187c6c0,0x00000000f1880000)
  to   space 13824K, 0% used [0x00000000f1880000,0x00000000f1880000,0x00000000f2600000)
 ParOldGen       total 65536K, used 29924K [0x00000000c0000000, 0x00000000c4000000, 0x00000000eab00000)
  object space 65536K, 45% used [0x00000000c0000000,0x00000000c1d39390,0x00000000c4000000)
 Metaspace       used 6504K, capacity 7256K, committed 7424K, reserved 1056768K
  class space    used 623K, capacity 656K, committed 768K, reserved 1048576K
}

Deoptimization events (10 events):
Event: 2.461 Thread 0x0000000016c75800 Uncommon trap: reason=bimorphic action=maybe_recompile pc=0x0000000002f0b350 method=java.util.HashMap.getNode(ILjava/lang/Object;)Ljava/util/HashMap$Node; @ 126
Event: 2.461 Thread 0x0000000016c75800 Uncommon trap: reason=bimorphic action=maybe_recompile pc=0x0000000002f0b350 method=java.util.HashMap.getNode(ILjava/lang/Object;)Ljava/util/HashMap$Node; @ 126
Event: 2.461 Thread 0x0000000016c75800 Uncommon trap: reason=class_check action=maybe_recompile pc=0x0000000002f779c8 method=java.util.HashMap.putVal(ILjava/lang/Object;Ljava/lang/Object;ZZ)Ljava/lang/Object; @ 203
Event: 2.937 Thread 0x0000000016cbb000 Uncommon trap: reason=bimorphic action=maybe_recompile pc=0x0000000003137058 method=com.android.dx.cf.code.BytecodeArray.parseInstruction(ILcom/android/dx/cf/code/BytecodeArray$Visitor;)I @ 1501
Event: 2.938 Thread 0x0000000016cbb000 Uncommon trap: reason=bimorphic action=maybe_recompile pc=0x0000000003137058 method=com.android.dx.cf.code.BytecodeArray.parseInstruction(ILcom/android/dx/cf/code/BytecodeArray$Visitor;)I @ 1501
Event: 3.207 Thread 0x0000000002a00800 Uncommon trap: reason=unstable_if action=reinterpret pc=0x00000000030fe118 method=com.android.dx.ssa.SCCP.simulateStmt(Lcom/android/dx/ssa/SsaInsn;)V @ 53
Event: 4.272 Thread 0x0000000016c71800 Uncommon trap: reason=unstable_if action=reinterpret pc=0x0000000002e123dc method=java.util.HashMap.putVal(ILjava/lang/Object;Ljava/lang/Object;ZZ)Ljava/lang/Object; @ 162
Event: 4.306 Thread 0x0000000016cbb000 Uncommon trap: reason=bimorphic action=maybe_recompile pc=0x00000000031f09ac method=com.android.dx.cf.code.BytecodeArray.parseInstruction(ILcom/android/dx/cf/code/BytecodeArray$Visitor;)I @ 1161
Event: 4.306 Thread 0x0000000016cbb000 Uncommon trap: reason=bimorphic action=maybe_recompile pc=0x00000000031f09ac method=com.android.dx.cf.code.BytecodeArray.parseInstruction(ILcom/android/dx/cf/code/BytecodeArray$Visitor;)I @ 1161
Event: 4.351 Thread 0x0000000016c71800 Uncommon trap: reason=unstable_if action=reinterpret pc=0x00000000030f6858 method=java.util.HashMap.getNode(ILjava/lang/Object;)Ljava/util/HashMap$Node; @ 84

Internal exceptions (5 events):
Event: 0.403 Thread 0x0000000002a00800 Exception <a 'java/lang/NoSuchMethodError': Method sun.misc.Unsafe.defineClass(Ljava/lang/String;[BII)Ljava/lang/Class; name or signature does not match> (0x00000000eab0d5a8) thrown at [D:\re\puppet\workspace\8-2-build-windows-amd64-cygwin\jdk8u73\6086\hot¥Êª¿—ËÙ?
Event: 0.403 Thread 0x0000000002a00800 Exception <a 'java/lang/NoSuchMethodError': Method sun.misc.Unsafe.prefetchRead(Ljava/lang/Object;J)V name or signature does not match> (0x00000000eab0d890) thrown at [D:\re\puppet\workspace\8-2-build-windows-amd64-cygwin\jdk8u73\6086\hotspot\src\share\vm\YÏë(@
Event: 4.275 Thread 0x0000000016c71800 Exception <a 'java/lang/ArrayIndexOutOfBoundsException': 18> (0x00000000f0046668) thrown at [D:\re\puppet\workspace\8-2-build-windows-amd64-cygwin\jdk8u73\6086\hotspot\src\share\vm\interpreter\interpreterRuntime.cpp, line 366]
Event: 4.277 Thread 0x0000000016c71800 Exception <a 'java/lang/ArrayIndexOutOfBoundsException'> (0x00000000f00481e8) thrown at [D:\re\puppet\workspace\8-2-build-windows-amd64-cygwin\jdk8u73\6086\hotspot\src\share\vm\runtime\sharedRuntime.cpp, line 605]
Event: 4.296 Thread 0x0000000016c71800 Exception <a 'java/lang/ArrayIndexOutOfBoundsException'> (0x00000000f00494d0) thrown at [D:\re\puppet\workspace\8-2-build-windows-amd64-cygwin\jdk8u73\6086\hotspot\src\share\vm\runtime\sharedRuntime.cpp, line 605]

Events (10 events):
Event: 4.306 Thread 0x0000000016cbb000 DEOPT UNPACKING pc=0x0000000002b4582a sp=0x00000000171fe468 mode 2
Event: 4.351 Thread 0x0000000016c71800 Uncommon trap: trap_request=0xffffff65 fr.pc=0x00000000030f6858
Event: 4.351 Thread 0x0000000016c71800 DEOPT PACKING pc=0x00000000030f6858 sp=0x00000000174feae0
Event: 4.351 Thread 0x0000000016c71800 DEOPT UNPACKING pc=0x0000000002b4582a sp=0x00000000174fea58 mode 2
Event: 4.405 Executing VM operation: ParallelGCFailedAllocation
Event: 4.554 Executing VM operation: ParallelGCFailedAllocation done
Event: 4.639 Executing VM operation: EnableBiasedLocking
Event: 4.678 Executing VM operation: EnableBiasedLocking done
Event: 4.822 Thread 0x0000000016cbb000 DEOPT PACKING pc=0x00000000030e4702 sp=0x00000000171fe970
Event: 4.822 Thread 0x0000000016cbb000 DEOPT UNPACKING pc=0x0000000002b4787f sp=0x00000000171fe6f0 mode 0


Dynamic libraries:
0x00007ff7b7c30000 - 0x00007ff7b7c67000 	C:\Program Files\Java\jdk1.8.0_73\bin\java.exe
0x00007ffdff0f0000 - 0x00007ffdff2b2000 	C:\Windows\SYSTEM32\ntdll.dll
0x00007ffdfce80000 - 0x00007ffdfcf2d000 	C:\Windows\system32\KERNEL32.DLL
0x00007ffdfc5e0000 - 0x00007ffdfc7bd000 	C:\Windows\system32\KERNELBASE.dll
0x0000000060b90000 - 0x0000000060c36000 	C:\Program Files\Bitdefender\Bitdefender 2016\Active Virus Control\avc3_000_001\avcuf64.dll
0x00007ffdfcc70000 - 0x00007ffdfcd16000 	C:\Windows\system32\ADVAPI32.dll
0x00007ffdfca10000 - 0x00007ffdfcaad000 	C:\Windows\system32\msvcrt.dll
0x00007ffdfcac0000 - 0x00007ffdfcb1b000 	C:\Windows\system32\sechost.dll
0x00007ffdfed50000 - 0x00007ffdfee76000 	C:\Windows\system32\RPCRT4.dll
0x00007ffdfe690000 - 0x00007ffdfe7de000 	C:\Windows\system32\USER32.dll
0x00007ffdfc880000 - 0x00007ffdfca05000 	C:\Windows\system32\GDI32.dll
0x00007ffdf20b0000 - 0x00007ffdf2324000 	C:\Windows\WinSxS\amd64_microsoft.windows.common-controls_6595b64144ccf1df_6.0.10240.16384_none_f41f7b285750ef43\COMCTL32.dll
0x00007ffdff0b0000 - 0x00007ffdff0e6000 	C:\Windows\system32\IMM32.DLL
0x00007ffdfcd20000 - 0x00007ffdfce7c000 	C:\Windows\system32\MSCTF.dll
0x000000005f9e0000 - 0x000000005fab2000 	C:\Program Files\Java\jdk1.8.0_73\jre\bin\msvcr100.dll
0x000000005ff70000 - 0x0000000060800000 	C:\Program Files\Java\jdk1.8.0_73\jre\bin\server\jvm.dll
0x00007ffdfcab0000 - 0x00007ffdfcab8000 	C:\Windows\system32\PSAPI.DLL
0x00007ffdfa130000 - 0x00007ffdfa139000 	C:\Windows\SYSTEM32\WSOCK32.dll
0x00007ffdfe7e0000 - 0x00007ffdfe849000 	C:\Windows\system32\WS2_32.dll
0x00007ffdfc870000 - 0x00007ffdfc878000 	C:\Windows\system32\NSI.dll
0x00007ffdf9450000 - 0x00007ffdf9473000 	C:\Windows\SYSTEM32\WINMM.dll
0x00007ffdf9d50000 - 0x00007ffdf9d5a000 	C:\Windows\SYSTEM32\VERSION.dll
0x00007ffdf9420000 - 0x00007ffdf944c000 	C:\Windows\SYSTEM32\WINMMBASE.dll
0x00007ffdfbdf0000 - 0x00007ffdfbe34000 	C:\Windows\system32\cfgmgr32.dll
0x00007ffdfa3f0000 - 0x00007ffdfa417000 	C:\Windows\SYSTEM32\DEVOBJ.dll
0x000000005ff60000 - 0x000000005ff6f000 	C:\Program Files\Java\jdk1.8.0_73\jre\bin\verify.dll
0x000000005ff30000 - 0x000000005ff59000 	C:\Program Files\Java\jdk1.8.0_73\jre\bin\java.dll
0x000000005ff10000 - 0x000000005ff26000 	C:\Program Files\Java\jdk1.8.0_73\jre\bin\zip.dll
0x00007ffdfd160000 - 0x00007ffdfe685000 	C:\Windows\system32\SHELL32.dll
0x00007ffdfbe40000 - 0x00007ffdfc468000 	C:\Windows\system32\windows.storage.dll
0x00007ffdfead0000 - 0x00007ffdfed4c000 	C:\Windows\system32\combase.dll
0x00007ffdfcc10000 - 0x00007ffdfcc61000 	C:\Windows\system32\shlwapi.dll
0x00007ffdfbb60000 - 0x00007ffdfbb6f000 	C:\Windows\system32\kernel.appcore.dll
0x00007ffdfc470000 - 0x00007ffdfc523000 	C:\Windows\system32\shcore.dll
0x00007ffdfbb70000 - 0x00007ffdfbbba000 	C:\Windows\system32\powrprof.dll
0x00007ffdfbb40000 - 0x00007ffdfbb53000 	C:\Windows\system32\profapi.dll

VM Arguments:
jvm_args: -Djava.awt.headless=true -Xmx1024M -Dfile.encoding=windows-1252 -Duser.country=US -Duser.language=en -Duser.variant 
java_command: com.android.dx.command.Main --dex --force-jumbo --num-threads=4 --multi-dex --output C:\Users\user\AndroidStudioProjects\ExpenseManager\app\build\intermediates\transforms\dex\debug\folders\1000\10\com.android.support-support-v4-23.4.0_56b95018cde5b9fbdd0ca5c4cca87239532e7131 C:\Users\user\AndroidStudioProjects\ExpenseManager\app\build\intermediates\exploded-aar\com.android.support\support-v4\23.4.0\jars\classes.jar
java_class_path (initial): C:\Users\user\AppData\Local\Android\sdk\build-tools\23.0.3\lib\dx.jar
Launcher Type: SUN_STANDARD

Environment Variables:
PATH=C:\ProgramData\Oracle\Java\javapath;D:\DevSuiteHome_1\jdk\jre\bin\classic;D:\DevSuiteHome_1\jdk\jre\bin;D:\DevSuiteHome_1\jdk\jre\bin\client;D:\DevSuiteHome_1\jlib;D:\DevSuiteHome_1\bin;D:\DevSuiteHome_1\jre\1.4.2\bin\client;D:\DevSuiteHome_1\jre\1.4.2\bin;C:\Windows\system32;C:\Windows;C:\Windows\System32\Wbem;C:\Windows\System32\WindowsPowerShell\v1.0\;C:\Program Files (x86)\Skype\Phone\;C:\Program Files (x86)\CrSSL\bin;C:\Program Files\CrSSL\bin;C:\Program Files (x86)\CrSSL\bin
USERNAME=user
OS=Windows_NT
PROCESSOR_IDENTIFIER=Intel64 Family 6 Model 69 Stepping 1, GenuineIntel



---------------  S Y S T E M  ---------------

OS: Windows 10.0 , 64 bit Build 10240 (10.0.10240.16384)

CPU:total 4 (2 cores per cpu, 2 threads per core) family 6 model 69 stepping 1, cmov, cx8, fxsr, mmx, sse, sse2, sse3, ssse3, sse4.1, sse4.2, popcnt, avx, avx2, aes, clmul, erms, lzcnt, ht, tsc, tscinvbit, bmi1, bmi2

Memory: 4k page, physical 6214896k(191100k free), swap 7918832k(5384k free)

vm_info: Java HotSpot(TM) 64-Bit Server VM (25.73-b02) for windows-amd64 JRE (1.8.0_73-b02), built on Jan 29 2016 17:38:49 by "java_re" with MS VC++ 10.0 (VS2010)

time: Thu Jun 23 23:58:01 2016
elapsed time: 4 seconds (0d 0h 0m 4s)

