#
# There is insufficient memory for the Java Runtime Environment to continue.
# Native memory allocation (malloc) failed to allocate 915408 bytes for Chunk::new
# Possible reasons:
#   The system is out of physical RAM or swap space
#   In 32 bit mode, the process size limit was hit
# Possible solutions:
#   Reduce memory load on the system
#   Increase physical memory or swap space
#   Check if swap backing store is full
#   Use 64 bit Java on a 64 bit OS
#   Decrease Java heap size (-Xmx/-Xms)
#   Decrease number of Java threads
#   Decrease Java thread stack sizes (-Xss)
#   Set larger code cache with -XX:ReservedCodeCacheSize=
# This output file may be truncated or incomplete.
#
#  Out of Memory Error (allocation.cpp:390), pid=10064, tid=9996
#
# JRE version: Java(TM) SE Runtime Environment (8.0_73-b02) (build 1.8.0_73-b02)
# Java VM: Java HotSpot(TM) 64-Bit Server VM (25.73-b02 mixed mode windows-amd64 compressed oops)
# Failed to write core dump. Minidumps are not enabled by default on client versions of Windows
#

---------------  T H R E A D  ---------------

Current thread (0x0000000014ffd800):  JavaThread "C2 CompilerThread1" daemon [_thread_in_native, id=9996, stack(0x0000000016740000,0x0000000016840000)]

Stack: [0x0000000016740000,0x0000000016840000]
[error occurred during error reporting (printing stack bounds), id 0xc0000005]

Native frames: (J=compiled Java code, j=interpreted, Vv=VM code, C=native code)


Current CompileTask:
C2:   2838 1054   !   4       com.android.dx.cf.code.BytecodeArray::parseInstruction (2764 bytes)


---------------  P R O C E S S  ---------------

Java Threads: ( => current thread )
  0x0000000016c0f800 JavaThread "pool-2-thread-4" [_thread_blocked, id=2492, stack(0x0000000017340000,0x0000000017440000)]
  0x0000000016c0e800 JavaThread "pool-2-thread-3" [_thread_in_vm, id=5128, stack(0x0000000017240000,0x0000000017340000)]
  0x0000000016b04000 JavaThread "pool-2-thread-2" [_thread_blocked, id=4600, stack(0x0000000017140000,0x0000000017240000)]
  0x0000000016a7a000 JavaThread "pool-3-thread-1" [_thread_blocked, id=4172, stack(0x0000000017040000,0x0000000017140000)]
  0x0000000016a73000 JavaThread "pool-2-thread-1" [_thread_blocked, id=10040, stack(0x0000000016f40000,0x0000000017040000)]
  0x000000001505c800 JavaThread "Service Thread" daemon [_thread_blocked, id=1388, stack(0x0000000016d40000,0x0000000016e40000)]
  0x000000001500b800 JavaThread "C1 CompilerThread2" daemon [_thread_blocked, id=6544, stack(0x0000000016840000,0x0000000016940000)]
=>0x0000000014ffd800 JavaThread "C2 CompilerThread1" daemon [_thread_in_native, id=9996, stack(0x0000000016740000,0x0000000016840000)]
  0x0000000014ffa800 JavaThread "C2 CompilerThread0" daemon [_thread_in_native, id=7468, stack(0x0000000016640000,0x0000000016740000)]
  0x0000000014ff8800 JavaThread "Attach Listener" daemon [_thread_blocked, id=5840, stack(0x0000000016540000,0x0000000016640000)]
  0x000000001500d000 JavaThread "Signal Dispatcher" daemon [_thread_blocked, id=9080, stack(0x0000000016440000,0x0000000016540000)]
  0x0000000002927000 JavaThread "Finalizer" daemon [_thread_blocked, id=3632, stack(0x0000000016260000,0x0000000016360000)]
  0x000000000291e000 JavaThread "Reference Handler" daemon [_thread_blocked, id=5508, stack(0x0000000016160000,0x0000000016260000)]
  0x0000000002830800 JavaThread "main" [_thread_in_native, id=9980, stack(0x0000000001e30000,0x0000000001f30000)]

Other Threads:
  0x0000000014fc8000 VMThread [stack: 0x0000000016060000,0x0000000016160000] [id=3380]
  0x0000000016993000 WatcherThread [stack: 0x0000000016e40000,0x0000000016f40000] [id=2660]

VM state:not at safepoint (normal execution)

VM Mutex/Monitor currently owned by a thread: None

Heap:
 PSYoungGen      total 28672K, used 21438K [0x00000000eab00000, 0x00000000ecb00000, 0x0000000100000000)
  eden space 24576K, 87% used [0x00000000eab00000,0x00000000ebfefa08,0x00000000ec300000)
  from space 4096K, 0% used [0x00000000ec700000,0x00000000ec700000,0x00000000ecb00000)
  to   space 4096K, 0% used [0x00000000ec300000,0x00000000ec300000,0x00000000ec700000)
 ParOldGen       total 65536K, used 0K [0x00000000c0000000, 0x00000000c4000000, 0x00000000eab00000)
  object space 65536K, 0% used [0x00000000c0000000,0x00000000c0000000,0x00000000c4000000)
 Metaspace       used 5677K, capacity 6832K, committed 7040K, reserved 1056768K
  class space    used 574K, capacity 616K, committed 640K, reserved 1048576K

Card table byte_map: [0x0000000011cf0000,0x0000000011f00000] byte_map_base: 0x00000000116f0000

Marking Bits: (ParMarkBitMap*) 0x00000000027b0600
 Begin Bits: [0x0000000012460000, 0x0000000013460000)
 End Bits:   [0x0000000013460000, 0x0000000014460000)

Polling page: 0x0000000000630000

CodeCache: size=245760Kb used=4304Kb max_used=4314Kb free=241455Kb
 bounds [0x0000000002930000, 0x0000000002d70000, 0x0000000011930000]
 total_blobs=1341 nmethods=1079 adapters=174
 compilation: enabled

Compilation events (10 events):
Event: 2.824 Thread 0x000000001500b800 1075       3       com.android.dx.ssa.ConstCollector$2::<init> (20 bytes)
Event: 2.824 Thread 0x000000001500b800 nmethod 1075 0x0000000002d66ad0 code [0x0000000002d66c40, 0x0000000002d66e90]
Event: 2.825 Thread 0x000000001500b800 1076       3       com.android.dx.rop.code.SourcePosition::equals (46 bytes)
Event: 2.826 Thread 0x000000001500b800 nmethod 1076 0x0000000002d66310 code [0x0000000002d664a0, 0x0000000002d669c8]
Event: 2.826 Thread 0x000000001500b800 1078       3       com.android.dx.dex.code.BlockAddresses::getStart (7 bytes)
Event: 2.826 Thread 0x000000001500b800 nmethod 1078 0x0000000002d65f50 code [0x0000000002d660a0, 0x0000000002d66210]
Event: 2.834 Thread 0x0000000014ffa800 nmethod 1064 0x0000000002d6a490 code [0x0000000002d6a660, 0x0000000002d6aea0]
Event: 2.834 Thread 0x0000000014ffa800 1077       4       com.android.dx.util.Bits::set (19 bytes)
Event: 2.835 Thread 0x0000000014ffa800 nmethod 1077 0x0000000002d39710 code [0x0000000002d39840, 0x0000000002d398d8]
Event: 2.835 Thread 0x0000000014ffa800 1079       4       com.android.dx.rop.code.Rop::isCommutative (60 bytes)

GC Heap History (0 events):
No events

Deoptimization events (9 events):
Event: 1.881 Thread 0x0000000016b04000 Uncommon trap: reason=unstable_if action=reinterpret pc=0x0000000002b2df78 method=java.util.HashMap.getNode(ILjava/lang/Object;)Ljava/util/HashMap$Node; @ 62
Event: 1.948 Thread 0x0000000016b04000 Uncommon trap: reason=class_check action=maybe_recompile pc=0x0000000002b93774 method=com.android.dx.rop.cst.CstMemberRef.compareTo0(Lcom/android/dx/rop/cst/Constant;)I @ 1
Event: 1.948 Thread 0x0000000016b04000 Uncommon trap: reason=class_check action=maybe_recompile pc=0x0000000002b93774 method=com.android.dx.rop.cst.CstMemberRef.compareTo0(Lcom/android/dx/rop/cst/Constant;)I @ 1
Event: 1.948 Thread 0x0000000016b04000 Uncommon trap: reason=class_check action=maybe_recompile pc=0x0000000002b93774 method=com.android.dx.rop.cst.CstMemberRef.compareTo0(Lcom/android/dx/rop/cst/Constant;)I @ 1
Event: 1.948 Thread 0x0000000016b04000 Uncommon trap: reason=class_check action=maybe_recompile pc=0x0000000002b93774 method=com.android.dx.rop.cst.CstMemberRef.compareTo0(Lcom/android/dx/rop/cst/Constant;)I @ 1
Event: 2.800 Thread 0x0000000016c0e800 Uncommon trap: reason=unstable_if action=reinterpret pc=0x0000000002c34b38 method=java.util.HashMap.getNode(ILjava/lang/Object;)Ljava/util/HashMap$Node; @ 129
Event: 2.800 Thread 0x0000000016c0e800 Uncommon trap: reason=unstable_if action=reinterpret pc=0x0000000002b85030 method=java.util.HashMap.getNode(ILjava/lang/Object;)Ljava/util/HashMap$Node; @ 129
Event: 2.803 Thread 0x0000000016c0e800 Uncommon trap: reason=unstable_if action=reinterpret pc=0x0000000002b977ec method=java.util.HashMap.getNode(ILjava/lang/Object;)Ljava/util/HashMap$Node; @ 129
Event: 2.812 Thread 0x0000000016c0e800 Uncommon trap: reason=unstable_if action=reinterpret pc=0x0000000002d2047c method=com.android.dx.rop.code.RegisterSpec.withReg(I)Lcom/android/dx/rop/code/RegisterSpec; @ 5

Internal exceptions (2 events):
Event: 0.171 Thread 0x0000000002830800 Exception <a 'java/lang/NoSuchMethodError': Method sun.misc.Unsafe.defineClass(Ljava/lang/String;[BII)Ljava/lang/Class; name or signature does not match> (0x00000000eab0d4f8) thrown at [D:\re\puppet\workspace\8-2-build-windows-amd64-cygwin\jdk8u73\6086\hot+¦™Ç+ÖÇ?
Event: 0.186 Thread 0x0000000002830800 Exception <a 'java/lang/NoSuchMethodError': Method sun.misc.Unsafe.prefetchRead(Ljava/lang/Object;J)V name or signature does not match> (0x00000000eab0d7e0) thrown at [D:\re\puppet\workspace\8-2-build-windows-amd64-cygwin\jdk8u73\6086\hotspot\src\share\vm\

Events (10 events):
Event: 2.800 Thread 0x0000000016c0e800 DEOPT UNPACKING pc=0x000000000297582a sp=0x000000001733e550 mode 2
Event: 2.800 Thread 0x0000000016c0e800 Uncommon trap: trap_request=0xffffff65 fr.pc=0x0000000002b85030
Event: 2.800 Thread 0x0000000016c0e800 DEOPT PACKING pc=0x0000000002b85030 sp=0x000000001733e590
Event: 2.800 Thread 0x0000000016c0e800 DEOPT UNPACKING pc=0x000000000297582a sp=0x000000001733e4c0 mode 2
Event: 2.803 Thread 0x0000000016c0e800 Uncommon trap: trap_request=0xffffff65 fr.pc=0x0000000002b977ec
Event: 2.803 Thread 0x0000000016c0e800 DEOPT PACKING pc=0x0000000002b977ec sp=0x000000001733e5e0
Event: 2.803 Thread 0x0000000016c0e800 DEOPT UNPACKING pc=0x000000000297582a sp=0x000000001733e568 mode 2
Event: 2.812 Thread 0x0000000016c0e800 Uncommon trap: trap_request=0xffffff65 fr.pc=0x0000000002d2047c
Event: 2.812 Thread 0x0000000016c0e800 DEOPT PACKING pc=0x0000000002d2047c sp=0x000000001733e870
Event: 2.812 Thread 0x0000000016c0e800 DEOPT UNPACKING pc=0x000000000297582a sp=0x000000001733e7a0 mode 2


Dynamic libraries:
0x00007ff76ba80000 - 0x00007ff76bab7000 	C:\Program Files\Java\jdk1.8.0_73\bin\java.exe
0x00007ffe70490000 - 0x00007ffe70652000 	C:\Windows\SYSTEM32\ntdll.dll
0x00007ffe70100000 - 0x00007ffe701ad000 	C:\Windows\system32\KERNEL32.DLL
0x00007ffe6d700000 - 0x00007ffe6d8dd000 	C:\Windows\system32\KERNELBASE.dll
0x0000000074930000 - 0x00000000749e1000 	C:\Program Files\Bitdefender\Bitdefender 2016\Active Virus Control\Avc3_00363_002\avcuf64.dll
0x00007ffe6fdd0000 - 0x00007ffe6fe76000 	C:\Windows\system32\ADVAPI32.dll
0x00007ffe6fc40000 - 0x00007ffe6fcdd000 	C:\Windows\system32\msvcrt.dll
0x00007ffe6db60000 - 0x00007ffe6dbbb000 	C:\Windows\system32\sechost.dll
0x00007ffe702b0000 - 0x00007ffe703d6000 	C:\Windows\system32\RPCRT4.dll
0x00007ffe6dd80000 - 0x00007ffe6dece000 	C:\Windows\system32\USER32.dll
0x00007ffe6e120000 - 0x00007ffe6e2a5000 	C:\Windows\system32\GDI32.dll
0x00007ffe5bc10000 - 0x00007ffe5be84000 	C:\Windows\WinSxS\amd64_microsoft.windows.common-controls_6595b64144ccf1df_6.0.10240.16384_none_f41f7b285750ef43\COMCTL32.dll
0x00007ffe70270000 - 0x00007ffe702a6000 	C:\Windows\system32\IMM32.DLL
0x00007ffe6dbc0000 - 0x00007ffe6dd1c000 	C:\Windows\system32\MSCTF.dll
0x0000000074b70000 - 0x0000000074c42000 	C:\Program Files\Java\jdk1.8.0_73\jre\bin\msvcr100.dll
0x0000000001fa0000 - 0x0000000002830000 	C:\Program Files\Java\jdk1.8.0_73\jre\bin\server\jvm.dll
0x00007ffe6e020000 - 0x00007ffe6e028000 	C:\Windows\system32\PSAPI.DLL
0x00007ffe61450000 - 0x00007ffe61459000 	C:\Windows\SYSTEM32\WSOCK32.dll
0x00007ffe6e2b0000 - 0x00007ffe6e319000 	C:\Windows\system32\WS2_32.dll
0x00007ffe6fa00000 - 0x00007ffe6fa08000 	C:\Windows\system32\NSI.dll
0x00007ffe6a840000 - 0x00007ffe6a863000 	C:\Windows\SYSTEM32\WINMM.dll
0x00007ffe6afd0000 - 0x00007ffe6afda000 	C:\Windows\SYSTEM32\VERSION.dll
0x00007ffe6a810000 - 0x00007ffe6a83c000 	C:\Windows\SYSTEM32\WINMMBASE.dll
0x00007ffe6db10000 - 0x00007ffe6db54000 	C:\Windows\system32\cfgmgr32.dll
0x00007ffe6b790000 - 0x00007ffe6b7b7000 	C:\Windows\SYSTEM32\DEVOBJ.dll
0x0000000075980000 - 0x000000007598f000 	C:\Program Files\Java\jdk1.8.0_73\jre\bin\verify.dll
0x0000000075950000 - 0x0000000075979000 	C:\Program Files\Java\jdk1.8.0_73\jre\bin\java.dll
0x0000000075930000 - 0x0000000075946000 	C:\Program Files\Java\jdk1.8.0_73\jre\bin\zip.dll
0x00007ffe6e4d0000 - 0x00007ffe6f9f5000 	C:\Windows\system32\SHELL32.dll
0x00007ffe6d0d0000 - 0x00007ffe6d6f8000 	C:\Windows\system32\windows.storage.dll
0x00007ffe6fe80000 - 0x00007ffe700fc000 	C:\Windows\system32\combase.dll
0x00007ffe6fa10000 - 0x00007ffe6fa61000 	C:\Windows\system32\shlwapi.dll
0x00007ffe6cf00000 - 0x00007ffe6cf0f000 	C:\Windows\system32\kernel.appcore.dll
0x00007ffe6d010000 - 0x00007ffe6d0c3000 	C:\Windows\system32\shcore.dll
0x00007ffe6cf10000 - 0x00007ffe6cf5a000 	C:\Windows\system32\powrprof.dll
0x00007ffe6cee0000 - 0x00007ffe6cef3000 	C:\Windows\system32\profapi.dll

VM Arguments:
jvm_args: -Djava.awt.headless=true -Xmx1024M -Dfile.encoding=windows-1252 -Duser.country=US -Duser.language=en -Duser.variant 
java_command: com.android.dx.command.Main --dex --force-jumbo --num-threads=4 --multi-dex --output C:\Users\user\AndroidStudioProjects\ExpenseManager\app\build\intermediates\transforms\dex\debug\folders\1000\5\slice_0 C:\Users\user\AndroidStudioProjects\ExpenseManager\app\build\intermediates\transforms\instantRunSlicer\debug\folders\1\5\slice_0
java_class_path (initial): C:\Users\user\AppData\Local\Android\sdk\build-tools\23.0.3\lib\dx.jar
Launcher Type: SUN_STANDARD

Environment Variables:
PATH=C:\ProgramData\Oracle\Java\javapath;D:\DevSuiteHome_1\jdk\jre\bin\classic;D:\DevSuiteHome_1\jdk\jre\bin;D:\DevSuiteHome_1\jdk\jre\bin\client;D:\DevSuiteHome_1\jlib;D:\DevSuiteHome_1\bin;D:\DevSuiteHome_1\jre\1.4.2\bin\client;D:\DevSuiteHome_1\jre\1.4.2\bin;C:\Windows\system32;C:\Windows;C:\Windows\System32\Wbem;C:\Windows\System32\WindowsPowerShell\v1.0\;C:\Program Files (x86)\Skype\Phone\;C:\Program Files (x86)\CrSSL\bin;C:\Program Files\CrSSL\bin;C:\Program Files (x86)\CrSSL\bin
USERNAME=user
OS=Windows_NT
PROCESSOR_IDENTIFIER=Intel64 Family 6 Model 69 Stepping 1, GenuineIntel



---------------  S Y S T E M  ---------------

OS: Windows 10.0 , 64 bit Build 10240 (10.0.10240.16384)

CPU:total 4 (2 cores per cpu, 2 threads per core) family 6 model 69 stepping 1, cmov, cx8, fxsr, mmx, sse, sse2, sse3, ssse3, sse4.1, sse4.2, popcnt, avx, avx2, aes, clmul, erms, lzcnt, ht, tsc, tscinvbit, bmi1, bmi2

Memory: 4k page, physical 6214896k(282808k free), swap 7918832k(5144k free)

vm_info: Java HotSpot(TM) 64-Bit Server VM (25.73-b02) for windows-amd64 JRE (1.8.0_73-b02), built on Jan 29 2016 17:38:49 by "java_re" with MS VC++ 10.0 (VS2010)

time: Fri Jun 24 19:52:26 2016
elapsed time: 2 seconds (0d 0h 0m 2s)

