#
# There is insufficient memory for the Java Runtime Environment to continue.
# Native memory allocation (malloc) failed to allocate 32744 bytes for ChunkPool::allocate
# Possible reasons:
#   The system is out of physical RAM or swap space
#   In 32 bit mode, the process size limit was hit
# Possible solutions:
#   Reduce memory load on the system
#   Increase physical memory or swap space
#   Check if swap backing store is full
#   Use 64 bit Java on a 64 bit OS
#   Decrease Java heap size (-Xmx/-Xms)
#   Decrease number of Java threads
#   Decrease Java thread stack sizes (-Xss)
#   Set larger code cache with -XX:ReservedCodeCacheSize=
# This output file may be truncated or incomplete.
#
#  Out of Memory Error (allocation.cpp:273), pid=6188, tid=1980
#
# JRE version: Java(TM) SE Runtime Environment (8.0_73-b02) (build 1.8.0_73-b02)
# Java VM: Java HotSpot(TM) 64-Bit Server VM (25.73-b02 mixed mode windows-amd64 compressed oops)
# Failed to write core dump. Minidumps are not enabled by default on client versions of Windows
#

---------------  T H R E A D  ---------------

Current thread (0x0000000014e32000):  JavaThread "C2 CompilerThread1" daemon [_thread_in_native, id=1980, stack(0x0000000016560000,0x0000000016660000)]

Stack: [0x0000000016560000,0x0000000016660000]
[error occurred during error reporting (printing stack bounds), id 0xc0000005]

Native frames: (J=compiled Java code, j=interpreted, Vv=VM code, C=native code)


Current CompileTask:
C2:    824  415       4       java.util.ArrayList$Itr::next (66 bytes)


---------------  P R O C E S S  ---------------

Java Threads: ( => current thread )
  0x00000000168b3800 JavaThread "pool-2-thread-4" [_thread_blocked, id=9172, stack(0x0000000017160000,0x0000000017260000)]
  0x00000000168b2800 JavaThread "pool-2-thread-3" [_thread_in_vm, id=7452, stack(0x0000000017060000,0x0000000017160000)]
  0x00000000168a7000 JavaThread "pool-2-thread-2" [_thread_in_Java, id=7488, stack(0x0000000016f60000,0x0000000017060000)]
  0x0000000016893000 JavaThread "pool-3-thread-1" [_thread_blocked, id=11124, stack(0x0000000016e60000,0x0000000016f60000)]
  0x000000001677e800 JavaThread "Service Thread" daemon [_thread_blocked, id=6068, stack(0x0000000016b60000,0x0000000016c60000)]
  0x0000000014e8d000 JavaThread "C1 CompilerThread2" daemon [_thread_in_native, id=8904, stack(0x0000000016660000,0x0000000016760000)]
=>0x0000000014e32000 JavaThread "C2 CompilerThread1" daemon [_thread_in_native, id=1980, stack(0x0000000016560000,0x0000000016660000)]
  0x0000000014e2d000 JavaThread "C2 CompilerThread0" daemon [_thread_in_vm, id=9524, stack(0x0000000016460000,0x0000000016560000)]
  0x0000000014e2b800 JavaThread "Attach Listener" daemon [_thread_blocked, id=960, stack(0x0000000016360000,0x0000000016460000)]
  0x0000000014e2a800 JavaThread "Signal Dispatcher" daemon [_thread_blocked, id=2540, stack(0x0000000016260000,0x0000000016360000)]
  0x0000000002752000 JavaThread "Finalizer" daemon [_thread_blocked, id=5316, stack(0x0000000016080000,0x0000000016180000)]
  0x000000000274f000 JavaThread "Reference Handler" daemon [_thread_blocked, id=9960, stack(0x0000000015f80000,0x0000000016080000)]
  0x0000000002660800 JavaThread "main" [_thread_blocked, id=8960, stack(0x0000000002560000,0x0000000002660000)]

Other Threads:
  0x0000000014df8000 VMThread [stack: 0x0000000015e80000,0x0000000015f80000] [id=8988]
  0x0000000016787800 WatcherThread [stack: 0x0000000016c60000,0x0000000016d60000] [id=5012]

VM state:not at safepoint (normal execution)

VM Mutex/Monitor currently owned by a thread: None

Heap:
 PSYoungGen      total 28672K, used 9616K [0x00000000eab00000, 0x00000000ecb00000, 0x0000000100000000)
  eden space 24576K, 39% used [0x00000000eab00000,0x00000000eb464250,0x00000000ec300000)
  from space 4096K, 0% used [0x00000000ec700000,0x00000000ec700000,0x00000000ecb00000)
  to   space 4096K, 0% used [0x00000000ec300000,0x00000000ec300000,0x00000000ec700000)
 ParOldGen       total 65536K, used 0K [0x00000000c0000000, 0x00000000c4000000, 0x00000000eab00000)
  object space 65536K, 0% used [0x00000000c0000000,0x00000000c0000000,0x00000000c4000000)
 Metaspace       used 5143K, capacity 6288K, committed 6528K, reserved 1058816K
  class space    used 563K, capacity 584K, committed 640K, reserved 1048576K

Card table byte_map: [0x0000000011b20000,0x0000000011d30000] byte_map_base: 0x0000000011520000

Marking Bits: (ParMarkBitMap*) 0x00000000024e0600
 Begin Bits: [0x0000000012290000, 0x0000000013290000)
 End Bits:   [0x0000000013290000, 0x0000000014290000)

Polling page: 0x00000000004e0000

CodeCache: size=245760Kb used=1805Kb max_used=1816Kb free=243954Kb
 bounds [0x0000000002760000, 0x00000000029d0000, 0x0000000011760000]
 total_blobs=660 nmethods=400 adapters=173
 compilation: enabled

Compilation events (10 events):
Event: 0.812 Thread 0x0000000014e8d000  397       3       com.android.dx.dex.code.ZeroSizeInsn::<init> (12 bytes)
Event: 0.812 Thread 0x0000000014e8d000 nmethod 397 0x0000000002921e50 code [0x0000000002921fc0, 0x0000000002922168]
Event: 0.816 Thread 0x0000000014e8d000  398       3       com.android.dx.cf.code.ByteOps::opInfo (6 bytes)
Event: 0.816 Thread 0x0000000014e8d000 nmethod 398 0x0000000002921ad0 code [0x0000000002921c20, 0x0000000002921d70]
Event: 0.817 Thread 0x0000000014e8d000  399   !   3       com.android.dx.cf.code.BytecodeArray::parseInstruction (2764 bytes)
Event: 0.817 Thread 0x0000000014e32000  402       4       com.android.dx.util.MutabilityControl::throwIfImmutable (18 bytes)
Event: 0.817 Thread 0x0000000014e32000 nmethod 402 0x0000000002921890 code [0x00000000029219c0, 0x0000000002921a38]
Event: 0.819 Thread 0x0000000014e2d000  413       4       com.android.dx.rop.type.Type::getCategory (36 bytes)
Event: 0.820 Thread 0x0000000014e2d000 nmethod 413 0x0000000002921690 code [0x00000000029217c0, 0x0000000002921838]
Event: 0.821 Thread 0x0000000014e32000  415       4       java.util.ArrayList$Itr::next (66 bytes)

GC Heap History (0 events):
No events

Deoptimization events (0 events):
No events

Internal exceptions (2 events):
Event: 0.091 Thread 0x0000000002660800 Exception <a 'java/lang/NoSuchMethodError': Method sun.misc.Unsafe.defineClass(Ljava/lang/String;[BII)Ljava/lang/Class; name or signature does not match> (0x00000000eab0d4f8) thrown at [D:\re\puppet\workspace\8-2-build-windows-amd64-cygwin\jdk8u73\6086\hot*C-»ÌT·?
Event: 0.091 Thread 0x0000000002660800 Exception <a 'java/lang/NoSuchMethodError': Method sun.misc.Unsafe.prefetchRead(Ljava/lang/Object;J)V name or signature does not match> (0x00000000eab0d7e0) thrown at [D:\re\puppet\workspace\8-2-build-windows-amd64-cygwin\jdk8u73\6086\hotspot\src\share\vm\

Events (10 events):
Event: 0.814 loading class java/io/PrintWriter
Event: 0.814 loading class java/io/PrintWriter done
Event: 0.814 loading class com/android/dx/dex/file/DebugInfoItem
Event: 0.814 loading class com/android/dx/dex/file/DebugInfoItem done
Event: 0.815 loading class com/android/dx/rop/annotation/AnnotationsList
Event: 0.815 loading class com/android/dx/rop/annotation/AnnotationsList done
Event: 0.815 loading class com/android/dx/dex/file/MethodIdItem
Event: 0.815 loading class com/android/dx/dex/file/MethodIdItem done
Event: 0.816 loading class com/android/dx/cf/code/SwitchList
Event: 0.816 loading class com/android/dx/cf/code/SwitchList done


Dynamic libraries:
0x00007ff76ba80000 - 0x00007ff76bab7000 	C:\Program Files\Java\jdk1.8.0_73\bin\java.exe
0x00007ffe70490000 - 0x00007ffe70652000 	C:\Windows\SYSTEM32\ntdll.dll
0x00007ffe70100000 - 0x00007ffe701ad000 	C:\Windows\system32\KERNEL32.DLL
0x00007ffe6d700000 - 0x00007ffe6d8dd000 	C:\Windows\system32\KERNELBASE.dll
0x0000000074930000 - 0x00000000749e1000 	C:\Program Files\Bitdefender\Bitdefender 2016\Active Virus Control\Avc3_00363_002\avcuf64.dll
0x00007ffe6fdd0000 - 0x00007ffe6fe76000 	C:\Windows\system32\ADVAPI32.dll
0x00007ffe6fc40000 - 0x00007ffe6fcdd000 	C:\Windows\system32\msvcrt.dll
0x00007ffe6db60000 - 0x00007ffe6dbbb000 	C:\Windows\system32\sechost.dll
0x00007ffe702b0000 - 0x00007ffe703d6000 	C:\Windows\system32\RPCRT4.dll
0x00007ffe6dd80000 - 0x00007ffe6dece000 	C:\Windows\system32\USER32.dll
0x00007ffe6e120000 - 0x00007ffe6e2a5000 	C:\Windows\system32\GDI32.dll
0x00007ffe5bc10000 - 0x00007ffe5be84000 	C:\Windows\WinSxS\amd64_microsoft.windows.common-controls_6595b64144ccf1df_6.0.10240.16384_none_f41f7b285750ef43\COMCTL32.dll
0x00007ffe70270000 - 0x00007ffe702a6000 	C:\Windows\system32\IMM32.DLL
0x00007ffe6dbc0000 - 0x00007ffe6dd1c000 	C:\Windows\system32\MSCTF.dll
0x0000000074b70000 - 0x0000000074c42000 	C:\Program Files\Java\jdk1.8.0_73\jre\bin\msvcr100.dll
0x0000000001cd0000 - 0x0000000002560000 	C:\Program Files\Java\jdk1.8.0_73\jre\bin\server\jvm.dll
0x00007ffe6e020000 - 0x00007ffe6e028000 	C:\Windows\system32\PSAPI.DLL
0x00007ffe61450000 - 0x00007ffe61459000 	C:\Windows\SYSTEM32\WSOCK32.dll
0x00007ffe6e2b0000 - 0x00007ffe6e319000 	C:\Windows\system32\WS2_32.dll
0x00007ffe6fa00000 - 0x00007ffe6fa08000 	C:\Windows\system32\NSI.dll
0x00007ffe6a840000 - 0x00007ffe6a863000 	C:\Windows\SYSTEM32\WINMM.dll
0x00007ffe6afd0000 - 0x00007ffe6afda000 	C:\Windows\SYSTEM32\VERSION.dll
0x00007ffe6a810000 - 0x00007ffe6a83c000 	C:\Windows\SYSTEM32\WINMMBASE.dll
0x00007ffe6db10000 - 0x00007ffe6db54000 	C:\Windows\system32\cfgmgr32.dll
0x00007ffe6b790000 - 0x00007ffe6b7b7000 	C:\Windows\SYSTEM32\DEVOBJ.dll
0x0000000075980000 - 0x000000007598f000 	C:\Program Files\Java\jdk1.8.0_73\jre\bin\verify.dll
0x0000000075950000 - 0x0000000075979000 	C:\Program Files\Java\jdk1.8.0_73\jre\bin\java.dll
0x0000000075930000 - 0x0000000075946000 	C:\Program Files\Java\jdk1.8.0_73\jre\bin\zip.dll
0x00007ffe6e4d0000 - 0x00007ffe6f9f5000 	C:\Windows\system32\SHELL32.dll
0x00007ffe6d0d0000 - 0x00007ffe6d6f8000 	C:\Windows\system32\windows.storage.dll
0x00007ffe6fe80000 - 0x00007ffe700fc000 	C:\Windows\system32\combase.dll
0x00007ffe6fa10000 - 0x00007ffe6fa61000 	C:\Windows\system32\shlwapi.dll
0x00007ffe6cf00000 - 0x00007ffe6cf0f000 	C:\Windows\system32\kernel.appcore.dll
0x00007ffe6d010000 - 0x00007ffe6d0c3000 	C:\Windows\system32\shcore.dll
0x00007ffe6cf10000 - 0x00007ffe6cf5a000 	C:\Windows\system32\powrprof.dll
0x00007ffe6cee0000 - 0x00007ffe6cef3000 	C:\Windows\system32\profapi.dll

VM Arguments:
jvm_args: -Djava.awt.headless=true -Xmx1024M -Dfile.encoding=windows-1252 -Duser.country=US -Duser.language=en -Duser.variant 
java_command: com.android.dx.command.Main --dex --force-jumbo --num-threads=4 --multi-dex --output C:\Users\user\AndroidStudioProjects\ExpenseManager\app\build\intermediates\transforms\dex\debug\folders\1000\5\slice_9 C:\Users\user\AndroidStudioProjects\ExpenseManager\app\build\intermediates\transforms\instantRunSlicer\debug\folders\1\5\slice_9
java_class_path (initial): C:\Users\user\AppData\Local\Android\sdk\build-tools\23.0.3\lib\dx.jar
Launcher Type: SUN_STANDARD

Environment Variables:
PATH=C:\ProgramData\Oracle\Java\javapath;D:\DevSuiteHome_1\jdk\jre\bin\classic;D:\DevSuiteHome_1\jdk\jre\bin;D:\DevSuiteHome_1\jdk\jre\bin\client;D:\DevSuiteHome_1\jlib;D:\DevSuiteHome_1\bin;D:\DevSuiteHome_1\jre\1.4.2\bin\client;D:\DevSuiteHome_1\jre\1.4.2\bin;C:\Windows\system32;C:\Windows;C:\Windows\System32\Wbem;C:\Windows\System32\WindowsPowerShell\v1.0\;C:\Program Files (x86)\Skype\Phone\;C:\Program Files (x86)\CrSSL\bin;C:\Program Files\CrSSL\bin;C:\Program Files (x86)\CrSSL\bin
USERNAME=user
OS=Windows_NT
PROCESSOR_IDENTIFIER=Intel64 Family 6 Model 69 Stepping 1, GenuineIntel



---------------  S Y S T E M  ---------------

OS: Windows 10.0 , 64 bit Build 10240 (10.0.10240.16384)

CPU:total 4 (2 cores per cpu, 2 threads per core) family 6 model 69 stepping 1, cmov, cx8, fxsr, mmx, sse, sse2, sse3, ssse3, sse4.1, sse4.2, popcnt, avx, avx2, aes, clmul, erms, lzcnt, ht, tsc, tscinvbit, bmi1, bmi2

Memory: 4k page, physical 6214896k(708708k free), swap 7918832k(3076k free)

vm_info: Java HotSpot(TM) 64-Bit Server VM (25.73-b02) for windows-amd64 JRE (1.8.0_73-b02), built on Jan 29 2016 17:38:49 by "java_re" with MS VC++ 10.0 (VS2010)

time: Fri Jun 24 20:01:31 2016
elapsed time: 0 seconds (0d 0h 0m 0s)

