#
# There is insufficient memory for the Java Runtime Environment to continue.
# Native memory allocation (malloc) failed to allocate 1163776 bytes for Chunk::new
# Possible reasons:
#   The system is out of physical RAM or swap space
#   In 32 bit mode, the process size limit was hit
# Possible solutions:
#   Reduce memory load on the system
#   Increase physical memory or swap space
#   Check if swap backing store is full
#   Use 64 bit Java on a 64 bit OS
#   Decrease Java heap size (-Xmx/-Xms)
#   Decrease number of Java threads
#   Decrease Java thread stack sizes (-Xss)
#   Set larger code cache with -XX:ReservedCodeCacheSize=
# This output file may be truncated or incomplete.
#
#  Out of Memory Error (allocation.cpp:390), pid=6088, tid=5208
#
# JRE version: Java(TM) SE Runtime Environment (8.0_73-b02) (build 1.8.0_73-b02)
# Java VM: Java HotSpot(TM) 64-Bit Server VM (25.73-b02 mixed mode windows-amd64 compressed oops)
# Failed to write core dump. Minidumps are not enabled by default on client versions of Windows
#

---------------  T H R E A D  ---------------

Current thread (0x0000000015271000):  JavaThread "C2 CompilerThread1" daemon [_thread_in_native, id=5208, stack(0x00000000169b0000,0x0000000016ab0000)]

Stack: [0x00000000169b0000,0x0000000016ab0000]
[error occurred during error reporting (printing stack bounds), id 0xc0000005]

Native frames: (J=compiled Java code, j=interpreted, Vv=VM code, C=native code)


Current CompileTask:
C2:   3015  966   !   4       com.android.dx.cf.code.Ropper::processBlock (1101 bytes)


---------------  P R O C E S S  ---------------

Java Threads: ( => current thread )
  0x0000000016d1e000 JavaThread "pool-2-thread-4" [_thread_blocked, id=5580, stack(0x00000000175b0000,0x00000000176b0000)]
  0x0000000016d1a800 JavaThread "pool-2-thread-3" [_thread_in_Java, id=4056, stack(0x00000000174b0000,0x00000000175b0000)]
  0x0000000016c3b800 JavaThread "pool-2-thread-2" [_thread_blocked, id=1388, stack(0x00000000173b0000,0x00000000174b0000)]
  0x0000000016bef000 JavaThread "pool-3-thread-1" [_thread_blocked, id=1096, stack(0x00000000172b0000,0x00000000173b0000)]
  0x0000000016bee800 JavaThread "pool-2-thread-1" [_thread_in_vm, id=3796, stack(0x00000000171b0000,0x00000000172b0000)]
  0x0000000016abe000 JavaThread "Service Thread" daemon [_thread_blocked, id=4468, stack(0x0000000016fb0000,0x00000000170b0000)]
  0x0000000016ab8800 JavaThread "C1 CompilerThread2" daemon [_thread_blocked, id=1932, stack(0x0000000016eb0000,0x0000000016fb0000)]
=>0x0000000015271000 JavaThread "C2 CompilerThread1" daemon [_thread_in_native, id=5208, stack(0x00000000169b0000,0x0000000016ab0000)]
  0x000000001526c800 JavaThread "C2 CompilerThread0" daemon [_thread_in_native, id=4836, stack(0x00000000168b0000,0x00000000169b0000)]
  0x000000001526a800 JavaThread "Attach Listener" daemon [_thread_blocked, id=5528, stack(0x00000000167b0000,0x00000000168b0000)]
  0x0000000015269800 JavaThread "Signal Dispatcher" daemon [_thread_blocked, id=4748, stack(0x00000000166b0000,0x00000000167b0000)]
  0x0000000002b90800 JavaThread "Finalizer" daemon [_thread_blocked, id=5604, stack(0x00000000164d0000,0x00000000165d0000)]
  0x0000000002b8d000 JavaThread "Reference Handler" daemon [_thread_blocked, id=6132, stack(0x00000000163d0000,0x00000000164d0000)]
  0x0000000002aa0800 JavaThread "main" [_thread_in_native, id=6080, stack(0x0000000002900000,0x0000000002a00000)]

Other Threads:
  0x0000000015238000 VMThread [stack: 0x00000000162d0000,0x00000000163d0000] [id=4824]
  0x0000000016ac3800 WatcherThread [stack: 0x00000000170b0000,0x00000000171b0000] [id=4512]

VM state:not at safepoint (normal execution)

VM Mutex/Monitor currently owned by a thread: None

Heap:
 PSYoungGen      total 28672K, used 20137K [0x00000000eab00000, 0x00000000ecb00000, 0x0000000100000000)
  eden space 24576K, 65% used [0x00000000eab00000,0x00000000ebaaac68,0x00000000ec300000)
  from space 4096K, 99% used [0x00000000ec300000,0x00000000ec6ff808,0x00000000ec700000)
  to   space 4096K, 0% used [0x00000000ec700000,0x00000000ec700000,0x00000000ecb00000)
 ParOldGen       total 65536K, used 5289K [0x00000000c0000000, 0x00000000c4000000, 0x00000000eab00000)
  object space 65536K, 8% used [0x00000000c0000000,0x00000000c052a420,0x00000000c4000000)
 Metaspace       used 5652K, capacity 6768K, committed 7040K, reserved 1056768K
  class space    used 576K, capacity 616K, committed 640K, reserved 1048576K

Card table byte_map: [0x0000000011f60000,0x0000000012170000] byte_map_base: 0x0000000011960000

Marking Bits: (ParMarkBitMap*) 0x0000000057eb0600
 Begin Bits: [0x00000000126d0000, 0x00000000136d0000)
 End Bits:   [0x00000000136d0000, 0x00000000146d0000)

Polling page: 0x0000000002a00000

CodeCache: size=245760Kb used=4337Kb max_used=4337Kb free=241422Kb
 bounds [0x0000000002ba0000, 0x0000000002ff0000, 0x0000000011ba0000]
 total_blobs=1298 nmethods=1036 adapters=175
 compilation: enabled

Compilation events (10 events):
Event: 2.986 Thread 0x0000000016ab8800 1041       3       com.android.dx.rop.code.PlainCstInsn::<init> (30 bytes)
Event: 2.987 Thread 0x0000000016ab8800 nmethod 1041 0x0000000002fde910 code [0x0000000002fdeac0, 0x0000000002fdef88]
Event: 2.990 Thread 0x0000000016ab8800 1043       3       com.android.dx.rop.cst.TypedConstant::getBasicType (8 bytes)
Event: 2.990 Thread 0x0000000016ab8800 nmethod 1043 0x0000000002fdf1d0 code [0x0000000002fdf340, 0x0000000002fdf5e8]
Event: 2.992 Thread 0x0000000016ab8800 1044       1       com.android.dx.cf.attrib.AttCode::getCode (5 bytes)
Event: 2.992 Thread 0x0000000016ab8800 nmethod 1044 0x0000000002fdf690 code [0x0000000002fdf7e0, 0x0000000002fdf8f0]
Event: 2.993 Thread 0x0000000016ab8800 1045       3       com.android.dx.ssa.SsaMethod::getUseListCopy (56 bytes)
Event: 2.994 Thread 0x0000000016ab8800 nmethod 1045 0x0000000002fdf950 code [0x0000000002fdfae0, 0x0000000002fdfff8]
Event: 2.995 Thread 0x0000000016ab8800 1046       3       java.util.TreeMap::rotateLeft (96 bytes)
Event: 2.995 Thread 0x0000000016ab8800 nmethod 1046 0x0000000002fe0210 code [0x0000000002fe0380, 0x0000000002fe06d0]

GC Heap History (2 events):
Event: 2.809 GC heap before
{Heap before GC invocations=1 (full 0):
 PSYoungGen      total 28672K, used 24576K [0x00000000eab00000, 0x00000000ecb00000, 0x0000000100000000)
  eden space 24576K, 100% used [0x00000000eab00000,0x00000000ec300000,0x00000000ec300000)
  from space 4096K, 0% used [0x00000000ec700000,0x00000000ec700000,0x00000000ecb00000)
  to   space 4096K, 0% used [0x00000000ec300000,0x00000000ec300000,0x00000000ec700000)
 ParOldGen       total 65536K, used 0K [0x00000000c0000000, 0x00000000c4000000, 0x00000000eab00000)
  object space 65536K, 0% used [0x00000000c0000000,0x00000000c0000000,0x00000000c4000000)
 Metaspace       used 5617K, capacity 6768K, committed 7040K, reserved 1056768K
  class space    used 576K, capacity 616K, committed 640K, reserved 1048576K
Event: 2.851 GC heap after
Heap after GC invocations=1 (full 0):
 PSYoungGen      total 28672K, used 4094K [0x00000000eab00000, 0x00000000ecb00000, 0x0000000100000000)
  eden space 24576K, 0% used [0x00000000eab00000,0x00000000eab00000,0x00000000ec300000)
  from space 4096K, 99% used [0x00000000ec300000,0x00000000ec6ff808,0x00000000ec700000)
  to   space 4096K, 0% used [0x00000000ec700000,0x00000000ec700000,0x00000000ecb00000)
 ParOldGen       total 65536K, used 5289K [0x00000000c0000000, 0x00000000c4000000, 0x00000000eab00000)
  object space 65536K, 8% used [0x00000000c0000000,0x00000000c052a420,0x00000000c4000000)
 Metaspace       used 5617K, capacity 6768K, committed 7040K, reserved 1056768K
  class space    used 576K, capacity 616K, committed 640K, reserved 1048576K
}

Deoptimization events (9 events):
Event: 1.626 Thread 0x0000000016d1e000 Uncommon trap: reason=unstable_if action=reinterpret pc=0x0000000002d73064 method=java.util.HashMap.getNode(ILjava/lang/Object;)Ljava/util/HashMap$Node; @ 129
Event: 1.996 Thread 0x0000000016bee800 Uncommon trap: reason=unstable_if action=reinterpret pc=0x0000000002e83da4 method=com.android.dx.rop.code.RegisterSpec.equals(ILcom/android/dx/rop/type/TypeBearer;Lcom/android/dx/rop/code/LocalItem;)Z @ 16
Event: 1.997 Thread 0x0000000016bee800 Uncommon trap: reason=unstable_if action=reinterpret pc=0x0000000002e01ee8 method=com.android.dx.rop.code.RegisterSpec.equals(ILcom/android/dx/rop/type/TypeBearer;Lcom/android/dx/rop/code/LocalItem;)Z @ 16
Event: 2.362 Thread 0x0000000016bee800 Uncommon trap: reason=class_check action=maybe_recompile pc=0x0000000002f79444 method=com.android.dx.cf.code.BytecodeArray.parseInstruction(ILcom/android/dx/cf/code/BytecodeArray$Visitor;)I @ 1130
Event: 2.366 Thread 0x0000000016d1a800 Uncommon trap: reason=class_check action=maybe_recompile pc=0x0000000002f79444 method=com.android.dx.cf.code.BytecodeArray.parseInstruction(ILcom/android/dx/cf/code/BytecodeArray$Visitor;)I @ 1130
Event: 2.366 Thread 0x0000000016d1a800 Uncommon trap: reason=class_check action=maybe_recompile pc=0x0000000002f79444 method=com.android.dx.cf.code.BytecodeArray.parseInstruction(ILcom/android/dx/cf/code/BytecodeArray$Visitor;)I @ 1130
Event: 2.366 Thread 0x0000000016d1a800 Uncommon trap: reason=class_check action=maybe_recompile pc=0x0000000002f79444 method=com.android.dx.cf.code.BytecodeArray.parseInstruction(ILcom/android/dx/cf/code/BytecodeArray$Visitor;)I @ 1130
Event: 2.797 Thread 0x0000000016bee800 Uncommon trap: reason=class_check action=maybe_recompile pc=0x0000000002f951fc method=com.android.dx.cf.code.BytecodeArray.parseInstruction(ILcom/android/dx/cf/code/BytecodeArray$Visitor;)I @ 1287
Event: 2.797 Thread 0x0000000016bee800 Uncommon trap: reason=class_check action=maybe_recompile pc=0x0000000002f951fc method=com.android.dx.cf.code.BytecodeArray.parseInstruction(ILcom/android/dx/cf/code/BytecodeArray$Visitor;)I @ 1287

Internal exceptions (2 events):
Event: 0.103 Thread 0x0000000002aa0800 Exception <a 'java/lang/NoSuchMethodError': Method sun.misc.Unsafe.defineClass(Ljava/lang/String;[BII)Ljava/lang/Class; name or signature does not match> (0x00000000eab0d4f8) thrown at [D:\re\puppet\workspace\8-2-build-windows-amd64-cygwin\jdk8u73\6086\hot|‹Å-v∫?
Event: 0.103 Thread 0x0000000002aa0800 Exception <a 'java/lang/NoSuchMethodError': Method sun.misc.Unsafe.prefetchRead(Ljava/lang/Object;J)V name or signature does not match> (0x00000000eab0d7e0) thrown at [D:\re\puppet\workspace\8-2-build-windows-amd64-cygwin\jdk8u73\6086\hotspot\src\share\vm\

Events (10 events):
Event: 2.797 Thread 0x0000000016bee800 DEOPT UNPACKING pc=0x0000000002be582a sp=0x00000000172aea90 mode 2
Event: 2.797 Thread 0x0000000016bee800 Uncommon trap: trap_request=0xffffffde fr.pc=0x0000000002f951fc
Event: 2.797 Thread 0x0000000016bee800 DEOPT PACKING pc=0x0000000002f951fc sp=0x00000000172aeb30
Event: 2.797 Thread 0x0000000016bee800 DEOPT UNPACKING pc=0x0000000002be582a sp=0x00000000172aea90 mode 2
Event: 2.809 Executing VM operation: ParallelGCFailedAllocation
Event: 2.851 Executing VM operation: ParallelGCFailedAllocation done
Event: 2.874 Thread 0x0000000016bee800 DEOPT PACKING pc=0x0000000002eb0d0c sp=0x00000000172aed20
Event: 2.874 Thread 0x0000000016bee800 DEOPT UNPACKING pc=0x0000000002be787f sp=0x00000000172aea48 mode 0
Event: 2.942 Thread 0x0000000016d1a800 DEOPT PACKING pc=0x0000000002ec36e3 sp=0x00000000175aefe0
Event: 2.942 Thread 0x0000000016d1a800 DEOPT UNPACKING pc=0x0000000002be787f sp=0x00000000175aecd8 mode 0


Dynamic libraries:
0x00007ff748d20000 - 0x00007ff748d57000 	C:\Program Files\Java\jdk1.8.0_73\bin\java.exe
0x00007ff9ee350000 - 0x00007ff9ee512000 	C:\Windows\SYSTEM32\ntdll.dll
0x00007ff9ebdc0000 - 0x00007ff9ebe6d000 	C:\Windows\system32\KERNEL32.DLL
0x00007ff9eb610000 - 0x00007ff9eb7ed000 	C:\Windows\system32\KERNELBASE.dll
0x00000000582c0000 - 0x0000000058371000 	C:\Program Files\Bitdefender\Bitdefender 2016\Active Virus Control\Avc3_00363_002\avcuf64.dll
0x00007ff9ec840000 - 0x00007ff9ec8e6000 	C:\Windows\system32\ADVAPI32.dll
0x00007ff9ebbf0000 - 0x00007ff9ebc8d000 	C:\Windows\system32\msvcrt.dll
0x00007ff9ee180000 - 0x00007ff9ee1db000 	C:\Windows\system32\sechost.dll
0x00007ff9ebc90000 - 0x00007ff9ebdb6000 	C:\Windows\system32\RPCRT4.dll
0x00007ff9ec160000 - 0x00007ff9ec2ae000 	C:\Windows\system32\USER32.dll
0x00007ff9ebe70000 - 0x00007ff9ebff5000 	C:\Windows\system32\GDI32.dll
0x00007ff9d8f00000 - 0x00007ff9d9174000 	C:\Windows\WinSxS\amd64_microsoft.windows.common-controls_6595b64144ccf1df_6.0.10240.16384_none_f41f7b285750ef43\COMCTL32.dll
0x00007ff9ee2a0000 - 0x00007ff9ee2d6000 	C:\Windows\system32\IMM32.DLL
0x00007ff9ec6e0000 - 0x00007ff9ec83c000 	C:\Windows\system32\MSCTF.dll
0x0000000057110000 - 0x00000000571e2000 	C:\Program Files\Java\jdk1.8.0_73\jre\bin\msvcr100.dll
0x00000000576a0000 - 0x0000000057f30000 	C:\Program Files\Java\jdk1.8.0_73\jre\bin\server\jvm.dll
0x00007ff9ec070000 - 0x00007ff9ec078000 	C:\Windows\system32\PSAPI.DLL
0x00007ff9dc460000 - 0x00007ff9dc469000 	C:\Windows\SYSTEM32\WSOCK32.dll
0x00007ff9ee2e0000 - 0x00007ff9ee349000 	C:\Windows\system32\WS2_32.dll
0x00007ff9edf60000 - 0x00007ff9edf68000 	C:\Windows\system32\NSI.dll
0x00007ff9e8e50000 - 0x00007ff9e8e73000 	C:\Windows\SYSTEM32\WINMM.dll
0x00007ff9e8df0000 - 0x00007ff9e8dfa000 	C:\Windows\SYSTEM32\VERSION.dll
0x00007ff9e8e20000 - 0x00007ff9e8e4c000 	C:\Windows\SYSTEM32\WINMMBASE.dll
0x00007ff9eae20000 - 0x00007ff9eae64000 	C:\Windows\system32\cfgmgr32.dll
0x00007ff9e96f0000 - 0x00007ff9e9717000 	C:\Windows\SYSTEM32\DEVOBJ.dll
0x0000000057690000 - 0x000000005769f000 	C:\Program Files\Java\jdk1.8.0_73\jre\bin\verify.dll
0x0000000057660000 - 0x0000000057689000 	C:\Program Files\Java\jdk1.8.0_73\jre\bin\java.dll
0x0000000057640000 - 0x0000000057656000 	C:\Program Files\Java\jdk1.8.0_73\jre\bin\zip.dll
0x00007ff9ec910000 - 0x00007ff9ede35000 	C:\Windows\system32\SHELL32.dll
0x00007ff9eaf20000 - 0x00007ff9eb548000 	C:\Windows\system32\windows.storage.dll
0x00007ff9ec460000 - 0x00007ff9ec6dc000 	C:\Windows\system32\combase.dll
0x00007ff9ec2b0000 - 0x00007ff9ec301000 	C:\Windows\system32\shlwapi.dll
0x00007ff9eae10000 - 0x00007ff9eae1f000 	C:\Windows\system32\kernel.appcore.dll
0x00007ff9eb550000 - 0x00007ff9eb603000 	C:\Windows\system32\shcore.dll
0x00007ff9eadc0000 - 0x00007ff9eae0a000 	C:\Windows\system32\powrprof.dll
0x00007ff9eada0000 - 0x00007ff9eadb3000 	C:\Windows\system32\profapi.dll

VM Arguments:
jvm_args: -Djava.awt.headless=true -Xmx1024M -Dfile.encoding=windows-1252 -Duser.country=US -Duser.language=en -Duser.variant 
java_command: com.android.dx.command.Main --dex --force-jumbo --num-threads=4 --multi-dex --output C:\Users\user\AndroidStudioProjects\ExpenseManager\app\build\intermediates\transforms\dex\debug\folders\1000\5\slice_6 C:\Users\user\AndroidStudioProjects\ExpenseManager\app\build\intermediates\transforms\instantRunSlicer\debug\folders\1\5\slice_6
java_class_path (initial): C:\Users\user\AppData\Local\Android\sdk\build-tools\23.0.3\lib\dx.jar
Launcher Type: SUN_STANDARD

Environment Variables:
PATH=C:\ProgramData\Oracle\Java\javapath;D:\DevSuiteHome_1\jdk\jre\bin\classic;D:\DevSuiteHome_1\jdk\jre\bin;D:\DevSuiteHome_1\jdk\jre\bin\client;D:\DevSuiteHome_1\jlib;D:\DevSuiteHome_1\bin;D:\DevSuiteHome_1\jre\1.4.2\bin\client;D:\DevSuiteHome_1\jre\1.4.2\bin;C:\Windows\system32;C:\Windows;C:\Windows\System32\Wbem;C:\Windows\System32\WindowsPowerShell\v1.0\;C:\Program Files (x86)\Skype\Phone\;C:\Program Files (x86)\CrSSL\bin;C:\Program Files\CrSSL\bin;C:\Program Files (x86)\CrSSL\bin
USERNAME=user
OS=Windows_NT
PROCESSOR_IDENTIFIER=Intel64 Family 6 Model 69 Stepping 1, GenuineIntel



---------------  S Y S T E M  ---------------

OS: Windows 10.0 , 64 bit Build 10240 (10.0.10240.16384)

CPU:total 4 (2 cores per cpu, 2 threads per core) family 6 model 69 stepping 1, cmov, cx8, fxsr, mmx, sse, sse2, sse3, ssse3, sse4.1, sse4.2, popcnt, avx, avx2, aes, clmul, erms, lzcnt, ht, tsc, tscinvbit, bmi1, bmi2

Memory: 4k page, physical 6214896k(467304k free), swap 7918832k(6920k free)

vm_info: Java HotSpot(TM) 64-Bit Server VM (25.73-b02) for windows-amd64 JRE (1.8.0_73-b02), built on Jan 29 2016 17:38:49 by "java_re" with MS VC++ 10.0 (VS2010)

time: Fri Jun 24 21:37:18 2016
elapsed time: 3 seconds (0d 0h 0m 3s)

