(malloc) failed to allocate 32744 bytes for ChunkPool::allocate
# Possible reasons:
#   The system is out of physical RAM or swap space
#   In 32 bit mode, the process size limit was hit
# Possible solutions:
#   Reduce memory load on the system
#   Increase physical memory or swap space
#   Check if swap backing store is full
#   Use 64 bit Java on a 64 bit OS
#   Decrease Java heap size (-Xmx/-Xms)
#   Decrease number of Java threads
#   Decrease Java thread stack sizes (-Xss)
#   Set larger code cache with -XX:ReservedCodeCacheSize=
# This output file may be truncated or incomplete.
#
#  Out of Memory Error (allocation.cpp:273), pid=7836, tid=5460
#
# JRE version: Java(TM) SE Runtime Environment (8.0_73-b02) (build 1.8.0_73-b02)
# Java VM: Java HotSpot(TM) 64-Bit Server VM (25.73-b02 mixed mode windows-amd64 compressed oops)
# Failed to write core dump. Minidumps are not enabled by default on client versions of Windows
#

---------------  T H R E A D  ---------------

Current thread (0x000000001541c800):  JavaThread "C1 CompilerThread2" daemon [_thread_in_vm, id=5460, stack(0x0000000016b20000,0x0000000016c20000)]

Stack: [0x0000000016b20000,0x0000000016c20000]
[error occurred during error reporting (printing stack bounds), id 0xc0000005]

Native frames: (J=compiled Java code, j=interpreted, Vv=VM code, C=native code)


Current CompileTask:
C1:   1149  342   !   3       com.android.dx.cf.code.BytecodeArray::parseInstruction (2764 bytes)


---------------  P R O C E S S  ---------------

Java Threads: ( => current thread )
  0x0000000016eb0800 JavaThread "pool-2-thread-4" [_thread_in_vm, id=2216, stack(0x0000000017620000,0x0000000017720000)]
  0x0000000016eaf800 JavaThread "pool-2-thread-3" [_thread_blocked, id=8116, stack(0x0000000017520000,0x0000000017620000)]
  0x0000000016dab000 JavaThread "pool-2-thread-2" [_thread_blocked, id=5128, stack(0x0000000017420000,0x0000000017520000)]
  0x0000000016da3800 JavaThread "pool-3-thread-1" [_thread_blocked, id=5468, stack(0x0000000017320000,0x0000000017420000)]
  0x0000000016da3000 JavaThread "pool-2-thread-1" [_thread_in_Java, id=1516, stack(0x0000000017220000,0x0000000017320000)]
  0x0000000016c25800 JavaThread "Service Thread" daemon [_thread_blocked, id=3636, stack(0x0000000017020000,0x0000000017120000)]
=>0x000000001541c800 JavaThread "C1 CompilerThread2" daemon [_thread_in_vm, id=5460, stack(0x0000000016b20000,0x0000000016c20000)]
  0x0000000015411800 JavaThread "C2 CompilerThread1" daemon [_thread_blocked, id=1124, stack(0x0000000016a20000,0x0000000016b20000)]
  0x00000000153ba800 JavaThread "C2 CompilerThread0" daemon [_thread_blocked, id=3932, stack(0x0000000016920000,0x0000000016a20000)]
  0x00000000153b8800 JavaThread "Attach Listener" daemon [_thread_blocked, id=5940, stack(0x0000000016820000,0x0000000016920000)]
  0x00000000153b7000 JavaThread "Signal Dispatcher" daemon [_thread_blocked, id=820, stack(0x0000000016720000,0x0000000016820000)]
  0x0000000002ce0800 JavaThread "Finalizer" daemon [_thread_blocked, id=7372, stack(0x0000000016620000,0x0000000016720000)]
  0x0000000002cdd000 JavaThread "Reference Handler" daemon [_thread_blocked, id=6528, stack(0x0000000016520000,0x0000000016620000)]
  0x0000000002bf0800 JavaThread "main" [_thread_in_Java, id=6932, stack(0x0000000002af0000,0x0000000002bf0000)]

Other Threads:
  0x0000000015388000 VMThread [stack: 0x0000000016420000,0x0000000016520000] [id=4684]
  0x0000000016c39800 WatcherThread [stack: 0x0000000017120000,0x0000000017220000] [id=7188]

VM state:not at safepoint (normal execution)

VM Mutex/Monitor currently owned by a thread: None

Heap:
 PSYoungGen      total 28672K, used 9401K [0x00000000eab00000, 0x00000000ecb00000, 0x0000000100000000)
  eden space 24576K, 38% used [0x00000000eab00000,0x00000000eb42e648,0x00000000ec300000)
  from space 4096K, 0% used [0x00000000ec700000,0x00000000ec700000,0x00000000ecb00000)
  to   space 4096K, 0% used [0x00000000ec300000,0x00000000ec300000,0x00000000ec700000)
 ParOldGen       total 65536K, used 0K [0x00000000c0000000, 0x00000000c4000000, 0x00000000eab00000)
  object space 65536K, 0% used [0x00000000c0000000,0x00000000c0000000,0x00000000c4000000)
 Metaspace       used 4993K, capacity 6096K, committed 6272K, reserved 1056768K
  class space    used 551K, capacity 584K, committed 640K, reserved 1048576K

Card table byte_map: [0x00000000120b0000,0x00000000122c0000] byte_map_base: 0x0000000011ab0000

Marking Bits: (ParMarkBitMap*) 0x0000000062820600
 Begin Bits: [0x0000000012820000, 0x0000000013820000)
 End Bits:   [0x0000000013820000, 0x0000000014820000)

Polling page: 0x0000000000ee0000

CodeCache: size=245760Kb used=1894Kb max_used=1905Kb free=243865Kb
 bounds [0x0000000002cf0000, 0x0000000002f60000, 0x0000000011cf0000]
 total_blobs=611 nmethods=345 adapters=179
 compilation: enabled

Compilation events (10 events):
Event: 1.137 Thread 0x000000001541c800 nmethod 343 0x0000000002ec8c10 code [0x0000000002ec8dc0, 0x0000000002ec92a8]
Event: 1.137 Thread 0x000000001541c800  340       1       com.android.dx.ssa.SsaBasicBlock::getIndex (5 bytes)
Event: 1.137 Thread 0x000000001541c800 nmethod 340 0x0000000002ec9510 code [0x0000000002ec9660, 0x0000000002ec9770]
Event: 1.137 Thread 0x000000001541c800  344       3       java.util.ArrayList$Itr::checkForComodification (23 bytes)
Event: 1.138 Thread 0x000000001541c800 nmethod 344 0x0000000002ec97d0 code [0x0000000002ec9940, 0x0000000002ec9b68]
Event: 1.138 Thread 0x000000001541c800  342   !   3       com.android.dx.cf.code.BytecodeArray::parseInstruction (2764 bytes)
Event: 1.140 Thread 0x00000000153ba800  351       4       java.util.ArrayList::get (11 bytes)
Event: 1.141 Thread 0x00000000153ba800 nmethod 351 0x0000000002ecc910 code [0x0000000002ecca40, 0x0000000002eccaf8]
Event: 1.143 Thread 0x0000000015411800  355   !   4       com.android.dx.util.FixedSizeList::get0 (47 bytes)
Event: 1.144 Thread 0x0000000015411800 nmethod 355 0x0000000002eccc10 code [0x0000000002eccd40, 0x0000000002eccdf8]

GC Heap History (0 events):
No events

Deoptimization events (0 events):
No events

Internal exceptions (2 events):
Event: 0.180 Thread 0x0000000002bf0800 Exception <a 'java/lang/NoSuchMethodError': Method sun.misc.Unsafe.defineClass(Ljava/lang/String;[BII)Ljava/lang/Class; name or signature does not match> (0x00000000eab0d5d8) thrown at [D:\re\puppet\workspace\8-2-build-windows-amd64-cygwin\jdk8u73\6086\hot6ã”√4«?
Event: 0.180 Thread 0x0000000002bf0800 Exception <a 'java/lang/NoSuchMethodError': Method sun.misc.Unsafe.prefetchRead(Ljava/lang/Object;J)V name or signature does not match> (0x00000000eab0d8c0) thrown at [D:\re\puppet\workspace\8-2-build-windows-amd64-cygwin\jdk8u73\6086\hotspot\src\share\vm\

Events (10 events):
Event: 1.145 loading class com/android/dx/ssa/back/LivenessAnalyzer done
Event: 1.145 loading class com/android/dx/ssa/back/InterferenceGraph
Event: 1.145 loading class com/android/dx/ssa/back/InterferenceGraph done
Event: 1.146 loading class com/android/dx/ssa/back/LivenessAnalyzer$NextFunction
Event: 1.146 loading class com/android/dx/ssa/back/LivenessAnalyzer$NextFunction done
Event: 1.146 loading class com/android/dx/ssa/back/LivenessAnalyzer$1
Event: 1.146 loading class com/android/dx/ssa/back/LivenessAnalyzer$1 done
Event: 1.147 loading class java/lang/NoSuchFieldError
Event: 1.147 loading class java/lang/NoSuchFieldError done
Event: 1.147 loading class java/util/ArrayList$SubList


Dynamic libraries:
0x00007ff6896f0000 - 0x00007ff689727000 	C:\Program Files\Java\jdk1.8.0_73\bin\java.exe
0x00007ffee20b0000 - 0x00007ffee2272000 	C:\Windows\SYSTEM32\ntdll.dll
0x00007ffee19a0000 - 0x00007ffee1a4d000 	C:\Windows\system32\KERNEL32.DLL
0x00007ffedf5a0000 - 0x00007ffedf77d000 	C:\Windows\system32\KERNELBASE.dll
0x00007ffee1a50000 - 0x00007ffee1af6000 	C:\Windows\system32\ADVAPI32.dll
0x00007ffee1c40000 - 0x00007ffee1cdd000 	C:\Windows\system32\msvcrt.dll
0x00007ffee00c0000 - 0x00007ffee011b000 	C:\Windows\system32\sechost.dll
0x00007ffee1d20000 - 0x00007ffee1e46000 	C:\Windows\system32\RPCRT4.dll
0x00007ffedfef0000 - 0x00007ffee003e000 	C:\Windows\system32\USER32.dll
0x00007ffee16c0000 - 0x00007ffee1845000 	C:\Windows\system32\GDI32.dll
0x00007ffecd5e0000 - 0x00007ffecd854000 	C:\Windows\WinSxS\amd64_microsoft.windows.common-controls_6595b64144ccf1df_6.0.10240.16384_none_f41f7b285750ef43\COMCTL32.dll
0x00007ffee1ce0000 - 0x00007ffee1d16000 	C:\Windows\system32\IMM32.DLL
0x00007ffedfa50000 - 0x00007ffedfbac000 	C:\Windows\system32\MSCTF.dll
0x0000000061bb0000 - 0x0000000061c82000 	C:\Program Files\Java\jdk1.8.0_73\jre\bin\msvcr100.dll
0x0000000062010000 - 0x00000000628a0000 	C:\Program Files\Java\jdk1.8.0_73\jre\bin\server\jvm.dll
0x00007ffee0040000 - 0x00007ffee0048000 	C:\Windows\system32\PSAPI.DLL
0x00007ffedc6b0000 - 0x00007ffedc6b9000 	C:\Windows\SYSTEM32\WSOCK32.dll
0x00007ffee2020000 - 0x00007ffee2089000 	C:\Windows\system32\WS2_32.dll
0x00007ffee16b0000 - 0x00007ffee16b8000 	C:\Windows\system32\NSI.dll
0x00007ffecafa0000 - 0x00007ffecafc3000 	C:\Windows\SYSTEM32\WINMM.dll
0x00007ffed4b40000 - 0x00007ffed4b4a000 	C:\Windows\SYSTEM32\VERSION.dll
0x00007ffecaea0000 - 0x00007ffecaecc000 	C:\Windows\SYSTEM32\WINMMBASE.dll
0x00007ffedec30000 - 0x00007ffedec74000 	C:\Windows\system32\cfgmgr32.dll
0x00007ffedd450000 - 0x00007ffedd477000 	C:\Windows\SYSTEM32\DEVOBJ.dll
0x0000000062be0000 - 0x0000000062bef000 	C:\Program Files\Java\jdk1.8.0_73\jre\bin\verify.dll
0x0000000061fe0000 - 0x0000000062009000 	C:\Program Files\Java\jdk1.8.0_73\jre\bin\java.dll
0x0000000061fc0000 - 0x0000000061fd6000 	C:\Program Files\Java\jdk1.8.0_73\jre\bin\zip.dll
0x00007ffee0120000 - 0x00007ffee1645000 	C:\Windows\system32\SHELL32.dll
0x00007ffedee50000 - 0x00007ffedf478000 	C:\Windows\system32\windows.storage.dll
0x00007ffedfc70000 - 0x00007ffedfeec000 	C:\Windows\system32\combase.dll
0x00007ffee1650000 - 0x00007ffee16a1000 	C:\Windows\system32\shlwapi.dll
0x00007ffedeb50000 - 0x00007ffedeb5f000 	C:\Windows\system32\kernel.appcore.dll
0x00007ffedf480000 - 0x00007ffedf533000 	C:\Windows\system32\shcore.dll
0x00007ffedeae0000 - 0x00007ffedeb2a000 	C:\Windows\system32\powrprof.dll
0x00007ffedeb60000 - 0x00007ffedeb73000 	C:\Windows\system32\profapi.dll

VM Arguments:
jvm_args: -Djava.awt.headless=true -Xmx1024M -Dfile.encoding=windows-1252 -Duser.country=US -Duser.language=en -Duser.variant 
java_command: com.android.dx.command.Main --dex --force-jumbo --num-threads=4 --multi-dex --output C:\Users\user\AndroidStudioProjects\ExpenseManager\app\build\intermediates\transforms\dex\debug\folders\1000\10\com.android.support-support-vector-drawable-23.4.0_975480d889613d500f0d751721fbd743949a393c C:\Users\user\AndroidStudioProjects\ExpenseManager\app\build\intermediates\exploded-aar\com.android.support\support-vector-drawable\23.4.0\jars\classes.jar
java_class_path (initial): C:\Users\user\AppData\Local\Android\sdk\build-tools\23.0.3\lib\dx.jar
Launcher Type: SUN_STANDARD

Environment Variables:
PATH=C:\ProgramData\Oracle\Java\javapath;D:\DevSuiteHome_1\jdk\jre\bin\classic;D:\DevSuiteHome_1\jdk\jre\bin;D:\DevSuiteHome_1\jdk\jre\bin\client;D:\DevSuiteHome_1\jlib;D:\DevSuiteHome_1\bin;D:\DevSuiteHome_1\jre\1.4.2\bin\client;D:\DevSuiteHome_1\jre\1.4.2\bin;C:\Windows\system32;C:\Windows;C:\Windows\System32\Wbem;C:\Windows\System32\WindowsPowerShell\v1.0\;C:\Program Files (x86)\Skype\Phone\;C:\Program Files (x86)\CrSSL\bin;C:\Program Files\CrSSL\bin;C:\Program Files (x86)\CrSSL\bin
USERNAME=user
OS=Windows_NT
PROCESSOR_IDENTIFIER=Intel64 Family 6 Model 69 Stepping 1, GenuineIntel



---------------  S Y S T E M  ---------------

OS: Windows 10.0 , 64 bit Build 10240 (10.0.10240.16384)

CPU:total 4 (2 cores per cpu, 2 threads per core) family 6 model 69 stepping 1, cmov, cx8, fxsr, mmx, sse, sse2, sse3, ssse3, sse4.1, sse4.2, popcnt, avx, avx2, aes, clmul, erms, lzcnt, ht, tsc, tscinvbit, bmi1, bmi2

Memory: 4k page, physical 6214896k(989996k free), swap 7918832k(4972k free)

vm_info: Java HotSpot(TM) 64-Bit Server VM (25.73-b02) for windows-amd64 JRE (1.8.0_73-b02), built on Jan 29 2016 17:38:49 by "java_re" with MS VC++ 10.0 (VS2010)

time: Tue Jul 05 16:14:49 2016
elapsed time: 1 seconds (0d 0h 0m 1s)

