#
# There is insufficient memory for the Java Runtime Environment to continue.
# Native memory allocation (malloc) failed to allocate 1048576 bytes for AllocateHeap
# Possible reasons:
#   The system is out of physical RAM or swap space
#   In 32 bit mode, the process size limit was hit
# Possible solutions:
#   Reduce memory load on the system
#   Increase physical memory or swap space
#   Check if swap backing store is full
#   Use 64 bit Java on a 64 bit OS
#   Decrease Java heap size (-Xmx/-Xms)
#   Decrease number of Java threads
#   Decrease Java thread stack sizes (-Xss)
#   Set larger code cache with -XX:ReservedCodeCacheSize=
# This output file may be truncated or incomplete.
#
#  Out of Memory Error (memory/allocation.inline.hpp:61), pid=8944, tid=6788
#
# JRE version:  (8.0_73-b02) (build )
# Java VM: Java HotSpot(TM) 64-Bit Server VM (25.73-b02 mixed mode windows-amd64 compressed oops)
# Failed to write core dump. Minidumps are not enabled by default on client versions of Windows
#

---------------  T H R E A D  ---------------

Current thread (0x0000000002ce0800):  JavaThread "Unknown thread" [_thread_in_vm, id=6788, stack(0x0000000002be0000,0x0000000002ce0000)]

Stack: [0x0000000002be0000,0x0000000002ce0000]
[error occurred during error reporting (printing stack bounds), id 0xc0000005]

Native frames: (J=compiled Java code, j=interpreted, Vv=VM code, C=native code)


---------------  P R O C E S S  ---------------

Java Threads: ( => current thread )

Other Threads:

=>0x0000000002ce0800 (exited) JavaThread "Unknown thread" [_thread_in_vm, id=6788, stack(0x0000000002be0000,0x0000000002ce0000)]

VM state:not at safepoint (normal execution)

VM Mutex/Monitor currently owned by a thread: None

Heap:
 PSYoungGen      total 28672K, used 491K [0x00000000eab00000, 0x00000000ecb00000, 0x0000000100000000)
  eden space 24576K, 2% used [0x00000000eab00000,0x00000000eab7ae20,0x00000000ec300000)
  from space 4096K, 0% used [0x00000000ec700000,0x00000000ec700000,0x00000000ecb00000)
  to   space 4096K, 0% used [0x00000000ec300000,0x00000000ec300000,0x00000000ec700000)
 ParOldGen       total 65536K, used 0K [0x00000000c0000000, 0x00000000c4000000, 0x00000000eab00000)
  object space 65536K, 0% used [0x00000000c0000000,0x00000000c0000000,0x00000000c4000000)
 Metaspace       used 769K, capacity 4480K, committed 4480K, reserved 1056768K
  class space    used 75K, capacity 384K, committed 384K, reserved 1048576K

Card table byte_map: [0x00000000121a0000,0x00000000123b0000] byte_map_base: 0x0000000011ba0000

Marking Bits: (ParMarkBitMap*) 0x0000000060780600
 Begin Bits: [0x0000000012910000, 0x0000000013910000)
 End Bits:   [0x0000000013910000, 0x0000000014910000)

Polling page: 0x0000000002ad0000

CodeCache: size=245760Kb used=328Kb max_used=328Kb free=245431Kb
 bounds [0x0000000002de0000, 0x0000000003050000, 0x0000000011de0000]
 total_blobs=57 nmethods=0 adapters=37
 compilation: enabled

Compilation events (0 events):
No events

GC Heap History (0 events):
No events

Deoptimization events (0 events):
No events

Internal exceptions (0 events):
No events

Events (10 events):
Event: 0.066 loading class java/lang/Short
Event: 0.066 loading class java/lang/Short done
Event: 0.066 loading class java/lang/Integer
Event: 0.067 loading class java/lang/Integer done
Event: 0.067 loading class java/lang/Long
Event: 0.067 loading class java/lang/Long done
Event: 0.068 loading class java/lang/NullPointerException
Event: 0.068 loading class java/lang/NullPointerException done
Event: 0.068 loading class java/lang/ArithmeticException
Event: 0.068 loading class java/lang/ArithmeticException done


Dynamic libraries:
0x00007ff7b7c30000 - 0x00007ff7b7c67000 	C:\Program Files\Java\jdk1.8.0_73\bin\java.exe
0x00007ffdff0f0000 - 0x00007ffdff2b2000 	C:\Windows\SYSTEM32\ntdll.dll
0x00007ffdfce80000 - 0x00007ffdfcf2d000 	C:\Windows\system32\KERNEL32.DLL
0x00007ffdfc5e0000 - 0x00007ffdfc7bd000 	C:\Windows\system32\KERNELBASE.dll
0x0000000060b90000 - 0x0000000060c36000 	C:\Program Files\Bitdefender\Bitdefender 2016\Active Virus Control\avc3_000_001\avcuf64.dll
0x00007ffdfcc70000 - 0x00007ffdfcd16000 	C:\Windows\system32\ADVAPI32.dll
0x00007ffdfca10000 - 0x00007ffdfcaad000 	C:\Windows\system32\msvcrt.dll
0x00007ffdfcac0000 - 0x00007ffdfcb1b000 	C:\Windows\system32\sechost.dll
0x00007ffdfed50000 - 0x00007ffdfee76000 	C:\Windows\system32\RPCRT4.dll
0x00007ffdfe690000 - 0x00007ffdfe7de000 	C:\Windows\system32\USER32.dll
0x00007ffdfc880000 - 0x00007ffdfca05000 	C:\Windows\system32\GDI32.dll
0x00007ffdf20b0000 - 0x00007ffdf2324000 	C:\Windows\WinSxS\amd64_microsoft.windows.common-controls_6595b64144ccf1df_6.0.10240.16384_none_f41f7b285750ef43\COMCTL32.dll
0x00007ffdff0b0000 - 0x00007ffdff0e6000 	C:\Windows\system32\IMM32.DLL
0x00007ffdfcd20000 - 0x00007ffdfce7c000 	C:\Windows\system32\MSCTF.dll
0x000000005f9e0000 - 0x000000005fab2000 	C:\Program Files\Java\jdk1.8.0_73\jre\bin\msvcr100.dll
0x000000005ff70000 - 0x0000000060800000 	C:\Program Files\Java\jdk1.8.0_73\jre\bin\server\jvm.dll
0x00007ffdfcab0000 - 0x00007ffdfcab8000 	C:\Windows\system32\PSAPI.DLL
0x00007ffdfa130000 - 0x00007ffdfa139000 	C:\Windows\SYSTEM32\WSOCK32.dll
0x00007ffdfe7e0000 - 0x00007ffdfe849000 	C:\Windows\system32\WS2_32.dll
0x00007ffdfc870000 - 0x00007ffdfc878000 	C:\Windows\system32\NSI.dll
0x00007ffdf9450000 - 0x00007ffdf9473000 	C:\Windows\SYSTEM32\WINMM.dll
0x00007ffdf9d50000 - 0x00007ffdf9d5a000 	C:\Windows\SYSTEM32\VERSION.dll
0x00007ffdf9420000 - 0x00007ffdf944c000 	C:\Windows\SYSTEM32\WINMMBASE.dll
0x00007ffdfbdf0000 - 0x00007ffdfbe34000 	C:\Windows\system32\cfgmgr32.dll
0x00007ffdfa3f0000 - 0x00007ffdfa417000 	C:\Windows\SYSTEM32\DEVOBJ.dll
0x000000005ff60000 - 0x000000005ff6f000 	C:\Program Files\Java\jdk1.8.0_73\jre\bin\verify.dll
0x000000005ff30000 - 0x000000005ff59000 	C:\Program Files\Java\jdk1.8.0_73\jre\bin\java.dll
0x000000005ff10000 - 0x000000005ff26000 	C:\Program Files\Java\jdk1.8.0_73\jre\bin\zip.dll

VM Arguments:
jvm_args: -Djava.awt.headless=true -Xmx1024M -Dfile.encoding=windows-1252 -Duser.country=US -Duser.language=en -Duser.variant 
java_command: com.android.dx.command.Main --dex --force-jumbo --num-threads=4 --multi-dex --output C:\Users\user\AndroidStudioProjects\ExpenseManager\app\build\intermediates\transforms\dex\debug\folders\1000\5\slice_9 C:\Users\user\AndroidStudioProjects\ExpenseManager\app\build\intermediates\transforms\instantRunSlicer\debug\folders\1\5\slice_9
java_class_path (initial): C:\Users\user\AppData\Local\Android\sdk\build-tools\23.0.3\lib\dx.jar
Launcher Type: SUN_STANDARD

Environment Variables:
PATH=C:\ProgramData\Oracle\Java\javapath;D:\DevSuiteHome_1\jdk\jre\bin\classic;D:\DevSuiteHome_1\jdk\jre\bin;D:\DevSuiteHome_1\jdk\jre\bin\client;D:\DevSuiteHome_1\jlib;D:\DevSuiteHome_1\bin;D:\DevSuiteHome_1\jre\1.4.2\bin\client;D:\DevSuiteHome_1\jre\1.4.2\bin;C:\Windows\system32;C:\Windows;C:\Windows\System32\Wbem;C:\Windows\System32\WindowsPowerShell\v1.0\;C:\Program Files (x86)\Skype\Phone\;C:\Program Files (x86)\CrSSL\bin;C:\Program Files\CrSSL\bin;C:\Program Files (x86)\CrSSL\bin
USERNAME=user
OS=Windows_NT
PROCESSOR_IDENTIFIER=Intel64 Family 6 Model 69 Stepping 1, GenuineIntel



---------------  S Y S T E M  ---------------

OS: Windows 10.0 , 64 bit Build 10240 (10.0.10240.16384)

CPU:total 4 (2 cores per cpu, 2 threads per core) family 6 model 69 stepping 1, cmov, cx8, fxsr, mmx, sse, sse2, sse3, ssse3, sse4.1, sse4.2, popcnt, avx, avx2, aes, clmul, erms, lzcnt, ht, tsc, tscinvbit, bmi1, bmi2

Memory: 4k page, physical 6214896k(376424k free), swap 7918832k(14948k free)

vm_info: Java HotSpot(TM) 64-Bit Server VM (25.73-b02) for windows-amd64 JRE (1.8.0_73-b02), built on Jan 29 2016 17:38:49 by "java_re" with MS VC++ 10.0 (VS2010)

time: Thu Jun 23 23:57:50 2016
elapsed time: 0 seconds (0d 0h 0m 0s)

