#
# There is insufficient memory for the Java Runtime Environment to continue.
# Native memory allocation (malloc) failed to allocate 1319696 bytes for Chunk::new
# Possible reasons:
#   The system is out of physical RAM or swap space
#   In 32 bit mode, the process size limit was hit
# Possible solutions:
#   Reduce memory load on the system
#   Increase physical memory or swap space
#   Check if swap backing store is full
#   Use 64 bit Java on a 64 bit OS
#   Decrease Java heap size (-Xmx/-Xms)
#   Decrease number of Java threads
#   Decrease Java thread stack sizes (-Xss)
#   Set larger code cache with -XX:ReservedCodeCacheSize=
# This output file may be truncated or incomplete.
#
#  Out of Memory Error (allocation.cpp:390), pid=4092, tid=6420
#
# JRE version: Java(TM) SE Runtime Environment (8.0_73-b02) (build 1.8.0_73-b02)
# Java VM: Java HotSpot(TM) 64-Bit Server VM (25.73-b02 mixed mode windows-amd64 compressed oops)
# Failed to write core dump. Minidumps are not enabled by default on client versions of Windows
#

---------------  T H R E A D  ---------------

Current thread (0x000000001507b800):  JavaThread "C2 CompilerThread0" daemon [_thread_in_native, id=6420, stack(0x00000000166c0000,0x00000000167c0000)]

Stack: [0x00000000166c0000,0x00000000167c0000]
[error occurred during error reporting (printing stack bounds), id 0xc0000005]

Native frames: (J=compiled Java code, j=interpreted, Vv=VM code, C=native code)


Current CompileTask:
C2:   4410 1684       4       com.android.dx.rop.code.LocalVariableExtractor::processBlock (327 bytes)


---------------  P R O C E S S  ---------------

Java Threads: ( => current thread )
  0x0000000016c55800 JavaThread "pool-2-thread-4" [_thread_blocked, id=7468, stack(0x00000000173c0000,0x00000000174c0000)]
  0x0000000016c52800 JavaThread "pool-2-thread-2" [_thread_blocked, id=7824, stack(0x00000000171c0000,0x00000000172c0000)]
  0x0000000016c0f000 JavaThread "pool-3-thread-1" [_thread_blocked, id=2148, stack(0x00000000170c0000,0x00000000171c0000)]
  0x0000000016c1b000 JavaThread "pool-2-thread-1" [_thread_blocked, id=4368, stack(0x0000000016fc0000,0x00000000170c0000)]
  0x00000000169c5800 JavaThread "Service Thread" daemon [_thread_blocked, id=7360, stack(0x0000000016dc0000,0x0000000016ec0000)]
  0x000000001508a000 JavaThread "C1 CompilerThread2" daemon [_thread_blocked, id=6204, stack(0x00000000168c0000,0x00000000169c0000)]
  0x000000001507f800 JavaThread "C2 CompilerThread1" daemon [_thread_in_native, id=7868, stack(0x00000000167c0000,0x00000000168c0000)]
=>0x000000001507b800 JavaThread "C2 CompilerThread0" daemon [_thread_in_native, id=6420, stack(0x00000000166c0000,0x00000000167c0000)]
  0x0000000015079800 JavaThread "Attach Listener" daemon [_thread_blocked, id=4404, stack(0x00000000165c0000,0x00000000166c0000)]
  0x0000000015078000 JavaThread "Signal Dispatcher" daemon [_thread_blocked, id=7716, stack(0x00000000164c0000,0x00000000165c0000)]
  0x00000000029a0800 JavaThread "Finalizer" daemon [_thread_blocked, id=3608, stack(0x00000000162e0000,0x00000000163e0000)]
  0x000000000299d000 JavaThread "Reference Handler" daemon [_thread_blocked, id=6944, stack(0x00000000161e0000,0x00000000162e0000)]
  0x00000000028b0800 JavaThread "main" [_thread_blocked, id=8164, stack(0x00000000027b0000,0x00000000028b0000)]

Other Threads:
  0x0000000015048000 VMThread [stack: 0x00000000160e0000,0x00000000161e0000] [id=7388]
  0x00000000169c9000 WatcherThread [stack: 0x0000000016ec0000,0x0000000016fc0000] [id=6104]

VM state:at safepoint (normal execution)

VM Mutex/Monitor currently owned by a thread:  ([mutex/lock_event])
[0x00000000027ac2a0] Threads_lock - owner thread: 0x0000000015048000
[0x00000000027ac320] Heap_lock - owner thread: 0x0000000016c1b000

Heap:
 PSYoungGen      total 53248K, used 53218K [0x00000000eab00000, 0x00000000f2300000, 0x0000000100000000)
  eden space 49152K, 100% used [0x00000000eab00000,0x00000000edb00000,0x00000000edb00000)
  from space 4096K, 99% used [0x00000000edb00000,0x00000000edef8bf8,0x00000000edf00000)
  to   space 12288K, 87% used [0x00000000f1700000,0x00000000f2177938,0x00000000f2300000)
 ParOldGen       total 65536K, used 19702K [0x00000000c0000000, 0x00000000c4000000, 0x00000000eab00000)
  object space 65536K, 30% used [0x00000000c0000000,0x00000000c133db70,0x00000000c4000000)
 Metaspace       used 6370K, capacity 7192K, committed 7424K, reserved 1056768K
  class space    used 624K, capacity 656K, committed 768K, reserved 1048576K

Card table byte_map: [0x0000000011d70000,0x0000000011f80000] byte_map_base: 0x0000000011770000

Marking Bits: (ParMarkBitMap*) 0x0000000062a40600
 Begin Bits: [0x00000000124e0000, 0x00000000134e0000)
 End Bits:   [0x00000000134e0000, 0x00000000144e0000)

Polling page: 0x0000000000f10000

CodeCache: size=245760Kb used=6914Kb max_used=6925Kb free=238845Kb
 bounds [0x00000000029b0000, 0x0000000003080000, 0x00000000119b0000]
 total_blobs=1981 nmethods=1711 adapters=182
 compilation: enabled

Compilation events (10 events):
Event: 4.338 Thread 0x000000001508a000 1758       2       java.util.Vector::grow (57 bytes)
Event: 4.339 Thread 0x000000001508a000 nmethod 1758 0x0000000003055b50 code [0x0000000003055cc0, 0x0000000003055f58]
Event: 4.347 Thread 0x000000001507f800 nmethod 1709 0x0000000003079dd0 code [0x000000000307a0a0, 0x000000000307bb38]
Event: 4.347 Thread 0x000000001507f800 1760   !   4       com.android.dx.cf.code.BytecodeArray::parseInstruction (2764 bytes)
Event: 4.348 Thread 0x000000001508a000 1761       2       com.android.dx.util.ByteArray::getShort (25 bytes)
Event: 4.349 Thread 0x000000001508a000 nmethod 1761 0x0000000003055690 code [0x0000000003055800, 0x00000000030559e8]
Event: 4.368 Thread 0x000000001508a000 1764       1       com.android.dx.ssa.LiteralOpUpgrader$1::visitPhiInsn (1 bytes)
Event: 4.368 Thread 0x000000001508a000 nmethod 1764 0x000000000305e890 code [0x000000000305e9e0, 0x000000000305eaf0]
Event: 4.369 Thread 0x000000001508a000 1765       2       com.android.dx.ssa.back.FirstFitLocalCombiningAllocator::ssaSetToSpecs (57 bytes)
Event: 4.370 Thread 0x000000001508a000 nmethod 1765 0x000000000305d490 code [0x000000000305d6a0, 0x000000000305de98]

GC Heap History (10 events):
Event: 2.301 GC heap before
{Heap before GC invocations=1 (full 0):
 PSYoungGen      total 28672K, used 24576K [0x00000000eab00000, 0x00000000ecb00000, 0x0000000100000000)
  eden space 24576K, 100% used [0x00000000eab00000,0x00000000ec300000,0x00000000ec300000)
  from space 4096K, 0% used [0x00000000ec700000,0x00000000ec700000,0x00000000ecb00000)
  to   space 4096K, 0% used [0x00000000ec300000,0x00000000ec300000,0x00000000ec700000)
 ParOldGen       total 65536K, used 0K [0x00000000c0000000, 0x00000000c4000000, 0x00000000eab00000)
  object space 65536K, 0% used [0x00000000c0000000,0x00000000c0000000,0x00000000c4000000)
 Metaspace       used 5865K, capacity 6832K, committed 7040K, reserved 1056768K
  class space    used 598K, capacity 616K, committed 640K, reserved 1048576K
Event: 2.310 GC heap after
Heap after GC invocations=1 (full 0):
 PSYoungGen      total 28672K, used 4072K [0x00000000eab00000, 0x00000000ecb00000, 0x0000000100000000)
  eden space 24576K, 0% used [0x00000000eab00000,0x00000000eab00000,0x00000000ec300000)
  from space 4096K, 99% used [0x00000000ec300000,0x00000000ec6fa0c8,0x00000000ec700000)
  to   space 4096K, 0% used [0x00000000ec700000,0x00000000ec700000,0x00000000ecb00000)
 ParOldGen       total 65536K, used 1357K [0x00000000c0000000, 0x00000000c4000000, 0x00000000eab00000)
  object space 65536K, 2% used [0x00000000c0000000,0x00000000c0153518,0x00000000c4000000)
 Metaspace       used 5865K, capacity 6832K, committed 7040K, reserved 1056768K
  class space    used 598K, capacity 616K, committed 640K, reserved 1048576K
}
Event: 2.617 GC heap before
{Heap before GC invocations=2 (full 0):
 PSYoungGen      total 28672K, used 28648K [0x00000000eab00000, 0x00000000ecb00000, 0x0000000100000000)
  eden space 24576K, 100% used [0x00000000eab00000,0x00000000ec300000,0x00000000ec300000)
  from space 4096K, 99% used [0x00000000ec300000,0x00000000ec6fa0c8,0x00000000ec700000)
  to   space 4096K, 0% used [0x00000000ec700000,0x00000000ec700000,0x00000000ecb00000)
 ParOldGen       total 65536K, used 1357K [0x00000000c0000000, 0x00000000c4000000, 0x00000000eab00000)
  object space 65536K, 2% used [0x00000000c0000000,0x00000000c0153518,0x00000000c4000000)
 Metaspace       used 6031K, capacity 6960K, committed 7040K, reserved 1056768K
  class space    used 598K, capacity 616K, committed 640K, reserved 1048576K
Event: 2.644 GC heap after
Heap after GC invocations=2 (full 0):
 PSYoungGen      total 28672K, used 4094K [0x00000000eab00000, 0x00000000ee300000, 0x0000000100000000)
  eden space 24576K, 0% used [0x00000000eab00000,0x00000000eab00000,0x00000000ec300000)
  from space 4096K, 99% used [0x00000000ec700000,0x00000000ecaffb80,0x00000000ecb00000)
  to   space 4096K, 0% used [0x00000000ec300000,0x00000000ec300000,0x00000000ec700000)
 ParOldGen       total 65536K, used 4465K [0x00000000c0000000, 0x00000000c4000000, 0x00000000eab00000)
  object space 65536K, 6% used [0x00000000c0000000,0x00000000c045c420,0x00000000c4000000)
 Metaspace       used 6031K, capacity 6960K, committed 7040K, reserved 1056768K
  class space    used 598K, capacity 616K, committed 640K, reserved 1048576K
}
Event: 3.051 GC heap before
{Heap before GC invocations=3 (full 0):
 PSYoungGen      total 28672K, used 28670K [0x00000000eab00000, 0x00000000ee300000, 0x0000000100000000)
  eden space 24576K, 100% used [0x00000000eab00000,0x00000000ec300000,0x00000000ec300000)
  from space 4096K, 99% used [0x00000000ec700000,0x00000000ecaffb80,0x00000000ecb00000)
  to   space 4096K, 0% used [0x00000000ec300000,0x00000000ec300000,0x00000000ec700000)
 ParOldGen       total 65536K, used 4465K [0x00000000c0000000, 0x00000000c4000000, 0x00000000eab00000)
  object space 65536K, 6% used [0x00000000c0000000,0x00000000c045c420,0x00000000c4000000)
 Metaspace       used 6153K, capacity 7088K, committed 7296K, reserved 1056768K
  class space    used 600K, capacity 616K, committed 640K, reserved 1048576K
Event: 3.114 GC heap after
Heap after GC invocations=3 (full 0):
 PSYoungGen      total 28672K, used 4088K [0x00000000eab00000, 0x00000000ee300000, 0x0000000100000000)
  eden space 24576K, 0% used [0x00000000eab00000,0x00000000eab00000,0x00000000ec300000)
  from space 4096K, 99% used [0x00000000ec300000,0x00000000ec6fe340,0x00000000ec700000)
  to   space 4096K, 0% used [0x00000000edf00000,0x00000000edf00000,0x00000000ee300000)
 ParOldGen       total 65536K, used 8180K [0x00000000c0000000, 0x00000000c4000000, 0x00000000eab00000)
  object space 65536K, 12% used [0x00000000c0000000,0x00000000c07fd390,0x00000000c4000000)
 Metaspace       used 6153K, capacity 7088K, committed 7296K, reserved 1056768K
  class space    used 600K, capacity 616K, committed 640K, reserved 1048576K
}
Event: 3.512 GC heap before
{Heap before GC invocations=4 (full 0):
 PSYoungGen      total 28672K, used 28664K [0x00000000eab00000, 0x00000000ee300000, 0x0000000100000000)
  eden space 24576K, 100% used [0x00000000eab00000,0x00000000ec300000,0x00000000ec300000)
  from space 4096K, 99% used [0x00000000ec300000,0x00000000ec6fe340,0x00000000ec700000)
  to   space 4096K, 0% used [0x00000000edf00000,0x00000000edf00000,0x00000000ee300000)
 ParOldGen       total 65536K, used 8180K [0x00000000c0000000, 0x00000000c4000000, 0x00000000eab00000)
  object space 65536K, 12% used [0x00000000c0000000,0x00000000c07fd390,0x00000000c4000000)
 Metaspace       used 6306K, capacity 7128K, committed 7424K, reserved 1056768K
  class space    used 622K, capacity 656K, committed 768K, reserved 1048576K
Event: 3.544 GC heap after
Heap after GC invocations=4 (full 0):
 PSYoungGen      total 53248K, used 4077K [0x00000000eab00000, 0x00000000ee300000, 0x0000000100000000)
  eden space 49152K, 0% used [0x00000000eab00000,0x00000000eab00000,0x00000000edb00000)
  from space 4096K, 99% used [0x00000000edf00000,0x00000000ee2fb410,0x00000000ee300000)
  to   space 4096K, 0% used [0x00000000edb00000,0x00000000edb00000,0x00000000edf00000)
 ParOldGen       total 65536K, used 12458K [0x00000000c0000000, 0x00000000c4000000, 0x00000000eab00000)
  object space 65536K, 19% used [0x00000000c0000000,0x00000000c0c2a9f8,0x00000000c4000000)
 Metaspace       used 6306K, capacity 7128K, committed 7424K, reserved 1056768K
  class space    used 622K, capacity 656K, committed 768K, reserved 1048576K
}
Event: 3.986 GC heap before
{Heap before GC invocations=5 (full 0):
 PSYoungGen      total 53248K, used 53229K [0x00000000eab00000, 0x00000000ee300000, 0x0000000100000000)
  eden space 49152K, 100% used [0x00000000eab00000,0x00000000edb00000,0x00000000edb00000)
  from space 4096K, 99% used [0x00000000edf00000,0x00000000ee2fb410,0x00000000ee300000)
  to   space 4096K, 0% used [0x00000000edb00000,0x00000000edb00000,0x00000000edf00000)
 ParOldGen       total 65536K, used 12458K [0x00000000c0000000, 0x00000000c4000000, 0x00000000eab00000)
  object space 65536K, 19% used [0x00000000c0000000,0x00000000c0c2a9f8,0x00000000c4000000)
 Metaspace       used 6339K, capacity 7192K, committed 7424K, reserved 1056768K
  class space    used 622K, capacity 656K, committed 768K, reserved 1048576K
Event: 4.021 GC heap after
Heap after GC invocations=5 (full 0):
 PSYoungGen      total 53248K, used 4066K [0x00000000eab00000, 0x00000000f2300000, 0x0000000100000000)
  eden space 49152K, 0% used [0x00000000eab00000,0x00000000eab00000,0x00000000edb00000)
  from space 4096K, 99% used [0x00000000edb00000,0x00000000edef8bf8,0x00000000edf00000)
  to   space 12288K, 0% used [0x00000000f1700000,0x00000000f1700000,0x00000000f2300000)
 ParOldGen       total 65536K, used 19702K [0x00000000c0000000, 0x00000000c4000000, 0x00000000eab00000)
  object space 65536K, 30% used [0x00000000c0000000,0x00000000c133db70,0x00000000c4000000)
 Metaspace       used 6339K, capacity 7192K, committed 7424K, reserved 1056768K
  class space    used 622K, capacity 656K, committed 768K, reserved 1048576K
}

Deoptimization events (10 events):
Event: 3.422 Thread 0x00000000028b0800 Uncommon trap: reason=unstable_if action=reinterpret pc=0x0000000002d9e7bc method=java.util.HashMap.putVal(ILjava/lang/Object;Ljava/lang/Object;ZZ)Ljava/lang/Object; @ 162
Event: 3.781 Thread 0x0000000016c55800 Uncommon trap: reason=bimorphic action=maybe_recompile pc=0x0000000002fed734 method=com.android.dx.ssa.LiteralOpUpgrader.tryReplacingWithConstant(Lcom/android/dx/ssa/NormalSsaInsn;)Z @ 52
Event: 3.924 Thread 0x0000000016c55800 Uncommon trap: reason=bimorphic action=maybe_recompile pc=0x0000000002fed734 method=com.android.dx.ssa.LiteralOpUpgrader.tryReplacingWithConstant(Lcom/android/dx/ssa/NormalSsaInsn;)Z @ 52
Event: 3.926 Thread 0x0000000016c55800 Uncommon trap: reason=bimorphic action=maybe_recompile pc=0x0000000002fed734 method=com.android.dx.ssa.LiteralOpUpgrader.tryReplacingWithConstant(Lcom/android/dx/ssa/NormalSsaInsn;)Z @ 52
Event: 3.961 Thread 0x00000000028b0800 Uncommon trap: reason=unstable_if action=reinterpret pc=0x00000000030150a4 method=com.android.dx.ssa.LocalVariableExtractor.processBlock(I)V @ 251
Event: 3.982 Thread 0x0000000016c54000 Uncommon trap: reason=bimorphic action=maybe_recompile pc=0x0000000002fed734 method=com.android.dx.ssa.LiteralOpUpgrader.tryReplacingWithConstant(Lcom/android/dx/ssa/NormalSsaInsn;)Z @ 52
Event: 4.344 Thread 0x0000000016c54000 Uncommon trap: reason=class_check action=maybe_recompile pc=0x0000000003066ff4 method=com.android.dx.cf.code.BytecodeArray.parseInstruction(ILcom/android/dx/cf/code/BytecodeArray$Visitor;)I @ 1807
Event: 4.345 Thread 0x0000000016c54000 Uncommon trap: reason=class_check action=maybe_recompile pc=0x0000000003066ad8 method=com.android.dx.cf.code.BytecodeArray.parseInstruction(ILcom/android/dx/cf/code/BytecodeArray$Visitor;)I @ 1417
Event: 4.345 Thread 0x0000000016c54000 Uncommon trap: reason=class_check action=maybe_recompile pc=0x0000000003066ff4 method=com.android.dx.cf.code.BytecodeArray.parseInstruction(ILcom/android/dx/cf/code/BytecodeArray$Visitor;)I @ 1807
Event: 4.345 Thread 0x0000000016c54000 Uncommon trap: reason=class_check action=maybe_recompile pc=0x0000000003066ff4 method=com.android.dx.cf.code.BytecodeArray.parseInstruction(ILcom/android/dx/cf/code/BytecodeArray$Visitor;)I @ 1807

Internal exceptions (7 events):
Event: 0.322 Thread 0x00000000028b0800 Exception <a 'java/lang/NoSuchMethodError': Method sun.misc.Unsafe.defineClass(Ljava/lang/String;[BII)Ljava/lang/Class; name or signature does not match> (0x00000000eab0d5b8) thrown at [D:\re\puppet\workspace\8-2-build-windows-amd64-cygwin\jdk8u73\6086\hot1Gö”Ô?
Event: 0.322 Thread 0x00000000028b0800 Exception <a 'java/lang/NoSuchMethodError': Method sun.misc.Unsafe.prefetchRead(Ljava/lang/Object;J)V name or signature does not match> (0x00000000eab0d8a0) thrown at [D:\re\puppet\workspace\8-2-build-windows-amd64-cygwin\jdk8u73\6086\hotspot\src\share\vm\+s3ß}`@
Event: 2.297 Thread 0x0000000016c55800 Implicit null exception at 0x0000000002ce2d22 to 0x0000000002ce2e1a
Event: 2.839 Thread 0x0000000016c54000 Implicit null exception at 0x0000000002cda176 to 0x0000000002cdb9f1
Event: 3.386 Thread 0x0000000016c54000 Exception <a 'java/lang/ArrayIndexOutOfBoundsException': 18> (0x00000000eb9b1260) thrown at [D:\re\puppet\workspace\8-2-build-windows-amd64-cygwin\jdk8u73\6086\hotspot\src\share\vm\interpreter\interpreterRuntime.cpp, line 366]
Event: 3.387 Thread 0x0000000016c54000 Exception <a 'java/lang/ArrayIndexOutOfBoundsException'> (0x00000000eb9b2de0) thrown at [D:\re\puppet\workspace\8-2-build-windows-amd64-cygwin\jdk8u73\6086\hotspot\src\share\vm\runtime\sharedRuntime.cpp, line 605]
Event: 3.388 Thread 0x0000000016c54000 Exception <a 'java/lang/ArrayIndexOutOfBoundsException'> (0x00000000eb9b40c8) thrown at [D:\re\puppet\workspace\8-2-build-windows-amd64-cygwin\jdk8u73\6086\hotspot\src\share\vm\runtime\sharedRuntime.cpp, line 605]

Events (10 events):
Event: 4.344 Thread 0x0000000016c54000 Uncommon trap: trap_request=0xffffffde fr.pc=0x0000000003066ad8
Event: 4.345 Thread 0x0000000016c54000 DEOPT PACKING pc=0x0000000003066ad8 sp=0x00000000173be8d0
Event: 4.345 Thread 0x0000000016c54000 DEOPT UNPACKING pc=0x00000000029f582a sp=0x00000000173be888 mode 2
Event: 4.345 Thread 0x0000000016c54000 Uncommon trap: trap_request=0xffffffde fr.pc=0x0000000003066ff4
Event: 4.345 Thread 0x0000000016c54000 DEOPT PACKING pc=0x0000000003066ff4 sp=0x00000000173be8d0
Event: 4.345 Thread 0x0000000016c54000 DEOPT UNPACKING pc=0x00000000029f582a sp=0x00000000173be888 mode 2
Event: 4.345 Thread 0x0000000016c54000 Uncommon trap: trap_request=0xffffffde fr.pc=0x0000000003066ff4
Event: 4.345 Thread 0x0000000016c54000 DEOPT PACKING pc=0x0000000003066ff4 sp=0x00000000173be8d0
Event: 4.345 Thread 0x0000000016c54000 DEOPT UNPACKING pc=0x00000000029f582a sp=0x00000000173be888 mode 2
Event: 4.357 Thread 0x0000000016c54000 Thread exited: 0x0000000016c54000


Dynamic libraries:
0x00007ff6ea4b0000 - 0x00007ff6ea4e7000 	C:\Program Files\Java\jdk1.8.0_73\bin\java.exe
0x00007ffee20b0000 - 0x00007ffee2272000 	C:\Windows\SYSTEM32\ntdll.dll
0x00007ffee19a0000 - 0x00007ffee1a4d000 	C:\Windows\system32\KERNEL32.DLL
0x00007ffedf5a0000 - 0x00007ffedf77d000 	C:\Windows\system32\KERNELBASE.dll
0x00007ffee1a50000 - 0x00007ffee1af6000 	C:\Windows\system32\ADVAPI32.dll
0x00007ffee1c40000 - 0x00007ffee1cdd000 	C:\Windows\system32\msvcrt.dll
0x00007ffee00c0000 - 0x00007ffee011b000 	C:\Windows\system32\sechost.dll
0x00007ffee1d20000 - 0x00007ffee1e46000 	C:\Windows\system32\RPCRT4.dll
0x00007ffedfef0000 - 0x00007ffee003e000 	C:\Windows\system32\USER32.dll
0x00007ffee16c0000 - 0x00007ffee1845000 	C:\Windows\system32\GDI32.dll
0x00007ffecd5e0000 - 0x00007ffecd854000 	C:\Windows\WinSxS\amd64_microsoft.windows.common-controls_6595b64144ccf1df_6.0.10240.16384_none_f41f7b285750ef43\COMCTL32.dll
0x00007ffee1ce0000 - 0x00007ffee1d16000 	C:\Windows\system32\IMM32.DLL
0x00007ffedfa50000 - 0x00007ffedfbac000 	C:\Windows\system32\MSCTF.dll
0x0000000061db0000 - 0x0000000061e82000 	C:\Program Files\Java\jdk1.8.0_73\jre\bin\msvcr100.dll
0x0000000062230000 - 0x0000000062ac0000 	C:\Program Files\Java\jdk1.8.0_73\jre\bin\server\jvm.dll
0x00007ffee0040000 - 0x00007ffee0048000 	C:\Windows\system32\PSAPI.DLL
0x00007ffed98b0000 - 0x00007ffed98b9000 	C:\Windows\SYSTEM32\WSOCK32.dll
0x00007ffee2020000 - 0x00007ffee2089000 	C:\Windows\system32\WS2_32.dll
0x00007ffee16b0000 - 0x00007ffee16b8000 	C:\Windows\system32\NSI.dll
0x00007ffed7d30000 - 0x00007ffed7d53000 	C:\Windows\SYSTEM32\WINMM.dll
0x00007ffed4b40000 - 0x00007ffed4b4a000 	C:\Windows\SYSTEM32\VERSION.dll
0x00007ffed7430000 - 0x00007ffed745c000 	C:\Windows\SYSTEM32\WINMMBASE.dll
0x00007ffedec30000 - 0x00007ffedec74000 	C:\Windows\system32\cfgmgr32.dll
0x00007ffedd450000 - 0x00007ffedd477000 	C:\Windows\SYSTEM32\DEVOBJ.dll
0x0000000062220000 - 0x000000006222f000 	C:\Program Files\Java\jdk1.8.0_73\jre\bin\verify.dll
0x00000000621f0000 - 0x0000000062219000 	C:\Program Files\Java\jdk1.8.0_73\jre\bin\java.dll
0x00000000621d0000 - 0x00000000621e6000 	C:\Program Files\Java\jdk1.8.0_73\jre\bin\zip.dll
0x00007ffee0120000 - 0x00007ffee1645000 	C:\Windows\system32\SHELL32.dll
0x00007ffedee50000 - 0x00007ffedf478000 	C:\Windows\system32\windows.storage.dll
0x00007ffedfc70000 - 0x00007ffedfeec000 	C:\Windows\system32\combase.dll
0x00007ffee1650000 - 0x00007ffee16a1000 	C:\Windows\system32\shlwapi.dll
0x00007ffedeb50000 - 0x00007ffedeb5f000 	C:\Windows\system32\kernel.appcore.dll
0x00007ffedf480000 - 0x00007ffedf533000 	C:\Windows\system32\shcore.dll
0x00007ffedeae0000 - 0x00007ffedeb2a000 	C:\Windows\system32\powrprof.dll
0x00007ffedeb60000 - 0x00007ffedeb73000 	C:\Windows\system32\profapi.dll

VM Arguments:
jvm_args: -Djava.awt.headless=true -Xmx1024M -Dfile.encoding=windows-1252 -Duser.country=US -Duser.language=en -Duser.variant 
java_command: com.android.dx.command.Main --dex --force-jumbo --num-threads=4 --multi-dex --output C:\Users\user\AndroidStudioProjects\ExpenseManager\app\build\intermediates\transforms\dex\debug\folders\1000\10\com.android.support-recyclerview-v7-23.4.0_5156805f4d7e1d0acef1cc9912695743a5a662bc C:\Users\user\AndroidStudioProjects\ExpenseManager\app\build\intermediates\exploded-aar\com.android.support\recyclerview-v7\23.4.0\jars\classes.jar
java_class_path (initial): C:\Users\user\AppData\Local\Android\sdk\build-tools\23.0.3\lib\dx.jar
Launcher Type: SUN_STANDARD

Environment Variables:
PATH=C:\ProgramData\Oracle\Java\javapath;D:\DevSuiteHome_1\jdk\jre\bin\classic;D:\DevSuiteHome_1\jdk\jre\bin;D:\DevSuiteHome_1\jdk\jre\bin\client;D:\DevSuiteHome_1\jlib;D:\DevSuiteHome_1\bin;D:\DevSuiteHome_1\jre\1.4.2\bin\client;D:\DevSuiteHome_1\jre\1.4.2\bin;C:\Windows\system32;C:\Windows;C:\Windows\System32\Wbem;C:\Windows\System32\WindowsPowerShell\v1.0\;C:\Program Files (x86)\Skype\Phone\;C:\Program Files (x86)\CrSSL\bin;C:\Program Files\CrSSL\bin;C:\Program Files (x86)\CrSSL\bin
USERNAME=user
OS=Windows_NT
PROCESSOR_IDENTIFIER=Intel64 Family 6 Model 69 Stepping 1, GenuineIntel



---------------  S Y S T E M  ---------------

OS: Windows 10.0 , 64 bit Build 10240 (10.0.10240.16384)

CPU:total 4 (2 cores per cpu, 2 threads per core) family 6 model 69 stepping 1, cmov, cx8, fxsr, mmx, sse, sse2, sse3, ssse3, sse4.1, sse4.2, popcnt, avx, avx2, aes, clmul, erms, lzcnt, ht, tsc, tscinvbit, bmi1, bmi2

Memory: 4k page, physical 6214896k(392648k free), swap 7918816k(5760k free)

vm_info: Java HotSpot(TM) 64-Bit Server VM (25.73-b02) for windows-amd64 JRE (1.8.0_73-b02), built on Jan 29 2016 17:38:49 by "java_re" with MS VC++ 10.0 (VS2010)

time: Thu Jul 07 11:21:08 2016
elapsed time: 4 seconds (0d 0h 0m 4s)

