#
# There is insufficient memory for the Java Runtime Environment to continue.
# Native memory allocation (malloc) failed to allocate 262160 bytes for Chunk::new
# Possible reasons:
#   The system is out of physical RAM or swap space
#   In 32 bit mode, the process size limit was hit
# Possible solutions:
#   Reduce memory load on the system
#   Increase physical memory or swap space
#   Check if swap backing store is full
#   Use 64 bit Java on a 64 bit OS
#   Decrease Java heap size (-Xmx/-Xms)
#   Decrease number of Java threads
#   Decrease Java thread stack sizes (-Xss)
#   Set larger code cache with -XX:ReservedCodeCacheSize=
# This output file may be truncated or incomplete.
#
#  Out of Memory Error (allocation.cpp:390), pid=9336, tid=7000
#
# JRE version: Java(TM) SE Runtime Environment (8.0_73-b02) (build 1.8.0_73-b02)
# Java VM: Java HotSpot(TM) 64-Bit Server VM (25.73-b02 mixed mode windows-amd64 compressed oops)
# Failed to write core dump. Minidumps are not enabled by default on client versions of Windows
#

---------------  T H R E A D  ---------------

Current thread (0x0000000015c19800):  JavaThread "C2 CompilerThread0" daemon [_thread_in_native, id=7000, stack(0x0000000017260000,0x0000000017360000)]

Stack: [0x0000000017260000,0x0000000017360000]
[error occurred during error reporting (printing stack bounds), id 0xc0000005]

Native frames: (J=compiled Java code, j=interpreted, Vv=VM code, C=native code)


Current CompileTask:
C2:   2829 1314   !   4       com.android.dx.cf.code.BytecodeArray::parseInstruction (2764 bytes)


---------------  P R O C E S S  ---------------

Java Threads: ( => current thread )
  0x00000000176ea800 JavaThread "pool-1-thread-1" [_thread_in_vm, id=960, stack(0x0000000017b60000,0x0000000017c60000)]
  0x0000000017587000 JavaThread "Service Thread" daemon [_thread_blocked, id=7384, stack(0x0000000017960000,0x0000000017a60000)]
  0x0000000015c21800 JavaThread "C1 CompilerThread2" daemon [_thread_blocked, id=8424, stack(0x0000000017460000,0x0000000017560000)]
  0x0000000015c1c800 JavaThread "C2 CompilerThread1" daemon [_thread_in_native, id=6692, stack(0x0000000017360000,0x0000000017460000)]
=>0x0000000015c19800 JavaThread "C2 CompilerThread0" daemon [_thread_in_native, id=7000, stack(0x0000000017260000,0x0000000017360000)]
  0x0000000015c17800 JavaThread "Attach Listener" daemon [_thread_blocked, id=9368, stack(0x0000000017160000,0x0000000017260000)]
  0x0000000015c2c000 JavaThread "Signal Dispatcher" daemon [_thread_blocked, id=10816, stack(0x0000000017060000,0x0000000017160000)]
  0x0000000003546000 JavaThread "Finalizer" daemon [_thread_blocked, id=1128, stack(0x0000000016e80000,0x0000000016f80000)]
  0x000000000353d000 JavaThread "Reference Handler" daemon [_thread_blocked, id=5536, stack(0x0000000016d80000,0x0000000016e80000)]
  0x0000000003450800 JavaThread "main" [_thread_blocked, id=5800, stack(0x00000000029d0000,0x0000000002ad0000)]

Other Threads:
  0x0000000015be8000 VMThread [stack: 0x0000000016c80000,0x0000000016d80000] [id=6720]
  0x00000000175b3000 WatcherThread [stack: 0x0000000017a60000,0x0000000017b60000] [id=10484]

VM state:not at safepoint (normal execution)

VM Mutex/Monitor currently owned by a thread: None

Heap:
 PSYoungGen      total 53248K, used 36603K [0x00000000eab00000, 0x00000000ee300000, 0x0000000100000000)
  eden space 49152K, 66% used [0x00000000eab00000,0x00000000ecac04b0,0x00000000edb00000)
  from space 4096K, 99% used [0x00000000edf00000,0x00000000ee2fe7b0,0x00000000ee300000)
  to   space 4096K, 0% used [0x00000000edb00000,0x00000000edb00000,0x00000000edf00000)
 ParOldGen       total 65536K, used 13950K [0x00000000c0000000, 0x00000000c4000000, 0x00000000eab00000)
  object space 65536K, 21% used [0x00000000c0000000,0x00000000c0d9f968,0x00000000c4000000)
 Metaspace       used 5803K, capacity 6896K, committed 7040K, reserved 1056768K
  class space    used 585K, capacity 616K, committed 640K, reserved 1048576K

Card table byte_map: [0x0000000012910000,0x0000000012b20000] byte_map_base: 0x0000000012310000

Marking Bits: (ParMarkBitMap*) 0x00000000033d0600
 Begin Bits: [0x0000000013080000, 0x0000000014080000)
 End Bits:   [0x0000000014080000, 0x0000000015080000)

Polling page: 0x0000000001270000

CodeCache: size=245760Kb used=5297Kb max_used=5297Kb free=240462Kb
 bounds [0x0000000003550000, 0x0000000003a90000, 0x0000000012550000]
 total_blobs=1590 nmethods=1328 adapters=175
 compilation: enabled

Compilation events (10 events):
Event: 2.745 Thread 0x0000000015c21800 1365       1       com.android.dx.dex.file.MemberIdItem::getRef (5 bytes)
Event: 2.745 Thread 0x0000000015c21800 nmethod 1365 0x0000000003a7fed0 code [0x0000000003a80020, 0x0000000003a80130]
Event: 2.745 Thread 0x0000000015c21800 1366       2       com.android.dx.dex.file.OffsettedItem::<init> (44 bytes)
Event: 2.745 Thread 0x0000000015c21800 nmethod 1366 0x0000000003a80190 code [0x0000000003a80320, 0x0000000003a80618]
Event: 2.745 Thread 0x0000000015c21800 1367       2       com.android.dx.dex.file.StringIdsSection::intern (13 bytes)
Event: 2.746 Thread 0x0000000015c21800 nmethod 1367 0x0000000003a80790 code [0x0000000003a80900, 0x0000000003a80bb8]
Event: 2.746 Thread 0x0000000015c21800 1368       2       com.android.dx.dex.file.StringIdItem::<init> (29 bytes)
Event: 2.746 Thread 0x0000000015c21800 nmethod 1368 0x0000000003a80d10 code [0x0000000003a80e80, 0x0000000003a810a8]
Event: 2.746 Thread 0x0000000015c21800 1369       1       com.android.dx.dex.file.DexFile::getProtoIds (5 bytes)
Event: 2.746 Thread 0x0000000015c21800 nmethod 1369 0x0000000003a81190 code [0x0000000003a812e0, 0x0000000003a813f0]

GC Heap History (4 events):
Event: 0.950 GC heap before
{Heap before GC invocations=1 (full 0):
 PSYoungGen      total 28672K, used 24576K [0x00000000eab00000, 0x00000000ecb00000, 0x0000000100000000)
  eden space 24576K, 100% used [0x00000000eab00000,0x00000000ec300000,0x00000000ec300000)
  from space 4096K, 0% used [0x00000000ec700000,0x00000000ec700000,0x00000000ecb00000)
  to   space 4096K, 0% used [0x00000000ec300000,0x00000000ec300000,0x00000000ec700000)
 ParOldGen       total 65536K, used 0K [0x00000000c0000000, 0x00000000c4000000, 0x00000000eab00000)
  object space 65536K, 0% used [0x00000000c0000000,0x00000000c0000000,0x00000000c4000000)
 Metaspace       used 5638K, capacity 6768K, committed 7040K, reserved 1056768K
  class space    used 577K, capacity 616K, committed 640K, reserved 1048576K
Event: 1.047 GC heap after
Heap after GC invocations=1 (full 0):
 PSYoungGen      total 28672K, used 4084K [0x00000000eab00000, 0x00000000ee300000, 0x0000000100000000)
  eden space 24576K, 0% used [0x00000000eab00000,0x00000000eab00000,0x00000000ec300000)
  from space 4096K, 99% used [0x00000000ec300000,0x00000000ec6fd340,0x00000000ec700000)
  to   space 4096K, 0% used [0x00000000edf00000,0x00000000edf00000,0x00000000ee300000)
 ParOldGen       total 65536K, used 4399K [0x00000000c0000000, 0x00000000c4000000, 0x00000000eab00000)
  object space 65536K, 6% used [0x00000000c0000000,0x00000000c044bef8,0x00000000c4000000)
 Metaspace       used 5638K, capacity 6768K, committed 7040K, reserved 1056768K
  class space    used 577K, capacity 616K, committed 640K, reserved 1048576K
}
Event: 1.425 GC heap before
{Heap before GC invocations=2 (full 0):
 PSYoungGen      total 28672K, used 28660K [0x00000000eab00000, 0x00000000ee300000, 0x0000000100000000)
  eden space 24576K, 100% used [0x00000000eab00000,0x00000000ec300000,0x00000000ec300000)
  from space 4096K, 99% used [0x00000000ec300000,0x00000000ec6fd340,0x00000000ec700000)
  to   space 4096K, 0% used [0x00000000edf00000,0x00000000edf00000,0x00000000ee300000)
 ParOldGen       total 65536K, used 4399K [0x00000000c0000000, 0x00000000c4000000, 0x00000000eab00000)
  object space 65536K, 6% used [0x00000000c0000000,0x00000000c044bef8,0x00000000c4000000)
 Metaspace       used 5693K, capacity 6832K, committed 7040K, reserved 1056768K
  class space    used 578K, capacity 616K, committed 640K, reserved 1048576K
Event: 1.599 GC heap after
Heap after GC invocations=2 (full 0):
 PSYoungGen      total 53248K, used 4089K [0x00000000eab00000, 0x00000000ee300000, 0x0000000100000000)
  eden space 49152K, 0% used [0x00000000eab00000,0x00000000eab00000,0x00000000edb00000)
  from space 4096K, 99% used [0x00000000edf00000,0x00000000ee2fe7b0,0x00000000ee300000)
  to   space 4096K, 0% used [0x00000000edb00000,0x00000000edb00000,0x00000000edf00000)
 ParOldGen       total 65536K, used 13950K [0x00000000c0000000, 0x00000000c4000000, 0x00000000eab00000)
  object space 65536K, 21% used [0x00000000c0000000,0x00000000c0d9f968,0x00000000c4000000)
 Metaspace       used 5693K, capacity 6832K, committed 7040K, reserved 1056768K
  class space    used 578K, capacity 616K, committed 640K, reserved 1048576K
}

Deoptimization events (10 events):
Event: 2.700 Thread 0x00000000176ea800 Uncommon trap: reason=class_check action=maybe_recompile pc=0x0000000003a43f08 method=java.util.Arrays.hashCode([Ljava/lang/Object;)I @ 43
Event: 2.700 Thread 0x00000000176ea800 Uncommon trap: reason=class_check action=maybe_recompile pc=0x0000000003a44ba8 method=java.util.Arrays.hashCode([Ljava/lang/Object;)I @ 43
Event: 2.706 Thread 0x00000000176ea800 Uncommon trap: reason=bimorphic action=maybe_recompile pc=0x00000000037277ac method=java.util.HashMap.getNode(ILjava/lang/Object;)Ljava/util/HashMap$Node; @ 126
Event: 2.706 Thread 0x00000000176ea800 Uncommon trap: reason=class_check action=maybe_recompile pc=0x00000000039cca7c method=java.util.HashMap.putVal(ILjava/lang/Object;Ljava/lang/Object;ZZ)Ljava/lang/Object; @ 203
Event: 2.706 Thread 0x00000000176ea800 Uncommon trap: reason=bimorphic action=maybe_recompile pc=0x00000000037277ac method=java.util.HashMap.getNode(ILjava/lang/Object;)Ljava/util/HashMap$Node; @ 126
Event: 2.707 Thread 0x00000000176ea800 Uncommon trap: reason=class_check action=maybe_recompile pc=0x00000000039cca7c method=java.util.HashMap.putVal(ILjava/lang/Object;Ljava/lang/Object;ZZ)Ljava/lang/Object; @ 203
Event: 2.707 Thread 0x00000000176ea800 Uncommon trap: reason=bimorphic action=maybe_recompile pc=0x00000000037277ac method=java.util.HashMap.getNode(ILjava/lang/Object;)Ljava/util/HashMap$Node; @ 126
Event: 2.707 Thread 0x00000000176ea800 Uncommon trap: reason=class_check action=maybe_recompile pc=0x00000000039cca7c method=java.util.HashMap.putVal(ILjava/lang/Object;Ljava/lang/Object;ZZ)Ljava/lang/Object; @ 203
Event: 2.721 Thread 0x00000000176ea800 Uncommon trap: reason=class_check action=maybe_recompile pc=0x00000000039cca7c method=java.util.HashMap.putVal(ILjava/lang/Object;Ljava/lang/Object;ZZ)Ljava/lang/Object; @ 203
Event: 2.721 Thread 0x00000000176ea800 Uncommon trap: reason=class_check action=maybe_recompile pc=0x0000000003985714 method=java.util.HashMap.putVal(ILjava/lang/Object;Ljava/lang/Object;ZZ)Ljava/lang/Object; @ 203

Internal exceptions (2 events):
Event: 0.072 Thread 0x0000000003450800 Exception <a 'java/lang/NoSuchMethodError': Method sun.misc.Unsafe.defineClass(Ljava/lang/String;[BII)Ljava/lang/Class; name or signature does not match> (0x00000000eab0d4f8) thrown at [D:\re\puppet\workspace\8-2-build-windows-amd64-cygwin\jdk8u73\6086\hot—JP[»Ö≤?
Event: 0.072 Thread 0x0000000003450800 Exception <a 'java/lang/NoSuchMethodError': Method sun.misc.Unsafe.prefetchRead(Ljava/lang/Object;J)V name or signature does not match> (0x00000000eab0d7e0) thrown at [D:\re\puppet\workspace\8-2-build-windows-amd64-cygwin\jdk8u73\6086\hotspot\src\share\vm\

Events (10 events):
Event: 2.707 Thread 0x00000000176ea800 DEOPT PACKING pc=0x00000000039cca7c sp=0x0000000017c5f020
Event: 2.707 Thread 0x00000000176ea800 DEOPT UNPACKING pc=0x000000000359582a sp=0x0000000017c5ef48 mode 2
Event: 2.721 Thread 0x00000000176ea800 Uncommon trap: trap_request=0xffffffde fr.pc=0x00000000039cca7c
Event: 2.721 Thread 0x00000000176ea800 DEOPT PACKING pc=0x00000000039cca7c sp=0x0000000017c5eee0
Event: 2.721 Thread 0x00000000176ea800 DEOPT UNPACKING pc=0x000000000359582a sp=0x0000000017c5edf0 mode 2
Event: 2.721 Thread 0x00000000176ea800 Uncommon trap: trap_request=0xffffffde fr.pc=0x0000000003985714
Event: 2.721 Thread 0x00000000176ea800 DEOPT PACKING pc=0x0000000003985714 sp=0x0000000017c5ee30
Event: 2.721 Thread 0x00000000176ea800 DEOPT UNPACKING pc=0x000000000359582a sp=0x0000000017c5ede8 mode 2
Event: 2.743 loading class com/android/dx/dex/file/ProtoIdItem
Event: 2.743 loading class com/android/dx/dex/file/ProtoIdItem done


Dynamic libraries:
0x00007ff76ba80000 - 0x00007ff76bab7000 	C:\Program Files\Java\jdk1.8.0_73\bin\java.exe
0x00007ffe70490000 - 0x00007ffe70652000 	C:\Windows\SYSTEM32\ntdll.dll
0x00007ffe70100000 - 0x00007ffe701ad000 	C:\Windows\system32\KERNEL32.DLL
0x00007ffe6d700000 - 0x00007ffe6d8dd000 	C:\Windows\system32\KERNELBASE.dll
0x0000000074930000 - 0x00000000749e1000 	C:\Program Files\Bitdefender\Bitdefender 2016\Active Virus Control\Avc3_00363_002\avcuf64.dll
0x00007ffe6fdd0000 - 0x00007ffe6fe76000 	C:\Windows\system32\ADVAPI32.dll
0x00007ffe6fc40000 - 0x00007ffe6fcdd000 	C:\Windows\system32\msvcrt.dll
0x00007ffe6db60000 - 0x00007ffe6dbbb000 	C:\Windows\system32\sechost.dll
0x00007ffe702b0000 - 0x00007ffe703d6000 	C:\Windows\system32\RPCRT4.dll
0x00007ffe6dd80000 - 0x00007ffe6dece000 	C:\Windows\system32\USER32.dll
0x00007ffe6e120000 - 0x00007ffe6e2a5000 	C:\Windows\system32\GDI32.dll
0x00007ffe5bc10000 - 0x00007ffe5be84000 	C:\Windows\WinSxS\amd64_microsoft.windows.common-controls_6595b64144ccf1df_6.0.10240.16384_none_f41f7b285750ef43\COMCTL32.dll
0x00007ffe70270000 - 0x00007ffe702a6000 	C:\Windows\system32\IMM32.DLL
0x00007ffe6dbc0000 - 0x00007ffe6dd1c000 	C:\Windows\system32\MSCTF.dll
0x0000000074b70000 - 0x0000000074c42000 	C:\Program Files\Java\jdk1.8.0_73\jre\bin\msvcr100.dll
0x0000000002bc0000 - 0x0000000003450000 	C:\Program Files\Java\jdk1.8.0_73\jre\bin\server\jvm.dll
0x00007ffe6e020000 - 0x00007ffe6e028000 	C:\Windows\system32\PSAPI.DLL
0x00007ffe61450000 - 0x00007ffe61459000 	C:\Windows\SYSTEM32\WSOCK32.dll
0x00007ffe6e2b0000 - 0x00007ffe6e319000 	C:\Windows\system32\WS2_32.dll
0x00007ffe6fa00000 - 0x00007ffe6fa08000 	C:\Windows\system32\NSI.dll
0x00007ffe6a840000 - 0x00007ffe6a863000 	C:\Windows\SYSTEM32\WINMM.dll
0x00007ffe6afd0000 - 0x00007ffe6afda000 	C:\Windows\SYSTEM32\VERSION.dll
0x00007ffe6a810000 - 0x00007ffe6a83c000 	C:\Windows\SYSTEM32\WINMMBASE.dll
0x00007ffe6db10000 - 0x00007ffe6db54000 	C:\Windows\system32\cfgmgr32.dll
0x00007ffe6b790000 - 0x00007ffe6b7b7000 	C:\Windows\SYSTEM32\DEVOBJ.dll
0x0000000075980000 - 0x000000007598f000 	C:\Program Files\Java\jdk1.8.0_73\jre\bin\verify.dll
0x0000000075950000 - 0x0000000075979000 	C:\Program Files\Java\jdk1.8.0_73\jre\bin\java.dll
0x0000000075930000 - 0x0000000075946000 	C:\Program Files\Java\jdk1.8.0_73\jre\bin\zip.dll
0x00007ffe6e4d0000 - 0x00007ffe6f9f5000 	C:\Windows\system32\SHELL32.dll
0x00007ffe6d0d0000 - 0x00007ffe6d6f8000 	C:\Windows\system32\windows.storage.dll
0x00007ffe6fe80000 - 0x00007ffe700fc000 	C:\Windows\system32\combase.dll
0x00007ffe6fa10000 - 0x00007ffe6fa61000 	C:\Windows\system32\shlwapi.dll
0x00007ffe6cf00000 - 0x00007ffe6cf0f000 	C:\Windows\system32\kernel.appcore.dll
0x00007ffe6d010000 - 0x00007ffe6d0c3000 	C:\Windows\system32\shcore.dll
0x00007ffe6cf10000 - 0x00007ffe6cf5a000 	C:\Windows\system32\powrprof.dll
0x00007ffe6cee0000 - 0x00007ffe6cef3000 	C:\Windows\system32\profapi.dll

VM Arguments:
jvm_args: -Djava.awt.headless=true -Xmx1024M -Dfile.encoding=windows-1252 -Duser.country=US -Duser.language=en -Duser.variant 
java_command: com.android.dx.command.Main --dex --force-jumbo --num-threads=4 --multi-dex --output C:\Users\user\AndroidStudioProjects\ExpenseManager\app\build\intermediates\transforms\dex\debug\folders\1000\5\slice_6 C:\Users\user\AndroidStudioProjects\ExpenseManager\app\build\intermediates\transforms\instantRunSlicer\debug\folders\1\5\slice_6
java_class_path (initial): C:\Users\user\AppData\Local\Android\sdk\build-tools\23.0.3\lib\dx.jar
Launcher Type: SUN_STANDARD

Environment Variables:
PATH=C:\ProgramData\Oracle\Java\javapath;D:\DevSuiteHome_1\jdk\jre\bin\classic;D:\DevSuiteHome_1\jdk\jre\bin;D:\DevSuiteHome_1\jdk\jre\bin\client;D:\DevSuiteHome_1\jlib;D:\DevSuiteHome_1\bin;D:\DevSuiteHome_1\jre\1.4.2\bin\client;D:\DevSuiteHome_1\jre\1.4.2\bin;C:\Windows\system32;C:\Windows;C:\Windows\System32\Wbem;C:\Windows\System32\WindowsPowerShell\v1.0\;C:\Program Files (x86)\Skype\Phone\;C:\Program Files (x86)\CrSSL\bin;C:\Program Files\CrSSL\bin;C:\Program Files (x86)\CrSSL\bin
USERNAME=user
OS=Windows_NT
PROCESSOR_IDENTIFIER=Intel64 Family 6 Model 69 Stepping 1, GenuineIntel



---------------  S Y S T E M  ---------------

OS: Windows 10.0 , 64 bit Build 10240 (10.0.10240.16384)

CPU:total 4 (2 cores per cpu, 2 threads per core) family 6 model 69 stepping 1, cmov, cx8, fxsr, mmx, sse, sse2, sse3, ssse3, sse4.1, sse4.2, popcnt, avx, avx2, aes, clmul, erms, lzcnt, ht, tsc, tscinvbit, bmi1, bmi2

Memory: 4k page, physical 6214896k(282812k free), swap 7918832k(5144k free)

vm_info: Java HotSpot(TM) 64-Bit Server VM (25.73-b02) for windows-amd64 JRE (1.8.0_73-b02), built on Jan 29 2016 17:38:49 by "java_re" with MS VC++ 10.0 (VS2010)

time: Fri Jun 24 19:52:26 2016
elapsed time: 2 seconds (0d 0h 0m 2s)

