#
# There is insufficient memory for the Java Runtime Environment to continue.
# Native memory allocation (malloc) failed to allocate 632496 bytes for Chunk::new
# Possible reasons:
#   The system is out of physical RAM or swap space
#   In 32 bit mode, the process size limit was hit
# Possible solutions:
#   Reduce memory load on the system
#   Increase physical memory or swap space
#   Check if swap backing store is full
#   Use 64 bit Java on a 64 bit OS
#   Decrease Java heap size (-Xmx/-Xms)
#   Decrease number of Java threads
#   Decrease Java thread stack sizes (-Xss)
#   Set larger code cache with -XX:ReservedCodeCacheSize=
# This output file may be truncated or incomplete.
#
#  Out of Memory Error (allocation.cpp:390), pid=10120, tid=3180
#
# JRE version: Java(TM) SE Runtime Environment (8.0_73-b02) (build 1.8.0_73-b02)
# Java VM: Java HotSpot(TM) 64-Bit Server VM (25.73-b02 mixed mode windows-amd64 compressed oops)
# Failed to write core dump. Minidumps are not enabled by default on client versions of Windows
#

---------------  T H R E A D  ---------------

Current thread (0x0000000015a39800):  JavaThread "C2 CompilerThread0" daemon [_thread_in_native, id=3180, stack(0x0000000017080000,0x0000000017180000)]

Stack: [0x0000000017080000,0x0000000017180000]
[error occurred during error reporting (printing stack bounds), id 0xc0000005]

Native frames: (J=compiled Java code, j=interpreted, Vv=VM code, C=native code)


Current CompileTask:
C2:   3749 1526       4       com.android.dx.rop.code.LocalVariableExtractor::processBlock (327 bytes)


---------------  P R O C E S S  ---------------

Java Threads: ( => current thread )
  0x0000000017648000 JavaThread "pool-2-thread-4" [_thread_blocked, id=6320, stack(0x0000000017d80000,0x0000000017e80000)]
  0x0000000017647000 JavaThread "pool-2-thread-3" [_thread_in_Java, id=11192, stack(0x0000000017c80000,0x0000000017d80000)]
  0x0000000017646800 JavaThread "pool-2-thread-2" [_thread_blocked, id=8296, stack(0x0000000017b80000,0x0000000017c80000)]
  0x0000000017643800 JavaThread "pool-3-thread-1" [_thread_blocked, id=8472, stack(0x0000000017a80000,0x0000000017b80000)]
  0x0000000017641000 JavaThread "pool-2-thread-1" [_thread_blocked, id=4472, stack(0x0000000017980000,0x0000000017a80000)]
  0x0000000015a4a800 JavaThread "Service Thread" daemon [_thread_blocked, id=8364, stack(0x0000000017780000,0x0000000017880000)]
  0x0000000015a41800 JavaThread "C1 CompilerThread2" daemon [_thread_in_native, id=5544, stack(0x0000000017280000,0x0000000017380000)]
  0x0000000015a3c800 JavaThread "C2 CompilerThread1" daemon [_thread_blocked, id=9488, stack(0x0000000017180000,0x0000000017280000)]
=>0x0000000015a39800 JavaThread "C2 CompilerThread0" daemon [_thread_in_native, id=3180, stack(0x0000000017080000,0x0000000017180000)]
  0x0000000015a37800 JavaThread "Attach Listener" daemon [_thread_blocked, id=7220, stack(0x0000000016f80000,0x0000000017080000)]
  0x0000000015a4c000 JavaThread "Signal Dispatcher" daemon [_thread_blocked, id=5884, stack(0x0000000016e80000,0x0000000016f80000)]
  0x0000000003360800 JavaThread "Finalizer" daemon [_thread_blocked, id=5084, stack(0x0000000016ca0000,0x0000000016da0000)]
  0x000000000335d000 JavaThread "Reference Handler" daemon [_thread_blocked, id=8964, stack(0x0000000016ba0000,0x0000000016ca0000)]
  0x0000000003270800 JavaThread "main" [_thread_in_Java, id=11132, stack(0x00000000028c0000,0x00000000029c0000)]

Other Threads:
  0x0000000015a08000 VMThread [stack: 0x0000000016aa0000,0x0000000016ba0000] [id=9804]
  0x0000000015a9e800 WatcherThread [stack: 0x0000000017880000,0x0000000017980000] [id=5100]

VM state:not at safepoint (normal execution)

VM Mutex/Monitor currently owned by a thread: None

Heap:
 PSYoungGen      total 28672K, used 7458K [0x00000000eab00000, 0x00000000ee300000, 0x0000000100000000)
  eden space 24576K, 13% used [0x00000000eab00000,0x00000000eae4ccb8,0x00000000ec300000)
  from space 4096K, 99% used [0x00000000ec300000,0x00000000ec6fbe58,0x00000000ec700000)
  to   space 4096K, 0% used [0x00000000edf00000,0x00000000edf00000,0x00000000ee300000)
 ParOldGen       total 65536K, used 7075K [0x00000000c0000000, 0x00000000c4000000, 0x00000000eab00000)
  object space 65536K, 10% used [0x00000000c0000000,0x00000000c06e8dc8,0x00000000c4000000)
 Metaspace       used 6190K, capacity 7088K, committed 7296K, reserved 1056768K
  class space    used 602K, capacity 616K, committed 640K, reserved 1048576K

Card table byte_map: [0x0000000012730000,0x0000000012940000] byte_map_base: 0x0000000012130000

Marking Bits: (ParMarkBitMap*) 0x00000000031f0600
 Begin Bits: [0x0000000012ea0000, 0x0000000013ea0000)
 End Bits:   [0x0000000013ea0000, 0x0000000014ea0000)

Polling page: 0x00000000010e0000

CodeCache: size=245760Kb used=6631Kb max_used=6631Kb free=239128Kb
 bounds [0x0000000003370000, 0x00000000039f0000, 0x0000000012370000]
 total_blobs=1819 nmethods=1550 adapters=182
 compilation: enabled

Compilation events (10 events):
Event: 3.698 Thread 0x0000000015a41800 1564       3       com.android.dx.rop.code.RegisterSpec::make (21 bytes)
Event: 3.698 Thread 0x0000000015a41800 nmethod 1564 0x00000000039bd050 code [0x00000000039bd1c0, 0x00000000039bd418]
Event: 3.701 Thread 0x0000000015a41800 1565       3       com.android.dx.ssa.PhiTypeResolver::equalsHandlesNulls (23 bytes)
Event: 3.702 Thread 0x0000000015a41800 nmethod 1565 0x00000000039e9fd0 code [0x00000000039ea160, 0x00000000039ea5a8]
Event: 3.730 Thread 0x0000000015a41800 1566       3       com.android.dx.rop.cst.CstString::stringToUtf8Bytes (175 bytes)
Event: 3.730 Thread 0x0000000015a41800 nmethod 1566 0x00000000039ea6d0 code [0x00000000039ea8a0, 0x00000000039eb118]
Event: 3.740 Thread 0x0000000015a41800 1567       1       com.android.dx.rop.code.ThrowingInsn::getCatches (5 bytes)
Event: 3.741 Thread 0x0000000015a41800 nmethod 1567 0x00000000039bccd0 code [0x00000000039bce20, 0x00000000039bcf30]
Event: 3.741 Thread 0x0000000015a41800 1568       3       com.android.dx.rop.code.ThrowingInsn::accept (8 bytes)
Event: 3.741 Thread 0x0000000015a41800 nmethod 1568 0x00000000039eb510 code [0x00000000039eb680, 0x00000000039eb8a8]

GC Heap History (6 events):
Event: 2.130 GC heap before
{Heap before GC invocations=1 (full 0):
 PSYoungGen      total 28672K, used 24576K [0x00000000eab00000, 0x00000000ecb00000, 0x0000000100000000)
  eden space 24576K, 100% used [0x00000000eab00000,0x00000000ec300000,0x00000000ec300000)
  from space 4096K, 0% used [0x00000000ec700000,0x00000000ec700000,0x00000000ecb00000)
  to   space 4096K, 0% used [0x00000000ec300000,0x00000000ec300000,0x00000000ec700000)
 ParOldGen       total 65536K, used 0K [0x00000000c0000000, 0x00000000c4000000, 0x00000000eab00000)
  object space 65536K, 0% used [0x00000000c0000000,0x00000000c0000000,0x00000000c4000000)
 Metaspace       used 5845K, capacity 6768K, committed 7040K, reserved 1056768K
  class space    used 601K, capacity 616K, committed 640K, reserved 1048576K
Event: 2.143 GC heap after
Heap after GC invocations=1 (full 0):
 PSYoungGen      total 28672K, used 4074K [0x00000000eab00000, 0x00000000ecb00000, 0x0000000100000000)
  eden space 24576K, 0% used [0x00000000eab00000,0x00000000eab00000,0x00000000ec300000)
  from space 4096K, 99% used [0x00000000ec300000,0x00000000ec6faa60,0x00000000ec700000)
  to   space 4096K, 0% used [0x00000000ec700000,0x00000000ec700000,0x00000000ecb00000)
 ParOldGen       total 65536K, used 755K [0x00000000c0000000, 0x00000000c4000000, 0x00000000eab00000)
  object space 65536K, 1% used [0x00000000c0000000,0x00000000c00bcdd8,0x00000000c4000000)
 Metaspace       used 5845K, capacity 6768K, committed 7040K, reserved 1056768K
  class space    used 601K, capacity 616K, committed 640K, reserved 1048576K
}
Event: 2.715 GC heap before
{Heap before GC invocations=2 (full 0):
 PSYoungGen      total 28672K, used 28650K [0x00000000eab00000, 0x00000000ecb00000, 0x0000000100000000)
  eden space 24576K, 100% used [0x00000000eab00000,0x00000000ec300000,0x00000000ec300000)
  from space 4096K, 99% used [0x00000000ec300000,0x00000000ec6faa60,0x00000000ec700000)
  to   space 4096K, 0% used [0x00000000ec700000,0x00000000ec700000,0x00000000ecb00000)
 ParOldGen       total 65536K, used 755K [0x00000000c0000000, 0x00000000c4000000, 0x00000000eab00000)
  object space 65536K, 1% used [0x00000000c0000000,0x00000000c00bcdd8,0x00000000c4000000)
 Metaspace       used 6101K, capacity 7024K, committed 7296K, reserved 1056768K
  class space    used 601K, capacity 616K, committed 640K, reserved 1048576K
Event: 2.785 GC heap after
Heap after GC invocations=2 (full 0):
 PSYoungGen      total 28672K, used 4083K [0x00000000eab00000, 0x00000000ee300000, 0x0000000100000000)
  eden space 24576K, 0% used [0x00000000eab00000,0x00000000eab00000,0x00000000ec300000)
  from space 4096K, 99% used [0x00000000ec700000,0x00000000ecafcc40,0x00000000ecb00000)
  to   space 4096K, 0% used [0x00000000ec300000,0x00000000ec300000,0x00000000ec700000)
 ParOldGen       total 65536K, used 3424K [0x00000000c0000000, 0x00000000c4000000, 0x00000000eab00000)
  object space 65536K, 5% used [0x00000000c0000000,0x00000000c03581f0,0x00000000c4000000)
 Metaspace       used 6101K, capacity 7024K, committed 7296K, reserved 1056768K
  class space    used 601K, capacity 616K, committed 640K, reserved 1048576K
}
Event: 3.710 GC heap before
{Heap before GC invocations=3 (full 0):
 PSYoungGen      total 28672K, used 28659K [0x00000000eab00000, 0x00000000ee300000, 0x0000000100000000)
  eden space 24576K, 100% used [0x00000000eab00000,0x00000000ec300000,0x00000000ec300000)
  from space 4096K, 99% used [0x00000000ec700000,0x00000000ecafcc40,0x00000000ecb00000)
  to   space 4096K, 0% used [0x00000000ec300000,0x00000000ec300000,0x00000000ec700000)
 ParOldGen       total 65536K, used 3424K [0x00000000c0000000, 0x00000000c4000000, 0x00000000eab00000)
  object space 65536K, 5% used [0x00000000c0000000,0x00000000c03581f0,0x00000000c4000000)
 Metaspace       used 6188K, capacity 7088K, committed 7296K, reserved 1056768K
  class space    used 602K, capacity 616K, committed 640K, reserved 1048576K
Event: 3.729 GC heap after
Heap after GC invocations=3 (full 0):
 PSYoungGen      total 28672K, used 4079K [0x00000000eab00000, 0x00000000ee300000, 0x0000000100000000)
  eden space 24576K, 0% used [0x00000000eab00000,0x00000000eab00000,0x00000000ec300000)
  from space 4096K, 99% used [0x00000000ec300000,0x00000000ec6fbe58,0x00000000ec700000)
  to   space 4096K, 0% used [0x00000000edf00000,0x00000000edf00000,0x00000000ee300000)
 ParOldGen       total 65536K, used 7075K [0x00000000c0000000, 0x00000000c4000000, 0x00000000eab00000)
  object space 65536K, 10% used [0x00000000c0000000,0x00000000c06e8dc8,0x00000000c4000000)
 Metaspace       used 6188K, capacity 7088K, committed 7296K, reserved 1056768K
  class space    used 602K, capacity 616K, committed 640K, reserved 1048576K
}

Deoptimization events (10 events):
Event: 1.876 Thread 0x0000000017646800 Uncommon trap: reason=unstable_if action=reinterpret pc=0x0000000003585cb0 method=java.util.BitSet.nextSetBit(I)I @ 87
Event: 2.149 Thread 0x0000000017641000 Uncommon trap: reason=null_check action=make_not_entrant pc=0x0000000003620624 method=com.android.dx.ssa.SsaRenamer.getLocalForNewReg(I)Lcom/android/dx/rop/code/LocalItem; @ 19
Event: 2.187 Thread 0x0000000017648000 Uncommon trap: reason=unstable_if action=reinterpret pc=0x000000000361b9c4 method=com.android.dx.rop.code.RegisterSpec.equals(ILcom/android/dx/rop/type/TypeBearer;Lcom/android/dx/rop/code/LocalItem;)Z @ 42
Event: 2.588 Thread 0x0000000017647000 Uncommon trap: reason=unstable_if action=reinterpret pc=0x00000000038743b0 method=com.android.dx.ssa.SCCP.simulateBranch(Lcom/android/dx/ssa/SsaInsn;)V @ 107
Event: 2.962 Thread 0x0000000017648000 Uncommon trap: reason=unstable_if action=reinterpret pc=0x0000000003595f5c method=com.android.dx.rop.cst.Constant.compareTo(Lcom/android/dx/rop/cst/Constant;)I @ 12
Event: 3.393 Thread 0x0000000017641000 Uncommon trap: reason=unstable_if action=reinterpret pc=0x00000000039586f8 method=com.android.dx.util.BitIntSet.has(I)Z @ 8
Event: 3.413 Thread 0x0000000003270800 Uncommon trap: reason=unloaded action=reinterpret pc=0x00000000038aa214 method=com.android.dx.cf.cst.ConstantPoolParser.parse0(ILjava/util/BitSet;)Lcom/android/dx/rop/cst/Constant; @ 198
Event: 3.587 Thread 0x0000000017648000 Uncommon trap: reason=unstable_if action=reinterpret pc=0x000000000396dbcc method=com.android.dx.ssa.LocalVariableExtractor.processBlock(I)V @ 251
Event: 3.617 Thread 0x0000000017646800 Uncommon trap: reason=uninitialized action=reinterpret pc=0x00000000038fac14 method=com.android.dx.cf.code.BytecodeArray.parseInstruction(ILcom/android/dx/cf/code/BytecodeArray$Visitor;)I @ 1095
Event: 3.741 Thread 0x0000000017641000 Uncommon trap: reason=bimorphic action=maybe_recompile pc=0x0000000003799a4c method=java.util.HashMap.putVal(ILjava/lang/Object;Ljava/lang/Object;ZZ)Ljava/lang/Object; @ 203

Internal exceptions (3 events):
Event: 0.063 Thread 0x0000000003270800 Exception <a 'java/lang/NoSuchMethodError': Method sun.misc.Unsafe.defineClass(Ljava/lang/String;[BII)Ljava/lang/Class; name or signature does not match> (0x00000000eab0d5b0) thrown at [D:\re\puppet\workspace\8-2-build-windows-amd64-cygwin\jdk8u73\6086\hot±v–ÎﬁF∞?
Event: 0.064 Thread 0x0000000003270800 Exception <a 'java/lang/NoSuchMethodError': Method sun.misc.Unsafe.prefetchRead(Ljava/lang/Object;J)V name or signature does not match> (0x00000000eab0d898) thrown at [D:\re\puppet\workspace\8-2-build-windows-amd64-cygwin\jdk8u73\6086\hotspot\src\share\vm\Õ+ÎT1@
Event: 2.149 Thread 0x0000000017641000 Implicit null exception at 0x000000000361e43e to 0x00000000036205e1

Events (10 events):
Event: 3.617 Thread 0x0000000017646800 DEOPT UNPACKING pc=0x00000000033b582a sp=0x0000000017c7edc0 mode 2
Event: 3.640 Thread 0x0000000017646800 DEOPT PACKING pc=0x00000000036f746a sp=0x0000000017c7ed30
Event: 3.640 Thread 0x0000000017646800 DEOPT UNPACKING pc=0x00000000033b787f sp=0x0000000017c7eaf8 mode 0
Event: 3.702 Thread 0x0000000017647000 DEOPT PACKING pc=0x00000000036f7547 sp=0x0000000017d7e790
Event: 3.702 Thread 0x0000000017647000 DEOPT UNPACKING pc=0x00000000033b787f sp=0x0000000017d7e558 mode 0
Event: 3.703 Executing VM operation: ParallelGCFailedAllocation
Event: 3.730 Executing VM operation: ParallelGCFailedAllocation done
Event: 3.741 Thread 0x0000000017641000 Uncommon trap: trap_request=0xffffffc6 fr.pc=0x0000000003799a4c
Event: 3.741 Thread 0x0000000017641000 DEOPT PACKING pc=0x0000000003799a4c sp=0x0000000017a7e430
Event: 3.741 Thread 0x0000000017641000 DEOPT UNPACKING pc=0x00000000033b582a sp=0x0000000017a7e3b8 mode 2


Dynamic libraries:
0x00007ff76ba80000 - 0x00007ff76bab7000 	C:\Program Files\Java\jdk1.8.0_73\bin\java.exe
0x00007ffe70490000 - 0x00007ffe70652000 	C:\Windows\SYSTEM32\ntdll.dll
0x00007ffe70100000 - 0x00007ffe701ad000 	C:\Windows\system32\KERNEL32.DLL
0x00007ffe6d700000 - 0x00007ffe6d8dd000 	C:\Windows\system32\KERNELBASE.dll
0x0000000074930000 - 0x00000000749e1000 	C:\Program Files\Bitdefender\Bitdefender 2016\Active Virus Control\Avc3_00363_002\avcuf64.dll
0x00007ffe6fdd0000 - 0x00007ffe6fe76000 	C:\Windows\system32\ADVAPI32.dll
0x00007ffe6fc40000 - 0x00007ffe6fcdd000 	C:\Windows\system32\msvcrt.dll
0x00007ffe6db60000 - 0x00007ffe6dbbb000 	C:\Windows\system32\sechost.dll
0x00007ffe702b0000 - 0x00007ffe703d6000 	C:\Windows\system32\RPCRT4.dll
0x00007ffe6dd80000 - 0x00007ffe6dece000 	C:\Windows\system32\USER32.dll
0x00007ffe6e120000 - 0x00007ffe6e2a5000 	C:\Windows\system32\GDI32.dll
0x00007ffe5bc10000 - 0x00007ffe5be84000 	C:\Windows\WinSxS\amd64_microsoft.windows.common-controls_6595b64144ccf1df_6.0.10240.16384_none_f41f7b285750ef43\COMCTL32.dll
0x00007ffe70270000 - 0x00007ffe702a6000 	C:\Windows\system32\IMM32.DLL
0x00007ffe6dbc0000 - 0x00007ffe6dd1c000 	C:\Windows\system32\MSCTF.dll
0x0000000074b70000 - 0x0000000074c42000 	C:\Program Files\Java\jdk1.8.0_73\jre\bin\msvcr100.dll
0x00000000029e0000 - 0x0000000003270000 	C:\Program Files\Java\jdk1.8.0_73\jre\bin\server\jvm.dll
0x00007ffe6e020000 - 0x00007ffe6e028000 	C:\Windows\system32\PSAPI.DLL
0x00007ffe61450000 - 0x00007ffe61459000 	C:\Windows\SYSTEM32\WSOCK32.dll
0x00007ffe6e2b0000 - 0x00007ffe6e319000 	C:\Windows\system32\WS2_32.dll
0x00007ffe6fa00000 - 0x00007ffe6fa08000 	C:\Windows\system32\NSI.dll
0x00007ffe6a840000 - 0x00007ffe6a863000 	C:\Windows\SYSTEM32\WINMM.dll
0x00007ffe6afd0000 - 0x00007ffe6afda000 	C:\Windows\SYSTEM32\VERSION.dll
0x00007ffe6a810000 - 0x00007ffe6a83c000 	C:\Windows\SYSTEM32\WINMMBASE.dll
0x00007ffe6db10000 - 0x00007ffe6db54000 	C:\Windows\system32\cfgmgr32.dll
0x00007ffe6b790000 - 0x00007ffe6b7b7000 	C:\Windows\SYSTEM32\DEVOBJ.dll
0x0000000075980000 - 0x000000007598f000 	C:\Program Files\Java\jdk1.8.0_73\jre\bin\verify.dll
0x0000000075950000 - 0x0000000075979000 	C:\Program Files\Java\jdk1.8.0_73\jre\bin\java.dll
0x0000000075930000 - 0x0000000075946000 	C:\Program Files\Java\jdk1.8.0_73\jre\bin\zip.dll
0x00007ffe6e4d0000 - 0x00007ffe6f9f5000 	C:\Windows\system32\SHELL32.dll
0x00007ffe6d0d0000 - 0x00007ffe6d6f8000 	C:\Windows\system32\windows.storage.dll
0x00007ffe6fe80000 - 0x00007ffe700fc000 	C:\Windows\system32\combase.dll
0x00007ffe6fa10000 - 0x00007ffe6fa61000 	C:\Windows\system32\shlwapi.dll
0x00007ffe6cf00000 - 0x00007ffe6cf0f000 	C:\Windows\system32\kernel.appcore.dll
0x00007ffe6d010000 - 0x00007ffe6d0c3000 	C:\Windows\system32\shcore.dll
0x00007ffe6cf10000 - 0x00007ffe6cf5a000 	C:\Windows\system32\powrprof.dll
0x00007ffe6cee0000 - 0x00007ffe6cef3000 	C:\Windows\system32\profapi.dll

VM Arguments:
jvm_args: -Djava.awt.headless=true -Xmx1024M -Dfile.encoding=windows-1252 -Duser.country=US -Duser.language=en -Duser.variant 
java_command: com.android.dx.command.Main --dex --force-jumbo --num-threads=4 --multi-dex --output C:\Users\user\AndroidStudioProjects\ExpenseManager\app\build\intermediates\transforms\dex\debug\folders\1000\10\com.android.support-appcompat-v7-23.4.0_e769e7ba8a5770fb76f1257e596adcf59bf55db8 C:\Users\user\AndroidStudioProjects\ExpenseManager\app\build\intermediates\exploded-aar\com.android.support\appcompat-v7\23.4.0\jars\classes.jar
java_class_path (initial): C:\Users\user\AppData\Local\Android\sdk\build-tools\23.0.3\lib\dx.jar
Launcher Type: SUN_STANDARD

Environment Variables:
PATH=C:\ProgramData\Oracle\Java\javapath;D:\DevSuiteHome_1\jdk\jre\bin\classic;D:\DevSuiteHome_1\jdk\jre\bin;D:\DevSuiteHome_1\jdk\jre\bin\client;D:\DevSuiteHome_1\jlib;D:\DevSuiteHome_1\bin;D:\DevSuiteHome_1\jre\1.4.2\bin\client;D:\DevSuiteHome_1\jre\1.4.2\bin;C:\Windows\system32;C:\Windows;C:\Windows\System32\Wbem;C:\Windows\System32\WindowsPowerShell\v1.0\;C:\Program Files (x86)\Skype\Phone\;C:\Program Files (x86)\CrSSL\bin;C:\Program Files\CrSSL\bin;C:\Program Files (x86)\CrSSL\bin
USERNAME=user
OS=Windows_NT
PROCESSOR_IDENTIFIER=Intel64 Family 6 Model 69 Stepping 1, GenuineIntel



---------------  S Y S T E M  ---------------

OS: Windows 10.0 , 64 bit Build 10240 (10.0.10240.16384)

CPU:total 4 (2 cores per cpu, 2 threads per core) family 6 model 69 stepping 1, cmov, cx8, fxsr, mmx, sse, sse2, sse3, ssse3, sse4.1, sse4.2, popcnt, avx, avx2, aes, clmul, erms, lzcnt, ht, tsc, tscinvbit, bmi1, bmi2

Memory: 4k page, physical 6214896k(237964k free), swap 7918832k(5448k free)

vm_info: Java HotSpot(TM) 64-Bit Server VM (25.73-b02) for windows-amd64 JRE (1.8.0_73-b02), built on Jan 29 2016 17:38:49 by "java_re" with MS VC++ 10.0 (VS2010)

time: Fri Jun 24 19:57:26 2016
elapsed time: 3 seconds (0d 0h 0m 3s)

