#
# There is insufficient memory for the Java Runtime Environment to continue.
# Native memory allocation (malloc) failed to allocate 81040 bytes for Chunk::new
# Possible reasons:
#   The system is out of physical RAM or swap space
#   In 32 bit mode, the process size limit was hit
# Possible solutions:
#   Reduce memory load on the system
#   Increase physical memory or swap space
#   Check if swap backing store is full
#   Use 64 bit Java on a 64 bit OS
#   Decrease Java heap size (-Xmx/-Xms)
#   Decrease number of Java threads
#   Decrease Java thread stack sizes (-Xss)
#   Set larger code cache with -XX:ReservedCodeCacheSize=
# This output file may be truncated or incomplete.
#
#  Out of Memory Error (allocation.cpp:390), pid=10588, tid=2456
#
# JRE version: Java(TM) SE Runtime Environment (8.0_73-b02) (build 1.8.0_73-b02)
# Java VM: Java HotSpot(TM) 64-Bit Server VM (25.73-b02 mixed mode windows-amd64 compressed oops)
# Failed to write core dump. Minidumps are not enabled by default on client versions of Windows
#

---------------  T H R E A D  ---------------

Current thread (0x0000000014e0c800):  JavaThread "C2 CompilerThread1" daemon [_thread_in_native, id=2456, stack(0x0000000016550000,0x0000000016650000)]

Stack: [0x0000000016550000,0x0000000016650000]
[error occurred during error reporting (printing stack bounds), id 0xc0000005]

Native frames: (J=compiled Java code, j=interpreted, Vv=VM code, C=native code)


Current CompileTask:
C2:    484  274       4       java.lang.String::replace (127 bytes)


---------------  P R O C E S S  ---------------

Java Threads: ( => current thread )
  0x00000000169e7000 JavaThread "pool-2-thread-4" [_thread_in_vm, id=10404, stack(0x0000000017150000,0x0000000017250000)]
  0x00000000168ee800 JavaThread "pool-2-thread-3" [_thread_in_Java, id=6324, stack(0x0000000017050000,0x0000000017150000)]
  0x00000000168d9800 JavaThread "pool-2-thread-2" [_thread_blocked, id=10664, stack(0x0000000016f50000,0x0000000017050000)]
  0x000000001688f000 JavaThread "pool-3-thread-1" [_thread_blocked, id=5452, stack(0x0000000016e50000,0x0000000016f50000)]
  0x000000001688e800 JavaThread "pool-2-thread-1" [_thread_blocked, id=2864, stack(0x0000000016d50000,0x0000000016e50000)]
  0x0000000014e68800 JavaThread "Service Thread" daemon [_thread_blocked, id=4908, stack(0x0000000016b50000,0x0000000016c50000)]
  0x0000000014e11800 JavaThread "C1 CompilerThread2" daemon [_thread_in_native, id=5952, stack(0x0000000016650000,0x0000000016750000)]
=>0x0000000014e0c800 JavaThread "C2 CompilerThread1" daemon [_thread_in_native, id=2456, stack(0x0000000016550000,0x0000000016650000)]
  0x0000000014e09800 JavaThread "C2 CompilerThread0" daemon [_thread_in_native, id=10732, stack(0x0000000016450000,0x0000000016550000)]
  0x0000000014e07800 JavaThread "Attach Listener" daemon [_thread_blocked, id=2660, stack(0x0000000016350000,0x0000000016450000)]
  0x0000000014e1c000 JavaThread "Signal Dispatcher" daemon [_thread_blocked, id=6544, stack(0x0000000016250000,0x0000000016350000)]
  0x0000000002730800 JavaThread "Finalizer" daemon [_thread_blocked, id=3632, stack(0x0000000016070000,0x0000000016170000)]
  0x000000000272d000 JavaThread "Reference Handler" daemon [_thread_blocked, id=3380, stack(0x0000000015f70000,0x0000000016070000)]
  0x0000000002640800 JavaThread "main" [_thread_in_native, id=2948, stack(0x0000000001c30000,0x0000000001d30000)]

Other Threads:
  0x0000000014dd8000 VMThread [stack: 0x0000000015e70000,0x0000000015f70000] [id=10840]
  0x0000000014e69800 WatcherThread [stack: 0x0000000016c50000,0x0000000016d50000] [id=10768]

VM state:not at safepoint (normal execution)

VM Mutex/Monitor currently owned by a thread: None

Heap:
 PSYoungGen      total 28672K, used 8382K [0x00000000eab00000, 0x00000000ecb00000, 0x0000000100000000)
  eden space 24576K, 34% used [0x00000000eab00000,0x00000000eb32fa28,0x00000000ec300000)
  from space 4096K, 0% used [0x00000000ec700000,0x00000000ec700000,0x00000000ecb00000)
  to   space 4096K, 0% used [0x00000000ec300000,0x00000000ec300000,0x00000000ec700000)
 ParOldGen       total 65536K, used 0K [0x00000000c0000000, 0x00000000c4000000, 0x00000000eab00000)
  object space 65536K, 0% used [0x00000000c0000000,0x00000000c0000000,0x00000000c4000000)
 Metaspace       used 4585K, capacity 5808K, committed 6016K, reserved 1056768K
  class space    used 511K, capacity 552K, committed 640K, reserved 1048576K

Card table byte_map: [0x0000000011b00000,0x0000000011d10000] byte_map_base: 0x0000000011500000

Marking Bits: (ParMarkBitMap*) 0x00000000025c0600
 Begin Bits: [0x0000000012270000, 0x0000000013270000)
 End Bits:   [0x0000000013270000, 0x0000000014270000)

Polling page: 0x00000000004b0000

CodeCache: size=245760Kb used=1642Kb max_used=1642Kb free=244117Kb
 bounds [0x0000000002740000, 0x00000000029b0000, 0x0000000011740000]
 total_blobs=539 nmethods=281 adapters=171
 compilation: enabled

Compilation events (10 events):
Event: 0.478 Thread 0x0000000014e11800  277       3       java.util.ArrayList$Itr::hasNext (20 bytes)
Event: 0.478 Thread 0x0000000014e11800 nmethod 277 0x00000000028d4a50 code [0x00000000028d4bc0, 0x00000000028d4d90]
Event: 0.478 Thread 0x0000000014e11800  276       3       java.util.BitSet::initWords (15 bytes)
Event: 0.478 Thread 0x0000000014e11800 nmethod 276 0x00000000028d4e50 code [0x00000000028d4fc0, 0x00000000028d5210]
Event: 0.479 Thread 0x0000000014e11800  278       3       java.util.AbstractCollection::<init> (5 bytes)
Event: 0.479 Thread 0x0000000014e11800 nmethod 278 0x00000000028d52d0 code [0x00000000028d5420, 0x00000000028d55d0]
Event: 0.479 Thread 0x0000000014e11800  279       3       com.android.dx.rop.cst.CstMemberRef::<init> (43 bytes)
Event: 0.480 Thread 0x0000000014e11800 nmethod 279 0x00000000028d5690 code [0x00000000028d5840, 0x00000000028d5cb8]
Event: 0.480 Thread 0x0000000014e11800  280   !   3       com.android.dx.rop.type.Prototype::intern (233 bytes)
Event: 0.480 Thread 0x0000000014e09800  283       4       com.android.dx.rop.cst.CstString::utf8BytesToString (391 bytes)

GC Heap History (0 events):
No events

Deoptimization events (0 events):
No events

Internal exceptions (2 events):
Event: 0.079 Thread 0x0000000002640800 Exception <a 'java/lang/NoSuchMethodError': Method sun.misc.Unsafe.defineClass(Ljava/lang/String;[BII)Ljava/lang/Class; name or signature does not match> (0x00000000eab0d4f8) thrown at [D:\re\puppet\workspace\8-2-build-windows-amd64-cygwin\jdk8u73\6086\hotI­„v9Q´?
Event: 0.079 Thread 0x0000000002640800 Exception <a 'java/lang/NoSuchMethodError': Method sun.misc.Unsafe.prefetchRead(Ljava/lang/Object;J)V name or signature does not match> (0x00000000eab0d7e0) thrown at [D:\re\puppet\workspace\8-2-build-windows-amd64-cygwin\jdk8u73\6086\hotspot\src\share\vm\

Events (10 events):
Event: 0.479 loading class com/android/dx/dex/file/StringDataItem
Event: 0.479 loading class com/android/dx/dex/file/StringDataItem done
Event: 0.480 loading class com/android/dx/dex/file/MethodIdItem
Event: 0.480 loading class com/android/dx/dex/file/MethodIdItem done
Event: 0.480 loading class com/android/dx/ssa/SsaRenamer$1
Event: 0.480 loading class com/android/dx/ssa/SsaRenamer$1 done
Event: 0.481 loading class com/android/dx/ssa/SsaRenamer$BlockRenamer
Event: 0.481 loading class com/android/dx/ssa/SsaRenamer$BlockRenamer done
Event: 0.482 loading class com/android/dx/ssa/RegisterMapper
Event: 0.482 loading class com/android/dx/ssa/RegisterMapper done


Dynamic libraries:
0x00007ff76ba80000 - 0x00007ff76bab7000 	C:\Program Files\Java\jdk1.8.0_73\bin\java.exe
0x00007ffe70490000 - 0x00007ffe70652000 	C:\Windows\SYSTEM32\ntdll.dll
0x00007ffe70100000 - 0x00007ffe701ad000 	C:\Windows\system32\KERNEL32.DLL
0x00007ffe6d700000 - 0x00007ffe6d8dd000 	C:\Windows\system32\KERNELBASE.dll
0x0000000074930000 - 0x00000000749e1000 	C:\Program Files\Bitdefender\Bitdefender 2016\Active Virus Control\Avc3_00363_002\avcuf64.dll
0x00007ffe6fdd0000 - 0x00007ffe6fe76000 	C:\Windows\system32\ADVAPI32.dll
0x00007ffe6fc40000 - 0x00007ffe6fcdd000 	C:\Windows\system32\msvcrt.dll
0x00007ffe6db60000 - 0x00007ffe6dbbb000 	C:\Windows\system32\sechost.dll
0x00007ffe702b0000 - 0x00007ffe703d6000 	C:\Windows\system32\RPCRT4.dll
0x00007ffe6dd80000 - 0x00007ffe6dece000 	C:\Windows\system32\USER32.dll
0x00007ffe6e120000 - 0x00007ffe6e2a5000 	C:\Windows\system32\GDI32.dll
0x00007ffe5bc10000 - 0x00007ffe5be84000 	C:\Windows\WinSxS\amd64_microsoft.windows.common-controls_6595b64144ccf1df_6.0.10240.16384_none_f41f7b285750ef43\COMCTL32.dll
0x00007ffe70270000 - 0x00007ffe702a6000 	C:\Windows\system32\IMM32.DLL
0x00007ffe6dbc0000 - 0x00007ffe6dd1c000 	C:\Windows\system32\MSCTF.dll
0x0000000074b70000 - 0x0000000074c42000 	C:\Program Files\Java\jdk1.8.0_73\jre\bin\msvcr100.dll
0x0000000001db0000 - 0x0000000002640000 	C:\Program Files\Java\jdk1.8.0_73\jre\bin\server\jvm.dll
0x00007ffe6e020000 - 0x00007ffe6e028000 	C:\Windows\system32\PSAPI.DLL
0x00007ffe61450000 - 0x00007ffe61459000 	C:\Windows\SYSTEM32\WSOCK32.dll
0x00007ffe6e2b0000 - 0x00007ffe6e319000 	C:\Windows\system32\WS2_32.dll
0x00007ffe6fa00000 - 0x00007ffe6fa08000 	C:\Windows\system32\NSI.dll
0x00007ffe6a840000 - 0x00007ffe6a863000 	C:\Windows\SYSTEM32\WINMM.dll
0x00007ffe6afd0000 - 0x00007ffe6afda000 	C:\Windows\SYSTEM32\VERSION.dll
0x00007ffe6a810000 - 0x00007ffe6a83c000 	C:\Windows\SYSTEM32\WINMMBASE.dll
0x00007ffe6db10000 - 0x00007ffe6db54000 	C:\Windows\system32\cfgmgr32.dll
0x00007ffe6b790000 - 0x00007ffe6b7b7000 	C:\Windows\SYSTEM32\DEVOBJ.dll
0x0000000075980000 - 0x000000007598f000 	C:\Program Files\Java\jdk1.8.0_73\jre\bin\verify.dll
0x0000000075950000 - 0x0000000075979000 	C:\Program Files\Java\jdk1.8.0_73\jre\bin\java.dll
0x0000000075930000 - 0x0000000075946000 	C:\Program Files\Java\jdk1.8.0_73\jre\bin\zip.dll
0x00007ffe6e4d0000 - 0x00007ffe6f9f5000 	C:\Windows\system32\SHELL32.dll
0x00007ffe6d0d0000 - 0x00007ffe6d6f8000 	C:\Windows\system32\windows.storage.dll
0x00007ffe6fe80000 - 0x00007ffe700fc000 	C:\Windows\system32\combase.dll
0x00007ffe6fa10000 - 0x00007ffe6fa61000 	C:\Windows\system32\shlwapi.dll
0x00007ffe6cf00000 - 0x00007ffe6cf0f000 	C:\Windows\system32\kernel.appcore.dll
0x00007ffe6d010000 - 0x00007ffe6d0c3000 	C:\Windows\system32\shcore.dll
0x00007ffe6cf10000 - 0x00007ffe6cf5a000 	C:\Windows\system32\powrprof.dll
0x00007ffe6cee0000 - 0x00007ffe6cef3000 	C:\Windows\system32\profapi.dll

VM Arguments:
jvm_args: -Djava.awt.headless=true -Xmx1024M -Dfile.encoding=windows-1252 -Duser.country=US -Duser.language=en -Duser.variant 
java_command: com.android.dx.command.Main --dex --force-jumbo --num-threads=4 --multi-dex --output C:\Users\user\AndroidStudioProjects\ExpenseManager\app\build\intermediates\transforms\dex\debug\folders\1000\5\slice_6 C:\Users\user\AndroidStudioProjects\ExpenseManager\app\build\intermediates\transforms\instantRunSlicer\debug\folders\1\5\slice_6
java_class_path (initial): C:\Users\user\AppData\Local\Android\sdk\build-tools\23.0.3\lib\dx.jar
Launcher Type: SUN_STANDARD

Environment Variables:
PATH=C:\ProgramData\Oracle\Java\javapath;D:\DevSuiteHome_1\jdk\jre\bin\classic;D:\DevSuiteHome_1\jdk\jre\bin;D:\DevSuiteHome_1\jdk\jre\bin\client;D:\DevSuiteHome_1\jlib;D:\DevSuiteHome_1\bin;D:\DevSuiteHome_1\jre\1.4.2\bin\client;D:\DevSuiteHome_1\jre\1.4.2\bin;C:\Windows\system32;C:\Windows;C:\Windows\System32\Wbem;C:\Windows\System32\WindowsPowerShell\v1.0\;C:\Program Files (x86)\Skype\Phone\;C:\Program Files (x86)\CrSSL\bin;C:\Program Files\CrSSL\bin;C:\Program Files (x86)\CrSSL\bin
USERNAME=user
OS=Windows_NT
PROCESSOR_IDENTIFIER=Intel64 Family 6 Model 69 Stepping 1, GenuineIntel



---------------  S Y S T E M  ---------------

OS: Windows 10.0 , 64 bit Build 10240 (10.0.10240.16384)

CPU:total 4 (2 cores per cpu, 2 threads per core) family 6 model 69 stepping 1, cmov, cx8, fxsr, mmx, sse, sse2, sse3, ssse3, sse4.1, sse4.2, popcnt, avx, avx2, aes, clmul, erms, lzcnt, ht, tsc, tscinvbit, bmi1, bmi2

Memory: 4k page, physical 6214896k(267844k free), swap 7918832k(4120k free)

vm_info: Java HotSpot(TM) 64-Bit Server VM (25.73-b02) for windows-amd64 JRE (1.8.0_73-b02), built on Jan 29 2016 17:38:49 by "java_re" with MS VC++ 10.0 (VS2010)

time: Fri Jun 24 19:54:02 2016
elapsed time: 0 seconds (0d 0h 0m 0s)

