#
# There is insufficient memory for the Java Runtime Environment to continue.
# Native memory allocation (malloc) failed to allocate 1345696 bytes for Chunk::new
# Possible reasons:
#   The system is out of physical RAM or swap space
#   In 32 bit mode, the process size limit was hit
# Possible solutions:
#   Reduce memory load on the system
#   Increase physical memory or swap space
#   Check if swap backing store is full
#   Use 64 bit Java on a 64 bit OS
#   Decrease Java heap size (-Xmx/-Xms)
#   Decrease number of Java threads
#   Decrease Java thread stack sizes (-Xss)
#   Set larger code cache with -XX:ReservedCodeCacheSize=
# This output file may be truncated or incomplete.
#
#  Out of Memory Error (allocation.cpp:390), pid=4352, tid=5940
#
# JRE version: Java(TM) SE Runtime Environment (8.0_73-b02) (build 1.8.0_73-b02)
# Java VM: Java HotSpot(TM) 64-Bit Server VM (25.73-b02 mixed mode windows-amd64 compressed oops)
# Failed to write core dump. Minidumps are not enabled by default on client versions of Windows
#

---------------  T H R E A D  ---------------

Current thread (0x0000000014f10000):  JavaThread "C2 CompilerThread1" daemon [_thread_in_native, id=5940, stack(0x0000000016660000,0x0000000016760000)]

Stack: [0x0000000016660000,0x0000000016760000]
[error occurred during error reporting (printing stack bounds), id 0xc0000005]

Native frames: (J=compiled Java code, j=interpreted, Vv=VM code, C=native code)


Current CompileTask:
C2:   2155 1186   !   4       com.android.dx.cf.code.BytecodeArray::parseInstruction (2764 bytes)


---------------  P R O C E S S  ---------------

Java Threads: ( => current thread )
  0x0000000016b2c000 JavaThread "pool-1-thread-4" [_thread_blocked, id=9040, stack(0x0000000017260000,0x0000000017360000)]
  0x0000000016b30000 JavaThread "pool-1-thread-3" [_thread_in_Java, id=9052, stack(0x0000000017160000,0x0000000017260000)]
  0x0000000016b2f800 JavaThread "pool-1-thread-2" [_thread_in_Java, id=11268, stack(0x0000000017060000,0x0000000017160000)]
  0x0000000016b11000 JavaThread "pool-2-thread-1" [_thread_blocked, id=11808, stack(0x0000000016f60000,0x0000000017060000)]
  0x0000000016b0d000 JavaThread "pool-1-thread-1" [_thread_blocked, id=5464, stack(0x0000000016e60000,0x0000000016f60000)]
  0x0000000016868800 JavaThread "Service Thread" daemon [_thread_blocked, id=8436, stack(0x0000000016c60000,0x0000000016d60000)]
  0x0000000014f12800 JavaThread "C1 CompilerThread2" daemon [_thread_in_native, id=8948, stack(0x0000000016760000,0x0000000016860000)]
=>0x0000000014f10000 JavaThread "C2 CompilerThread1" daemon [_thread_in_native, id=5940, stack(0x0000000016660000,0x0000000016760000)]
  0x0000000014f0b000 JavaThread "C2 CompilerThread0" daemon [_thread_in_native, id=5204, stack(0x0000000016560000,0x0000000016660000)]
  0x0000000014f09800 JavaThread "Attach Listener" daemon [_thread_blocked, id=4164, stack(0x0000000016460000,0x0000000016560000)]
  0x0000000014f08000 JavaThread "Signal Dispatcher" daemon [_thread_blocked, id=11896, stack(0x0000000016360000,0x0000000016460000)]
  0x0000000002830000 JavaThread "Finalizer" daemon [_thread_blocked, id=9228, stack(0x0000000016180000,0x0000000016280000)]
  0x000000000282d000 JavaThread "Reference Handler" daemon [_thread_blocked, id=10700, stack(0x0000000016080000,0x0000000016180000)]
  0x0000000002740800 JavaThread "main" [_thread_blocked, id=10576, stack(0x0000000002570000,0x0000000002670000)]

Other Threads:
  0x0000000014ed8000 VMThread [stack: 0x0000000015f80000,0x0000000016080000] [id=11408]
  0x0000000016882800 WatcherThread [stack: 0x0000000016d60000,0x0000000016e60000] [id=9028]

VM state:not at safepoint (normal execution)

VM Mutex/Monitor currently owned by a thread: None

Heap:
 PSYoungGen      total 28672K, used 11705K [0x00000000eab00000, 0x00000000ecb00000, 0x0000000100000000)
  eden space 24576K, 31% used [0x00000000eab00000,0x00000000eb2744f8,0x00000000ec300000)
  from space 4096K, 99% used [0x00000000ec300000,0x00000000ec6fa0c8,0x00000000ec700000)
  to   space 4096K, 0% used [0x00000000ec700000,0x00000000ec700000,0x00000000ecb00000)
 ParOldGen       total 65536K, used 1013K [0x00000000c0000000, 0x00000000c4000000, 0x00000000eab00000)
  object space 65536K, 1% used [0x00000000c0000000,0x00000000c00fd7e8,0x00000000c4000000)
 Metaspace       used 5984K, capacity 6896K, committed 7040K, reserved 1056768K
  class space    used 600K, capacity 616K, committed 640K, reserved 1048576K

Card table byte_map: [0x0000000011c00000,0x0000000011e10000] byte_map_base: 0x0000000011600000

Marking Bits: (ParMarkBitMap*) 0x0000000058b40600
 Begin Bits: [0x0000000012370000, 0x0000000013370000)
 End Bits:   [0x0000000013370000, 0x0000000014370000)

Polling page: 0x0000000000e10000

CodeCache: size=245760Kb used=4788Kb max_used=4788Kb free=240971Kb
 bounds [0x0000000002840000, 0x0000000002d00000, 0x0000000011840000]
 total_blobs=1501 nmethods=1232 adapters=182
 compilation: enabled

Compilation events (10 events):
Event: 2.150 Thread 0x0000000014f12800 1226       3       com.android.dx.ssa.SsaConverter::edgeSplitPredecessors (44 bytes)
Event: 2.151 Thread 0x0000000014f12800 nmethod 1226 0x0000000002ce4290 code [0x0000000002ce44a0, 0x0000000002ce4e68]
Event: 2.151 Thread 0x0000000014f12800 1227       3       java.util.HashMap$HashIterator::hasNext (13 bytes)
Event: 2.151 Thread 0x0000000014f12800 nmethod 1227 0x0000000002cd2710 code [0x0000000002cd2860, 0x0000000002cd2a10]
Event: 2.151 Thread 0x0000000014f12800 1225       3       com.android.dx.util.MutabilityControl::<init> (10 bytes)
Event: 2.151 Thread 0x0000000014f0b000 nmethod 1217 0x0000000002ce3ed0 code [0x0000000002ce4020, 0x0000000002ce41b8]
Event: 2.151 Thread 0x0000000014f0b000 1215       4       com.android.dx.ssa.SCCP::addBlockToWorklist (47 bytes)
Event: 2.151 Thread 0x0000000014f12800 nmethod 1225 0x0000000002cea8d0 code [0x0000000002ceaa20, 0x0000000002ceabd0]
Event: 2.151 Thread 0x0000000014f12800 1209       1       com.android.dx.dex.file.DexFile::getTypeIds (5 bytes)
Event: 2.151 Thread 0x0000000014f12800 nmethod 1209 0x0000000002cea610 code [0x0000000002cea760, 0x0000000002cea870]

GC Heap History (2 events):
Event: 1.848 GC heap before
{Heap before GC invocations=1 (full 0):
 PSYoungGen      total 28672K, used 24576K [0x00000000eab00000, 0x00000000ecb00000, 0x0000000100000000)
  eden space 24576K, 100% used [0x00000000eab00000,0x00000000ec300000,0x00000000ec300000)
  from space 4096K, 0% used [0x00000000ec700000,0x00000000ec700000,0x00000000ecb00000)
  to   space 4096K, 0% used [0x00000000ec300000,0x00000000ec300000,0x00000000ec700000)
 ParOldGen       total 65536K, used 0K [0x00000000c0000000, 0x00000000c4000000, 0x00000000eab00000)
  object space 65536K, 0% used [0x00000000c0000000,0x00000000c0000000,0x00000000c4000000)
 Metaspace       used 5854K, capacity 6832K, committed 7040K, reserved 1056768K
  class space    used 599K, capacity 616K, committed 640K, reserved 1048576K
Event: 1.857 GC heap after
Heap after GC invocations=1 (full 0):
 PSYoungGen      total 28672K, used 4072K [0x00000000eab00000, 0x00000000ecb00000, 0x0000000100000000)
  eden space 24576K, 0% used [0x00000000eab00000,0x00000000eab00000,0x00000000ec300000)
  from space 4096K, 99% used [0x00000000ec300000,0x00000000ec6fa0c8,0x00000000ec700000)
  to   space 4096K, 0% used [0x00000000ec700000,0x00000000ec700000,0x00000000ecb00000)
 ParOldGen       total 65536K, used 1013K [0x00000000c0000000, 0x00000000c4000000, 0x00000000eab00000)
  object space 65536K, 1% used [0x00000000c0000000,0x00000000c00fd7e8,0x00000000c4000000)
 Metaspace       used 5854K, capacity 6832K, committed 7040K, reserved 1056768K
  class space    used 599K, capacity 616K, committed 640K, reserved 1048576K
}

Deoptimization events (8 events):
Event: 1.375 Thread 0x0000000016b0d000 Uncommon trap: reason=unstable_if action=reinterpret pc=0x0000000002a4fd78 method=java.util.HashMap.getNode(ILjava/lang/Object;)Ljava/util/HashMap$Node; @ 62
Event: 1.620 Thread 0x0000000016b30000 Uncommon trap: reason=unstable_if action=reinterpret pc=0x0000000002a60370 method=java.util.BitSet.nextSetBit(I)I @ 87
Event: 1.622 Thread 0x0000000016b2f800 Uncommon trap: reason=unstable_if action=reinterpret pc=0x0000000002a7da28 method=java.util.HashMap.getNode(ILjava/lang/Object;)Ljava/util/HashMap$Node; @ 129
Event: 1.642 Thread 0x0000000016b30000 Uncommon trap: reason=unstable_if action=reinterpret pc=0x0000000002a7edb4 method=java.util.BitSet.ensureCapacity(I)V @ 6
Event: 1.931 Thread 0x0000000016b30000 Uncommon trap: reason=unstable_if action=reinterpret pc=0x0000000002af4970 method=com.android.dx.rop.code.RegisterSpec.equals(ILcom/android/dx/rop/type/TypeBearer;Lcom/android/dx/rop/code/LocalItem;)Z @ 16
Event: 2.130 Thread 0x0000000016b2f800 Uncommon trap: reason=unstable_if action=reinterpret pc=0x0000000002b58808 method=com.android.dx.rop.code.RegisterSpec.equals(ILcom/android/dx/rop/type/TypeBearer;Lcom/android/dx/rop/code/LocalItem;)Z @ 16
Event: 2.131 Thread 0x0000000016b2f800 Uncommon trap: reason=bimorphic action=maybe_recompile pc=0x0000000002c307a0 method=java.util.HashMap.putVal(ILjava/lang/Object;Ljava/lang/Object;ZZ)Ljava/lang/Object; @ 91
Event: 2.151 Thread 0x0000000016b2f800 Uncommon trap: reason=null_check action=make_not_entrant pc=0x0000000002ce4168 method=com.android.dx.rop.type.Type.equals(Ljava/lang/Object;)Z @ 8

Internal exceptions (3 events):
Event: 0.609 Thread 0x0000000002740800 Exception <a 'java/lang/NoSuchMethodError': Method sun.misc.Unsafe.defineClass(Ljava/lang/String;[BII)Ljava/lang/Class; name or signature does not match> (0x00000000eab0d560) thrown at [D:\re\puppet\workspace\8-2-build-windows-amd64-cygwin\jdk8u73\6086\hotú9
Event: 0.609 Thread 0x0000000002740800 Exception <a 'java/lang/NoSuchMethodError': Method sun.misc.Unsafe.prefetchRead(Ljava/lang/Object;J)V name or signature does not match> (0x00000000eab0d848) thrown at [D:\re\puppet\workspace\8-2-build-windows-amd64-cygwin\jdk8u73\6086\hotspot\src\share\vm\{]/€­5@
Event: 2.151 Thread 0x0000000016b2f800 Implicit null exception at 0x0000000002ce4062 to 0x0000000002ce415a

Events (10 events):
Event: 2.119 Executing VM operation: Deoptimize done
Event: 2.130 Thread 0x0000000016b2f800 Uncommon trap: trap_request=0xffffff65 fr.pc=0x0000000002b58808
Event: 2.130 Thread 0x0000000016b2f800 DEOPT PACKING pc=0x0000000002b58808 sp=0x000000001715e350
Event: 2.130 Thread 0x0000000016b2f800 DEOPT UNPACKING pc=0x000000000288582a sp=0x000000001715e210 mode 2
Event: 2.131 Thread 0x0000000016b2f800 Uncommon trap: trap_request=0xffffffc6 fr.pc=0x0000000002c307a0
Event: 2.131 Thread 0x0000000016b2f800 DEOPT PACKING pc=0x0000000002c307a0 sp=0x000000001715eec0
Event: 2.131 Thread 0x0000000016b2f800 DEOPT UNPACKING pc=0x000000000288582a sp=0x000000001715ede8 mode 2
Event: 2.151 Thread 0x0000000016b2f800 Uncommon trap: trap_request=0xfffffff4 fr.pc=0x0000000002ce4168
Event: 2.151 Thread 0x0000000016b2f800 DEOPT PACKING pc=0x0000000002ce4168 sp=0x000000001715eb10
Event: 2.151 Thread 0x0000000016b2f800 DEOPT UNPACKING pc=0x000000000288582a sp=0x000000001715ea98 mode 2


Dynamic libraries:
0x00007ff7cfaf0000 - 0x00007ff7cfb27000 	C:\Program Files\Java\jdk1.8.0_73\bin\java.exe
0x00007ff9d0080000 - 0x00007ff9d0242000 	C:\Windows\SYSTEM32\ntdll.dll
0x00007ff9ce580000 - 0x00007ff9ce62d000 	C:\Windows\system32\KERNEL32.DLL
0x00007ff9ccf40000 - 0x00007ff9cd11d000 	C:\Windows\system32\KERNELBASE.dll
0x0000000058bc0000 - 0x0000000058c66000 	C:\Program Files\Bitdefender\Bitdefender 2016\Active Virus Control\avc3_000_001\avcuf64.dll
0x00007ff9ce470000 - 0x00007ff9ce516000 	C:\Windows\system32\ADVAPI32.dll
0x00007ff9cdf20000 - 0x00007ff9cdfbd000 	C:\Windows\system32\msvcrt.dll
0x00007ff9cdec0000 - 0x00007ff9cdf1b000 	C:\Windows\system32\sechost.dll
0x00007ff9ce0a0000 - 0x00007ff9ce1c6000 	C:\Windows\system32\RPCRT4.dll
0x00007ff9ce1d0000 - 0x00007ff9ce31e000 	C:\Windows\system32\USER32.dll
0x00007ff9ce770000 - 0x00007ff9ce8f5000 	C:\Windows\system32\GDI32.dll
0x00007ff9c0230000 - 0x00007ff9c04a4000 	C:\Windows\WinSxS\amd64_microsoft.windows.common-controls_6595b64144ccf1df_6.0.10240.16384_none_f41f7b285750ef43\COMCTL32.dll
0x00007ff9cd830000 - 0x00007ff9cd866000 	C:\Windows\system32\IMM32.DLL
0x00007ff9cd870000 - 0x00007ff9cd9cc000 	C:\Windows\system32\MSCTF.dll
0x0000000057eb0000 - 0x0000000057f82000 	C:\Program Files\Java\jdk1.8.0_73\jre\bin\msvcr100.dll
0x0000000058330000 - 0x0000000058bc0000 	C:\Program Files\Java\jdk1.8.0_73\jre\bin\server\jvm.dll
0x00007ff9d0070000 - 0x00007ff9d0078000 	C:\Windows\system32\PSAPI.DLL
0x00007ff9c8210000 - 0x00007ff9c8219000 	C:\Windows\SYSTEM32\WSOCK32.dll
0x00007ff9cfe30000 - 0x00007ff9cfe99000 	C:\Windows\system32\WS2_32.dll
0x00007ff9cd750000 - 0x00007ff9cd758000 	C:\Windows\system32\NSI.dll
0x00007ff9b6c40000 - 0x00007ff9b6c63000 	C:\Windows\SYSTEM32\WINMM.dll
0x00007ff9c65f0000 - 0x00007ff9c65fa000 	C:\Windows\SYSTEM32\VERSION.dll
0x00007ff9b6c10000 - 0x00007ff9b6c3c000 	C:\Windows\SYSTEM32\WINMMBASE.dll
0x00007ff9ccef0000 - 0x00007ff9ccf34000 	C:\Windows\system32\cfgmgr32.dll
0x00007ff9cb380000 - 0x00007ff9cb3a7000 	C:\Windows\SYSTEM32\DEVOBJ.dll
0x0000000058320000 - 0x000000005832f000 	C:\Program Files\Java\jdk1.8.0_73\jre\bin\verify.dll
0x00000000582f0000 - 0x0000000058319000 	C:\Program Files\Java\jdk1.8.0_73\jre\bin\java.dll
0x00000000582d0000 - 0x00000000582e6000 	C:\Program Files\Java\jdk1.8.0_73\jre\bin\zip.dll
0x00007ff9ce900000 - 0x00007ff9cfe25000 	C:\Windows\system32\SHELL32.dll
0x00007ff9cd120000 - 0x00007ff9cd748000 	C:\Windows\system32\windows.storage.dll
0x00007ff9cdc40000 - 0x00007ff9cdebc000 	C:\Windows\system32\combase.dll
0x00007ff9cd7d0000 - 0x00007ff9cd821000 	C:\Windows\system32\shlwapi.dll
0x00007ff9ccb40000 - 0x00007ff9ccb4f000 	C:\Windows\system32\kernel.appcore.dll
0x00007ff9cce30000 - 0x00007ff9ccee3000 	C:\Windows\system32\shcore.dll
0x00007ff9ccaf0000 - 0x00007ff9ccb3a000 	C:\Windows\system32\powrprof.dll
0x00007ff9ccad0000 - 0x00007ff9ccae3000 	C:\Windows\system32\profapi.dll

VM Arguments:
jvm_args: -Djava.awt.headless=true -Xmx1024M -Dfile.encoding=windows-1252 -Duser.country=US -Duser.language=en -Duser.variant 
java_command: com.android.dx.command.Main --dex --force-jumbo --num-threads=4 --output C:\Users\user\AndroidStudioProjects\ExpenseManager\app\build\intermediates\pre-dexed\debug\com.android.support-design-23.4.0_428dac68ac77f3768c84f7861e1287eb5d70575b.jar C:\Users\user\AndroidStudioProjects\ExpenseManager\app\build\intermediates\exploded-aar\com.android.support\design\23.4.0\jars\classes.jar
java_class_path (initial): C:\Users\user\AppData\Local\Android\sdk\build-tools\23.0.3\lib\dx.jar
Launcher Type: SUN_STANDARD

Environment Variables:
PATH=C:\ProgramData\Oracle\Java\javapath;D:\DevSuiteHome_1\jdk\jre\bin\classic;D:\DevSuiteHome_1\jdk\jre\bin;D:\DevSuiteHome_1\jdk\jre\bin\client;D:\DevSuiteHome_1\jlib;D:\DevSuiteHome_1\bin;D:\DevSuiteHome_1\jre\1.4.2\bin\client;D:\DevSuiteHome_1\jre\1.4.2\bin;C:\Windows\system32;C:\Windows;C:\Windows\System32\Wbem;C:\Windows\System32\WindowsPowerShell\v1.0\;C:\Program Files (x86)\Skype\Phone\;C:\Program Files (x86)\CrSSL\bin;C:\Program Files\CrSSL\bin;C:\Program Files (x86)\CrSSL\bin
USERNAME=user
OS=Windows_NT
PROCESSOR_IDENTIFIER=Intel64 Family 6 Model 69 Stepping 1, GenuineIntel



---------------  S Y S T E M  ---------------

OS: Windows 10.0 , 64 bit Build 10240 (10.0.10240.16384)

CPU:total 4 (2 cores per cpu, 2 threads per core) family 6 model 69 stepping 1, cmov, cx8, fxsr, mmx, sse, sse2, sse3, ssse3, sse4.1, sse4.2, popcnt, avx, avx2, aes, clmul, erms, lzcnt, ht, tsc, tscinvbit, bmi1, bmi2

Memory: 4k page, physical 6214896k(769460k free), swap 7918832k(5176k free)

vm_info: Java HotSpot(TM) 64-Bit Server VM (25.73-b02) for windows-amd64 JRE (1.8.0_73-b02), built on Jan 29 2016 17:38:49 by "java_re" with MS VC++ 10.0 (VS2010)

time: Thu Jun 23 18:52:20 2016
elapsed time: 2 seconds (0d 0h 0m 2s)

