#
# There is insufficient memory for the Java Runtime Environment to continue.
# Native memory allocation (malloc) failed to allocate 35952 bytes for Chunk::new
# Possible reasons:
#   The system is out of physical RAM or swap space
#   In 32 bit mode, the process size limit was hit
# Possible solutions:
#   Reduce memory load on the system
#   Increase physical memory or swap space
#   Check if swap backing store is full
#   Use 64 bit Java on a 64 bit OS
#   Decrease Java heap size (-Xmx/-Xms)
#   Decrease number of Java threads
#   Decrease Java thread stack sizes (-Xss)
#   Set larger code cache with -XX:ReservedCodeCacheSize=
# This output file may be truncated or incomplete.
#
#  Out of Memory Error (allocation.cpp:390), pid=1224, tid=7344
#
# JRE version:  (8.0_73-b02) (build )
# Java VM: Java HotSpot(TM) 64-Bit Server VM (25.73-b02 mixed mode windows-amd64 compressed oops)
# Failed to write core dump. Minidumps are not enabled by default on client versions of Windows
#

---------------  T H R E A D  ---------------

Current thread (0x0000000002d60800):  JavaThread "main" [_thread_in_native, id=7344, stack(0x0000000002b90000,0x0000000002c90000)]

Stack: [0x0000000002b90000,0x0000000002c90000]
[error occurred during error reporting (printing stack bounds), id 0xc0000005]

Native frames: (J=compiled Java code, j=interpreted, Vv=VM code, C=native code)

Java frames: (J=compiled Java code, j=interpreted, Vv=VM code)
j  java.lang.AbstractStringBuilder.expandCapacity(I)V+43
j  java.lang.AbstractStringBuilder.ensureCapacityInternal(I)V+12
j  java.lang.AbstractStringBuilder.append(Ljava/lang/String;)Ljava/lang/AbstractStringBuilder;+21
j  java.lang.StringBuilder.append(Ljava/lang/String;)Ljava/lang/StringBuilder;+2
j  sun.nio.cs.FastCharsetProvider.lookup(Ljava/lang/String;)Ljava/nio/charset/Charset;+104
j  sun.nio.cs.FastCharsetProvider.charsetForName(Ljava/lang/String;)Ljava/nio/charset/Charset;+10
j  java.nio.charset.Charset.lookup2(Ljava/lang/String;)Ljava/nio/charset/Charset;+39
j  java.nio.charset.Charset.lookup(Ljava/lang/String;)Ljava/nio/charset/Charset;+40
j  java.nio.charset.Charset.defaultCharset()Ljava/nio/charset/Charset;+28
j  sun.nio.cs.StreamEncoder.forOutputStreamWriter(Ljava/io/OutputStream;Ljava/lang/Object;Ljava/lang/String;)Lsun/nio/cs/StreamEncoder;+6
j  java.io.OutputStreamWriter.<init>(Ljava/io/OutputStream;)V+12
j  java.io.PrintStream.<init>(ZLjava/io/OutputStream;)V+26
j  java.io.PrintStream.<init>(Ljava/io/OutputStream;Z)V+11
j  java.lang.System.newPrintStream(Ljava/io/FileOutputStream;Ljava/lang/String;)Ljava/io/PrintStream;+42
j  java.lang.System.initializeSystemClass()V+90
v  ~StubRoutines::call_stub

---------------  P R O C E S S  ---------------

Java Threads: ( => current thread )
  0x0000000002e50800 JavaThread "Finalizer" daemon [_thread_blocked, id=4552, stack(0x0000000016780000,0x0000000016880000)]
  0x0000000002e4d000 JavaThread "Reference Handler" daemon [_thread_blocked, id=6488, stack(0x0000000016680000,0x0000000016780000)]
=>0x0000000002d60800 JavaThread "main" [_thread_in_native, id=7344, stack(0x0000000002b90000,0x0000000002c90000)]

Other Threads:
  0x00000000154f8000 VMThread [stack: 0x0000000016580000,0x0000000016680000] [id=6660]

VM state:not at safepoint (normal execution)

VM Mutex/Monitor currently owned by a thread: None

Heap:
 PSYoungGen      total 28672K, used 983K [0x00000000eab00000, 0x00000000ecb00000, 0x0000000100000000)
  eden space 24576K, 4% used [0x00000000eab00000,0x00000000eabf5ce0,0x00000000ec300000)
  from space 4096K, 0% used [0x00000000ec700000,0x00000000ec700000,0x00000000ecb00000)
  to   space 4096K, 0% used [0x00000000ec300000,0x00000000ec300000,0x00000000ec700000)
 ParOldGen       total 65536K, used 0K [0x00000000c0000000, 0x00000000c4000000, 0x00000000eab00000)
  object space 65536K, 0% used [0x00000000c0000000,0x00000000c0000000,0x00000000c4000000)
 Metaspace       used 1361K, capacity 4480K, committed 4480K, reserved 1056768K
  class space    used 150K, capacity 384K, committed 384K, reserved 1048576K

Card table byte_map: [0x0000000012220000,0x0000000012430000] byte_map_base: 0x0000000011c20000

Marking Bits: (ParMarkBitMap*) 0x0000000062820600
 Begin Bits: [0x0000000012990000, 0x0000000013990000)
 End Bits:   [0x0000000013990000, 0x0000000014990000)

Polling page: 0x0000000002c90000

CodeCache: size=245760Kb used=406Kb max_used=406Kb free=245353Kb
 bounds [0x0000000002e60000, 0x00000000030d0000, 0x0000000011e60000]
 total_blobs=108 nmethods=0 adapters=82
 compilation: enabled

Compilation events (0 events):
No events

GC Heap History (0 events):
No events

Deoptimization events (0 events):
No events

Internal exceptions (2 events):
Event: 0.149 Thread 0x0000000002d60800 Exception <a 'java/lang/NoSuchMethodError': Method sun.misc.Unsafe.defineClass(Ljava/lang/String;[BII)Ljava/lang/Class; name or signature does not match> (0x00000000eab0d4f8) thrown at [D:\re\puppet\workspace\8-2-build-windows-amd64-cygwin\jdk8u73\6086\hotHÚ·ÚÃ?
Event: 0.149 Thread 0x0000000002d60800 Exception <a 'java/lang/NoSuchMethodError': Method sun.misc.Unsafe.prefetchRead(Ljava/lang/Object;J)V name or signature does not match> (0x00000000eab0d7e0) thrown at [D:\re\puppet\workspace\8-2-build-windows-amd64-cygwin\jdk8u73\6086\hotspot\src\share\vm\

Events (10 events):
Event: 0.156 loading class sun/nio/cs/StandardCharsets$Classes done
Event: 0.156 loading class sun/nio/cs/StandardCharsets$Cache
Event: 0.156 loading class sun/nio/cs/StandardCharsets$Cache done
Event: 0.156 loading class java/lang/ThreadLocal
Event: 0.156 loading class java/lang/ThreadLocal done
Event: 0.156 loading class java/util/concurrent/atomic/AtomicInteger
Event: 0.156 loading class java/util/concurrent/atomic/AtomicInteger done
Event: 0.157 loading class sun/security/action/GetPropertyAction
Event: 0.157 loading class sun/security/action/GetPropertyAction done
Event: 0.157 loading class java/util/Arrays


Dynamic libraries:
0x00007ff6896f0000 - 0x00007ff689727000 	C:\Program Files\Java\jdk1.8.0_73\bin\java.exe
0x00007ffee20b0000 - 0x00007ffee2272000 	C:\Windows\SYSTEM32\ntdll.dll
0x00007ffee19a0000 - 0x00007ffee1a4d000 	C:\Windows\system32\KERNEL32.DLL
0x00007ffedf5a0000 - 0x00007ffedf77d000 	C:\Windows\system32\KERNELBASE.dll
0x00007ffee1a50000 - 0x00007ffee1af6000 	C:\Windows\system32\ADVAPI32.dll
0x00007ffee1c40000 - 0x00007ffee1cdd000 	C:\Windows\system32\msvcrt.dll
0x00007ffee00c0000 - 0x00007ffee011b000 	C:\Windows\system32\sechost.dll
0x00007ffee1d20000 - 0x00007ffee1e46000 	C:\Windows\system32\RPCRT4.dll
0x00007ffedfef0000 - 0x00007ffee003e000 	C:\Windows\system32\USER32.dll
0x00007ffee16c0000 - 0x00007ffee1845000 	C:\Windows\system32\GDI32.dll
0x00007ffecd5e0000 - 0x00007ffecd854000 	C:\Windows\WinSxS\amd64_microsoft.windows.common-controls_6595b64144ccf1df_6.0.10240.16384_none_f41f7b285750ef43\COMCTL32.dll
0x00007ffee1ce0000 - 0x00007ffee1d16000 	C:\Windows\system32\IMM32.DLL
0x00007ffedfa50000 - 0x00007ffedfbac000 	C:\Windows\system32\MSCTF.dll
0x0000000061bb0000 - 0x0000000061c82000 	C:\Program Files\Java\jdk1.8.0_73\jre\bin\msvcr100.dll
0x0000000062010000 - 0x00000000628a0000 	C:\Program Files\Java\jdk1.8.0_73\jre\bin\server\jvm.dll
0x00007ffee0040000 - 0x00007ffee0048000 	C:\Windows\system32\PSAPI.DLL
0x00007ffedc6b0000 - 0x00007ffedc6b9000 	C:\Windows\SYSTEM32\WSOCK32.dll
0x00007ffee2020000 - 0x00007ffee2089000 	C:\Windows\system32\WS2_32.dll
0x00007ffee16b0000 - 0x00007ffee16b8000 	C:\Windows\system32\NSI.dll
0x00007ffecafa0000 - 0x00007ffecafc3000 	C:\Windows\SYSTEM32\WINMM.dll
0x00007ffed4b40000 - 0x00007ffed4b4a000 	C:\Windows\SYSTEM32\VERSION.dll
0x00007ffecaea0000 - 0x00007ffecaecc000 	C:\Windows\SYSTEM32\WINMMBASE.dll
0x00007ffedec30000 - 0x00007ffedec74000 	C:\Windows\system32\cfgmgr32.dll
0x00007ffedd450000 - 0x00007ffedd477000 	C:\Windows\SYSTEM32\DEVOBJ.dll
0x0000000062be0000 - 0x0000000062bef000 	C:\Program Files\Java\jdk1.8.0_73\jre\bin\verify.dll
0x0000000061fe0000 - 0x0000000062009000 	C:\Program Files\Java\jdk1.8.0_73\jre\bin\java.dll
0x0000000061fc0000 - 0x0000000061fd6000 	C:\Program Files\Java\jdk1.8.0_73\jre\bin\zip.dll
0x00007ffee0120000 - 0x00007ffee1645000 	C:\Windows\system32\SHELL32.dll
0x00007ffedee50000 - 0x00007ffedf478000 	C:\Windows\system32\windows.storage.dll
0x00007ffedfc70000 - 0x00007ffedfeec000 	C:\Windows\system32\combase.dll
0x00007ffee1650000 - 0x00007ffee16a1000 	C:\Windows\system32\shlwapi.dll
0x00007ffedeb50000 - 0x00007ffedeb5f000 	C:\Windows\system32\kernel.appcore.dll
0x00007ffedf480000 - 0x00007ffedf533000 	C:\Windows\system32\shcore.dll
0x00007ffedeae0000 - 0x00007ffedeb2a000 	C:\Windows\system32\powrprof.dll
0x00007ffedeb60000 - 0x00007ffedeb73000 	C:\Windows\system32\profapi.dll

VM Arguments:
jvm_args: -Djava.awt.headless=true -Xmx1024M -Dfile.encoding=windows-1252 -Duser.country=US -Duser.language=en -Duser.variant 
java_command: com.android.dx.command.Main --dex --force-jumbo --num-threads=4 --multi-dex --output C:\Users\user\AndroidStudioProjects\ExpenseManager\app\build\intermediates\transforms\dex\debug\folders\1000\5\slice_6 C:\Users\user\AndroidStudioProjects\ExpenseManager\app\build\intermediates\transforms\instantRunSlicer\debug\folders\1\5\slice_6
java_class_path (initial): C:\Users\user\AppData\Local\Android\sdk\build-tools\23.0.3\lib\dx.jar
Launcher Type: SUN_STANDARD

Environment Variables:
PATH=C:\ProgramData\Oracle\Java\javapath;D:\DevSuiteHome_1\jdk\jre\bin\classic;D:\DevSuiteHome_1\jdk\jre\bin;D:\DevSuiteHome_1\jdk\jre\bin\client;D:\DevSuiteHome_1\jlib;D:\DevSuiteHome_1\bin;D:\DevSuiteHome_1\jre\1.4.2\bin\client;D:\DevSuiteHome_1\jre\1.4.2\bin;C:\Windows\system32;C:\Windows;C:\Windows\System32\Wbem;C:\Windows\System32\WindowsPowerShell\v1.0\;C:\Program Files (x86)\Skype\Phone\;C:\Program Files (x86)\CrSSL\bin;C:\Program Files\CrSSL\bin;C:\Program Files (x86)\CrSSL\bin
USERNAME=user
OS=Windows_NT
PROCESSOR_IDENTIFIER=Intel64 Family 6 Model 69 Stepping 1, GenuineIntel



---------------  S Y S T E M  ---------------

OS: Windows 10.0 , 64 bit Build 10240 (10.0.10240.16384)

CPU:total 4 (2 cores per cpu, 2 threads per core) family 6 model 69 stepping 1, cmov, cx8, fxsr, mmx, sse, sse2, sse3, ssse3, sse4.1, sse4.2, popcnt, avx, avx2, aes, clmul, erms, lzcnt, ht, tsc, tscinvbit, bmi1, bmi2

Memory: 4k page, physical 6214896k(997176k free), swap 7918832k(3808k free)

vm_info: Java HotSpot(TM) 64-Bit Server VM (25.73-b02) for windows-amd64 JRE (1.8.0_73-b02), built on Jan 29 2016 17:38:49 by "java_re" with MS VC++ 10.0 (VS2010)

time: Tue Jul 05 16:14:49 2016
elapsed time: 0 seconds (0d 0h 0m 0s)

