#
# There is insufficient memory for the Java Runtime Environment to continue.
# Native memory allocation (malloc) failed to allocate 311056 bytes for Chunk::new
# Possible reasons:
#   The system is out of physical RAM or swap space
#   In 32 bit mode, the process size limit was hit
# Possible solutions:
#   Reduce memory load on the system
#   Increase physical memory or swap space
#   Check if swap backing store is full
#   Use 64 bit Java on a 64 bit OS
#   Decrease Java heap size (-Xmx/-Xms)
#   Decrease number of Java threads
#   Decrease Java thread stack sizes (-Xss)
#   Set larger code cache with -XX:ReservedCodeCacheSize=
# This output file may be truncated or incomplete.
#
#  Out of Memory Error (allocation.cpp:390), pid=7220, tid=812
#
# JRE version: Java(TM) SE Runtime Environment (8.0_73-b02) (build 1.8.0_73-b02)
# Java VM: Java HotSpot(TM) 64-Bit Server VM (25.73-b02 mixed mode windows-amd64 compressed oops)
# Failed to write core dump. Minidumps are not enabled by default on client versions of Windows
#

---------------  T H R E A D  ---------------

Current thread (0x0000000014966000):  JavaThread "C2 CompilerThread1" daemon [_thread_in_native, id=812, stack(0x0000000016050000,0x0000000016150000)]

Stack: [0x0000000016050000,0x0000000016150000]
[error occurred during error reporting (printing stack bounds), id 0xc0000005]

Native frames: (J=compiled Java code, j=interpreted, Vv=VM code, C=native code)


Current CompileTask:
C2:   6748 1622   !   4       com.android.dx.cf.code.BytecodeArray::parseInstruction (2764 bytes)


---------------  P R O C E S S  ---------------

Java Threads: ( => current thread )
  0x00000000164be000 JavaThread "pool-2-thread-4" [_thread_blocked, id=1424, stack(0x0000000016c50000,0x0000000016d50000)]
  0x00000000164bc800 JavaThread "pool-2-thread-3" [_thread_in_Java, id=6724, stack(0x0000000016b50000,0x0000000016c50000)]
  0x0000000016515800 JavaThread "pool-2-thread-2" [_thread_blocked, id=4712, stack(0x0000000016a50000,0x0000000016b50000)]
  0x000000001651f800 JavaThread "pool-3-thread-1" [_thread_blocked, id=1804, stack(0x0000000016950000,0x0000000016a50000)]
  0x000000001649f000 JavaThread "pool-2-thread-1" [_thread_blocked, id=6324, stack(0x0000000016850000,0x0000000016950000)]
  0x0000000016255000 JavaThread "Service Thread" daemon [_thread_blocked, id=7016, stack(0x0000000016650000,0x0000000016750000)]
  0x0000000014969000 JavaThread "C1 CompilerThread2" daemon [_thread_in_native, id=4024, stack(0x0000000016150000,0x0000000016250000)]
=>0x0000000014966000 JavaThread "C2 CompilerThread1" daemon [_thread_in_native, id=812, stack(0x0000000016050000,0x0000000016150000)]
  0x000000001490c800 JavaThread "C2 CompilerThread0" daemon [_thread_in_native, id=2960, stack(0x0000000015f50000,0x0000000016050000)]
  0x000000001490a800 JavaThread "Attach Listener" daemon [_thread_blocked, id=4532, stack(0x0000000015e50000,0x0000000015f50000)]
  0x0000000014909800 JavaThread "Signal Dispatcher" daemon [_thread_blocked, id=7160, stack(0x0000000015d50000,0x0000000015e50000)]
  0x0000000002236000 JavaThread "Finalizer" daemon [_thread_blocked, id=7088, stack(0x0000000015b70000,0x0000000015c70000)]
  0x000000000222d000 JavaThread "Reference Handler" daemon [_thread_blocked, id=3624, stack(0x0000000015a70000,0x0000000015b70000)]
  0x0000000002140800 JavaThread "main" [_thread_blocked, id=5944, stack(0x0000000002040000,0x0000000002140000)]

Other Threads:
  0x00000000148d8000 VMThread [stack: 0x0000000015970000,0x0000000015a70000] [id=7156]
  0x0000000016261800 WatcherThread [stack: 0x0000000016750000,0x0000000016850000] [id=5464]

VM state:not at safepoint (normal execution)

VM Mutex/Monitor currently owned by a thread: None

Heap:
 PSYoungGen      total 53248K, used 17742K [0x00000000eab00000, 0x00000000ee300000, 0x0000000100000000)
  eden space 49152K, 27% used [0x00000000eab00000,0x00000000eb857e78,0x00000000edb00000)
  from space 4096K, 99% used [0x00000000edb00000,0x00000000edefbb48,0x00000000edf00000)
  to   space 4096K, 0% used [0x00000000edf00000,0x00000000edf00000,0x00000000ee300000)
 ParOldGen       total 65536K, used 11688K [0x00000000c0000000, 0x00000000c4000000, 0x00000000eab00000)
  object space 65536K, 17% used [0x00000000c0000000,0x00000000c0b6a3e8,0x00000000c4000000)
 Metaspace       used 6237K, capacity 7088K, committed 7296K, reserved 1056768K
  class space    used 601K, capacity 616K, committed 640K, reserved 1048576K

Card table byte_map: [0x0000000011600000,0x0000000011810000] byte_map_base: 0x0000000011000000

Marking Bits: (ParMarkBitMap*) 0x0000000062a40600
 Begin Bits: [0x0000000011d70000, 0x0000000012d70000)
 End Bits:   [0x0000000012d70000, 0x0000000013d70000)

Polling page: 0x0000000001f60000

CodeCache: size=245760Kb used=7112Kb max_used=7112Kb free=238647Kb
 bounds [0x0000000002240000, 0x0000000002940000, 0x0000000011240000]
 total_blobs=1961 nmethods=1691 adapters=182
 compilation: enabled

Compilation events (10 events):
Event: 6.721 Thread 0x0000000014969000 1695       2       java.util.concurrent.locks.LockSupport::setBlocker (12 bytes)
Event: 6.721 Thread 0x0000000014969000 nmethod 1695 0x0000000002922050 code [0x00000000029221a0, 0x00000000029222f0]
Event: 6.721 Thread 0x0000000014969000 1697       2       java.util.concurrent.locks.AbstractQueuedSynchronizer::compareAndSetWaitStatus (13 bytes)
Event: 6.721 Thread 0x0000000014969000 nmethod 1697 0x0000000002921d50 code [0x0000000002921ea0, 0x0000000002921ff0]
Event: 6.726 Thread 0x0000000014969000 1698   !   2       com.android.dx.cf.cst.ConstantPoolParser::determineOffsets (285 bytes)
Event: 6.728 Thread 0x0000000014969000 nmethod 1698 0x0000000002928150 code [0x0000000002928420, 0x0000000002929058]
Event: 6.728 Thread 0x0000000014969000 1699       2       com.android.dx.cf.cst.ConstantPoolParser::parse (365 bytes)
Event: 6.730 Thread 0x0000000014969000 nmethod 1699 0x0000000002929f10 code [0x000000000292a2e0, 0x000000000292b6a8]
Event: 6.731 Thread 0x0000000014969000 1701       2       java.lang.String::lastIndexOf (151 bytes)
Event: 6.731 Thread 0x0000000014969000 nmethod 1701 0x000000000292cd10 code [0x000000000292cea0, 0x000000000292d250]

GC Heap History (6 events):
Event: 4.014 GC heap before
{Heap before GC invocations=1 (full 0):
 PSYoungGen      total 28672K, used 24576K [0x00000000eab00000, 0x00000000ecb00000, 0x0000000100000000)
  eden space 24576K, 100% used [0x00000000eab00000,0x00000000ec300000,0x00000000ec300000)
  from space 4096K, 0% used [0x00000000ec700000,0x00000000ec700000,0x00000000ecb00000)
  to   space 4096K, 0% used [0x00000000ec300000,0x00000000ec300000,0x00000000ec700000)
 ParOldGen       total 65536K, used 0K [0x00000000c0000000, 0x00000000c4000000, 0x00000000eab00000)
  object space 65536K, 0% used [0x00000000c0000000,0x00000000c0000000,0x00000000c4000000)
 Metaspace       used 5935K, capacity 6896K, committed 7040K, reserved 1056768K
  class space    used 598K, capacity 616K, committed 640K, reserved 1048576K
Event: 4.072 GC heap after
Heap after GC invocations=1 (full 0):
 PSYoungGen      total 28672K, used 4080K [0x00000000eab00000, 0x00000000ee300000, 0x0000000100000000)
  eden space 24576K, 0% used [0x00000000eab00000,0x00000000eab00000,0x00000000ec300000)
  from space 4096K, 99% used [0x00000000ec300000,0x00000000ec6fc050,0x00000000ec700000)
  to   space 4096K, 0% used [0x00000000edf00000,0x00000000edf00000,0x00000000ee300000)
 ParOldGen       total 65536K, used 1060K [0x00000000c0000000, 0x00000000c4000000, 0x00000000eab00000)
  object space 65536K, 1% used [0x00000000c0000000,0x00000000c0109120,0x00000000c4000000)
 Metaspace       used 5935K, capacity 6896K, committed 7040K, reserved 1056768K
  class space    used 598K, capacity 616K, committed 640K, reserved 1048576K
}
Event: 5.209 GC heap before
{Heap before GC invocations=2 (full 0):
 PSYoungGen      total 28672K, used 28656K [0x00000000eab00000, 0x00000000ee300000, 0x0000000100000000)
  eden space 24576K, 100% used [0x00000000eab00000,0x00000000ec300000,0x00000000ec300000)
  from space 4096K, 99% used [0x00000000ec300000,0x00000000ec6fc050,0x00000000ec700000)
  to   space 4096K, 0% used [0x00000000edf00000,0x00000000edf00000,0x00000000ee300000)
 ParOldGen       total 65536K, used 1060K [0x00000000c0000000, 0x00000000c4000000, 0x00000000eab00000)
  object space 65536K, 1% used [0x00000000c0000000,0x00000000c0109120,0x00000000c4000000)
 Metaspace       used 6099K, capacity 7024K, committed 7296K, reserved 1056768K
  class space    used 601K, capacity 616K, committed 640K, reserved 1048576K
Event: 5.291 GC heap after
Heap after GC invocations=2 (full 0):
 PSYoungGen      total 53248K, used 4094K [0x00000000eab00000, 0x00000000ee300000, 0x0000000100000000)
  eden space 49152K, 0% used [0x00000000eab00000,0x00000000eab00000,0x00000000edb00000)
  from space 4096K, 99% used [0x00000000edf00000,0x00000000ee2ffb58,0x00000000ee300000)
  to   space 4096K, 0% used [0x00000000edb00000,0x00000000edb00000,0x00000000edf00000)
 ParOldGen       total 65536K, used 4389K [0x00000000c0000000, 0x00000000c4000000, 0x00000000eab00000)
  object space 65536K, 6% used [0x00000000c0000000,0x00000000c0449690,0x00000000c4000000)
 Metaspace       used 6099K, capacity 7024K, committed 7296K, reserved 1056768K
  class space    used 601K, capacity 616K, committed 640K, reserved 1048576K
}
Event: 6.668 GC heap before
{Heap before GC invocations=3 (full 0):
 PSYoungGen      total 53248K, used 53246K [0x00000000eab00000, 0x00000000ee300000, 0x0000000100000000)
  eden space 49152K, 100% used [0x00000000eab00000,0x00000000edb00000,0x00000000edb00000)
  from space 4096K, 99% used [0x00000000edf00000,0x00000000ee2ffb58,0x00000000ee300000)
  to   space 4096K, 0% used [0x00000000edb00000,0x00000000edb00000,0x00000000edf00000)
 ParOldGen       total 65536K, used 4389K [0x00000000c0000000, 0x00000000c4000000, 0x00000000eab00000)
  object space 65536K, 6% used [0x00000000c0000000,0x00000000c0449690,0x00000000c4000000)
 Metaspace       used 6212K, capacity 7088K, committed 7296K, reserved 1056768K
  class space    used 601K, capacity 616K, committed 640K, reserved 1048576K
Event: 6.690 GC heap after
Heap after GC invocations=3 (full 0):
 PSYoungGen      total 53248K, used 4078K [0x00000000eab00000, 0x00000000ee300000, 0x0000000100000000)
  eden space 49152K, 0% used [0x00000000eab00000,0x00000000eab00000,0x00000000edb00000)
  from space 4096K, 99% used [0x00000000edb00000,0x00000000edefbb48,0x00000000edf00000)
  to   space 4096K, 0% used [0x00000000edf00000,0x00000000edf00000,0x00000000ee300000)
 ParOldGen       total 65536K, used 11688K [0x00000000c0000000, 0x00000000c4000000, 0x00000000eab00000)
  object space 65536K, 17% used [0x00000000c0000000,0x00000000c0b6a3e8,0x00000000c4000000)
 Metaspace       used 6212K, capacity 7088K, committed 7296K, reserved 1056768K
  class space    used 601K, capacity 616K, committed 640K, reserved 1048576K
}

Deoptimization events (10 events):
Event: 5.582 Thread 0x0000000016515800 Uncommon trap: reason=bimorphic action=maybe_recompile pc=0x00000000027ab444 method=java.util.HashMap.getNode(ILjava/lang/Object;)Ljava/util/HashMap$Node; @ 126
Event: 5.596 Thread 0x0000000016515800 Uncommon trap: reason=bimorphic action=maybe_recompile pc=0x00000000027ab444 method=java.util.HashMap.getNode(ILjava/lang/Object;)Ljava/util/HashMap$Node; @ 126
Event: 5.717 Thread 0x0000000002140800 Uncommon trap: reason=unloaded action=reinterpret pc=0x00000000027834d4 method=com.android.dx.cf.cst.ConstantPoolParser.parse0(ILjava/util/BitSet;)Lcom/android/dx/rop/cst/Constant; @ 198
Event: 6.150 Thread 0x00000000164bc800 Uncommon trap: reason=unstable_if action=reinterpret pc=0x00000000027ccb54 method=com.android.dx.ssa.LiteralOpUpgrader$1.visitNonMoveInsn(Lcom/android/dx/ssa/NormalSsaInsn;)V @ 176
Event: 6.175 Thread 0x00000000164bc800 Uncommon trap: reason=bimorphic action=maybe_recompile pc=0x00000000027d9008 method=com.android.dx.ssa.LiteralOpUpgrader.tryReplacingWithConstant(Lcom/android/dx/ssa/NormalSsaInsn;)Z @ 52
Event: 6.175 Thread 0x00000000164bc800 Uncommon trap: reason=bimorphic action=maybe_recompile pc=0x00000000027d9008 method=com.android.dx.ssa.LiteralOpUpgrader.tryReplacingWithConstant(Lcom/android/dx/ssa/NormalSsaInsn;)Z @ 52
Event: 6.178 Thread 0x00000000164bc800 Uncommon trap: reason=bimorphic action=maybe_recompile pc=0x00000000027d9008 method=com.android.dx.ssa.LiteralOpUpgrader.tryReplacingWithConstant(Lcom/android/dx/ssa/NormalSsaInsn;)Z @ 52
Event: 6.182 Thread 0x00000000164bc800 Uncommon trap: reason=unstable_if action=reinterpret pc=0x0000000002711ac4 method=com.android.dx.ssa.SCCP.simulateStmt(Lcom/android/dx/ssa/SsaInsn;)V @ 53
Event: 6.303 Thread 0x0000000016515800 Uncommon trap: reason=bimorphic action=maybe_recompile pc=0x0000000002867a68 method=com.android.dx.cf.code.BytecodeArray.parseInstruction(ILcom/android/dx/cf/code/BytecodeArray$Visitor;)I @ 955
Event: 6.303 Thread 0x0000000016515800 Uncommon trap: reason=bimorphic action=maybe_recompile pc=0x0000000002867a68 method=com.android.dx.cf.code.BytecodeArray.parseInstruction(ILcom/android/dx/cf/code/BytecodeArray$Visitor;)I @ 955

Internal exceptions (3 events):
Event: 0.676 Thread 0x0000000002140800 Exception <a 'java/lang/NoSuchMethodError': Method sun.misc.Unsafe.defineClass(Ljava/lang/String;[BII)Ljava/lang/Class; name or signature does not match> (0x00000000eab0d598) thrown at [D:\re\puppet\workspace\8-2-build-windows-amd64-cygwin\jdk8u73\6086\hot·èv•Â?
Event: 0.676 Thread 0x0000000002140800 Exception <a 'java/lang/NoSuchMethodError': Method sun.misc.Unsafe.prefetchRead(Ljava/lang/Object;J)V name or signature does not match> (0x00000000eab0d880) thrown at [D:\re\puppet\workspace\8-2-build-windows-amd64-cygwin\jdk8u73\6086\hotspot\src\share\vm\√P∆$`Ÿ@
Event: 4.962 Thread 0x00000000164bc800 Implicit null exception at 0x0000000002562f13 to 0x000000000256486d

Events (10 events):
Event: 6.182 Thread 0x00000000164bc800 DEOPT PACKING pc=0x0000000002711ac4 sp=0x0000000016c4ec00
Event: 6.182 Thread 0x00000000164bc800 DEOPT UNPACKING pc=0x000000000228582a sp=0x0000000016c4ebf8 mode 2
Event: 6.303 Thread 0x0000000016515800 Uncommon trap: trap_request=0xffffffc6 fr.pc=0x0000000002867a68
Event: 6.303 Thread 0x0000000016515800 DEOPT PACKING pc=0x0000000002867a68 sp=0x0000000016b4e490
Event: 6.303 Thread 0x0000000016515800 DEOPT UNPACKING pc=0x000000000228582a sp=0x0000000016b4e438 mode 2
Event: 6.303 Thread 0x0000000016515800 Uncommon trap: trap_request=0xffffffc6 fr.pc=0x0000000002867a68
Event: 6.303 Thread 0x0000000016515800 DEOPT PACKING pc=0x0000000002867a68 sp=0x0000000016b4e2e0
Event: 6.303 Thread 0x0000000016515800 DEOPT UNPACKING pc=0x000000000228582a sp=0x0000000016b4e288 mode 2
Event: 6.630 Executing VM operation: ParallelGCFailedAllocation
Event: 6.691 Executing VM operation: ParallelGCFailedAllocation done


Dynamic libraries:
0x00007ff67f1b0000 - 0x00007ff67f1e7000 	C:\Program Files\Java\jdk1.8.0_73\bin\java.exe
0x00007ffee20b0000 - 0x00007ffee2272000 	C:\Windows\SYSTEM32\ntdll.dll
0x00007ffee19a0000 - 0x00007ffee1a4d000 	C:\Windows\system32\KERNEL32.DLL
0x00007ffedf5a0000 - 0x00007ffedf77d000 	C:\Windows\system32\KERNELBASE.dll
0x00007ffee1a50000 - 0x00007ffee1af6000 	C:\Windows\system32\ADVAPI32.dll
0x00007ffee1c40000 - 0x00007ffee1cdd000 	C:\Windows\system32\msvcrt.dll
0x00007ffee00c0000 - 0x00007ffee011b000 	C:\Windows\system32\sechost.dll
0x00007ffee1d20000 - 0x00007ffee1e46000 	C:\Windows\system32\RPCRT4.dll
0x00007ffedfef0000 - 0x00007ffee003e000 	C:\Windows\system32\USER32.dll
0x00007ffee16c0000 - 0x00007ffee1845000 	C:\Windows\system32\GDI32.dll
0x00007ffecd5e0000 - 0x00007ffecd854000 	C:\Windows\WinSxS\amd64_microsoft.windows.common-controls_6595b64144ccf1df_6.0.10240.16384_none_f41f7b285750ef43\COMCTL32.dll
0x00007ffee1ce0000 - 0x00007ffee1d16000 	C:\Windows\system32\IMM32.DLL
0x00007ffedfa50000 - 0x00007ffedfbac000 	C:\Windows\system32\MSCTF.dll
0x0000000061db0000 - 0x0000000061e82000 	C:\Program Files\Java\jdk1.8.0_73\jre\bin\msvcr100.dll
0x0000000062230000 - 0x0000000062ac0000 	C:\Program Files\Java\jdk1.8.0_73\jre\bin\server\jvm.dll
0x00007ffee0040000 - 0x00007ffee0048000 	C:\Windows\system32\PSAPI.DLL
0x00007ffedbe30000 - 0x00007ffedbe39000 	C:\Windows\SYSTEM32\WSOCK32.dll
0x00007ffee2020000 - 0x00007ffee2089000 	C:\Windows\system32\WS2_32.dll
0x00007ffee16b0000 - 0x00007ffee16b8000 	C:\Windows\system32\NSI.dll
0x00007ffed7d30000 - 0x00007ffed7d53000 	C:\Windows\SYSTEM32\WINMM.dll
0x00007ffed4b40000 - 0x00007ffed4b4a000 	C:\Windows\SYSTEM32\VERSION.dll
0x00007ffed7430000 - 0x00007ffed745c000 	C:\Windows\SYSTEM32\WINMMBASE.dll
0x00007ffedec30000 - 0x00007ffedec74000 	C:\Windows\system32\cfgmgr32.dll
0x00007ffedd450000 - 0x00007ffedd477000 	C:\Windows\SYSTEM32\DEVOBJ.dll
0x0000000062220000 - 0x000000006222f000 	C:\Program Files\Java\jdk1.8.0_73\jre\bin\verify.dll
0x00000000621f0000 - 0x0000000062219000 	C:\Program Files\Java\jdk1.8.0_73\jre\bin\java.dll
0x00000000621d0000 - 0x00000000621e6000 	C:\Program Files\Java\jdk1.8.0_73\jre\bin\zip.dll
0x00007ffee0120000 - 0x00007ffee1645000 	C:\Windows\system32\SHELL32.dll
0x00007ffedee50000 - 0x00007ffedf478000 	C:\Windows\system32\windows.storage.dll
0x00007ffedfc70000 - 0x00007ffedfeec000 	C:\Windows\system32\combase.dll
0x00007ffee1650000 - 0x00007ffee16a1000 	C:\Windows\system32\shlwapi.dll
0x00007ffedeb50000 - 0x00007ffedeb5f000 	C:\Windows\system32\kernel.appcore.dll
0x00007ffedf480000 - 0x00007ffedf533000 	C:\Windows\system32\shcore.dll
0x00007ffedeae0000 - 0x00007ffedeb2a000 	C:\Windows\system32\powrprof.dll
0x00007ffedeb60000 - 0x00007ffedeb73000 	C:\Windows\system32\profapi.dll

VM Arguments:
jvm_args: -Djava.awt.headless=true -Xmx1024M -Dfile.encoding=windows-1252 -Duser.country=US -Duser.language=en -Duser.variant 
java_command: com.android.dx.command.Main --dex --force-jumbo --num-threads=4 --multi-dex --output C:\Users\user\AndroidStudioProjects\ExpenseManager\app\build\intermediates\transforms\dex\debug\folders\1000\10\com.android.support-design-23.4.0_428dac68ac77f3768c84f7861e1287eb5d70575b C:\Users\user\AndroidStudioProjects\ExpenseManager\app\build\intermediates\exploded-aar\com.android.support\design\23.4.0\jars\classes.jar
java_class_path (initial): C:\Users\user\AppData\Local\Android\sdk\build-tools\23.0.3\lib\dx.jar
Launcher Type: SUN_STANDARD

Environment Variables:
PATH=C:\ProgramData\Oracle\Java\javapath;D:\DevSuiteHome_1\jdk\jre\bin\classic;D:\DevSuiteHome_1\jdk\jre\bin;D:\DevSuiteHome_1\jdk\jre\bin\client;D:\DevSuiteHome_1\jlib;D:\DevSuiteHome_1\bin;D:\DevSuiteHome_1\jre\1.4.2\bin\client;D:\DevSuiteHome_1\jre\1.4.2\bin;C:\Windows\system32;C:\Windows;C:\Windows\System32\Wbem;C:\Windows\System32\WindowsPowerShell\v1.0\;C:\Program Files (x86)\Skype\Phone\;C:\Program Files (x86)\CrSSL\bin;C:\Program Files\CrSSL\bin;C:\Program Files (x86)\CrSSL\bin
USERNAME=user
OS=Windows_NT
PROCESSOR_IDENTIFIER=Intel64 Family 6 Model 69 Stepping 1, GenuineIntel



---------------  S Y S T E M  ---------------

OS: Windows 10.0 , 64 bit Build 10240 (10.0.10240.16384)

CPU:total 4 (2 cores per cpu, 2 threads per core) family 6 model 69 stepping 1, cmov, cx8, fxsr, mmx, sse, sse2, sse3, ssse3, sse4.1, sse4.2, popcnt, avx, avx2, aes, clmul, erms, lzcnt, ht, tsc, tscinvbit, bmi1, bmi2

Memory: 4k page, physical 6214896k(153608k free), swap 7918832k(4404k free)

vm_info: Java HotSpot(TM) 64-Bit Server VM (25.73-b02) for windows-amd64 JRE (1.8.0_73-b02), built on Jan 29 2016 17:38:49 by "java_re" with MS VC++ 10.0 (VS2010)

time: Thu Jul 07 11:37:43 2016
elapsed time: 6 seconds (0d 0h 0m 6s)

