#
# There is insufficient memory for the Java Runtime Environment to continue.
# Native memory allocation (malloc) failed to allocate 263792 bytes for Chunk::new
# Possible reasons:
#   The system is out of physical RAM or swap space
#   In 32 bit mode, the process size limit was hit
# Possible solutions:
#   Reduce memory load on the system
#   Increase physical memory or swap space
#   Check if swap backing store is full
#   Use 64 bit Java on a 64 bit OS
#   Decrease Java heap size (-Xmx/-Xms)
#   Decrease number of Java threads
#   Decrease Java thread stack sizes (-Xss)
#   Set larger code cache with -XX:ReservedCodeCacheSize=
# This output file may be truncated or incomplete.
#
#  Out of Memory Error (allocation.cpp:390), pid=5272, tid=7892
#
# JRE version: Java(TM) SE Runtime Environment (8.0_73-b02) (build 1.8.0_73-b02)
# Java VM: Java HotSpot(TM) 64-Bit Server VM (25.73-b02 mixed mode windows-amd64 compressed oops)
# Failed to write core dump. Minidumps are not enabled by default on client versions of Windows
#

---------------  T H R E A D  ---------------

Current thread (0x00000000154c7800):  JavaThread "C2 CompilerThread1" daemon [_thread_in_native, id=7892, stack(0x0000000016ba0000,0x0000000016ca0000)]

Stack: [0x0000000016ba0000,0x0000000016ca0000]
[error occurred during error reporting (printing stack bounds), id 0xc0000005]

Native frames: (J=compiled Java code, j=interpreted, Vv=VM code, C=native code)


Current CompileTask:
C2:   4107 1440       4       com.android.dx.dex.code.OutputFinisher::addConstants (68 bytes)


---------------  P R O C E S S  ---------------

Java Threads: ( => current thread )
  0x0000000016f4b800 JavaThread "pool-1-thread-1" [_thread_in_Java, id=840, stack(0x00000000173a0000,0x00000000174a0000)]
  0x0000000016daa800 JavaThread "Service Thread" daemon [_thread_blocked, id=5104, stack(0x00000000171a0000,0x00000000172a0000)]
  0x00000000154ca000 JavaThread "C1 CompilerThread2" daemon [_thread_blocked, id=8104, stack(0x0000000016ca0000,0x0000000016da0000)]
=>0x00000000154c7800 JavaThread "C2 CompilerThread1" daemon [_thread_in_native, id=7892, stack(0x0000000016ba0000,0x0000000016ca0000)]
  0x000000001546c800 JavaThread "C2 CompilerThread0" daemon [_thread_in_native, id=7788, stack(0x0000000016aa0000,0x0000000016ba0000)]
  0x000000001546a800 JavaThread "Attach Listener" daemon [_thread_blocked, id=7552, stack(0x00000000169a0000,0x0000000016aa0000)]
  0x0000000015469000 JavaThread "Signal Dispatcher" daemon [_thread_blocked, id=7632, stack(0x00000000168a0000,0x00000000169a0000)]
  0x0000000002d91800 JavaThread "Finalizer" daemon [_thread_blocked, id=7460, stack(0x00000000166c0000,0x00000000167c0000)]
  0x0000000002d8e000 JavaThread "Reference Handler" daemon [_thread_blocked, id=7820, stack(0x00000000165c0000,0x00000000166c0000)]
  0x0000000002ca0800 JavaThread "main" [_thread_blocked, id=4164, stack(0x0000000002ba0000,0x0000000002ca0000)]

Other Threads:
  0x0000000015438000 VMThread [stack: 0x00000000164c0000,0x00000000165c0000] [id=7868]
  0x0000000016da8000 WatcherThread [stack: 0x00000000172a0000,0x00000000173a0000] [id=8148]

VM state:not at safepoint (normal execution)

VM Mutex/Monitor currently owned by a thread: None

Heap:
 PSYoungGen      total 53248K, used 16142K [0x00000000eab00000, 0x00000000ee300000, 0x0000000100000000)
  eden space 49152K, 24% used [0x00000000eab00000,0x00000000eb6c8dd8,0x00000000edb00000)
  from space 4096K, 99% used [0x00000000edf00000,0x00000000ee2faab8,0x00000000ee300000)
  to   space 4096K, 0% used [0x00000000edb00000,0x00000000edb00000,0x00000000edf00000)
 ParOldGen       total 65536K, used 3993K [0x00000000c0000000, 0x00000000c4000000, 0x00000000eab00000)
  object space 65536K, 6% used [0x00000000c0000000,0x00000000c03e6548,0x00000000c4000000)
 Metaspace       used 6122K, capacity 7030K, committed 7296K, reserved 1056768K
  class space    used 605K, capacity 622K, committed 640K, reserved 1048576K

Card table byte_map: [0x0000000012160000,0x0000000012370000] byte_map_base: 0x0000000011b60000

Marking Bits: (ParMarkBitMap*) 0x0000000057eb0600
 Begin Bits: [0x00000000128d0000, 0x00000000138d0000)
 End Bits:   [0x00000000138d0000, 0x00000000148d0000)

Polling page: 0x0000000001360000

CodeCache: size=245760Kb used=5915Kb max_used=5916Kb free=239844Kb
 bounds [0x0000000002da0000, 0x0000000003380000, 0x0000000011da0000]
 total_blobs=1674 nmethods=1405 adapters=182
 compilation: enabled

Compilation events (10 events):
Event: 4.061 Thread 0x00000000154c7800 nmethod 1435 0x000000000335ffd0 code [0x0000000003360120, 0x00000000033602b8]
Event: 4.062 Thread 0x00000000154c7800 1436       4       com.android.dx.rop.type.Type::compareTo (9 bytes)
Event: 4.062 Thread 0x00000000154ca000 1437       3       com.android.dx.dex.code.StdCatchBuilder::hasAnyCatches (57 bytes)
Event: 4.063 Thread 0x00000000154ca000 nmethod 1437 0x0000000003363d50 code [0x0000000003363f40, 0x0000000003364c78]
Event: 4.063 Thread 0x00000000154c7800 nmethod 1436 0x0000000003366910 code [0x0000000003366a60, 0x0000000003366c38]
Event: 4.064 Thread 0x00000000154ca000 1438       3       com.android.dx.dex.file.CodeItem::addContents (174 bytes)
Event: 4.066 Thread 0x00000000154ca000 nmethod 1438 0x000000000336e190 code [0x000000000336e4a0, 0x000000000336fe48]
Event: 4.066 Thread 0x00000000154ca000 1439       1       com.android.dx.dex.code.OutputFinisher::hasAnyPositionInfo (5 bytes)
Event: 4.066 Thread 0x00000000154ca000 nmethod 1439 0x00000000033665d0 code [0x0000000003366720, 0x0000000003366830]
Event: 4.067 Thread 0x00000000154c7800 1440       4       com.android.dx.dex.code.OutputFinisher::addConstants (68 bytes)

GC Heap History (4 events):
Event: 1.589 GC heap before
{Heap before GC invocations=1 (full 0):
 PSYoungGen      total 28672K, used 24576K [0x00000000eab00000, 0x00000000ecb00000, 0x0000000100000000)
  eden space 24576K, 100% used [0x00000000eab00000,0x00000000ec300000,0x00000000ec300000)
  from space 4096K, 0% used [0x00000000ec700000,0x00000000ec700000,0x00000000ecb00000)
  to   space 4096K, 0% used [0x00000000ec300000,0x00000000ec300000,0x00000000ec700000)
 ParOldGen       total 65536K, used 0K [0x00000000c0000000, 0x00000000c4000000, 0x00000000eab00000)
  object space 65536K, 0% used [0x00000000c0000000,0x00000000c0000000,0x00000000c4000000)
 Metaspace       used 5843K, capacity 6768K, committed 7040K, reserved 1056768K
  class space    used 595K, capacity 616K, committed 640K, reserved 1048576K
Event: 1.607 GC heap after
Heap after GC invocations=1 (full 0):
 PSYoungGen      total 28672K, used 4069K [0x00000000eab00000, 0x00000000ee300000, 0x0000000100000000)
  eden space 24576K, 0% used [0x00000000eab00000,0x00000000eab00000,0x00000000ec300000)
  from space 4096K, 99% used [0x00000000ec300000,0x00000000ec6f95d0,0x00000000ec700000)
  to   space 4096K, 0% used [0x00000000edf00000,0x00000000edf00000,0x00000000ee300000)
 ParOldGen       total 65536K, used 1254K [0x00000000c0000000, 0x00000000c4000000, 0x00000000eab00000)
  object space 65536K, 1% used [0x00000000c0000000,0x00000000c0139bc0,0x00000000c4000000)
 Metaspace       used 5843K, capacity 6768K, committed 7040K, reserved 1056768K
  class space    used 595K, capacity 616K, committed 640K, reserved 1048576K
}
Event: 2.528 GC heap before
{Heap before GC invocations=2 (full 0):
 PSYoungGen      total 28672K, used 28645K [0x00000000eab00000, 0x00000000ee300000, 0x0000000100000000)
  eden space 24576K, 100% used [0x00000000eab00000,0x00000000ec300000,0x00000000ec300000)
  from space 4096K, 99% used [0x00000000ec300000,0x00000000ec6f95d0,0x00000000ec700000)
  to   space 4096K, 0% used [0x00000000edf00000,0x00000000edf00000,0x00000000ee300000)
 ParOldGen       total 65536K, used 1254K [0x00000000c0000000, 0x00000000c4000000, 0x00000000eab00000)
  object space 65536K, 1% used [0x00000000c0000000,0x00000000c0139bc0,0x00000000c4000000)
 Metaspace       used 6013K, capacity 6960K, committed 7040K, reserved 1056768K
  class space    used 596K, capacity 616K, committed 640K, reserved 1048576K
Event: 2.544 GC heap after
Heap after GC invocations=2 (full 0):
 PSYoungGen      total 53248K, used 4074K [0x00000000eab00000, 0x00000000ee300000, 0x0000000100000000)
  eden space 49152K, 0% used [0x00000000eab00000,0x00000000eab00000,0x00000000edb00000)
  from space 4096K, 99% used [0x00000000edf00000,0x00000000ee2faab8,0x00000000ee300000)
  to   space 4096K, 0% used [0x00000000edb00000,0x00000000edb00000,0x00000000edf00000)
 ParOldGen       total 65536K, used 3993K [0x00000000c0000000, 0x00000000c4000000, 0x00000000eab00000)
  object space 65536K, 6% used [0x00000000c0000000,0x00000000c03e6548,0x00000000c4000000)
 Metaspace       used 6013K, capacity 6960K, committed 7040K, reserved 1056768K
  class space    used 596K, capacity 616K, committed 640K, reserved 1048576K
}

Deoptimization events (10 events):
Event: 1.785 Thread 0x0000000016f56000 Uncommon trap: reason=unstable_if action=reinterpret pc=0x00000000030bea00 method=com.android.dx.rop.code.RegisterSpec.equals(ILcom/android/dx/rop/type/TypeBearer;Lcom/android/dx/rop/code/LocalItem;)Z @ 42
Event: 3.509 Thread 0x0000000016f4f000 Uncommon trap: reason=bimorphic action=maybe_recompile pc=0x0000000003212554 method=com.android.dx.ssa.SCCP.setLatticeValueTo(IILcom/android/dx/rop/cst/Constant;)Z @ 43
Event: 3.509 Thread 0x0000000016f4f000 Uncommon trap: reason=bimorphic action=maybe_recompile pc=0x0000000003212554 method=com.android.dx.ssa.SCCP.setLatticeValueTo(IILcom/android/dx/rop/cst/Constant;)Z @ 43
Event: 3.509 Thread 0x0000000016f4f000 Uncommon trap: reason=bimorphic action=maybe_recompile pc=0x0000000003212554 method=com.android.dx.ssa.SCCP.setLatticeValueTo(IILcom/android/dx/rop/cst/Constant;)Z @ 43
Event: 3.509 Thread 0x0000000016f4f000 Uncommon trap: reason=bimorphic action=maybe_recompile pc=0x0000000003212554 method=com.android.dx.ssa.SCCP.setLatticeValueTo(IILcom/android/dx/rop/cst/Constant;)Z @ 43
Event: 3.611 Thread 0x0000000016f4f000 Uncommon trap: reason=bimorphic action=maybe_recompile pc=0x0000000003307554 method=com.android.dx.cf.code.BytecodeArray.parseInstruction(ILcom/android/dx/cf/code/BytecodeArray$Visitor;)I @ 2281
Event: 3.613 Thread 0x0000000016f4f000 Uncommon trap: reason=bimorphic action=maybe_recompile pc=0x0000000003307554 method=com.android.dx.cf.code.BytecodeArray.parseInstruction(ILcom/android/dx/cf/code/BytecodeArray$Visitor;)I @ 2281
Event: 3.870 Thread 0x0000000016f4b800 Uncommon trap: reason=unstable_if action=reinterpret pc=0x00000000033531a0 method=java.util.HashMap.putVal(ILjava/lang/Object;Ljava/lang/Object;ZZ)Ljava/lang/Object; @ 94
Event: 3.870 Thread 0x0000000016f4b800 Uncommon trap: reason=unstable_if action=reinterpret pc=0x000000000314f548 method=java.util.HashMap.putVal(ILjava/lang/Object;Ljava/lang/Object;ZZ)Ljava/lang/Object; @ 94
Event: 4.054 Thread 0x0000000016f4b800 Uncommon trap: reason=unstable_if action=reinterpret pc=0x0000000003369d3c method=com.android.dx.dex.code.OutputFinisher.addConstants(Ljava/util/HashSet;Lcom/android/dx/rop/code/RegisterSpec;)V @ 32

Internal exceptions (4 events):
Event: 0.058 Thread 0x0000000002ca0800 Exception <a 'java/lang/NoSuchMethodError': Method sun.misc.Unsafe.defineClass(Ljava/lang/String;[BII)Ljava/lang/Class; name or signature does not match> (0x00000000eab0d550) thrown at [D:\re\puppet\workspace\8-2-build-windows-amd64-cygwin\jdk8u73\6086\hot∂«Û3ç≠?
Event: 0.058 Thread 0x0000000002ca0800 Exception <a 'java/lang/NoSuchMethodError': Method sun.misc.Unsafe.prefetchRead(Ljava/lang/Object;J)V name or signature does not match> (0x00000000eab0d838) thrown at [D:\re\puppet\workspace\8-2-build-windows-amd64-cygwin\jdk8u73\6086\hotspot\src\share\vm\-êÜQc∆ı?
Event: 1.361 Thread 0x0000000016f4f000 Implicit null exception at 0x000000000308e4e2 to 0x000000000308e5da
Event: 1.622 Thread 0x0000000016f35800 Implicit null exception at 0x0000000003098d22 to 0x000000000309aa05

Events (10 events):
Event: 3.826 loading class com/android/dx/dex/file/CatchStructs done
Event: 3.870 Thread 0x0000000016f4b800 Uncommon trap: trap_request=0xffffff65 fr.pc=0x00000000033531a0
Event: 3.870 Thread 0x0000000016f4b800 DEOPT PACKING pc=0x00000000033531a0 sp=0x000000001749ead0
Event: 3.870 Thread 0x0000000016f4b800 DEOPT UNPACKING pc=0x0000000002de582a sp=0x000000001749e988 mode 2
Event: 3.870 Thread 0x0000000016f4b800 Uncommon trap: trap_request=0xffffff65 fr.pc=0x000000000314f548
Event: 3.870 Thread 0x0000000016f4b800 DEOPT PACKING pc=0x000000000314f548 sp=0x000000001749ea50
Event: 3.870 Thread 0x0000000016f4b800 DEOPT UNPACKING pc=0x0000000002de582a sp=0x000000001749e980 mode 2
Event: 4.054 Thread 0x0000000016f4b800 Uncommon trap: trap_request=0xffffff65 fr.pc=0x0000000003369d3c
Event: 4.054 Thread 0x0000000016f4b800 DEOPT PACKING pc=0x0000000003369d3c sp=0x000000001749eb10
Event: 4.054 Thread 0x0000000016f4b800 DEOPT UNPACKING pc=0x0000000002de582a sp=0x000000001749eae0 mode 2


Dynamic libraries:
0x00007ff748d20000 - 0x00007ff748d57000 	C:\Program Files\Java\jdk1.8.0_73\bin\java.exe
0x00007ff9ee350000 - 0x00007ff9ee512000 	C:\Windows\SYSTEM32\ntdll.dll
0x00007ff9ebdc0000 - 0x00007ff9ebe6d000 	C:\Windows\system32\KERNEL32.DLL
0x00007ff9eb610000 - 0x00007ff9eb7ed000 	C:\Windows\system32\KERNELBASE.dll
0x00000000582c0000 - 0x0000000058371000 	C:\Program Files\Bitdefender\Bitdefender 2016\Active Virus Control\Avc3_00363_002\avcuf64.dll
0x00007ff9ec840000 - 0x00007ff9ec8e6000 	C:\Windows\system32\ADVAPI32.dll
0x00007ff9ebbf0000 - 0x00007ff9ebc8d000 	C:\Windows\system32\msvcrt.dll
0x00007ff9ee180000 - 0x00007ff9ee1db000 	C:\Windows\system32\sechost.dll
0x00007ff9ebc90000 - 0x00007ff9ebdb6000 	C:\Windows\system32\RPCRT4.dll
0x00007ff9ec160000 - 0x00007ff9ec2ae000 	C:\Windows\system32\USER32.dll
0x00007ff9ebe70000 - 0x00007ff9ebff5000 	C:\Windows\system32\GDI32.dll
0x00007ff9d8f00000 - 0x00007ff9d9174000 	C:\Windows\WinSxS\amd64_microsoft.windows.common-controls_6595b64144ccf1df_6.0.10240.16384_none_f41f7b285750ef43\COMCTL32.dll
0x00007ff9ee2a0000 - 0x00007ff9ee2d6000 	C:\Windows\system32\IMM32.DLL
0x00007ff9ec6e0000 - 0x00007ff9ec83c000 	C:\Windows\system32\MSCTF.dll
0x0000000057110000 - 0x00000000571e2000 	C:\Program Files\Java\jdk1.8.0_73\jre\bin\msvcr100.dll
0x00000000576a0000 - 0x0000000057f30000 	C:\Program Files\Java\jdk1.8.0_73\jre\bin\server\jvm.dll
0x00007ff9ec070000 - 0x00007ff9ec078000 	C:\Windows\system32\PSAPI.DLL
0x00007ff9dc460000 - 0x00007ff9dc469000 	C:\Windows\SYSTEM32\WSOCK32.dll
0x00007ff9ee2e0000 - 0x00007ff9ee349000 	C:\Windows\system32\WS2_32.dll
0x00007ff9edf60000 - 0x00007ff9edf68000 	C:\Windows\system32\NSI.dll
0x00007ff9e8e50000 - 0x00007ff9e8e73000 	C:\Windows\SYSTEM32\WINMM.dll
0x00007ff9e8df0000 - 0x00007ff9e8dfa000 	C:\Windows\SYSTEM32\VERSION.dll
0x00007ff9e8e20000 - 0x00007ff9e8e4c000 	C:\Windows\SYSTEM32\WINMMBASE.dll
0x00007ff9eae20000 - 0x00007ff9eae64000 	C:\Windows\system32\cfgmgr32.dll
0x00007ff9e96f0000 - 0x00007ff9e9717000 	C:\Windows\SYSTEM32\DEVOBJ.dll
0x0000000057690000 - 0x000000005769f000 	C:\Program Files\Java\jdk1.8.0_73\jre\bin\verify.dll
0x0000000057660000 - 0x0000000057689000 	C:\Program Files\Java\jdk1.8.0_73\jre\bin\java.dll
0x0000000057640000 - 0x0000000057656000 	C:\Program Files\Java\jdk1.8.0_73\jre\bin\zip.dll
0x00007ff9ec910000 - 0x00007ff9ede35000 	C:\Windows\system32\SHELL32.dll
0x00007ff9eaf20000 - 0x00007ff9eb548000 	C:\Windows\system32\windows.storage.dll
0x00007ff9ec460000 - 0x00007ff9ec6dc000 	C:\Windows\system32\combase.dll
0x00007ff9ec2b0000 - 0x00007ff9ec301000 	C:\Windows\system32\shlwapi.dll
0x00007ff9eae10000 - 0x00007ff9eae1f000 	C:\Windows\system32\kernel.appcore.dll
0x00007ff9eb550000 - 0x00007ff9eb603000 	C:\Windows\system32\shcore.dll
0x00007ff9eadc0000 - 0x00007ff9eae0a000 	C:\Windows\system32\powrprof.dll
0x00007ff9eada0000 - 0x00007ff9eadb3000 	C:\Windows\system32\profapi.dll

VM Arguments:
jvm_args: -Djava.awt.headless=true -Xmx1024M -Dfile.encoding=windows-1252 -Duser.country=US -Duser.language=en -Duser.variant 
java_command: com.android.dx.command.Main --dex --force-jumbo --num-threads=4 --multi-dex --output C:\Users\user\AndroidStudioProjects\ExpenseManager\app\build\intermediates\transforms\dex\debug\folders\1000\10\instant-run_6b0a7dd5d921fd88be83382c648b68498d55a9d8 C:\Users\user\AndroidStudioProjects\ExpenseManager\app\build\intermediates\incremental-runtime-classes\debug\instant-run.jar
java_class_path (initial): C:\Users\user\AppData\Local\Android\sdk\build-tools\23.0.3\lib\dx.jar
Launcher Type: SUN_STANDARD

Environment Variables:
PATH=C:\ProgramData\Oracle\Java\javapath;D:\DevSuiteHome_1\jdk\jre\bin\classic;D:\DevSuiteHome_1\jdk\jre\bin;D:\DevSuiteHome_1\jdk\jre\bin\client;D:\DevSuiteHome_1\jlib;D:\DevSuiteHome_1\bin;D:\DevSuiteHome_1\jre\1.4.2\bin\client;D:\DevSuiteHome_1\jre\1.4.2\bin;C:\Windows\system32;C:\Windows;C:\Windows\System32\Wbem;C:\Windows\System32\WindowsPowerShell\v1.0\;C:\Program Files (x86)\Skype\Phone\;C:\Program Files (x86)\CrSSL\bin;C:\Program Files\CrSSL\bin;C:\Program Files (x86)\CrSSL\bin
USERNAME=user
OS=Windows_NT
PROCESSOR_IDENTIFIER=Intel64 Family 6 Model 69 Stepping 1, GenuineIntel



---------------  S Y S T E M  ---------------

OS: Windows 10.0 , 64 bit Build 10240 (10.0.10240.16384)

CPU:total 4 (2 cores per cpu, 2 threads per core) family 6 model 69 stepping 1, cmov, cx8, fxsr, mmx, sse, sse2, sse3, ssse3, sse4.1, sse4.2, popcnt, avx, avx2, aes, clmul, erms, lzcnt, ht, tsc, tscinvbit, bmi1, bmi2

Memory: 4k page, physical 6214896k(529804k free), swap 7918832k(7912k free)

vm_info: Java HotSpot(TM) 64-Bit Server VM (25.73-b02) for windows-amd64 JRE (1.8.0_73-b02), built on Jan 29 2016 17:38:49 by "java_re" with MS VC++ 10.0 (VS2010)

time: Fri Jun 24 21:50:03 2016
elapsed time: 4 seconds (0d 0h 0m 4s)

