#
# There is insufficient memory for the Java Runtime Environment to continue.
# Native memory allocation (malloc) failed to allocate 534576 bytes for Chunk::new
# Possible reasons:
#   The system is out of physical RAM or swap space
#   In 32 bit mode, the process size limit was hit
# Possible solutions:
#   Reduce memory load on the system
#   Increase physical memory or swap space
#   Check if swap backing store is full
#   Use 64 bit Java on a 64 bit OS
#   Decrease Java heap size (-Xmx/-Xms)
#   Decrease number of Java threads
#   Decrease Java thread stack sizes (-Xss)
#   Set larger code cache with -XX:ReservedCodeCacheSize=
# This output file may be truncated or incomplete.
#
#  Out of Memory Error (allocation.cpp:390), pid=7340, tid=8084
#
# JRE version: Java(TM) SE Runtime Environment (8.0_73-b02) (build 1.8.0_73-b02)
# Java VM: Java HotSpot(TM) 64-Bit Server VM (25.73-b02 mixed mode windows-amd64 compressed oops)
# Failed to write core dump. Minidumps are not enabled by default on client versions of Windows
#

---------------  T H R E A D  ---------------

Current thread (0x00000000154bf800):  JavaThread "C2 CompilerThread1" daemon [_thread_in_native, id=8084, stack(0x0000000016c00000,0x0000000016d00000)]

Stack: [0x0000000016c00000,0x0000000016d00000]
[error occurred during error reporting (printing stack bounds), id 0xc0000005]

Native frames: (J=compiled Java code, j=interpreted, Vv=VM code, C=native code)


Current CompileTask:
C2:   3916 2241       4       com.android.dx.rop.cst.CstBaseMethodRef::getPrototype (41 bytes)


---------------  P R O C E S S  ---------------

Java Threads: ( => current thread )
  0x000000001705c800 JavaThread "pool-1-thread-1" [_thread_in_native, id=5040, stack(0x0000000017500000,0x0000000017600000)]
  0x0000000016e05800 JavaThread "Service Thread" daemon [_thread_blocked, id=7212, stack(0x0000000017200000,0x0000000017300000)]
  0x00000000154c8000 JavaThread "C1 CompilerThread2" daemon [_thread_blocked, id=6852, stack(0x0000000016d00000,0x0000000016e00000)]
=>0x00000000154bf800 JavaThread "C2 CompilerThread1" daemon [_thread_in_native, id=8084, stack(0x0000000016c00000,0x0000000016d00000)]
  0x00000000154bb800 JavaThread "C2 CompilerThread0" daemon [_thread_in_native, id=7336, stack(0x0000000016b00000,0x0000000016c00000)]
  0x00000000154b9800 JavaThread "Attach Listener" daemon [_thread_blocked, id=4356, stack(0x0000000016a00000,0x0000000016b00000)]
  0x00000000154b8000 JavaThread "Signal Dispatcher" daemon [_thread_blocked, id=8116, stack(0x0000000016900000,0x0000000016a00000)]
  0x0000000002db0800 JavaThread "Finalizer" daemon [_thread_blocked, id=5264, stack(0x0000000016710000,0x0000000016810000)]
  0x0000000002dad000 JavaThread "Reference Handler" daemon [_thread_blocked, id=7648, stack(0x0000000016610000,0x0000000016710000)]
  0x0000000002cc0800 JavaThread "main" [_thread_blocked, id=7300, stack(0x0000000002bc0000,0x0000000002cc0000)]

Other Threads:
  0x0000000015488000 VMThread [stack: 0x0000000016510000,0x0000000016610000] [id=8092]
  0x0000000016e1a800 WatcherThread [stack: 0x0000000017300000,0x0000000017400000] [id=264]

VM state:not at safepoint (normal execution)

VM Mutex/Monitor currently owned by a thread: None

Heap:
 PSYoungGen      total 109056K, used 38663K [0x00000000eab00000, 0x00000000f2400000, 0x0000000100000000)
  eden space 97280K, 28% used [0x00000000eab00000,0x00000000ec617048,0x00000000f0a00000)
  from space 11776K, 92% used [0x00000000f1680000,0x00000000f212ad90,0x00000000f2200000)
  to   space 12800K, 0% used [0x00000000f0a00000,0x00000000f0a00000,0x00000000f1680000)
 ParOldGen       total 65536K, used 18525K [0x00000000c0000000, 0x00000000c4000000, 0x00000000eab00000)
  object space 65536K, 28% used [0x00000000c0000000,0x00000000c12176f8,0x00000000c4000000)
 Metaspace       used 6864K, capacity 7608K, committed 7936K, reserved 1056768K
  class space    used 646K, capacity 688K, committed 768K, reserved 1048576K

Card table byte_map: [0x0000000012190000,0x00000000123a0000] byte_map_base: 0x0000000011b90000

Marking Bits: (ParMarkBitMap*) 0x0000000057eb0600
 Begin Bits: [0x0000000012900000, 0x0000000013900000)
 End Bits:   [0x0000000013900000, 0x0000000014900000)

Polling page: 0x0000000001470000

CodeCache: size=245760Kb used=8722Kb max_used=8722Kb free=237037Kb
 bounds [0x0000000002dd0000, 0x0000000003660000, 0x0000000011dd0000]
 total_blobs=2541 nmethods=2270 adapters=183
 compilation: enabled

Compilation events (10 events):
Event: 3.905 Thread 0x00000000154c8000 2285       3       com.android.dx.util.ByteArray::getBytes (39 bytes)
Event: 3.906 Thread 0x00000000154c8000 nmethod 2285 0x00000000036554d0 code [0x0000000003655660, 0x0000000003655998]
Event: 3.906 Thread 0x00000000154c8000 2290       3       com.android.dx.util.ByteArrayAnnotatedOutput::write (9 bytes)
Event: 3.906 Thread 0x00000000154c8000 nmethod 2290 0x0000000003655ad0 code [0x0000000003655c40, 0x0000000003655e68]
Event: 3.906 Thread 0x00000000154c8000 2291       3       com.android.dx.dex.file.DebugInfoItem::writeTo0 (58 bytes)
Event: 3.908 Thread 0x00000000154c8000 nmethod 2291 0x0000000003655f50 code [0x00000000036562a0, 0x0000000003657e08]
Event: 3.908 Thread 0x00000000154c8000 2292       3       com.android.dx.util.ByteArrayAnnotatedOutput::write (129 bytes)
Event: 3.910 Thread 0x00000000154c8000 nmethod 2292 0x0000000003658d90 code [0x0000000003659020, 0x000000000365a028]
Event: 3.910 Thread 0x00000000154c8000 2294       1       com.android.dx.rop.annotation.Annotation::getVisibility (5 bytes)
Event: 3.910 Thread 0x00000000154c8000 nmethod 2294 0x000000000365a850 code [0x000000000365a9a0, 0x000000000365aab0]

GC Heap History (10 events):
Event: 1.815 GC heap before
{Heap before GC invocations=2 (full 0):
 PSYoungGen      total 28672K, used 28666K [0x00000000eab00000, 0x00000000ecb00000, 0x0000000100000000)
  eden space 24576K, 100% used [0x00000000eab00000,0x00000000ec300000,0x00000000ec300000)
  from space 4096K, 99% used [0x00000000ec300000,0x00000000ec6fea98,0x00000000ec700000)
  to   space 4096K, 0% used [0x00000000ec700000,0x00000000ec700000,0x00000000ecb00000)
 ParOldGen       total 65536K, used 1004K [0x00000000c0000000, 0x00000000c4000000, 0x00000000eab00000)
  object space 65536K, 1% used [0x00000000c0000000,0x00000000c00fb048,0x00000000c4000000)
 Metaspace       used 6103K, capacity 7024K, committed 7296K, reserved 1056768K
  class space    used 598K, capacity 616K, committed 640K, reserved 1048576K
Event: 1.830 GC heap after
Heap after GC invocations=2 (full 0):
 PSYoungGen      total 28672K, used 4067K [0x00000000eab00000, 0x00000000ee300000, 0x0000000100000000)
  eden space 24576K, 0% used [0x00000000eab00000,0x00000000eab00000,0x00000000ec300000)
  from space 4096K, 99% used [0x00000000ec700000,0x00000000ecaf8de8,0x00000000ecb00000)
  to   space 4096K, 0% used [0x00000000ec300000,0x00000000ec300000,0x00000000ec700000)
 ParOldGen       total 65536K, used 4399K [0x00000000c0000000, 0x00000000c4000000, 0x00000000eab00000)
  object space 65536K, 6% used [0x00000000c0000000,0x00000000c044bc00,0x00000000c4000000)
 Metaspace       used 6103K, capacity 7024K, committed 7296K, reserved 1056768K
  class space    used 598K, capacity 616K, committed 640K, reserved 1048576K
}
Event: 2.008 GC heap before
{Heap before GC invocations=3 (full 0):
 PSYoungGen      total 28672K, used 28643K [0x00000000eab00000, 0x00000000ee300000, 0x0000000100000000)
  eden space 24576K, 100% used [0x00000000eab00000,0x00000000ec300000,0x00000000ec300000)
  from space 4096K, 99% used [0x00000000ec700000,0x00000000ecaf8de8,0x00000000ecb00000)
  to   space 4096K, 0% used [0x00000000ec300000,0x00000000ec300000,0x00000000ec700000)
 ParOldGen       total 65536K, used 4399K [0x00000000c0000000, 0x00000000c4000000, 0x00000000eab00000)
  object space 65536K, 6% used [0x00000000c0000000,0x00000000c044bc00,0x00000000c4000000)
 Metaspace       used 6181K, capacity 7088K, committed 7296K, reserved 1056768K
  class space    used 601K, capacity 616K, committed 640K, reserved 1048576K
Event: 2.044 GC heap after
Heap after GC invocations=3 (full 0):
 PSYoungGen      total 28672K, used 4072K [0x00000000eab00000, 0x00000000ee300000, 0x0000000100000000)
  eden space 24576K, 0% used [0x00000000eab00000,0x00000000eab00000,0x00000000ec300000)
  from space 4096K, 99% used [0x00000000ec300000,0x00000000ec6fa030,0x00000000ec700000)
  to   space 4096K, 0% used [0x00000000edf00000,0x00000000edf00000,0x00000000ee300000)
 ParOldGen       total 65536K, used 8178K [0x00000000c0000000, 0x00000000c4000000, 0x00000000eab00000)
  object space 65536K, 12% used [0x00000000c0000000,0x00000000c07fca98,0x00000000c4000000)
 Metaspace       used 6181K, capacity 7088K, committed 7296K, reserved 1056768K
  class space    used 601K, capacity 616K, committed 640K, reserved 1048576K
}
Event: 2.213 GC heap before
{Heap before GC invocations=4 (full 0):
 PSYoungGen      total 28672K, used 28648K [0x00000000eab00000, 0x00000000ee300000, 0x0000000100000000)
  eden space 24576K, 100% used [0x00000000eab00000,0x00000000ec300000,0x00000000ec300000)
  from space 4096K, 99% used [0x00000000ec300000,0x00000000ec6fa030,0x00000000ec700000)
  to   space 4096K, 0% used [0x00000000edf00000,0x00000000edf00000,0x00000000ee300000)
 ParOldGen       total 65536K, used 8178K [0x00000000c0000000, 0x00000000c4000000, 0x00000000eab00000)
  object space 65536K, 12% used [0x00000000c0000000,0x00000000c07fca98,0x00000000c4000000)
 Metaspace       used 6312K, capacity 7128K, committed 7424K, reserved 1056768K
  class space    used 622K, capacity 656K, committed 768K, reserved 1048576K
Event: 2.229 GC heap after
Heap after GC invocations=4 (full 0):
 PSYoungGen      total 53248K, used 4085K [0x00000000eab00000, 0x00000000ee300000, 0x0000000100000000)
  eden space 49152K, 0% used [0x00000000eab00000,0x00000000eab00000,0x00000000edb00000)
  from space 4096K, 99% used [0x00000000edf00000,0x00000000ee2fd560,0x00000000ee300000)
  to   space 4096K, 0% used [0x00000000edb00000,0x00000000edb00000,0x00000000edf00000)
 ParOldGen       total 65536K, used 11642K [0x00000000c0000000, 0x00000000c4000000, 0x00000000eab00000)
  object space 65536K, 17% used [0x00000000c0000000,0x00000000c0b5e800,0x00000000c4000000)
 Metaspace       used 6312K, capacity 7128K, committed 7424K, reserved 1056768K
  class space    used 622K, capacity 656K, committed 768K, reserved 1048576K
}
Event: 2.599 GC heap before
{Heap before GC invocations=5 (full 0):
 PSYoungGen      total 53248K, used 53237K [0x00000000eab00000, 0x00000000ee300000, 0x0000000100000000)
  eden space 49152K, 100% used [0x00000000eab00000,0x00000000edb00000,0x00000000edb00000)
  from space 4096K, 99% used [0x00000000edf00000,0x00000000ee2fd560,0x00000000ee300000)
  to   space 4096K, 0% used [0x00000000edb00000,0x00000000edb00000,0x00000000edf00000)
 ParOldGen       total 65536K, used 11642K [0x00000000c0000000, 0x00000000c4000000, 0x00000000eab00000)
  object space 65536K, 17% used [0x00000000c0000000,0x00000000c0b5e800,0x00000000c4000000)
 Metaspace       used 6333K, capacity 7192K, committed 7424K, reserved 1056768K
  class space    used 622K, capacity 656K, committed 768K, reserved 1048576K
Event: 2.648 GC heap after
Heap after GC invocations=5 (full 0):
 PSYoungGen      total 53248K, used 4080K [0x00000000eab00000, 0x00000000f2200000, 0x0000000100000000)
  eden space 49152K, 0% used [0x00000000eab00000,0x00000000eab00000,0x00000000edb00000)
  from space 4096K, 99% used [0x00000000edb00000,0x00000000edefc050,0x00000000edf00000)
  to   space 11776K, 0% used [0x00000000f1680000,0x00000000f1680000,0x00000000f2200000)
 ParOldGen       total 65536K, used 18525K [0x00000000c0000000, 0x00000000c4000000, 0x00000000eab00000)
  object space 65536K, 28% used [0x00000000c0000000,0x00000000c12176f8,0x00000000c4000000)
 Metaspace       used 6333K, capacity 7192K, committed 7424K, reserved 1056768K
  class space    used 622K, capacity 656K, committed 768K, reserved 1048576K
}
Event: 2.929 GC heap before
{Heap before GC invocations=6 (full 0):
 PSYoungGen      total 53248K, used 53232K [0x00000000eab00000, 0x00000000f2200000, 0x0000000100000000)
  eden space 49152K, 100% used [0x00000000eab00000,0x00000000edb00000,0x00000000edb00000)
  from space 4096K, 99% used [0x00000000edb00000,0x00000000edefc050,0x00000000edf00000)
  to   space 11776K, 0% used [0x00000000f1680000,0x00000000f1680000,0x00000000f2200000)
 ParOldGen       total 65536K, used 18525K [0x00000000c0000000, 0x00000000c4000000, 0x00000000eab00000)
  object space 65536K, 28% used [0x00000000c0000000,0x00000000c12176f8,0x00000000c4000000)
 Metaspace       used 6370K, capacity 7192K, committed 7424K, reserved 1056768K
  class space    used 624K, capacity 656K, committed 768K, reserved 1048576K
Event: 2.979 GC heap after
Heap after GC invocations=6 (full 0):
 PSYoungGen      total 109056K, used 10923K [0x00000000eab00000, 0x00000000f2400000, 0x0000000100000000)
  eden space 97280K, 0% used [0x00000000eab00000,0x00000000eab00000,0x00000000f0a00000)
  from space 11776K, 92% used [0x00000000f1680000,0x00000000f212ad90,0x00000000f2200000)
  to   space 12800K, 0% used [0x00000000f0a00000,0x00000000f0a00000,0x00000000f1680000)
 ParOldGen       total 65536K, used 18525K [0x00000000c0000000, 0x00000000c4000000, 0x00000000eab00000)
  object space 65536K, 28% used [0x00000000c0000000,0x00000000c12176f8,0x00000000c4000000)
 Metaspace       used 6370K, capacity 7192K, committed 7424K, reserved 1056768K
  class space    used 624K, capacity 656K, committed 768K, reserved 1048576K
}

Deoptimization events (10 events):
Event: 3.180 Thread 0x000000001705c800 Uncommon trap: reason=class_check action=maybe_recompile pc=0x000000000319c5cc method=java.util.HashMap.putVal(ILjava/lang/Object;Ljava/lang/Object;ZZ)Ljava/lang/Object; @ 203
Event: 3.180 Thread 0x000000001705c800 Uncommon trap: reason=class_check action=maybe_recompile pc=0x000000000319c5cc method=java.util.HashMap.putVal(ILjava/lang/Object;Ljava/lang/Object;ZZ)Ljava/lang/Object; @ 203
Event: 3.180 Thread 0x000000001705c800 Uncommon trap: reason=class_check action=maybe_recompile pc=0x000000000319c5cc method=java.util.HashMap.putVal(ILjava/lang/Object;Ljava/lang/Object;ZZ)Ljava/lang/Object; @ 203
Event: 3.180 Thread 0x000000001705c800 Uncommon trap: reason=class_check action=maybe_recompile pc=0x000000000319c5cc method=java.util.HashMap.putVal(ILjava/lang/Object;Ljava/lang/Object;ZZ)Ljava/lang/Object; @ 203
Event: 3.381 Thread 0x000000001705c800 Uncommon trap: reason=speculate_class_check action=maybe_recompile pc=0x00000000030d8414 method=com.android.dx.util.FixedSizeList.equals(Ljava/lang/Object;)Z @ 25
Event: 3.381 Thread 0x000000001705c800 Uncommon trap: reason=unstable_if action=reinterpret pc=0x00000000030d3888 method=java.util.Arrays.equals([Ljava/lang/Object;[Ljava/lang/Object;)Z @ 23
Event: 3.381 Thread 0x000000001705c800 Uncommon trap: reason=speculate_class_check action=maybe_recompile pc=0x00000000030d8414 method=com.android.dx.util.FixedSizeList.equals(Ljava/lang/Object;)Z @ 25
Event: 3.382 Thread 0x000000001705c800 Uncommon trap: reason=speculate_class_check action=maybe_recompile pc=0x00000000030d8414 method=com.android.dx.util.FixedSizeList.equals(Ljava/lang/Object;)Z @ 25
Event: 3.382 Thread 0x000000001705c800 Uncommon trap: reason=speculate_class_check action=maybe_recompile pc=0x00000000030d8414 method=com.android.dx.util.FixedSizeList.equals(Ljava/lang/Object;)Z @ 25
Event: 3.382 Thread 0x000000001705c800 Uncommon trap: reason=unstable_if action=reinterpret pc=0x00000000034fbeac method=java.util.TreeMap.put(Ljava/lang/Object;Ljava/lang/Object;)Ljava/lang/Object; @ 163

Internal exceptions (7 events):
Event: 0.090 Thread 0x0000000002cc0800 Exception <a 'java/lang/NoSuchMethodError': Method sun.misc.Unsafe.defineClass(Ljava/lang/String;[BII)Ljava/lang/Class; name or signature does not match> (0x00000000eab0d5b8) thrown at [D:\re\puppet\workspace\8-2-build-windows-amd64-cygwin\jdk8u73\6086\hotetËÉ–,·?
Event: 0.091 Thread 0x0000000002cc0800 Exception <a 'java/lang/NoSuchMethodError': Method sun.misc.Unsafe.prefetchRead(Ljava/lang/Object;J)V name or signature does not match> (0x00000000eab0d8a0) thrown at [D:\re\puppet\workspace\8-2-build-windows-amd64-cygwin\jdk8u73\6086\hotspot\src\share\vm\â¦ÀDö?
Event: 1.392 Thread 0x00000000170cf000 Implicit null exception at 0x00000000030d4c62 to 0x00000000030d4d5a
Event: 1.799 Thread 0x0000000017069000 Implicit null exception at 0x00000000030b8648 to 0x00000000030ba35d
Event: 2.160 Thread 0x0000000017060000 Exception <a 'java/lang/ArrayIndexOutOfBoundsException': 18> (0x00000000ebbfcfc8) thrown at [D:\re\puppet\workspace\8-2-build-windows-amd64-cygwin\jdk8u73\6086\hotspot\src\share\vm\interpreter\interpreterRuntime.cpp, line 366]
Event: 2.161 Thread 0x0000000017060000 Exception <a 'java/lang/ArrayIndexOutOfBoundsException'> (0x00000000ebbfeb48) thrown at [D:\re\puppet\workspace\8-2-build-windows-amd64-cygwin\jdk8u73\6086\hotspot\src\share\vm\runtime\sharedRuntime.cpp, line 605]
Event: 2.162 Thread 0x0000000017060000 Exception <a 'java/lang/ArrayIndexOutOfBoundsException'> (0x00000000ebbffe30) thrown at [D:\re\puppet\workspace\8-2-build-windows-amd64-cygwin\jdk8u73\6086\hotspot\src\share\vm\runtime\sharedRuntime.cpp, line 605]

Events (10 events):
Event: 3.909 loading class com/android/dx/dex/file/AnnotationItem$1
Event: 3.909 loading class com/android/dx/dex/file/AnnotationItem$1 done
Event: 3.910 loading class java/security/MessageDigest
Event: 3.911 loading class java/security/MessageDigestSpi
Event: 3.911 loading class java/security/MessageDigestSpi done
Event: 3.911 loading class java/security/MessageDigest done
Event: 3.911 loading class java/security/Security
Event: 3.911 loading class java/security/Security done
Event: 3.911 loading class java/security/Security$1
Event: 3.911 loading class java/security/Security$1 done


Dynamic libraries:
0x00007ff748d20000 - 0x00007ff748d57000 	C:\Program Files\Java\jdk1.8.0_73\bin\java.exe
0x00007ff9ee350000 - 0x00007ff9ee512000 	C:\Windows\SYSTEM32\ntdll.dll
0x00007ff9ebdc0000 - 0x00007ff9ebe6d000 	C:\Windows\system32\KERNEL32.DLL
0x00007ff9eb610000 - 0x00007ff9eb7ed000 	C:\Windows\system32\KERNELBASE.dll
0x00000000582c0000 - 0x0000000058371000 	C:\Program Files\Bitdefender\Bitdefender 2016\Active Virus Control\Avc3_00363_002\avcuf64.dll
0x00007ff9ec840000 - 0x00007ff9ec8e6000 	C:\Windows\system32\ADVAPI32.dll
0x00007ff9ebbf0000 - 0x00007ff9ebc8d000 	C:\Windows\system32\msvcrt.dll
0x00007ff9ee180000 - 0x00007ff9ee1db000 	C:\Windows\system32\sechost.dll
0x00007ff9ebc90000 - 0x00007ff9ebdb6000 	C:\Windows\system32\RPCRT4.dll
0x00007ff9ec160000 - 0x00007ff9ec2ae000 	C:\Windows\system32\USER32.dll
0x00007ff9ebe70000 - 0x00007ff9ebff5000 	C:\Windows\system32\GDI32.dll
0x00007ff9d8f00000 - 0x00007ff9d9174000 	C:\Windows\WinSxS\amd64_microsoft.windows.common-controls_6595b64144ccf1df_6.0.10240.16384_none_f41f7b285750ef43\COMCTL32.dll
0x00007ff9ee2a0000 - 0x00007ff9ee2d6000 	C:\Windows\system32\IMM32.DLL
0x00007ff9ec6e0000 - 0x00007ff9ec83c000 	C:\Windows\system32\MSCTF.dll
0x0000000057110000 - 0x00000000571e2000 	C:\Program Files\Java\jdk1.8.0_73\jre\bin\msvcr100.dll
0x00000000576a0000 - 0x0000000057f30000 	C:\Program Files\Java\jdk1.8.0_73\jre\bin\server\jvm.dll
0x00007ff9ec070000 - 0x00007ff9ec078000 	C:\Windows\system32\PSAPI.DLL
0x00007ff9dc460000 - 0x00007ff9dc469000 	C:\Windows\SYSTEM32\WSOCK32.dll
0x00007ff9ee2e0000 - 0x00007ff9ee349000 	C:\Windows\system32\WS2_32.dll
0x00007ff9edf60000 - 0x00007ff9edf68000 	C:\Windows\system32\NSI.dll
0x00007ff9e8e50000 - 0x00007ff9e8e73000 	C:\Windows\SYSTEM32\WINMM.dll
0x00007ff9e8df0000 - 0x00007ff9e8dfa000 	C:\Windows\SYSTEM32\VERSION.dll
0x00007ff9e8e20000 - 0x00007ff9e8e4c000 	C:\Windows\SYSTEM32\WINMMBASE.dll
0x00007ff9eae20000 - 0x00007ff9eae64000 	C:\Windows\system32\cfgmgr32.dll
0x00007ff9e96f0000 - 0x00007ff9e9717000 	C:\Windows\SYSTEM32\DEVOBJ.dll
0x0000000057690000 - 0x000000005769f000 	C:\Program Files\Java\jdk1.8.0_73\jre\bin\verify.dll
0x0000000057660000 - 0x0000000057689000 	C:\Program Files\Java\jdk1.8.0_73\jre\bin\java.dll
0x0000000057640000 - 0x0000000057656000 	C:\Program Files\Java\jdk1.8.0_73\jre\bin\zip.dll
0x00007ff9ec910000 - 0x00007ff9ede35000 	C:\Windows\system32\SHELL32.dll
0x00007ff9eaf20000 - 0x00007ff9eb548000 	C:\Windows\system32\windows.storage.dll
0x00007ff9ec460000 - 0x00007ff9ec6dc000 	C:\Windows\system32\combase.dll
0x00007ff9ec2b0000 - 0x00007ff9ec301000 	C:\Windows\system32\shlwapi.dll
0x00007ff9eae10000 - 0x00007ff9eae1f000 	C:\Windows\system32\kernel.appcore.dll
0x00007ff9eb550000 - 0x00007ff9eb603000 	C:\Windows\system32\shcore.dll
0x00007ff9eadc0000 - 0x00007ff9eae0a000 	C:\Windows\system32\powrprof.dll
0x00007ff9eada0000 - 0x00007ff9eadb3000 	C:\Windows\system32\profapi.dll

VM Arguments:
jvm_args: -Djava.awt.headless=true -Xmx1024M -Dfile.encoding=windows-1252 -Duser.country=US -Duser.language=en -Duser.variant 
java_command: com.android.dx.command.Main --dex --force-jumbo --num-threads=4 --multi-dex --output C:\Users\user\AndroidStudioProjects\ExpenseManager\app\build\intermediates\transforms\dex\debug\folders\1000\10\com.android.support-recyclerview-v7-23.4.0_5156805f4d7e1d0acef1cc9912695743a5a662bc C:\Users\user\AndroidStudioProjects\ExpenseManager\app\build\intermediates\exploded-aar\com.android.support\recyclerview-v7\23.4.0\jars\classes.jar
java_class_path (initial): C:\Users\user\AppData\Local\Android\sdk\build-tools\23.0.3\lib\dx.jar
Launcher Type: SUN_STANDARD

Environment Variables:
PATH=C:\ProgramData\Oracle\Java\javapath;D:\DevSuiteHome_1\jdk\jre\bin\classic;D:\DevSuiteHome_1\jdk\jre\bin;D:\DevSuiteHome_1\jdk\jre\bin\client;D:\DevSuiteHome_1\jlib;D:\DevSuiteHome_1\bin;D:\DevSuiteHome_1\jre\1.4.2\bin\client;D:\DevSuiteHome_1\jre\1.4.2\bin;C:\Windows\system32;C:\Windows;C:\Windows\System32\Wbem;C:\Windows\System32\WindowsPowerShell\v1.0\;C:\Program Files (x86)\Skype\Phone\;C:\Program Files (x86)\CrSSL\bin;C:\Program Files\CrSSL\bin;C:\Program Files (x86)\CrSSL\bin
USERNAME=user
OS=Windows_NT
PROCESSOR_IDENTIFIER=Intel64 Family 6 Model 69 Stepping 1, GenuineIntel



---------------  S Y S T E M  ---------------

OS: Windows 10.0 , 64 bit Build 10240 (10.0.10240.16384)

CPU:total 4 (2 cores per cpu, 2 threads per core) family 6 model 69 stepping 1, cmov, cx8, fxsr, mmx, sse, sse2, sse3, ssse3, sse4.1, sse4.2, popcnt, avx, avx2, aes, clmul, erms, lzcnt, ht, tsc, tscinvbit, bmi1, bmi2

Memory: 4k page, physical 6214896k(562516k free), swap 7918832k(5160k free)

vm_info: Java HotSpot(TM) 64-Bit Server VM (25.73-b02) for windows-amd64 JRE (1.8.0_73-b02), built on Jan 29 2016 17:38:49 by "java_re" with MS VC++ 10.0 (VS2010)

time: Fri Jun 24 21:50:08 2016
elapsed time: 3 seconds (0d 0h 0m 3s)

