#
# There is insufficient memory for the Java Runtime Environment to continue.
# Native memory allocation (malloc) failed to allocate 414 bytes for AllocateHeap
# Possible reasons:
#   The system is out of physical RAM or swap space
#   In 32 bit mode, the process size limit was hit
# Possible solutions:
#   Reduce memory load on the system
#   Increase physical memory or swap space
#   Check if swap backing store is full
#   Use 64 bit Java on a 64 bit OS
#   Decrease Java heap size (-Xmx/-Xms)
#   Decrease number of Java threads
#   Decrease Java thread stack sizes (-Xss)
#   Set larger code cache with -XX:ReservedCodeCacheSize=
# This output file may be truncated or incomplete.
#
#  Out of Memory Error (memory/allocation.inline.hpp:61), pid=1168, tid=3440
#
# JRE version:  ((uninitialized)) (build )
# Java VM: Java HotSpot(TM) 64-Bit Server VM (25.73-b02 mixed mode, sharing windows-amd64 )
# Failed to write core dump. Minidumps are not enabled by default on client versions of Windows
#

---------------  T H R E A D  ---------------

Current thread is native thread

Stack: [0x0000000002cf0000,0x0000000002df0000]
Native frames: (J=compiled Java code, j=interpreted, Vv=VM code, C=native code)


---------------  P R O C E S S  ---------------

VM state:not at safepoint (not fully initialized)

VM Mutex/Monitor currently owned by a thread: None


Dynamic libraries:
0x00007ff67f1b0000 - 0x00007ff67f1e7000 	C:\Program Files\Java\jdk1.8.0_73\bin\java.exe
0x00007ffee20b0000 - 0x00007ffee2272000 	C:\Windows\SYSTEM32\ntdll.dll
0x00007ffee19a0000 - 0x00007ffee1a4d000 	C:\Windows\system32\KERNEL32.DLL
0x00007ffedf5a0000 - 0x00007ffedf77d000 	C:\Windows\system32\KERNELBASE.dll
0x00007ffee1a50000 - 0x00007ffee1af6000 	C:\Windows\system32\ADVAPI32.dll
0x00007ffee1c40000 - 0x00007ffee1cdd000 	C:\Windows\system32\msvcrt.dll
0x00007ffee00c0000 - 0x00007ffee011b000 	C:\Windows\system32\sechost.dll
0x00007ffee1d20000 - 0x00007ffee1e46000 	C:\Windows\system32\RPCRT4.dll
0x00007ffedfef0000 - 0x00007ffee003e000 	C:\Windows\system32\USER32.dll
0x00007ffee16c0000 - 0x00007ffee1845000 	C:\Windows\system32\GDI32.dll
0x00007ffecd5e0000 - 0x00007ffecd854000 	C:\Windows\WinSxS\amd64_microsoft.windows.common-controls_6595b64144ccf1df_6.0.10240.16384_none_f41f7b285750ef43\COMCTL32.dll
0x00007ffee1ce0000 - 0x00007ffee1d16000 	C:\Windows\system32\IMM32.DLL
0x00007ffedfa50000 - 0x00007ffedfbac000 	C:\Windows\system32\MSCTF.dll
0x0000000061db0000 - 0x0000000061e82000 	C:\Program Files\Java\jdk1.8.0_73\jre\bin\msvcr100.dll
0x0000000062230000 - 0x0000000062ac0000 	C:\Program Files\Java\jdk1.8.0_73\jre\bin\server\jvm.dll
0x00007ffee0040000 - 0x00007ffee0048000 	C:\Windows\system32\PSAPI.DLL
0x00007ffedbe30000 - 0x00007ffedbe39000 	C:\Windows\SYSTEM32\WSOCK32.dll
0x00007ffee2020000 - 0x00007ffee2089000 	C:\Windows\system32\WS2_32.dll
0x00007ffee16b0000 - 0x00007ffee16b8000 	C:\Windows\system32\NSI.dll
0x00007ffed7d30000 - 0x00007ffed7d53000 	C:\Windows\SYSTEM32\WINMM.dll
0x00007ffed4b40000 - 0x00007ffed4b4a000 	C:\Windows\SYSTEM32\VERSION.dll
0x00007ffed7430000 - 0x00007ffed745c000 	C:\Windows\SYSTEM32\WINMMBASE.dll
0x00007ffedec30000 - 0x00007ffedec74000 	C:\Windows\system32\cfgmgr32.dll
0x00007ffedd450000 - 0x00007ffedd477000 	C:\Windows\SYSTEM32\DEVOBJ.dll

VM Arguments:
java_command: <unknown>
java_class_path (initial): <not set>
Launcher Type: SUN_STANDARD

Environment Variables:
PATH=C:\ProgramData\Oracle\Java\javapath;D:\DevSuiteHome_1\jdk\jre\bin\classic;D:\DevSuiteHome_1\jdk\jre\bin;D:\DevSuiteHome_1\jdk\jre\bin\client;D:\DevSuiteHome_1\jlib;D:\DevSuiteHome_1\bin;D:\DevSuiteHome_1\jre\1.4.2\bin\client;D:\DevSuiteHome_1\jre\1.4.2\bin;C:\Windows\system32;C:\Windows;C:\Windows\System32\Wbem;C:\Windows\System32\WindowsPowerShell\v1.0\;C:\Program Files (x86)\Skype\Phone\;C:\Program Files (x86)\CrSSL\bin;C:\Program Files\CrSSL\bin;C:\Program Files (x86)\CrSSL\bin
USERNAME=user
OS=Windows_NT
PROCESSOR_IDENTIFIER=Intel64 Family 6 Model 69 Stepping 1, GenuineIntel



---------------  S Y S T E M  ---------------

OS: Windows 10.0 , 64 bit Build 10240 (10.0.10240.16384)

CPU:total 4 

Memory: 4k page, physical 6214896k(917668k free), swap 7918832k(616056k free)

vm_info: Java HotSpot(TM) 64-Bit Server VM (25.73-b02) for windows-amd64 JRE (1.8.0_73-b02), built on Jan 29 2016 17:38:49 by "java_re" with MS VC++ 10.0 (VS2010)

time: Thu Jul 07 15:20:24 2016
elapsed time: 0 seconds (0d 0h 0m 0s)

