#
# There is insufficient memory for the Java Runtime Environment to continue.
# Native memory allocation (malloc) failed to allocate 1076560 bytes for Chunk::new
# Possible reasons:
#   The system is out of physical RAM or swap space
#   In 32 bit mode, the process size limit was hit
# Possible solutions:
#   Reduce memory load on the system
#   Increase physical memory or swap space
#   Check if swap backing store is full
#   Use 64 bit Java on a 64 bit OS
#   Decrease Java heap size (-Xmx/-Xms)
#   Decrease number of Java threads
#   Decrease Java thread stack sizes (-Xss)
#   Set larger code cache with -XX:ReservedCodeCacheSize=
# This output file may be truncated or incomplete.
#
#  Out of Memory Error (allocation.cpp:390), pid=2660, tid=8356
#
# JRE version: Java(TM) SE Runtime Environment (8.0_73-b02) (build 1.8.0_73-b02)
# Java VM: Java HotSpot(TM) 64-Bit Server VM (25.73-b02 mixed mode windows-amd64 compressed oops)
# Failed to write core dump. Minidumps are not enabled by default on client versions of Windows
#

---------------  T H R E A D  ---------------

Current thread (0x0000000014ef1000):  JavaThread "C2 CompilerThread1" daemon [_thread_in_native, id=8356, stack(0x0000000016630000,0x0000000016730000)]

Stack: [0x0000000016630000,0x0000000016730000]
[error occurred during error reporting (printing stack bounds), id 0xc0000005]

Native frames: (J=compiled Java code, j=interpreted, Vv=VM code, C=native code)


Current CompileTask:
C2:  13432 2507       4       com.android.dx.dex.code.DalvCode::finishProcessingIfNecessary (69 bytes)


---------------  P R O C E S S  ---------------

Java Threads: ( => current thread )
  0x0000000016951800 JavaThread "pool-1-thread-1" [_thread_in_Java, id=8516, stack(0x0000000017630000,0x0000000017730000)]
  0x0000000016836000 JavaThread "Service Thread" daemon [_thread_blocked, id=4324, stack(0x0000000016c30000,0x0000000016d30000)]
  0x0000000014f49800 JavaThread "C1 CompilerThread2" daemon [_thread_in_native, id=7432, stack(0x0000000016730000,0x0000000016830000)]
=>0x0000000014ef1000 JavaThread "C2 CompilerThread1" daemon [_thread_in_native, id=8356, stack(0x0000000016630000,0x0000000016730000)]
  0x0000000014eea800 JavaThread "C2 CompilerThread0" daemon [_thread_in_native, id=2936, stack(0x0000000016530000,0x0000000016630000)]
  0x0000000014ee8800 JavaThread "Attach Listener" daemon [_thread_blocked, id=4656, stack(0x0000000016430000,0x0000000016530000)]
  0x0000000014ee7000 JavaThread "Signal Dispatcher" daemon [_thread_blocked, id=2572, stack(0x0000000016330000,0x0000000016430000)]
  0x0000000002810800 JavaThread "Finalizer" daemon [_thread_blocked, id=8352, stack(0x0000000016150000,0x0000000016250000)]
  0x000000000280d000 JavaThread "Reference Handler" daemon [_thread_blocked, id=3440, stack(0x0000000016050000,0x0000000016150000)]
  0x0000000002720800 JavaThread "main" [_thread_blocked, id=1072, stack(0x0000000002600000,0x0000000002700000)]

Other Threads:
  0x0000000014eb8000 VMThread [stack: 0x0000000015f50000,0x0000000016050000] [id=6312]
  0x0000000016843800 WatcherThread [stack: 0x0000000016d30000,0x0000000016e30000] [id=7344]

VM state:not at safepoint (normal execution)

VM Mutex/Monitor currently owned by a thread: None

Heap:
 PSYoungGen      total 215040K, used 20648K [0x00000000eab00000, 0x00000000f9300000, 0x0000000100000000)
  eden space 195584K, 3% used [0x00000000eab00000,0x00000000eb0c75a8,0x00000000f6a00000)
  from space 19456K, 75% used [0x00000000f7e00000,0x00000000f8c62b28,0x00000000f9100000)
  to   space 20480K, 0% used [0x00000000f6a00000,0x00000000f6a00000,0x00000000f7e00000)
 ParOldGen       total 65536K, used 31425K [0x00000000c0000000, 0x00000000c4000000, 0x00000000eab00000)
  object space 65536K, 47% used [0x00000000c0000000,0x00000000c1eb0450,0x00000000c4000000)
 Metaspace       used 6920K, capacity 7608K, committed 7936K, reserved 1056768K
  class space    used 645K, capacity 688K, committed 768K, reserved 1048576K

Card table byte_map: [0x0000000011be0000,0x0000000011df0000] byte_map_base: 0x00000000115e0000

Marking Bits: (ParMarkBitMap*) 0x0000000062a40600
 Begin Bits: [0x0000000012350000, 0x0000000013350000)
 End Bits:   [0x0000000013350000, 0x0000000014350000)

Polling page: 0x0000000002540000

CodeCache: size=245760Kb used=10368Kb max_used=10368Kb free=235391Kb
 bounds [0x0000000002820000, 0x0000000003250000, 0x0000000011820000]
 total_blobs=2756 nmethods=2485 adapters=183
 compilation: enabled

Compilation events (10 events):
Event: 13.370 Thread 0x0000000014f49800 nmethod 2545 0x0000000003238f10 code [0x00000000032391c0, 0x000000000323a628]
Event: 13.370 Thread 0x0000000014f49800 2551       3       com.android.dx.util.ByteArrayAnnotatedOutput::alignTo (69 bytes)
Event: 13.371 Thread 0x0000000014f49800 nmethod 2551 0x00000000032386d0 code [0x0000000003238880, 0x0000000003238d28]
Event: 13.371 Thread 0x0000000014f49800 2550       3       com.android.dx.util.ByteArrayAnnotatedOutput::writeInt (90 bytes)
Event: 13.372 Thread 0x0000000014f49800 nmethod 2550 0x0000000003236850 code [0x00000000032369e0, 0x0000000003236dd8]
Event: 13.372 Thread 0x0000000014f49800 2552       3       com.android.dx.dex.file.StringIdItem::writeTo (95 bytes)
Event: 13.374 Thread 0x0000000014f49800 nmethod 2552 0x0000000003241610 code [0x00000000032419a0, 0x00000000032438a8]
Event: 13.375 Thread 0x0000000014f49800 2555       3       com.android.dx.dex.file.TypeIdItem::writeTo (107 bytes)
Event: 13.377 Thread 0x0000000014f49800 nmethod 2555 0x00000000032449d0 code [0x0000000003244d60, 0x0000000003246e28]
Event: 13.378 Thread 0x0000000014f49800 2556       3       com.android.dx.dex.file.ProtoIdItem::writeTo (331 bytes)

GC Heap History (10 events):
Event: 3.692 GC heap before
{Heap before GC invocations=2 (full 0):
 PSYoungGen      total 28672K, used 28647K [0x00000000eab00000, 0x00000000ee300000, 0x0000000100000000)
  eden space 24576K, 100% used [0x00000000eab00000,0x00000000ec300000,0x00000000ec300000)
  from space 4096K, 99% used [0x00000000ec300000,0x00000000ec6f9c60,0x00000000ec700000)
  to   space 4096K, 0% used [0x00000000edf00000,0x00000000edf00000,0x00000000ee300000)
 ParOldGen       total 65536K, used 739K [0x00000000c0000000, 0x00000000c4000000, 0x00000000eab00000)
  object space 65536K, 1% used [0x00000000c0000000,0x00000000c00b8c90,0x00000000c4000000)
 Metaspace       used 6066K, capacity 6960K, committed 7040K, reserved 1056768K
  class space    used 601K, capacity 616K, committed 640K, reserved 1048576K
Event: 3.735 GC heap after
Heap after GC invocations=2 (full 0):
 PSYoungGen      total 53248K, used 4095K [0x00000000eab00000, 0x00000000ee300000, 0x0000000100000000)
  eden space 49152K, 0% used [0x00000000eab00000,0x00000000eab00000,0x00000000edb00000)
  from space 4096K, 99% used [0x00000000edf00000,0x00000000ee2ffdf0,0x00000000ee300000)
  to   space 4096K, 0% used [0x00000000edb00000,0x00000000edb00000,0x00000000edf00000)
 ParOldGen       total 65536K, used 3404K [0x00000000c0000000, 0x00000000c4000000, 0x00000000eab00000)
  object space 65536K, 5% used [0x00000000c0000000,0x00000000c03533b0,0x00000000c4000000)
 Metaspace       used 6066K, capacity 6960K, committed 7040K, reserved 1056768K
  class space    used 601K, capacity 616K, committed 640K, reserved 1048576K
}
Event: 5.835 GC heap before
{Heap before GC invocations=3 (full 0):
 PSYoungGen      total 53248K, used 53247K [0x00000000eab00000, 0x00000000ee300000, 0x0000000100000000)
  eden space 49152K, 100% used [0x00000000eab00000,0x00000000edb00000,0x00000000edb00000)
  from space 4096K, 99% used [0x00000000edf00000,0x00000000ee2ffdf0,0x00000000ee300000)
  to   space 4096K, 0% used [0x00000000edb00000,0x00000000edb00000,0x00000000edf00000)
 ParOldGen       total 65536K, used 3404K [0x00000000c0000000, 0x00000000c4000000, 0x00000000eab00000)
  object space 65536K, 5% used [0x00000000c0000000,0x00000000c03533b0,0x00000000c4000000)
 Metaspace       used 6230K, capacity 7088K, committed 7296K, reserved 1056768K
  class space    used 602K, capacity 616K, committed 640K, reserved 1048576K
Event: 6.013 GC heap after
Heap after GC invocations=3 (full 0):
 PSYoungGen      total 53248K, used 4068K [0x00000000eab00000, 0x00000000f1300000, 0x0000000100000000)
  eden space 49152K, 0% used [0x00000000eab00000,0x00000000eab00000,0x00000000edb00000)
  from space 4096K, 99% used [0x00000000edb00000,0x00000000edef93d8,0x00000000edf00000)
  to   space 4096K, 0% used [0x00000000f0f00000,0x00000000f0f00000,0x00000000f1300000)
 ParOldGen       total 65536K, used 10499K [0x00000000c0000000, 0x00000000c4000000, 0x00000000eab00000)
  object space 65536K, 16% used [0x00000000c0000000,0x00000000c0a40d70,0x00000000c4000000)
 Metaspace       used 6230K, capacity 7088K, committed 7296K, reserved 1056768K
  class space    used 602K, capacity 616K, committed 640K, reserved 1048576K
}
Event: 6.448 GC heap before
{Heap before GC invocations=4 (full 0):
 PSYoungGen      total 53248K, used 53220K [0x00000000eab00000, 0x00000000f1300000, 0x0000000100000000)
  eden space 49152K, 100% used [0x00000000eab00000,0x00000000edb00000,0x00000000edb00000)
  from space 4096K, 99% used [0x00000000edb00000,0x00000000edef93d8,0x00000000edf00000)
  to   space 4096K, 0% used [0x00000000f0f00000,0x00000000f0f00000,0x00000000f1300000)
 ParOldGen       total 65536K, used 10499K [0x00000000c0000000, 0x00000000c4000000, 0x00000000eab00000)
  object space 65536K, 16% used [0x00000000c0000000,0x00000000c0a40d70,0x00000000c4000000)
 Metaspace       used 6278K, capacity 7152K, committed 7296K, reserved 1056768K
  class space    used 603K, capacity 616K, committed 640K, reserved 1048576K
Event: 6.529 GC heap after
Heap after GC invocations=4 (full 0):
 PSYoungGen      total 102400K, used 4064K [0x00000000eab00000, 0x00000000f1300000, 0x0000000100000000)
  eden space 98304K, 0% used [0x00000000eab00000,0x00000000eab00000,0x00000000f0b00000)
  from space 4096K, 99% used [0x00000000f0f00000,0x00000000f12f8278,0x00000000f1300000)
  to   space 4096K, 0% used [0x00000000f0b00000,0x00000000f0b00000,0x00000000f0f00000)
 ParOldGen       total 65536K, used 18176K [0x00000000c0000000, 0x00000000c4000000, 0x00000000eab00000)
  object space 65536K, 27% used [0x00000000c0000000,0x00000000c11c00c8,0x00000000c4000000)
 Metaspace       used 6278K, capacity 7152K, committed 7296K, reserved 1056768K
  class space    used 603K, capacity 616K, committed 640K, reserved 1048576K
}
Event: 7.460 GC heap before
{Heap before GC invocations=5 (full 0):
 PSYoungGen      total 102400K, used 102368K [0x00000000eab00000, 0x00000000f1300000, 0x0000000100000000)
  eden space 98304K, 100% used [0x00000000eab00000,0x00000000f0b00000,0x00000000f0b00000)
  from space 4096K, 99% used [0x00000000f0f00000,0x00000000f12f8278,0x00000000f1300000)
  to   space 4096K, 0% used [0x00000000f0b00000,0x00000000f0b00000,0x00000000f0f00000)
 ParOldGen       total 65536K, used 18176K [0x00000000c0000000, 0x00000000c4000000, 0x00000000eab00000)
  object space 65536K, 27% used [0x00000000c0000000,0x00000000c11c00c8,0x00000000c4000000)
 Metaspace       used 6409K, capacity 7192K, committed 7424K, reserved 1056768K
  class space    used 623K, capacity 656K, committed 768K, reserved 1048576K
Event: 7.567 GC heap after
Heap after GC invocations=5 (full 0):
 PSYoungGen      total 102400K, used 4070K [0x00000000eab00000, 0x00000000f9100000, 0x0000000100000000)
  eden space 98304K, 0% used [0x00000000eab00000,0x00000000eab00000,0x00000000f0b00000)
  from space 4096K, 99% used [0x00000000f0b00000,0x00000000f0ef9b00,0x00000000f0f00000)
  to   space 19456K, 0% used [0x00000000f7e00000,0x00000000f7e00000,0x00000000f9100000)
 ParOldGen       total 65536K, used 31417K [0x00000000c0000000, 0x00000000c4000000, 0x00000000eab00000)
  object space 65536K, 47% used [0x00000000c0000000,0x00000000c1eae450,0x00000000c4000000)
 Metaspace       used 6409K, capacity 7192K, committed 7424K, reserved 1056768K
  class space    used 623K, capacity 656K, committed 768K, reserved 1048576K
}
Event: 11.354 GC heap before
{Heap before GC invocations=6 (full 0):
 PSYoungGen      total 102400K, used 102374K [0x00000000eab00000, 0x00000000f9100000, 0x0000000100000000)
  eden space 98304K, 100% used [0x00000000eab00000,0x00000000f0b00000,0x00000000f0b00000)
  from space 4096K, 99% used [0x00000000f0b00000,0x00000000f0ef9b00,0x00000000f0f00000)
  to   space 19456K, 0% used [0x00000000f7e00000,0x00000000f7e00000,0x00000000f9100000)
 ParOldGen       total 65536K, used 31417K [0x00000000c0000000, 0x00000000c4000000, 0x00000000eab00000)
  object space 65536K, 47% used [0x00000000c0000000,0x00000000c1eae450,0x00000000c4000000)
 Metaspace       used 6841K, capacity 7544K, committed 7680K, reserved 1056768K
  class space    used 644K, capacity 688K, committed 768K, reserved 1048576K
Event: 12.181 GC heap after
Heap after GC invocations=6 (full 0):
 PSYoungGen      total 215040K, used 14730K [0x00000000eab00000, 0x00000000f9300000, 0x0000000100000000)
  eden space 195584K, 0% used [0x00000000eab00000,0x00000000eab00000,0x00000000f6a00000)
  from space 19456K, 75% used [0x00000000f7e00000,0x00000000f8c62b28,0x00000000f9100000)
  to   space 20480K, 0% used [0x00000000f6a00000,0x00000000f6a00000,0x00000000f7e00000)
 ParOldGen       total 65536K, used 31425K [0x00000000c0000000, 0x00000000c4000000, 0x00000000eab00000)
  object space 65536K, 47% used [0x00000000c0000000,0x00000000c1eb0450,0x00000000c4000000)
 Metaspace       used 6841K, capacity 7544K, committed 7680K, reserved 1056768K
  class space    used 644K, capacity 688K, committed 768K, reserved 1048576K
}

Deoptimization events (10 events):
Event: 8.395 Thread 0x0000000016951800 Uncommon trap: reason=class_check action=maybe_recompile pc=0x0000000002c04134 method=java.util.Arrays.hashCode([Ljava/lang/Object;)I @ 43
Event: 8.420 Thread 0x0000000016951800 Uncommon trap: reason=bimorphic action=maybe_recompile pc=0x0000000002b5f3d8 method=java.util.HashMap.putVal(ILjava/lang/Object;Ljava/lang/Object;ZZ)Ljava/lang/Object; @ 203
Event: 8.420 Thread 0x0000000016951800 Uncommon trap: reason=bimorphic action=maybe_recompile pc=0x0000000002b5f3d8 method=java.util.HashMap.putVal(ILjava/lang/Object;Ljava/lang/Object;ZZ)Ljava/lang/Object; @ 203
Event: 8.421 Thread 0x0000000016951800 Uncommon trap: reason=bimorphic action=maybe_recompile pc=0x0000000002b5f3d8 method=java.util.HashMap.putVal(ILjava/lang/Object;Ljava/lang/Object;ZZ)Ljava/lang/Object; @ 203
Event: 8.421 Thread 0x0000000016951800 Uncommon trap: reason=bimorphic action=maybe_recompile pc=0x0000000002b5f3d8 method=java.util.HashMap.putVal(ILjava/lang/Object;Ljava/lang/Object;ZZ)Ljava/lang/Object; @ 203
Event: 9.142 Thread 0x0000000016951800 Uncommon trap: reason=unstable_if action=reinterpret pc=0x0000000002b31b7c method=java.util.Arrays.equals([Ljava/lang/Object;[Ljava/lang/Object;)Z @ 23
Event: 9.353 Thread 0x0000000016951800 Uncommon trap: reason=unstable_if action=reinterpret pc=0x00000000030a7d3c method=java.util.TreeMap.put(Ljava/lang/Object;Ljava/lang/Object;)Ljava/lang/Object; @ 163
Event: 10.177 Thread 0x0000000016951800 Uncommon trap: reason=unstable_if action=reinterpret pc=0x00000000031697ec method=com.android.dx.rop.code.RegisterSpec.equalsUsingSimpleType(Lcom/android/dx/rop/code/RegisterSpec;)Z @ 5
Event: 11.338 Thread 0x0000000016951800 Uncommon trap: reason=unstable_if action=reinterpret pc=0x000000000316f224 method=java.util.ArrayList.<init>(I)V @ 5
Event: 13.368 Thread 0x0000000016951800 Uncommon trap: reason=unstable_if action=reinterpret pc=0x00000000031e21c4 method=com.android.dx.util.ByteArrayAnnotatedOutput.writeByte(I)V @ 13

Internal exceptions (5 events):
Event: 0.131 Thread 0x0000000002720800 Exception <a 'java/lang/NoSuchMethodError': Method sun.misc.Unsafe.defineClass(Ljava/lang/String;[BII)Ljava/lang/Class; name or signature does not match> (0x00000000eab0d5b0) thrown at [D:\re\puppet\workspace\8-2-build-windows-amd64-cygwin\jdk8u73\6086\hotøò¯<¹À?
Event: 0.131 Thread 0x0000000002720800 Exception <a 'java/lang/NoSuchMethodError': Method sun.misc.Unsafe.prefetchRead(Ljava/lang/Object;J)V name or signature does not match> (0x00000000eab0d898) thrown at [D:\re\puppet\workspace\8-2-build-windows-amd64-cygwin\jdk8u73\6086\hotspot\src\share\vm\Oè7c`•@
Event: 6.646 Thread 0x0000000016bdc000 Exception <a 'java/lang/ArrayIndexOutOfBoundsException': 18> (0x00000000ebeddd68) thrown at [D:\re\puppet\workspace\8-2-build-windows-amd64-cygwin\jdk8u73\6086\hotspot\src\share\vm\interpreter\interpreterRuntime.cpp, line 366]
Event: 6.647 Thread 0x0000000016bdc000 Exception <a 'java/lang/ArrayIndexOutOfBoundsException'> (0x00000000ebedf8e8) thrown at [D:\re\puppet\workspace\8-2-build-windows-amd64-cygwin\jdk8u73\6086\hotspot\src\share\vm\runtime\sharedRuntime.cpp, line 605]
Event: 6.671 Thread 0x0000000016bdc000 Exception <a 'java/lang/ArrayIndexOutOfBoundsException'> (0x00000000ebee0bd0) thrown at [D:\re\puppet\workspace\8-2-build-windows-amd64-cygwin\jdk8u73\6086\hotspot\src\share\vm\runtime\sharedRuntime.cpp, line 605]

Events (10 events):
Event: 12.182 Executing VM operation: ParallelGCFailedAllocation done
Event: 12.738 loading class com/android/dex/EncodedValueCodec
Event: 12.738 loading class com/android/dex/EncodedValueCodec done
Event: 12.766 loading class com/android/dx/dex/file/MapItem
Event: 12.766 loading class com/android/dx/dex/file/MapItem done
Event: 13.367 loading class com/android/dex/DexFormat
Event: 13.367 loading class com/android/dex/DexFormat done
Event: 13.368 Thread 0x0000000016951800 Uncommon trap: trap_request=0xffffff65 fr.pc=0x00000000031e21c4
Event: 13.368 Thread 0x0000000016951800 DEOPT PACKING pc=0x00000000031e21c4 sp=0x000000001772ea60
Event: 13.368 Thread 0x0000000016951800 DEOPT UNPACKING pc=0x000000000286582a sp=0x000000001772ea18 mode 2


Dynamic libraries:
0x00007ff67f1b0000 - 0x00007ff67f1e7000 	C:\Program Files\Java\jdk1.8.0_73\bin\java.exe
0x00007ffee20b0000 - 0x00007ffee2272000 	C:\Windows\SYSTEM32\ntdll.dll
0x00007ffee19a0000 - 0x00007ffee1a4d000 	C:\Windows\system32\KERNEL32.DLL
0x00007ffedf5a0000 - 0x00007ffedf77d000 	C:\Windows\system32\KERNELBASE.dll
0x00007ffee1a50000 - 0x00007ffee1af6000 	C:\Windows\system32\ADVAPI32.dll
0x00007ffee1c40000 - 0x00007ffee1cdd000 	C:\Windows\system32\msvcrt.dll
0x00007ffee00c0000 - 0x00007ffee011b000 	C:\Windows\system32\sechost.dll
0x00007ffee1d20000 - 0x00007ffee1e46000 	C:\Windows\system32\RPCRT4.dll
0x00007ffedfef0000 - 0x00007ffee003e000 	C:\Windows\system32\USER32.dll
0x00007ffee16c0000 - 0x00007ffee1845000 	C:\Windows\system32\GDI32.dll
0x00007ffecd5e0000 - 0x00007ffecd854000 	C:\Windows\WinSxS\amd64_microsoft.windows.common-controls_6595b64144ccf1df_6.0.10240.16384_none_f41f7b285750ef43\COMCTL32.dll
0x00007ffee1ce0000 - 0x00007ffee1d16000 	C:\Windows\system32\IMM32.DLL
0x00007ffedfa50000 - 0x00007ffedfbac000 	C:\Windows\system32\MSCTF.dll
0x0000000061db0000 - 0x0000000061e82000 	C:\Program Files\Java\jdk1.8.0_73\jre\bin\msvcr100.dll
0x0000000062230000 - 0x0000000062ac0000 	C:\Program Files\Java\jdk1.8.0_73\jre\bin\server\jvm.dll
0x00007ffee0040000 - 0x00007ffee0048000 	C:\Windows\system32\PSAPI.DLL
0x00007ffedbe30000 - 0x00007ffedbe39000 	C:\Windows\SYSTEM32\WSOCK32.dll
0x00007ffee2020000 - 0x00007ffee2089000 	C:\Windows\system32\WS2_32.dll
0x00007ffee16b0000 - 0x00007ffee16b8000 	C:\Windows\system32\NSI.dll
0x00007ffed7d30000 - 0x00007ffed7d53000 	C:\Windows\SYSTEM32\WINMM.dll
0x00007ffed4b40000 - 0x00007ffed4b4a000 	C:\Windows\SYSTEM32\VERSION.dll
0x00007ffed7430000 - 0x00007ffed745c000 	C:\Windows\SYSTEM32\WINMMBASE.dll
0x00007ffedec30000 - 0x00007ffedec74000 	C:\Windows\system32\cfgmgr32.dll
0x00007ffedd450000 - 0x00007ffedd477000 	C:\Windows\SYSTEM32\DEVOBJ.dll
0x0000000062220000 - 0x000000006222f000 	C:\Program Files\Java\jdk1.8.0_73\jre\bin\verify.dll
0x00000000621f0000 - 0x0000000062219000 	C:\Program Files\Java\jdk1.8.0_73\jre\bin\java.dll
0x00000000621d0000 - 0x00000000621e6000 	C:\Program Files\Java\jdk1.8.0_73\jre\bin\zip.dll
0x00007ffee0120000 - 0x00007ffee1645000 	C:\Windows\system32\SHELL32.dll
0x00007ffedee50000 - 0x00007ffedf478000 	C:\Windows\system32\windows.storage.dll
0x00007ffedfc70000 - 0x00007ffedfeec000 	C:\Windows\system32\combase.dll
0x00007ffee1650000 - 0x00007ffee16a1000 	C:\Windows\system32\shlwapi.dll
0x00007ffedeb50000 - 0x00007ffedeb5f000 	C:\Windows\system32\kernel.appcore.dll
0x00007ffedf480000 - 0x00007ffedf533000 	C:\Windows\system32\shcore.dll
0x00007ffedeae0000 - 0x00007ffedeb2a000 	C:\Windows\system32\powrprof.dll
0x00007ffedeb60000 - 0x00007ffedeb73000 	C:\Windows\system32\profapi.dll

VM Arguments:
jvm_args: -Djava.awt.headless=true -Xmx1024M -Dfile.encoding=windows-1252 -Duser.country=US -Duser.language=en -Duser.variant 
java_command: com.android.dx.command.Main --dex --force-jumbo --num-threads=4 --multi-dex --output C:\Users\user\AndroidStudioProjects\ExpenseManager\app\build\intermediates\transforms\dex\debug\folders\1000\10\com.android.support-appcompat-v7-23.4.0_e769e7ba8a5770fb76f1257e596adcf59bf55db8 C:\Users\user\AndroidStudioProjects\ExpenseManager\app\build\intermediates\exploded-aar\com.android.support\appcompat-v7\23.4.0\jars\classes.jar
java_class_path (initial): C:\Users\user\AppData\Local\Android\sdk\build-tools\23.0.3\lib\dx.jar
Launcher Type: SUN_STANDARD

Environment Variables:
PATH=C:\ProgramData\Oracle\Java\javapath;D:\DevSuiteHome_1\jdk\jre\bin\classic;D:\DevSuiteHome_1\jdk\jre\bin;D:\DevSuiteHome_1\jdk\jre\bin\client;D:\DevSuiteHome_1\jlib;D:\DevSuiteHome_1\bin;D:\DevSuiteHome_1\jre\1.4.2\bin\client;D:\DevSuiteHome_1\jre\1.4.2\bin;C:\Windows\system32;C:\Windows;C:\Windows\System32\Wbem;C:\Windows\System32\WindowsPowerShell\v1.0\;C:\Program Files (x86)\Skype\Phone\;C:\Program Files (x86)\CrSSL\bin;C:\Program Files\CrSSL\bin;C:\Program Files (x86)\CrSSL\bin
USERNAME=user
OS=Windows_NT
PROCESSOR_IDENTIFIER=Intel64 Family 6 Model 69 Stepping 1, GenuineIntel



---------------  S Y S T E M  ---------------

OS: Windows 10.0 , 64 bit Build 10240 (10.0.10240.16384)

CPU:total 4 (2 cores per cpu, 2 threads per core) family 6 model 69 stepping 1, cmov, cx8, fxsr, mmx, sse, sse2, sse3, ssse3, sse4.1, sse4.2, popcnt, avx, avx2, aes, clmul, erms, lzcnt, ht, tsc, tscinvbit, bmi1, bmi2

Memory: 4k page, physical 6214896k(353672k free), swap 7918832k(8716k free)

vm_info: Java HotSpot(TM) 64-Bit Server VM (25.73-b02) for windows-amd64 JRE (1.8.0_73-b02), built on Jan 29 2016 17:38:49 by "java_re" with MS VC++ 10.0 (VS2010)

time: Thu Jul 07 14:33:41 2016
elapsed time: 13 seconds (0d 0h 0m 13s)

