#
# There is insufficient memory for the Java Runtime Environment to continue.
# Native memory allocation (malloc) failed to allocate 617296 bytes for Chunk::new
# Possible reasons:
#   The system is out of physical RAM or swap space
#   In 32 bit mode, the process size limit was hit
# Possible solutions:
#   Reduce memory load on the system
#   Increase physical memory or swap space
#   Check if swap backing store is full
#   Use 64 bit Java on a 64 bit OS
#   Decrease Java heap size (-Xmx/-Xms)
#   Decrease number of Java threads
#   Decrease Java thread stack sizes (-Xss)
#   Set larger code cache with -XX:ReservedCodeCacheSize=
# This output file may be truncated or incomplete.
#
#  Out of Memory Error (allocation.cpp:390), pid=5736, tid=6540
#
# JRE version: Java(TM) SE Runtime Environment (8.0_73-b02) (build 1.8.0_73-b02)
# Java VM: Java HotSpot(TM) 64-Bit Server VM (25.73-b02 mixed mode windows-amd64 compressed oops)
# Failed to write core dump. Minidumps are not enabled by default on client versions of Windows
#

---------------  T H R E A D  ---------------

Current thread (0x0000000014891000):  JavaThread "C2 CompilerThread1" daemon [_thread_in_native, id=6540, stack(0x0000000015ef0000,0x0000000015ff0000)]

Stack: [0x0000000015ef0000,0x0000000015ff0000]
[error occurred during error reporting (printing stack bounds), id 0xc0000005]

Native frames: (J=compiled Java code, j=interpreted, Vv=VM code, C=native code)


Current CompileTask:
C2:   3424 1374       4       com.android.dx.ssa.SCCP::simulatePhi (169 bytes)


---------------  P R O C E S S  ---------------

Java Threads: ( => current thread )
  0x000000001617c000 JavaThread "pool-1-thread-1" [_thread_in_Java, id=5128, stack(0x00000000166f0000,0x00000000167f0000)]
  0x0000000015ffe000 JavaThread "Service Thread" daemon [_thread_blocked, id=500, stack(0x00000000164f0000,0x00000000165f0000)]
  0x0000000015ff8800 JavaThread "C1 CompilerThread2" daemon [_thread_blocked, id=6396, stack(0x00000000163f0000,0x00000000164f0000)]
=>0x0000000014891000 JavaThread "C2 CompilerThread1" daemon [_thread_in_native, id=6540, stack(0x0000000015ef0000,0x0000000015ff0000)]
  0x000000001488b800 JavaThread "C2 CompilerThread0" daemon [_thread_in_native, id=4944, stack(0x0000000015df0000,0x0000000015ef0000)]
  0x0000000014889800 JavaThread "Attach Listener" daemon [_thread_blocked, id=6372, stack(0x0000000015cf0000,0x0000000015df0000)]
  0x0000000014888000 JavaThread "Signal Dispatcher" daemon [_thread_blocked, id=4348, stack(0x0000000015bf0000,0x0000000015cf0000)]
  0x00000000021b1800 JavaThread "Finalizer" daemon [_thread_blocked, id=6084, stack(0x0000000015ae0000,0x0000000015be0000)]
  0x00000000021ae000 JavaThread "Reference Handler" daemon [_thread_blocked, id=4840, stack(0x00000000159e0000,0x0000000015ae0000)]
  0x00000000020c0800 JavaThread "main" [_thread_blocked, id=5476, stack(0x0000000001ed0000,0x0000000001fd0000)]

Other Threads:
  0x0000000014858000 VMThread [stack: 0x00000000158e0000,0x00000000159e0000] [id=212]
  0x0000000016002000 WatcherThread [stack: 0x00000000165f0000,0x00000000166f0000] [id=6740]

VM state:not at safepoint (normal execution)

VM Mutex/Monitor currently owned by a thread: None

Heap:
 PSYoungGen      total 28672K, used 14287K [0x00000000eab00000, 0x00000000ecb00000, 0x0000000100000000)
  eden space 24576K, 41% used [0x00000000eab00000,0x00000000eb4f75f0,0x00000000ec300000)
  from space 4096K, 99% used [0x00000000ec700000,0x00000000ecafc9d8,0x00000000ecb00000)
  to   space 4096K, 0% used [0x00000000ec300000,0x00000000ec300000,0x00000000ec700000)
 ParOldGen       total 65536K, used 3177K [0x00000000c0000000, 0x00000000c4000000, 0x00000000eab00000)
  object space 65536K, 4% used [0x00000000c0000000,0x00000000c031a4b8,0x00000000c4000000)
 Metaspace       used 6063K, capacity 6966K, committed 7040K, reserved 1056768K
  class space    used 605K, capacity 622K, committed 640K, reserved 1048576K

Card table byte_map: [0x0000000011580000,0x0000000011790000] byte_map_base: 0x0000000010f80000

Marking Bits: (ParMarkBitMap*) 0x0000000057eb0600
 Begin Bits: [0x0000000011cf0000, 0x0000000012cf0000)
 End Bits:   [0x0000000012cf0000, 0x0000000013cf0000)

Polling page: 0x0000000000740000

CodeCache: size=245760Kb used=5658Kb max_used=5658Kb free=240101Kb
 bounds [0x00000000021c0000, 0x0000000002750000, 0x00000000111c0000]
 total_blobs=1635 nmethods=1366 adapters=182
 compilation: enabled

Compilation events (10 events):
Event: 3.152 Thread 0x0000000015ff8800 1382       3       com.android.dx.cf.code.Ropper::getSpecialLabel (20 bytes)
Event: 3.153 Thread 0x0000000015ff8800 nmethod 1382 0x0000000002725510 code [0x0000000002725680, 0x0000000002725a50]
Event: 3.154 Thread 0x0000000015ff8800 1385       3       com.android.dx.ssa.SsaMethod::onInsnsChanged (16 bytes)
Event: 3.155 Thread 0x0000000015ff8800 nmethod 1385 0x0000000002725190 code [0x00000000027252e0, 0x0000000002725470]
Event: 3.159 Thread 0x0000000015ff8800 1389       3       com.android.dx.dex.code.RopTranslator::access$600 (6 bytes)
Event: 3.159 Thread 0x0000000015ff8800 nmethod 1389 0x0000000002724e10 code [0x0000000002724f80, 0x00000000027250e8]
Event: 3.159 Thread 0x0000000015ff8800 1390       3       com.android.dx.rop.cst.CstNat::isInstanceInit (13 bytes)
Event: 3.159 Thread 0x0000000015ff8800 nmethod 1390 0x0000000002724910 code [0x0000000002724a80, 0x0000000002724d48]
Event: 3.159 Thread 0x0000000015ff8800 1391       3       java.util.concurrent.locks.AbstractOwnableSynchronizer::setExclusiveOwnerThread (6 bytes)
Event: 3.160 Thread 0x0000000015ff8800 nmethod 1391 0x000000000273f0d0 code [0x000000000273f220, 0x000000000273f390]

GC Heap History (4 events):
Event: 1.381 GC heap before
{Heap before GC invocations=1 (full 0):
 PSYoungGen      total 28672K, used 24576K [0x00000000eab00000, 0x00000000ecb00000, 0x0000000100000000)
  eden space 24576K, 100% used [0x00000000eab00000,0x00000000ec300000,0x00000000ec300000)
  from space 4096K, 0% used [0x00000000ec700000,0x00000000ec700000,0x00000000ecb00000)
  to   space 4096K, 0% used [0x00000000ec300000,0x00000000ec300000,0x00000000ec700000)
 ParOldGen       total 65536K, used 0K [0x00000000c0000000, 0x00000000c4000000, 0x00000000eab00000)
  object space 65536K, 0% used [0x00000000c0000000,0x00000000c0000000,0x00000000c4000000)
 Metaspace       used 5856K, capacity 6834K, committed 7040K, reserved 1056768K
  class space    used 599K, capacity 618K, committed 640K, reserved 1048576K
Event: 1.390 GC heap after
Heap after GC invocations=1 (full 0):
 PSYoungGen      total 28672K, used 4080K [0x00000000eab00000, 0x00000000ecb00000, 0x0000000100000000)
  eden space 24576K, 0% used [0x00000000eab00000,0x00000000eab00000,0x00000000ec300000)
  from space 4096K, 99% used [0x00000000ec300000,0x00000000ec6fc058,0x00000000ec700000)
  to   space 4096K, 0% used [0x00000000ec700000,0x00000000ec700000,0x00000000ecb00000)
 ParOldGen       total 65536K, used 1219K [0x00000000c0000000, 0x00000000c4000000, 0x00000000eab00000)
  object space 65536K, 1% used [0x00000000c0000000,0x00000000c0130cd8,0x00000000c4000000)
 Metaspace       used 5856K, capacity 6834K, committed 7040K, reserved 1056768K
  class space    used 599K, capacity 618K, committed 640K, reserved 1048576K
}
Event: 2.259 GC heap before
{Heap before GC invocations=2 (full 0):
 PSYoungGen      total 28672K, used 28656K [0x00000000eab00000, 0x00000000ecb00000, 0x0000000100000000)
  eden space 24576K, 100% used [0x00000000eab00000,0x00000000ec300000,0x00000000ec300000)
  from space 4096K, 99% used [0x00000000ec300000,0x00000000ec6fc058,0x00000000ec700000)
  to   space 4096K, 0% used [0x00000000ec700000,0x00000000ec700000,0x00000000ecb00000)
 ParOldGen       total 65536K, used 1219K [0x00000000c0000000, 0x00000000c4000000, 0x00000000eab00000)
  object space 65536K, 1% used [0x00000000c0000000,0x00000000c0130cd8,0x00000000c4000000)
 Metaspace       used 6021K, capacity 6962K, committed 7040K, reserved 1056768K
  class space    used 599K, capacity 618K, committed 640K, reserved 1048576K
Event: 2.325 GC heap after
Heap after GC invocations=2 (full 0):
 PSYoungGen      total 28672K, used 4082K [0x00000000eab00000, 0x00000000ecb00000, 0x0000000100000000)
  eden space 24576K, 0% used [0x00000000eab00000,0x00000000eab00000,0x00000000ec300000)
  from space 4096K, 99% used [0x00000000ec700000,0x00000000ecafc9d8,0x00000000ecb00000)
  to   space 4096K, 0% used [0x00000000ec300000,0x00000000ec300000,0x00000000ec700000)
 ParOldGen       total 65536K, used 3177K [0x00000000c0000000, 0x00000000c4000000, 0x00000000eab00000)
  object space 65536K, 4% used [0x00000000c0000000,0x00000000c031a4b8,0x00000000c4000000)
 Metaspace       used 6021K, capacity 6962K, committed 7040K, reserved 1056768K
  class space    used 599K, capacity 618K, committed 640K, reserved 1048576K
}

Deoptimization events (10 events):
Event: 1.130 Thread 0x00000000020c0800 Uncommon trap: reason=unstable_if action=reinterpret pc=0x00000000024e1dfc method=com.android.dx.rop.code.RegisterSpec.equals(ILcom/android/dx/rop/type/TypeBearer;Lcom/android/dx/rop/code/LocalItem;)Z @ 42
Event: 1.356 Thread 0x000000001617b000 Uncommon trap: reason=null_check action=make_not_entrant pc=0x0000000002599738 method=com.android.dx.ssa.SsaRenamer.getLocalForNewReg(I)Lcom/android/dx/rop/code/LocalItem; @ 19
Event: 1.375 Thread 0x0000000016185000 Uncommon trap: reason=unstable_if action=reinterpret pc=0x0000000002595880 method=com.android.dx.ssa.SsaRenamer$BlockRenamer.addMapping(ILcom/android/dx/rop/code/RegisterSpec;)V @ 120
Event: 1.444 Thread 0x000000001617b000 Uncommon trap: reason=null_check action=make_not_entrant pc=0x00000000025a0dfc method=com.android.dx.ssa.SsaRenamer.getLocalForNewReg(I)Lcom/android/dx/rop/code/LocalItem; @ 19
Event: 1.462 Thread 0x000000001618d000 Uncommon trap: reason=bimorphic action=maybe_recompile pc=0x0000000002423e48 method=java.util.HashMap.getNode(ILjava/lang/Object;)Ljava/util/HashMap$Node; @ 126
Event: 1.463 Thread 0x000000001618d000 Uncommon trap: reason=class_check action=maybe_recompile pc=0x00000000025e3684 method=java.util.HashMap.putVal(ILjava/lang/Object;Ljava/lang/Object;ZZ)Ljava/lang/Object; @ 203
Event: 1.556 Thread 0x000000001618d000 Uncommon trap: reason=class_check action=maybe_recompile pc=0x00000000026654ac method=com.android.dx.ssa.SCCP.setLatticeValueTo(IILcom/android/dx/rop/cst/Constant;)Z @ 43
Event: 1.556 Thread 0x000000001618d000 Uncommon trap: reason=class_check action=maybe_recompile pc=0x00000000026654ac method=com.android.dx.ssa.SCCP.setLatticeValueTo(IILcom/android/dx/rop/cst/Constant;)Z @ 43
Event: 3.116 Thread 0x000000001618d000 Uncommon trap: reason=class_check action=maybe_recompile pc=0x00000000026654ac method=com.android.dx.ssa.SCCP.setLatticeValueTo(IILcom/android/dx/rop/cst/Constant;)Z @ 43
Event: 3.116 Thread 0x000000001618d000 Uncommon trap: reason=class_check action=maybe_recompile pc=0x00000000026654ac method=com.android.dx.ssa.SCCP.setLatticeValueTo(IILcom/android/dx/rop/cst/Constant;)Z @ 43

Internal exceptions (4 events):
Event: 0.081 Thread 0x00000000020c0800 Exception <a 'java/lang/NoSuchMethodError': Method sun.misc.Unsafe.defineClass(Ljava/lang/String;[BII)Ljava/lang/Class; name or signature does not match> (0x00000000eab0d550) thrown at [D:\re\puppet\workspace\8-2-build-windows-amd64-cygwin\jdk8u73\6086\hotš)£Š’¿´?
Event: 0.081 Thread 0x00000000020c0800 Exception <a 'java/lang/NoSuchMethodError': Method sun.misc.Unsafe.prefetchRead(Ljava/lang/Object;J)V name or signature does not match> (0x00000000eab0d838) thrown at [D:\re\puppet\workspace\8-2-build-windows-amd64-cygwin\jdk8u73\6086\hotspot\src\share\vm\¸5(7´õ?
Event: 1.356 Thread 0x000000001617b000 Implicit null exception at 0x0000000002598600 to 0x0000000002599705
Event: 1.444 Thread 0x000000001617b000 Implicit null exception at 0x000000000259fe49 to 0x00000000025a0dc9

Events (10 events):
Event: 3.116 Thread 0x000000001618d000 Uncommon trap: trap_request=0xffffffde fr.pc=0x00000000026654ac
Event: 3.116 Thread 0x000000001618d000 DEOPT PACKING pc=0x00000000026654ac sp=0x0000000016beec60
Event: 3.116 Thread 0x000000001618d000 DEOPT UNPACKING pc=0x000000000220582a sp=0x0000000016beeba8 mode 2
Event: 3.156 Thread 0x000000001618d000 DEOPT PACKING pc=0x00000000024ec913 sp=0x0000000016beebb0
Event: 3.156 Thread 0x000000001618d000 DEOPT UNPACKING pc=0x000000000220787f sp=0x0000000016bee978 mode 0
Event: 3.160 Thread 0x000000001617c000 Thread exited: 0x000000001617c000
Event: 3.160 loading class com/android/dx/command/dexer/Main$DexWriter
Event: 3.160 loading class com/android/dx/command/dexer/Main$DexWriter done
Event: 3.160 Thread 0x000000001617c000 Thread added: 0x000000001617c000
Event: 3.181 Thread 0x000000001618d000 Thread exited: 0x000000001618d000


Dynamic libraries:
0x00007ff748d20000 - 0x00007ff748d57000 	C:\Program Files\Java\jdk1.8.0_73\bin\java.exe
0x00007ff9ee350000 - 0x00007ff9ee512000 	C:\Windows\SYSTEM32\ntdll.dll
0x00007ff9ebdc0000 - 0x00007ff9ebe6d000 	C:\Windows\system32\KERNEL32.DLL
0x00007ff9eb610000 - 0x00007ff9eb7ed000 	C:\Windows\system32\KERNELBASE.dll
0x00000000582c0000 - 0x0000000058371000 	C:\Program Files\Bitdefender\Bitdefender 2016\Active Virus Control\Avc3_00363_002\avcuf64.dll
0x00007ff9ec840000 - 0x00007ff9ec8e6000 	C:\Windows\system32\ADVAPI32.dll
0x00007ff9ebbf0000 - 0x00007ff9ebc8d000 	C:\Windows\system32\msvcrt.dll
0x00007ff9ee180000 - 0x00007ff9ee1db000 	C:\Windows\system32\sechost.dll
0x00007ff9ebc90000 - 0x00007ff9ebdb6000 	C:\Windows\system32\RPCRT4.dll
0x00007ff9ec160000 - 0x00007ff9ec2ae000 	C:\Windows\system32\USER32.dll
0x00007ff9ebe70000 - 0x00007ff9ebff5000 	C:\Windows\system32\GDI32.dll
0x00007ff9d8f00000 - 0x00007ff9d9174000 	C:\Windows\WinSxS\amd64_microsoft.windows.common-controls_6595b64144ccf1df_6.0.10240.16384_none_f41f7b285750ef43\COMCTL32.dll
0x00007ff9ee2a0000 - 0x00007ff9ee2d6000 	C:\Windows\system32\IMM32.DLL
0x00007ff9ec6e0000 - 0x00007ff9ec83c000 	C:\Windows\system32\MSCTF.dll
0x0000000057110000 - 0x00000000571e2000 	C:\Program Files\Java\jdk1.8.0_73\jre\bin\msvcr100.dll
0x00000000576a0000 - 0x0000000057f30000 	C:\Program Files\Java\jdk1.8.0_73\jre\bin\server\jvm.dll
0x00007ff9ec070000 - 0x00007ff9ec078000 	C:\Windows\system32\PSAPI.DLL
0x00007ff9dc460000 - 0x00007ff9dc469000 	C:\Windows\SYSTEM32\WSOCK32.dll
0x00007ff9ee2e0000 - 0x00007ff9ee349000 	C:\Windows\system32\WS2_32.dll
0x00007ff9edf60000 - 0x00007ff9edf68000 	C:\Windows\system32\NSI.dll
0x00007ff9e8e50000 - 0x00007ff9e8e73000 	C:\Windows\SYSTEM32\WINMM.dll
0x00007ff9e8df0000 - 0x00007ff9e8dfa000 	C:\Windows\SYSTEM32\VERSION.dll
0x00007ff9e8e20000 - 0x00007ff9e8e4c000 	C:\Windows\SYSTEM32\WINMMBASE.dll
0x00007ff9eae20000 - 0x00007ff9eae64000 	C:\Windows\system32\cfgmgr32.dll
0x00007ff9e96f0000 - 0x00007ff9e9717000 	C:\Windows\SYSTEM32\DEVOBJ.dll
0x0000000057690000 - 0x000000005769f000 	C:\Program Files\Java\jdk1.8.0_73\jre\bin\verify.dll
0x0000000057660000 - 0x0000000057689000 	C:\Program Files\Java\jdk1.8.0_73\jre\bin\java.dll
0x0000000057640000 - 0x0000000057656000 	C:\Program Files\Java\jdk1.8.0_73\jre\bin\zip.dll
0x00007ff9ec910000 - 0x00007ff9ede35000 	C:\Windows\system32\SHELL32.dll
0x00007ff9eaf20000 - 0x00007ff9eb548000 	C:\Windows\system32\windows.storage.dll
0x00007ff9ec460000 - 0x00007ff9ec6dc000 	C:\Windows\system32\combase.dll
0x00007ff9ec2b0000 - 0x00007ff9ec301000 	C:\Windows\system32\shlwapi.dll
0x00007ff9eae10000 - 0x00007ff9eae1f000 	C:\Windows\system32\kernel.appcore.dll
0x00007ff9eb550000 - 0x00007ff9eb603000 	C:\Windows\system32\shcore.dll
0x00007ff9eadc0000 - 0x00007ff9eae0a000 	C:\Windows\system32\powrprof.dll
0x00007ff9eada0000 - 0x00007ff9eadb3000 	C:\Windows\system32\profapi.dll

VM Arguments:
jvm_args: -Djava.awt.headless=true -Xmx1024M -Dfile.encoding=windows-1252 -Duser.country=US -Duser.language=en -Duser.variant 
java_command: com.android.dx.command.Main --dex --force-jumbo --num-threads=4 --multi-dex --output C:\Users\user\AndroidStudioProjects\ExpenseManager\app\build\intermediates\transforms\dex\debug\folders\1000\10\instant-run_6b0a7dd5d921fd88be83382c648b68498d55a9d8 C:\Users\user\AndroidStudioProjects\ExpenseManager\app\build\intermediates\incremental-runtime-classes\debug\instant-run.jar
java_class_path (initial): C:\Users\user\AppData\Local\Android\sdk\build-tools\23.0.3\lib\dx.jar
Launcher Type: SUN_STANDARD

Environment Variables:
PATH=C:\ProgramData\Oracle\Java\javapath;D:\DevSuiteHome_1\jdk\jre\bin\classic;D:\DevSuiteHome_1\jdk\jre\bin;D:\DevSuiteHome_1\jdk\jre\bin\client;D:\DevSuiteHome_1\jlib;D:\DevSuiteHome_1\bin;D:\DevSuiteHome_1\jre\1.4.2\bin\client;D:\DevSuiteHome_1\jre\1.4.2\bin;C:\Windows\system32;C:\Windows;C:\Windows\System32\Wbem;C:\Windows\System32\WindowsPowerShell\v1.0\;C:\Program Files (x86)\Skype\Phone\;C:\Program Files (x86)\CrSSL\bin;C:\Program Files\CrSSL\bin;C:\Program Files (x86)\CrSSL\bin
USERNAME=user
OS=Windows_NT
PROCESSOR_IDENTIFIER=Intel64 Family 6 Model 69 Stepping 1, GenuineIntel



---------------  S Y S T E M  ---------------

OS: Windows 10.0 , 64 bit Build 10240 (10.0.10240.16384)

CPU:total 4 (2 cores per cpu, 2 threads per core) family 6 model 69 stepping 1, cmov, cx8, fxsr, mmx, sse, sse2, sse3, ssse3, sse4.1, sse4.2, popcnt, avx, avx2, aes, clmul, erms, lzcnt, ht, tsc, tscinvbit, bmi1, bmi2

Memory: 4k page, physical 6214896k(663772k free), swap 7918832k(173912k free)

vm_info: Java HotSpot(TM) 64-Bit Server VM (25.73-b02) for windows-amd64 JRE (1.8.0_73-b02), built on Jan 29 2016 17:38:49 by "java_re" with MS VC++ 10.0 (VS2010)

time: Fri Jun 24 21:36:19 2016
elapsed time: 3 seconds (0d 0h 0m 3s)

