#
# There is insufficient memory for the Java Runtime Environment to continue.
# Native memory allocation (malloc) failed to allocate 32744 bytes for ChunkPool::allocate
# Possible reasons:
#   The system is out of physical RAM or swap space
#   In 32 bit mode, the process size limit was hit
# Possible solutions:
#   Reduce memory load on the system
#   Increase physical memory or swap space
#   Check if swap backing store is full
#   Use 64 bit Java on a 64 bit OS
#   Decrease Java heap size (-Xmx/-Xms)
#   Decrease number of Java threads
#   Decrease Java thread stack sizes (-Xss)
#   Set larger code cache with -XX:ReservedCodeCacheSize=
# This output file may be truncated or incomplete.
#
#  Out of Memory Error (allocation.cpp:273), pid=9716, tid=11000
#
# JRE version: Java(TM) SE Runtime Environment (8.0_73-b02) (build 1.8.0_73-b02)
# Java VM: Java HotSpot(TM) 64-Bit Server VM (25.73-b02 mixed mode windows-amd64 compressed oops)
# Failed to write core dump. Minidumps are not enabled by default on client versions of Windows
#

---------------  T H R E A D  ---------------

Current thread (0x0000000015ad1800):  JavaThread "C1 CompilerThread2" daemon [_thread_in_native, id=11000, stack(0x0000000017300000,0x0000000017400000)]

Stack: [0x0000000017300000,0x0000000017400000]
[error occurred during error reporting (printing stack bounds), id 0xc0000005]

Native frames: (J=compiled Java code, j=interpreted, Vv=VM code, C=native code)


Current CompileTask:
C1:  11111  513   !   3       com.android.dx.cf.code.BytecodeArray::parseInstruction (2764 bytes)


---------------  P R O C E S S  ---------------

Java Threads: ( => current thread )
  0x000000001765b800 JavaThread "pool-2-thread-4" [_thread_in_Java, id=9028, stack(0x0000000017e00000,0x0000000017f00000)]
  0x0000000017657000 JavaThread "pool-3-thread-1" [_thread_blocked, id=1040, stack(0x0000000017b00000,0x0000000017c00000)]
  0x0000000017656000 JavaThread "pool-2-thread-1" [_thread_in_Java, id=2556, stack(0x0000000017a00000,0x0000000017b00000)]
  0x000000001742e000 JavaThread "Service Thread" daemon [_thread_blocked, id=5884, stack(0x0000000017800000,0x0000000017900000)]
=>0x0000000015ad1800 JavaThread "C1 CompilerThread2" daemon [_thread_in_native, id=11000, stack(0x0000000017300000,0x0000000017400000)]
  0x0000000015ab0000 JavaThread "C2 CompilerThread1" daemon [_thread_blocked, id=7148, stack(0x0000000017200000,0x0000000017300000)]
  0x0000000015aac800 JavaThread "C2 CompilerThread0" daemon [_thread_blocked, id=1444, stack(0x0000000017100000,0x0000000017200000)]
  0x0000000015aab000 JavaThread "Attach Listener" daemon [_thread_blocked, id=10992, stack(0x0000000017000000,0x0000000017100000)]
  0x0000000015aa9800 JavaThread "Signal Dispatcher" daemon [_thread_blocked, id=7212, stack(0x0000000016f00000,0x0000000017000000)]
  0x00000000033d6000 JavaThread "Finalizer" daemon [_thread_blocked, id=6272, stack(0x0000000016d20000,0x0000000016e20000)]
  0x00000000033cd000 JavaThread "Reference Handler" daemon [_thread_blocked, id=9348, stack(0x0000000016c20000,0x0000000016d20000)]
  0x00000000032e0800 JavaThread "main" [_thread_blocked, id=4880, stack(0x00000000031e0000,0x00000000032e0000)]

Other Threads:
  0x0000000015a78000 VMThread [stack: 0x0000000016b20000,0x0000000016c20000] [id=4680]
  0x0000000017432800 WatcherThread [stack: 0x0000000017900000,0x0000000017a00000] [id=1964]

VM state:not at safepoint (normal execution)

VM Mutex/Monitor currently owned by a thread: None

Heap:
 PSYoungGen      total 28672K, used 11857K [0x00000000eab00000, 0x00000000ecb00000, 0x0000000100000000)
  eden space 24576K, 48% used [0x00000000eab00000,0x00000000eb6945f8,0x00000000ec300000)
  from space 4096K, 0% used [0x00000000ec700000,0x00000000ec700000,0x00000000ecb00000)
  to   space 4096K, 0% used [0x00000000ec300000,0x00000000ec300000,0x00000000ec700000)
 ParOldGen       total 65536K, used 0K [0x00000000c0000000, 0x00000000c4000000, 0x00000000eab00000)
  object space 65536K, 0% used [0x00000000c0000000,0x00000000c0000000,0x00000000c4000000)
 Metaspace       used 5464K, capacity 6512K, committed 6784K, reserved 1056768K
  class space    used 596K, capacity 616K, committed 640K, reserved 1048576K

Card table byte_map: [0x00000000127a0000,0x00000000129b0000] byte_map_base: 0x00000000121a0000

Marking Bits: (ParMarkBitMap*) 0x0000000003160600
 Begin Bits: [0x0000000012f10000, 0x0000000013f10000)
 End Bits:   [0x0000000013f10000, 0x0000000014f10000)

Polling page: 0x0000000001030000

CodeCache: size=245760Kb used=2068Kb max_used=2089Kb free=243692Kb
 bounds [0x00000000033e0000, 0x0000000003650000, 0x00000000123e0000]
 total_blobs=773 nmethods=504 adapters=182
 compilation: enabled

Compilation events (10 events):
Event: 11.100 Thread 0x0000000015ad1800 nmethod 505 0x00000000035e5bd0 code [0x00000000035e5d40, 0x00000000035e60c8]
Event: 11.100 Thread 0x0000000015ad1800  495       3       com.android.dx.ssa.Dominators::eval (29 bytes)
Event: 11.100 Thread 0x0000000015ab0000 nmethod 508 0x00000000035e7a10 code [0x00000000035e7b60, 0x00000000035e7cf8]
Event: 11.100 Thread 0x0000000015ab0000  511       4       java.util.BitSet::nextSetBit (102 bytes)
Event: 11.101 Thread 0x0000000015ad1800 nmethod 495 0x00000000035e5650 code [0x00000000035e57c0, 0x00000000035e5a68]
Event: 11.101 Thread 0x0000000015ad1800  513   !   3       com.android.dx.cf.code.BytecodeArray::parseInstruction (2764 bytes)
Event: 11.102 Thread 0x0000000015aac800 nmethod 509 0x00000000035e4f10 code [0x00000000035e5060, 0x00000000035e5388]
Event: 11.102 Thread 0x0000000015aac800  512       4       com.android.dx.util.Bits::set (19 bytes)
Event: 11.103 Thread 0x0000000015ab0000 nmethod 511 0x00000000035e4b50 code [0x00000000035e4ca0, 0x00000000035e4dd8]
Event: 11.103 Thread 0x0000000015aac800 nmethod 512 0x00000000035cecd0 code [0x00000000035cee00, 0x00000000035cee98]

GC Heap History (0 events):
No events

Deoptimization events (0 events):
No events

Internal exceptions (2 events):
Event: 2.764 Thread 0x00000000032e0800 Exception <a 'java/lang/NoSuchMethodError': Method sun.misc.Unsafe.defineClass(Ljava/lang/String;[BII)Ljava/lang/Class; name or signature does not match> (0x00000000eab0d3f0) thrown at [D:\re\puppet\workspace\8-2-build-windows-amd64-cygwin\jdk8u73\6086\hotÎ¶e"J@
Event: 2.786 Thread 0x00000000032e0800 Exception <a 'java/lang/NoSuchMethodError': Method sun.misc.Unsafe.prefetchRead(Ljava/lang/Object;J)V name or signature does not match> (0x00000000eab0d6d8) thrown at [D:\re\puppet\workspace\8-2-build-windows-amd64-cygwin\jdk8u73\6086\hotspot\src\share\vm\

Events (10 events):
Event: 11.076 loading class com/android/dx/dex/file/DebugInfoItem done
Event: 11.077 loading class com/android/dx/dex/file/MethodIdItem
Event: 11.077 loading class com/android/dx/dex/file/MethodIdItem done
Event: 11.087 Thread 0x0000000017659800 Thread exited: 0x0000000017659800
Event: 11.089 loading class com/android/dx/dex/file/ParameterAnnotationStruct
Event: 11.089 loading class com/android/dx/dex/file/ParameterAnnotationStruct done
Event: 11.090 loading class com/android/dx/dex/file/UniformListItem
Event: 11.090 loading class com/android/dx/dex/file/UniformListItem done
Event: 11.090 loading class com/android/dx/dex/file/AnnotationSetRefItem
Event: 11.090 loading class com/android/dx/dex/file/AnnotationSetRefItem done


Dynamic libraries:
0x00007ff76ba80000 - 0x00007ff76bab7000 	C:\Program Files\Java\jdk1.8.0_73\bin\java.exe
0x00007ffe70490000 - 0x00007ffe70652000 	C:\Windows\SYSTEM32\ntdll.dll
0x00007ffe70100000 - 0x00007ffe701ad000 	C:\Windows\system32\KERNEL32.DLL
0x00007ffe6d700000 - 0x00007ffe6d8dd000 	C:\Windows\system32\KERNELBASE.dll
0x0000000074930000 - 0x00000000749e1000 	C:\Program Files\Bitdefender\Bitdefender 2016\Active Virus Control\Avc3_00363_002\avcuf64.dll
0x00007ffe6fdd0000 - 0x00007ffe6fe76000 	C:\Windows\system32\ADVAPI32.dll
0x00007ffe6fc40000 - 0x00007ffe6fcdd000 	C:\Windows\system32\msvcrt.dll
0x00007ffe6db60000 - 0x00007ffe6dbbb000 	C:\Windows\system32\sechost.dll
0x00007ffe702b0000 - 0x00007ffe703d6000 	C:\Windows\system32\RPCRT4.dll
0x00007ffe6dd80000 - 0x00007ffe6dece000 	C:\Windows\system32\USER32.dll
0x00007ffe6e120000 - 0x00007ffe6e2a5000 	C:\Windows\system32\GDI32.dll
0x00007ffe5bc10000 - 0x00007ffe5be84000 	C:\Windows\WinSxS\amd64_microsoft.windows.common-controls_6595b64144ccf1df_6.0.10240.16384_none_f41f7b285750ef43\COMCTL32.dll
0x00007ffe70270000 - 0x00007ffe702a6000 	C:\Windows\system32\IMM32.DLL
0x00007ffe6dbc0000 - 0x00007ffe6dd1c000 	C:\Windows\system32\MSCTF.dll
0x0000000074b70000 - 0x0000000074c42000 	C:\Program Files\Java\jdk1.8.0_73\jre\bin\msvcr100.dll
0x0000000002950000 - 0x00000000031e0000 	C:\Program Files\Java\jdk1.8.0_73\jre\bin\server\jvm.dll
0x00007ffe6e020000 - 0x00007ffe6e028000 	C:\Windows\system32\PSAPI.DLL
0x00007ffe61450000 - 0x00007ffe61459000 	C:\Windows\SYSTEM32\WSOCK32.dll
0x00007ffe6e2b0000 - 0x00007ffe6e319000 	C:\Windows\system32\WS2_32.dll
0x00007ffe6fa00000 - 0x00007ffe6fa08000 	C:\Windows\system32\NSI.dll
0x00007ffe6a840000 - 0x00007ffe6a863000 	C:\Windows\SYSTEM32\WINMM.dll
0x00007ffe6afd0000 - 0x00007ffe6afda000 	C:\Windows\SYSTEM32\VERSION.dll
0x00007ffe6a810000 - 0x00007ffe6a83c000 	C:\Windows\SYSTEM32\WINMMBASE.dll
0x00007ffe6db10000 - 0x00007ffe6db54000 	C:\Windows\system32\cfgmgr32.dll
0x00007ffe6b790000 - 0x00007ffe6b7b7000 	C:\Windows\SYSTEM32\DEVOBJ.dll
0x0000000075980000 - 0x000000007598f000 	C:\Program Files\Java\jdk1.8.0_73\jre\bin\verify.dll
0x0000000075950000 - 0x0000000075979000 	C:\Program Files\Java\jdk1.8.0_73\jre\bin\java.dll
0x0000000075930000 - 0x0000000075946000 	C:\Program Files\Java\jdk1.8.0_73\jre\bin\zip.dll
0x00007ffe6e4d0000 - 0x00007ffe6f9f5000 	C:\Windows\system32\SHELL32.dll
0x00007ffe6d0d0000 - 0x00007ffe6d6f8000 	C:\Windows\system32\windows.storage.dll
0x00007ffe6fe80000 - 0x00007ffe700fc000 	C:\Windows\system32\combase.dll
0x00007ffe6fa10000 - 0x00007ffe6fa61000 	C:\Windows\system32\shlwapi.dll
0x00007ffe6cf00000 - 0x00007ffe6cf0f000 	C:\Windows\system32\kernel.appcore.dll
0x00007ffe6d010000 - 0x00007ffe6d0c3000 	C:\Windows\system32\shcore.dll
0x00007ffe6cf10000 - 0x00007ffe6cf5a000 	C:\Windows\system32\powrprof.dll
0x00007ffe6cee0000 - 0x00007ffe6cef3000 	C:\Windows\system32\profapi.dll

VM Arguments:
jvm_args: -Djava.awt.headless=true -Xmx1024M -Dfile.encoding=windows-1252 -Duser.country=US -Duser.language=en -Duser.variant 
java_command: com.android.dx.command.Main --dex --force-jumbo --num-threads=4 --multi-dex --output C:\Users\user\AndroidStudioProjects\ExpenseManager\app\build\intermediates\transforms\dex\debug\folders\1000\10\com.android.support-animated-vector-drawable-23.4.0_3f02a4ea9a24cfbe17b8537edf6f7fb0c257b2ee C:\Users\user\AndroidStudioProjects\ExpenseManager\app\build\intermediates\exploded-aar\com.android.support\animated-vector-drawable\23.4.0\jars\classes.jar
java_class_path (initial): C:\Users\user\AppData\Local\Android\sdk\build-tools\23.0.3\lib\dx.jar
Launcher Type: SUN_STANDARD

Environment Variables:
PATH=C:\ProgramData\Oracle\Java\javapath;D:\DevSuiteHome_1\jdk\jre\bin\classic;D:\DevSuiteHome_1\jdk\jre\bin;D:\DevSuiteHome_1\jdk\jre\bin\client;D:\DevSuiteHome_1\jlib;D:\DevSuiteHome_1\bin;D:\DevSuiteHome_1\jre\1.4.2\bin\client;D:\DevSuiteHome_1\jre\1.4.2\bin;C:\Windows\system32;C:\Windows;C:\Windows\System32\Wbem;C:\Windows\System32\WindowsPowerShell\v1.0\;C:\Program Files (x86)\Skype\Phone\;C:\Program Files (x86)\CrSSL\bin;C:\Program Files\CrSSL\bin;C:\Program Files (x86)\CrSSL\bin
USERNAME=user
OS=Windows_NT
PROCESSOR_IDENTIFIER=Intel64 Family 6 Model 69 Stepping 1, GenuineIntel



---------------  S Y S T E M  ---------------

OS: Windows 10.0 , 64 bit Build 10240 (10.0.10240.16384)

CPU:total 4 (2 cores per cpu, 2 threads per core) family 6 model 69 stepping 1, cmov, cx8, fxsr, mmx, sse, sse2, sse3, ssse3, sse4.1, sse4.2, popcnt, avx, avx2, aes, clmul, erms, lzcnt, ht, tsc, tscinvbit, bmi1, bmi2

Memory: 4k page, physical 6214896k(583584k free), swap 7918832k(2072k free)

vm_info: Java HotSpot(TM) 64-Bit Server VM (25.73-b02) for windows-amd64 JRE (1.8.0_73-b02), built on Jan 29 2016 17:38:49 by "java_re" with MS VC++ 10.0 (VS2010)

time: Fri Jun 24 20:05:12 2016
elapsed time: 11 seconds (0d 0h 0m 11s)

