#
# There is insufficient memory for the Java Runtime Environment to continue.
# Native memory allocation (malloc) failed to allocate 32784 bytes for Chunk::new
# Possible reasons:
#   The system is out of physical RAM or swap space
#   In 32 bit mode, the process size limit was hit
# Possible solutions:
#   Reduce memory load on the system
#   Increase physical memory or swap space
#   Check if swap backing store is full
#   Use 64 bit Java on a 64 bit OS
#   Decrease Java heap size (-Xmx/-Xms)
#   Decrease number of Java threads
#   Decrease Java thread stack sizes (-Xss)
#   Set larger code cache with -XX:ReservedCodeCacheSize=
# This output file may be truncated or incomplete.
#
#  Out of Memory Error (allocation.cpp:390), pid=8280, tid=172
#
# JRE version: Java(TM) SE Runtime Environment (8.0_73-b02) (build 1.8.0_73-b02)
# Java VM: Java HotSpot(TM) 64-Bit Server VM (25.73-b02 mixed mode windows-amd64 compressed oops)
# Failed to write core dump. Minidumps are not enabled by default on client versions of Windows
#

---------------  T H R E A D  ---------------

Current thread (0x00000000164c8800):  JavaThread "C1 CompilerThread2" daemon [_thread_in_native, id=172, stack(0x00000000168c0000,0x00000000169c0000)]

Stack: [0x00000000168c0000,0x00000000169c0000]
[error occurred during error reporting (printing stack bounds), id 0xc0000005]

Native frames: (J=compiled Java code, j=interpreted, Vv=VM code, C=native code)


Current CompileTask:
C1:   5078  575   !   3       com.android.dx.cf.code.RopperMachine::run (1550 bytes)


---------------  P R O C E S S  ---------------

Java Threads: ( => current thread )
  0x0000000016782000 JavaThread "pool-2-thread-4" [_thread_in_Java, id=3716, stack(0x0000000016fc0000,0x00000000170c0000)]
  0x0000000016710000 JavaThread "pool-2-thread-3" [_thread_blocked, id=8224, stack(0x0000000016ec0000,0x0000000016fc0000)]
  0x0000000016603800 JavaThread "pool-2-thread-2" [_thread_blocked, id=8236, stack(0x0000000016dc0000,0x0000000016ec0000)]
  0x00000000165fc000 JavaThread "pool-3-thread-1" [_thread_blocked, id=8268, stack(0x0000000016cc0000,0x0000000016dc0000)]
  0x00000000165fb000 JavaThread "pool-2-thread-1" [_thread_blocked, id=8312, stack(0x0000000016bc0000,0x0000000016cc0000)]
  0x00000000164cd000 JavaThread "Service Thread" daemon [_thread_blocked, id=5124, stack(0x00000000169c0000,0x0000000016ac0000)]
=>0x00000000164c8800 JavaThread "C1 CompilerThread2" daemon [_thread_in_native, id=172, stack(0x00000000168c0000,0x00000000169c0000)]
  0x0000000014c80000 JavaThread "C2 CompilerThread1" daemon [_thread_in_native, id=7000, stack(0x00000000163c0000,0x00000000164c0000)]
  0x0000000014c7b800 JavaThread "C2 CompilerThread0" daemon [_thread_in_native, id=8264, stack(0x00000000162c0000,0x00000000163c0000)]
  0x0000000014c79800 JavaThread "Attach Listener" daemon [_thread_blocked, id=6944, stack(0x00000000161c0000,0x00000000162c0000)]
  0x0000000014c78000 JavaThread "Signal Dispatcher" daemon [_thread_blocked, id=5440, stack(0x00000000160c0000,0x00000000161c0000)]
  0x00000000025a0800 JavaThread "Finalizer" daemon [_thread_blocked, id=8128, stack(0x0000000015ee0000,0x0000000015fe0000)]
  0x000000000259d000 JavaThread "Reference Handler" daemon [_thread_blocked, id=4508, stack(0x0000000015de0000,0x0000000015ee0000)]
  0x00000000024b0800 JavaThread "main" [_thread_in_native, id=8368, stack(0x00000000022e0000,0x00000000023e0000)]

Other Threads:
  0x0000000014c48000 VMThread [stack: 0x0000000015ce0000,0x0000000015de0000] [id=6764]
  0x00000000164da000 WatcherThread [stack: 0x0000000016ac0000,0x0000000016bc0000] [id=6972]

VM state:not at safepoint (normal execution)

VM Mutex/Monitor currently owned by a thread: None

Heap:
 PSYoungGen      total 28672K, used 11874K [0x00000000eab00000, 0x00000000ecb00000, 0x0000000100000000)
  eden space 24576K, 48% used [0x00000000eab00000,0x00000000eb6989a0,0x00000000ec300000)
  from space 4096K, 0% used [0x00000000ec700000,0x00000000ec700000,0x00000000ecb00000)
  to   space 4096K, 0% used [0x00000000ec300000,0x00000000ec300000,0x00000000ec700000)
 ParOldGen       total 65536K, used 0K [0x00000000c0000000, 0x00000000c4000000, 0x00000000eab00000)
  object space 65536K, 0% used [0x00000000c0000000,0x00000000c0000000,0x00000000c4000000)
 Metaspace       used 5400K, capacity 6576K, committed 6784K, reserved 1056768K
  class space    used 573K, capacity 616K, committed 640K, reserved 1048576K

Card table byte_map: [0x0000000011970000,0x0000000011b80000] byte_map_base: 0x0000000011370000

Marking Bits: (ParMarkBitMap*) 0x0000000062a40600
 Begin Bits: [0x00000000120e0000, 0x00000000130e0000)
 End Bits:   [0x00000000130e0000, 0x00000000140e0000)

Polling page: 0x00000000022b0000

CodeCache: size=245760Kb used=2351Kb max_used=2362Kb free=243408Kb
 bounds [0x00000000025b0000, 0x0000000002820000, 0x00000000115b0000]
 total_blobs=831 nmethods=570 adapters=174
 compilation: enabled

Compilation events (10 events):
Event: 5.063 Thread 0x00000000164c8800  575   !   3       com.android.dx.cf.code.RopperMachine::run (1550 bytes)
Event: 5.065 Thread 0x0000000014c7b800  581       4       java.util.AbstractList::<init> (10 bytes)
Event: 5.065 Thread 0x0000000014c7b800 nmethod 581 0x00000000027e3a10 code [0x00000000027e3b40, 0x00000000027e3b98]
Event: 5.065 Thread 0x0000000014c7b800  582       4       java.util.BitSet::set (58 bytes)
Event: 5.067 Thread 0x0000000014c7b800 nmethod 582 0x00000000027f78d0 code [0x00000000027f7a20, 0x00000000027f7b38]
Event: 5.067 Thread 0x0000000014c7b800  584       4       com.android.dx.rop.code.BasicBlockList::get (9 bytes)
Event: 5.069 Thread 0x0000000014c7b800 nmethod 584 0x00000000027f7550 code [0x00000000027f76a0, 0x00000000027f7778]
Event: 5.069 Thread 0x0000000014c7b800  586       4       com.android.dx.ssa.NormalSsaInsn::isNormalMoveInsn (20 bytes)
Event: 5.070 Thread 0x0000000014c7b800 nmethod 586 0x00000000027f7210 code [0x00000000027f7340, 0x00000000027f73d8]
Event: 5.071 Thread 0x0000000014c7b800  588       4       java.util.HashMap::containsKey (18 bytes)

GC Heap History (0 events):
No events

Deoptimization events (0 events):
No events

Internal exceptions (2 events):
Event: 3.022 Thread 0x00000000024b0800 Exception <a 'java/lang/NoSuchMethodError': Method sun.misc.Unsafe.defineClass(Ljava/lang/String;[BII)Ljava/lang/Class; name or signature does not match> (0x00000000eab0d4f8) thrown at [D:\re\puppet\workspace\8-2-build-windows-amd64-cygwin\jdk8u73\6086\hotAX3¶-@
Event: 3.022 Thread 0x00000000024b0800 Exception <a 'java/lang/NoSuchMethodError': Method sun.misc.Unsafe.prefetchRead(Ljava/lang/Object;J)V name or signature does not match> (0x00000000eab0d7e0) thrown at [D:\re\puppet\workspace\8-2-build-windows-amd64-cygwin\jdk8u73\6086\hotspot\src\share\vm\

Events (10 events):
Event: 4.715 loading class com/android/dx/rop/annotation/AnnotationsList
Event: 4.715 loading class com/android/dx/rop/annotation/AnnotationsList done
Event: 4.716 loading class com/android/dx/dex/file/MethodIdItem
Event: 4.716 loading class com/android/dx/dex/file/MethodIdItem done
Event: 4.716 loading class com/android/dx/cf/code/SwitchList
Event: 4.716 loading class com/android/dx/cf/code/SwitchList done
Event: 4.758 loading class com/android/dx/ssa/back/FirstFitLocalCombiningAllocator$Multiset
Event: 4.758 loading class com/android/dx/ssa/back/FirstFitLocalCombiningAllocator$Multiset done
Event: 4.761 loading class java/util/DualPivotQuicksort
Event: 4.762 loading class java/util/DualPivotQuicksort done


Dynamic libraries:
0x00007ff67f1b0000 - 0x00007ff67f1e7000 	C:\Program Files\Java\jdk1.8.0_73\bin\java.exe
0x00007ffee20b0000 - 0x00007ffee2272000 	C:\Windows\SYSTEM32\ntdll.dll
0x00007ffee19a0000 - 0x00007ffee1a4d000 	C:\Windows\system32\KERNEL32.DLL
0x00007ffedf5a0000 - 0x00007ffedf77d000 	C:\Windows\system32\KERNELBASE.dll
0x00007ffee1a50000 - 0x00007ffee1af6000 	C:\Windows\system32\ADVAPI32.dll
0x00007ffee1c40000 - 0x00007ffee1cdd000 	C:\Windows\system32\msvcrt.dll
0x00007ffee00c0000 - 0x00007ffee011b000 	C:\Windows\system32\sechost.dll
0x00007ffee1d20000 - 0x00007ffee1e46000 	C:\Windows\system32\RPCRT4.dll
0x00007ffedfef0000 - 0x00007ffee003e000 	C:\Windows\system32\USER32.dll
0x00007ffee16c0000 - 0x00007ffee1845000 	C:\Windows\system32\GDI32.dll
0x00007ffecd5e0000 - 0x00007ffecd854000 	C:\Windows\WinSxS\amd64_microsoft.windows.common-controls_6595b64144ccf1df_6.0.10240.16384_none_f41f7b285750ef43\COMCTL32.dll
0x00007ffee1ce0000 - 0x00007ffee1d16000 	C:\Windows\system32\IMM32.DLL
0x00007ffedfa50000 - 0x00007ffedfbac000 	C:\Windows\system32\MSCTF.dll
0x0000000061db0000 - 0x0000000061e82000 	C:\Program Files\Java\jdk1.8.0_73\jre\bin\msvcr100.dll
0x0000000062230000 - 0x0000000062ac0000 	C:\Program Files\Java\jdk1.8.0_73\jre\bin\server\jvm.dll
0x00007ffee0040000 - 0x00007ffee0048000 	C:\Windows\system32\PSAPI.DLL
0x00007ffedbe30000 - 0x00007ffedbe39000 	C:\Windows\SYSTEM32\WSOCK32.dll
0x00007ffee2020000 - 0x00007ffee2089000 	C:\Windows\system32\WS2_32.dll
0x00007ffee16b0000 - 0x00007ffee16b8000 	C:\Windows\system32\NSI.dll
0x00007ffed7d30000 - 0x00007ffed7d53000 	C:\Windows\SYSTEM32\WINMM.dll
0x00007ffed4b40000 - 0x00007ffed4b4a000 	C:\Windows\SYSTEM32\VERSION.dll
0x00007ffed7430000 - 0x00007ffed745c000 	C:\Windows\SYSTEM32\WINMMBASE.dll
0x00007ffedec30000 - 0x00007ffedec74000 	C:\Windows\system32\cfgmgr32.dll
0x00007ffedd450000 - 0x00007ffedd477000 	C:\Windows\SYSTEM32\DEVOBJ.dll
0x0000000062220000 - 0x000000006222f000 	C:\Program Files\Java\jdk1.8.0_73\jre\bin\verify.dll
0x00000000621f0000 - 0x0000000062219000 	C:\Program Files\Java\jdk1.8.0_73\jre\bin\java.dll
0x00000000621d0000 - 0x00000000621e6000 	C:\Program Files\Java\jdk1.8.0_73\jre\bin\zip.dll
0x00007ffee0120000 - 0x00007ffee1645000 	C:\Windows\system32\SHELL32.dll
0x00007ffedee50000 - 0x00007ffedf478000 	C:\Windows\system32\windows.storage.dll
0x00007ffedfc70000 - 0x00007ffedfeec000 	C:\Windows\system32\combase.dll
0x00007ffee1650000 - 0x00007ffee16a1000 	C:\Windows\system32\shlwapi.dll
0x00007ffedeb50000 - 0x00007ffedeb5f000 	C:\Windows\system32\kernel.appcore.dll
0x00007ffedf480000 - 0x00007ffedf533000 	C:\Windows\system32\shcore.dll
0x00007ffedeae0000 - 0x00007ffedeb2a000 	C:\Windows\system32\powrprof.dll
0x00007ffedeb60000 - 0x00007ffedeb73000 	C:\Windows\system32\profapi.dll

VM Arguments:
jvm_args: -Djava.awt.headless=true -Xmx1024M -Dfile.encoding=windows-1252 -Duser.country=US -Duser.language=en -Duser.variant 
java_command: com.android.dx.command.Main --dex --force-jumbo --num-threads=4 --multi-dex --output C:\Users\user\AndroidStudioProjects\ExpenseManager\app\build\intermediates\transforms\dex\debug\folders\1000\5\slice_7 C:\Users\user\AndroidStudioProjects\ExpenseManager\app\build\intermediates\transforms\instantRunSlicer\debug\folders\1\5\slice_7
java_class_path (initial): C:\Users\user\AppData\Local\Android\sdk\build-tools\23.0.3\lib\dx.jar
Launcher Type: SUN_STANDARD

Environment Variables:
PATH=C:\ProgramData\Oracle\Java\javapath;D:\DevSuiteHome_1\jdk\jre\bin\classic;D:\DevSuiteHome_1\jdk\jre\bin;D:\DevSuiteHome_1\jdk\jre\bin\client;D:\DevSuiteHome_1\jlib;D:\DevSuiteHome_1\bin;D:\DevSuiteHome_1\jre\1.4.2\bin\client;D:\DevSuiteHome_1\jre\1.4.2\bin;C:\Windows\system32;C:\Windows;C:\Windows\System32\Wbem;C:\Windows\System32\WindowsPowerShell\v1.0\;C:\Program Files (x86)\Skype\Phone\;C:\Program Files (x86)\CrSSL\bin;C:\Program Files\CrSSL\bin;C:\Program Files (x86)\CrSSL\bin
USERNAME=user
OS=Windows_NT
PROCESSOR_IDENTIFIER=Intel64 Family 6 Model 69 Stepping 1, GenuineIntel



---------------  S Y S T E M  ---------------

OS: Windows 10.0 , 64 bit Build 10240 (10.0.10240.16384)

CPU:total 4 (2 cores per cpu, 2 threads per core) family 6 model 69 stepping 1, cmov, cx8, fxsr, mmx, sse, sse2, sse3, ssse3, sse4.1, sse4.2, popcnt, avx, avx2, aes, clmul, erms, lzcnt, ht, tsc, tscinvbit, bmi1, bmi2

Memory: 4k page, physical 6214896k(201104k free), swap 7918832k(4132k free)

vm_info: Java HotSpot(TM) 64-Bit Server VM (25.73-b02) for windows-amd64 JRE (1.8.0_73-b02), built on Jan 29 2016 17:38:49 by "java_re" with MS VC++ 10.0 (VS2010)

time: Thu Jul 07 14:34:09 2016
elapsed time: 5 seconds (0d 0h 0m 5s)

