#
# There is insufficient memory for the Java Runtime Environment to continue.
# Native memory allocation (malloc) failed to allocate 1350576 bytes for Chunk::new
# Possible reasons:
#   The system is out of physical RAM or swap space
#   In 32 bit mode, the process size limit was hit
# Possible solutions:
#   Reduce memory load on the system
#   Increase physical memory or swap space
#   Check if swap backing store is full
#   Use 64 bit Java on a 64 bit OS
#   Decrease Java heap size (-Xmx/-Xms)
#   Decrease number of Java threads
#   Decrease Java thread stack sizes (-Xss)
#   Set larger code cache with -XX:ReservedCodeCacheSize=
# This output file may be truncated or incomplete.
#
#  Out of Memory Error (allocation.cpp:390), pid=3452, tid=1668
#
# JRE version: Java(TM) SE Runtime Environment (8.0_73-b02) (build 1.8.0_73-b02)
# Java VM: Java HotSpot(TM) 64-Bit Server VM (25.73-b02 mixed mode windows-amd64 compressed oops)
# Failed to write core dump. Minidumps are not enabled by default on client versions of Windows
#

---------------  T H R E A D  ---------------

Current thread (0x00000000151fa800):  JavaThread "C2 CompilerThread0" daemon [_thread_in_native, id=1668, stack(0x0000000016830000,0x0000000016930000)]

Stack: [0x0000000016830000,0x0000000016930000]
[error occurred during error reporting (printing stack bounds), id 0xc0000005]

Native frames: (J=compiled Java code, j=interpreted, Vv=VM code, C=native code)


Current CompileTask:
C2:   3361 1108   !   4       com.android.dx.cf.code.BytecodeArray::parseInstruction (2764 bytes)


---------------  P R O C E S S  ---------------

Java Threads: ( => current thread )
  0x0000000016d87000 JavaThread "pool-2-thread-4" [_thread_in_vm, id=1844, stack(0x0000000017530000,0x0000000017630000)]
  0x0000000016d86800 JavaThread "pool-2-thread-3" [_thread_in_Java, id=1104, stack(0x0000000017430000,0x0000000017530000)]
  0x0000000016cc2000 JavaThread "pool-2-thread-2" [_thread_in_Java, id=2904, stack(0x0000000017330000,0x0000000017430000)]
  0x0000000016cc1800 JavaThread "pool-3-thread-1" [_thread_blocked, id=4068, stack(0x0000000017230000,0x0000000017330000)]
  0x0000000016c5f000 JavaThread "pool-2-thread-1" [_thread_in_vm, id=1180, stack(0x0000000017130000,0x0000000017230000)]
  0x0000000016b3d800 JavaThread "Service Thread" daemon [_thread_blocked, id=2096, stack(0x0000000016f30000,0x0000000017030000)]
  0x0000000015254800 JavaThread "C1 CompilerThread2" daemon [_thread_blocked, id=1372, stack(0x0000000016a30000,0x0000000016b30000)]
  0x0000000015251800 JavaThread "C2 CompilerThread1" daemon [_thread_blocked, id=2808, stack(0x0000000016930000,0x0000000016a30000)]
=>0x00000000151fa800 JavaThread "C2 CompilerThread0" daemon [_thread_in_native, id=1668, stack(0x0000000016830000,0x0000000016930000)]
  0x00000000151f8800 JavaThread "Attach Listener" daemon [_thread_blocked, id=7084, stack(0x0000000016730000,0x0000000016830000)]
  0x00000000151f7000 JavaThread "Signal Dispatcher" daemon [_thread_blocked, id=2520, stack(0x0000000016630000,0x0000000016730000)]
  0x0000000002b20800 JavaThread "Finalizer" daemon [_thread_blocked, id=3844, stack(0x0000000016450000,0x0000000016550000)]
  0x0000000002b1d000 JavaThread "Reference Handler" daemon [_thread_blocked, id=2832, stack(0x0000000016350000,0x0000000016450000)]
  0x0000000002a30800 JavaThread "main" [_thread_blocked, id=5000, stack(0x0000000002930000,0x0000000002a30000)]

Other Threads:
  0x00000000151c8000 VMThread [stack: 0x0000000016250000,0x0000000016350000] [id=4044]
  0x0000000016b49800 WatcherThread [stack: 0x0000000017030000,0x0000000017130000] [id=5912]

VM state:synchronizing (normal execution)

VM Mutex/Monitor currently owned by a thread:  ([mutex/lock_event])
[0x00000000028bc780] Safepoint_lock - owner thread: 0x00000000151c8000
[0x00000000028bbe80] Threads_lock - owner thread: 0x00000000151c8000
[0x00000000028bea90] Compile_lock - owner thread: 0x0000000016d87000

Heap:
 PSYoungGen      total 28672K, used 22456K [0x00000000eab00000, 0x00000000ecb00000, 0x0000000100000000)
  eden space 24576K, 91% used [0x00000000eab00000,0x00000000ec0ee310,0x00000000ec300000)
  from space 4096K, 0% used [0x00000000ec700000,0x00000000ec700000,0x00000000ecb00000)
  to   space 4096K, 0% used [0x00000000ec300000,0x00000000ec300000,0x00000000ec700000)
 ParOldGen       total 65536K, used 0K [0x00000000c0000000, 0x00000000c4000000, 0x00000000eab00000)
  object space 65536K, 0% used [0x00000000c0000000,0x00000000c0000000,0x00000000c4000000)
 Metaspace       used 5977K, capacity 6898K, committed 7040K, reserved 1056768K
  class space    used 603K, capacity 618K, committed 640K, reserved 1048576K

Card table byte_map: [0x0000000011ef0000,0x0000000012100000] byte_map_base: 0x00000000118f0000

Marking Bits: (ParMarkBitMap*) 0x000000005fb60600
 Begin Bits: [0x0000000012660000, 0x0000000013660000)
 End Bits:   [0x0000000013660000, 0x0000000014660000)

Polling page: 0x0000000002830000

CodeCache: size=245760Kb used=4573Kb max_used=4582Kb free=241186Kb
 bounds [0x0000000002b30000, 0x0000000002fb0000, 0x0000000011b30000]
 total_blobs=1388 nmethods=1119 adapters=182
 compilation: enabled

Compilation events (10 events):
Event: 3.344 Thread 0x0000000015254800 nmethod 1117 0x0000000002fa2750 code [0x0000000002fa29c0, 0x0000000002fa3a18]
Event: 3.346 Thread 0x0000000015254800 1118       3       com.android.dx.ssa.back.LivenessAnalyzer::constructInterferenceGraph (47 bytes)
Event: 3.346 Thread 0x0000000015254800 nmethod 1118 0x0000000002fa45d0 code [0x0000000002fa4780, 0x0000000002fa4bb8]
Event: 3.348 Thread 0x0000000015254800 1119       3       java.util.ArrayList$SubList::get (23 bytes)
Event: 3.349 Thread 0x0000000015254800 nmethod 1119 0x0000000002fa7610 code [0x0000000002fa77c0, 0x0000000002fa7ca8]
Event: 3.350 Thread 0x0000000015251800 nmethod 1056 0x0000000002fa7fd0 code [0x0000000002fa83c0, 0x0000000002faa370]
Event: 3.351 Thread 0x0000000015251800 1112       4       com.android.dx.ssa.SsaMethod$1::visitNonMoveInsn (26 bytes)
Event: 3.352 Thread 0x0000000015251800 nmethod 1112 0x0000000002f9b550 code [0x0000000002f9b6a0, 0x0000000002f9b798]
Event: 3.355 Thread 0x0000000015254800 1120       3       com.android.dx.ssa.back.FirstFitLocalCombiningAllocator::handleUnassociatedParameters (60 bytes)
Event: 3.355 Thread 0x0000000015254800 nmethod 1120 0x0000000002fae090 code [0x0000000002fae240, 0x0000000002fae8f8]

GC Heap History (0 events):
No events

Deoptimization events (3 events):
Event: 2.304 Thread 0x0000000002a30800 Uncommon trap: reason=unstable_if action=reinterpret pc=0x0000000002d7edb8 method=java.util.HashMap.getNode(ILjava/lang/Object;)Ljava/util/HashMap$Node; @ 62
Event: 2.492 Thread 0x0000000016d86800 Uncommon trap: reason=unstable_if action=reinterpret pc=0x0000000002dc5398 method=java.util.HashMap.getNode(ILjava/lang/Object;)Ljava/util/HashMap$Node; @ 129
Event: 3.254 Thread 0x0000000016d87000 Uncommon trap: reason=unstable_if action=reinterpret pc=0x0000000002e4051c method=com.android.dx.rop.cst.Constant.compareTo(Lcom/android/dx/rop/cst/Constant;)I @ 12

Internal exceptions (2 events):
Event: 0.519 Thread 0x0000000002a30800 Exception <a 'java/lang/NoSuchMethodError': Method sun.misc.Unsafe.defineClass(Ljava/lang/String;[BII)Ljava/lang/Class; name or signature does not match> (0x00000000eab0d5d8) thrown at [D:\re\puppet\workspace\8-2-build-windows-amd64-cygwin\jdk8u73\6086\hotÝŠûê)Ÿà?
Event: 0.519 Thread 0x0000000002a30800 Exception <a 'java/lang/NoSuchMethodError': Method sun.misc.Unsafe.prefetchRead(Ljava/lang/Object;J)V name or signature does not match> (0x00000000eab0d8c0) thrown at [D:\re\puppet\workspace\8-2-build-windows-amd64-cygwin\jdk8u73\6086\hotspot\src\share\vm\

Events (10 events):
Event: 3.260 loading class com/android/dx/dex/file/UniformListItem done
Event: 3.262 loading class com/android/dx/dex/file/AnnotationSetRefItem
Event: 3.262 loading class com/android/dx/dex/file/AnnotationSetRefItem done
Event: 3.284 Thread 0x0000000016c5f000 DEOPT PACKING pc=0x0000000002de6542 sp=0x000000001722ebd0
Event: 3.284 Thread 0x0000000016c5f000 DEOPT UNPACKING pc=0x0000000002b7787f sp=0x000000001722e938 mode 0
Event: 3.356 loading class java/util/TreeMap$EntrySet
Event: 3.356 loading class java/util/TreeMap$EntrySet done
Event: 3.356 loading class java/util/TreeMap$EntryIterator
Event: 3.357 loading class java/util/TreeMap$EntryIterator done
Event: 3.357 Executing VM operation: Deoptimize


Dynamic libraries:
0x00007ff6b4f10000 - 0x00007ff6b4f47000 	C:\Program Files\Java\jdk1.8.0_73\bin\java.exe
0x00007ffd4ceb0000 - 0x00007ffd4d072000 	C:\Windows\SYSTEM32\ntdll.dll
0x00007ffd4cd50000 - 0x00007ffd4cdfd000 	C:\Windows\system32\KERNEL32.DLL
0x00007ffd4a3a0000 - 0x00007ffd4a57d000 	C:\Windows\system32\KERNELBASE.dll
0x00007ffd4ce00000 - 0x00007ffd4cea6000 	C:\Windows\system32\ADVAPI32.dll
0x00007ffd4a580000 - 0x00007ffd4a61d000 	C:\Windows\system32\msvcrt.dll
0x00007ffd4c2b0000 - 0x00007ffd4c30b000 	C:\Windows\system32\sechost.dll
0x00007ffd4c310000 - 0x00007ffd4c436000 	C:\Windows\system32\RPCRT4.dll
0x00007ffd4c610000 - 0x00007ffd4c75e000 	C:\Windows\system32\USER32.dll
0x00007ffd4c760000 - 0x00007ffd4c8e5000 	C:\Windows\system32\GDI32.dll
0x00007ffd38d30000 - 0x00007ffd38fa4000 	C:\Windows\WinSxS\amd64_microsoft.windows.common-controls_6595b64144ccf1df_6.0.10240.16384_none_f41f7b285750ef43\COMCTL32.dll
0x00007ffd4aae0000 - 0x00007ffd4ab16000 	C:\Windows\system32\IMM32.DLL
0x00007ffd4a8a0000 - 0x00007ffd4a9fc000 	C:\Windows\system32\MSCTF.dll
0x000000005f070000 - 0x000000005f142000 	C:\Program Files\Java\jdk1.8.0_73\jre\bin\msvcr100.dll
0x000000005f350000 - 0x000000005fbe0000 	C:\Program Files\Java\jdk1.8.0_73\jre\bin\server\jvm.dll
0x00007ffd4abe0000 - 0x00007ffd4abe8000 	C:\Windows\system32\PSAPI.DLL
0x00007ffd47f90000 - 0x00007ffd47f99000 	C:\Windows\SYSTEM32\WSOCK32.dll
0x00007ffd4c190000 - 0x00007ffd4c1f9000 	C:\Windows\system32\WS2_32.dll
0x00007ffd4ac50000 - 0x00007ffd4ac58000 	C:\Windows\system32\NSI.dll
0x00007ffd3d470000 - 0x00007ffd3d493000 	C:\Windows\SYSTEM32\WINMM.dll
0x00007ffd3f9e0000 - 0x00007ffd3f9ea000 	C:\Windows\SYSTEM32\VERSION.dll
0x00007ffd3d410000 - 0x00007ffd3d43c000 	C:\Windows\SYSTEM32\WINMMBASE.dll
0x00007ffd49c60000 - 0x00007ffd49ca4000 	C:\Windows\system32\cfgmgr32.dll
0x00007ffd48250000 - 0x00007ffd48277000 	C:\Windows\SYSTEM32\DEVOBJ.dll
0x000000005fe20000 - 0x000000005fe2f000 	C:\Program Files\Java\jdk1.8.0_73\jre\bin\verify.dll
0x000000005fdf0000 - 0x000000005fe19000 	C:\Program Files\Java\jdk1.8.0_73\jre\bin\java.dll
0x000000005fdd0000 - 0x000000005fde6000 	C:\Program Files\Java\jdk1.8.0_73\jre\bin\zip.dll
0x00007ffd4ac60000 - 0x00007ffd4c185000 	C:\Windows\system32\SHELL32.dll
0x00007ffd49d70000 - 0x00007ffd4a398000 	C:\Windows\system32\windows.storage.dll
0x00007ffd4a620000 - 0x00007ffd4a89c000 	C:\Windows\system32\combase.dll
0x00007ffd4cac0000 - 0x00007ffd4cb11000 	C:\Windows\system32\shlwapi.dll
0x00007ffd498e0000 - 0x00007ffd498ef000 	C:\Windows\system32\kernel.appcore.dll
0x00007ffd49cb0000 - 0x00007ffd49d63000 	C:\Windows\system32\shcore.dll
0x00007ffd49910000 - 0x00007ffd4995a000 	C:\Windows\system32\powrprof.dll
0x00007ffd49960000 - 0x00007ffd49973000 	C:\Windows\system32\profapi.dll

VM Arguments:
jvm_args: -Djava.awt.headless=true -Xmx1024M -Dfile.encoding=windows-1252 -Duser.country=US -Duser.language=en -Duser.variant 
java_command: com.android.dx.command.Main --dex --force-jumbo --num-threads=4 --multi-dex --output C:\Users\user\AndroidStudioProjects\ExpenseManager\app\build\intermediates\transforms\dex\debug\folders\1000\10\com.android.support-support-vector-drawable-23.4.0_975480d889613d500f0d751721fbd743949a393c C:\Users\user\AndroidStudioProjects\ExpenseManager\app\build\intermediates\exploded-aar\com.android.support\support-vector-drawable\23.4.0\jars\classes.jar
java_class_path (initial): C:\Users\user\AppData\Local\Android\sdk\build-tools\23.0.3\lib\dx.jar
Launcher Type: SUN_STANDARD

Environment Variables:
PATH=C:\ProgramData\Oracle\Java\javapath;D:\DevSuiteHome_1\jdk\jre\bin\classic;D:\DevSuiteHome_1\jdk\jre\bin;D:\DevSuiteHome_1\jdk\jre\bin\client;D:\DevSuiteHome_1\jlib;D:\DevSuiteHome_1\bin;D:\DevSuiteHome_1\jre\1.4.2\bin\client;D:\DevSuiteHome_1\jre\1.4.2\bin;C:\Windows\system32;C:\Windows;C:\Windows\System32\Wbem;C:\Windows\System32\WindowsPowerShell\v1.0\;C:\Program Files (x86)\Skype\Phone\;C:\Program Files (x86)\CrSSL\bin;C:\Program Files\CrSSL\bin;C:\Program Files (x86)\CrSSL\bin
USERNAME=user
OS=Windows_NT
PROCESSOR_IDENTIFIER=Intel64 Family 6 Model 69 Stepping 1, GenuineIntel



---------------  S Y S T E M  ---------------

OS: Windows 10.0 , 64 bit Build 10240 (10.0.10240.16384)

CPU:total 4 (2 cores per cpu, 2 threads per core) family 6 model 69 stepping 1, cmov, cx8, fxsr, mmx, sse, sse2, sse3, ssse3, sse4.1, sse4.2, popcnt, avx, avx2, aes, clmul, erms, lzcnt, ht, tsc, tscinvbit, bmi1, bmi2

Memory: 4k page, physical 6214896k(636756k free), swap 7918832k(5140k free)

vm_info: Java HotSpot(TM) 64-Bit Server VM (25.73-b02) for windows-amd64 JRE (1.8.0_73-b02), built on Jan 29 2016 17:38:49 by "java_re" with MS VC++ 10.0 (VS2010)

time: Sat Jul 02 22:29:38 2016
elapsed time: 3 seconds (0d 0h 0m 3s)

