#
# There is insufficient memory for the Java Runtime Environment to continue.
# Native memory allocation (malloc) failed to allocate 81040 bytes for Chunk::new
# Possible reasons:
#   The system is out of physical RAM or swap space
#   In 32 bit mode, the process size limit was hit
# Possible solutions:
#   Reduce memory load on the system
#   Increase physical memory or swap space
#   Check if swap backing store is full
#   Use 64 bit Java on a 64 bit OS
#   Decrease Java heap size (-Xmx/-Xms)
#   Decrease number of Java threads
#   Decrease Java thread stack sizes (-Xss)
#   Set larger code cache with -XX:ReservedCodeCacheSize=
# This output file may be truncated or incomplete.
#
#  Out of Memory Error (allocation.cpp:390), pid=8160, tid=6904
#
# JRE version: Java(TM) SE Runtime Environment (8.0_73-b02) (build 1.8.0_73-b02)
# Java VM: Java HotSpot(TM) 64-Bit Server VM (25.73-b02 mixed mode windows-amd64 compressed oops)
# Failed to write core dump. Minidumps are not enabled by default on client versions of Windows
#

---------------  T H R E A D  ---------------

Current thread (0x0000000014790000):  JavaThread "C2 CompilerThread1" daemon [_thread_in_native, id=6904, stack(0x0000000015f00000,0x0000000016000000)]

Stack: [0x0000000015f00000,0x0000000016000000]
[error occurred during error reporting (printing stack bounds), id 0xc0000005]

Native frames: (J=compiled Java code, j=interpreted, Vv=VM code, C=native code)


Current CompileTask:
C2:   1154  269       4       java.lang.String::replace (127 bytes)


---------------  P R O C E S S  ---------------

Java Threads: ( => current thread )
  0x00000000163e2000 JavaThread "pool-1-thread-4" [_thread_new, id=6880, stack(0x0000000000000000,0x0000000000000000)]
  0x00000000163e1000 JavaThread "pool-1-thread-3" [_thread_blocked, id=9720, stack(0x0000000016a00000,0x0000000016b00000)]
  0x00000000163e0800 JavaThread "pool-1-thread-2" [_thread_blocked, id=10744, stack(0x0000000016900000,0x0000000016a00000)]
  0x00000000163dd800 JavaThread "pool-2-thread-1" [_thread_blocked, id=1820, stack(0x0000000016800000,0x0000000016900000)]
  0x00000000163dc800 JavaThread "pool-1-thread-1" [_thread_in_vm, id=7212, stack(0x0000000016700000,0x0000000016800000)]
  0x000000001611e800 JavaThread "Service Thread" daemon [_thread_blocked, id=11280, stack(0x0000000016500000,0x0000000016600000)]
  0x0000000014793000 JavaThread "C1 CompilerThread2" daemon [_thread_blocked, id=3488, stack(0x0000000016000000,0x0000000016100000)]
=>0x0000000014790000 JavaThread "C2 CompilerThread1" daemon [_thread_in_native, id=6904, stack(0x0000000015f00000,0x0000000016000000)]
  0x000000001478b800 JavaThread "C2 CompilerThread0" daemon [_thread_blocked, id=10788, stack(0x0000000015e00000,0x0000000015f00000)]
  0x0000000014789800 JavaThread "Attach Listener" daemon [_thread_blocked, id=4788, stack(0x0000000015d00000,0x0000000015e00000)]
  0x0000000014788000 JavaThread "Signal Dispatcher" daemon [_thread_blocked, id=6556, stack(0x0000000015c00000,0x0000000015d00000)]
  0x0000000002080800 JavaThread "Finalizer" daemon [_thread_blocked, id=9912, stack(0x0000000015a10000,0x0000000015b10000)]
  0x000000000207d000 JavaThread "Reference Handler" daemon [_thread_blocked, id=4776, stack(0x0000000015910000,0x0000000015a10000)]
  0x0000000001f90800 JavaThread "main" [_thread_blocked, id=10820, stack(0x0000000001e80000,0x0000000001f80000)]

Other Threads:
  0x0000000014758000 VMThread [stack: 0x0000000015810000,0x0000000015910000] [id=6964]
  0x0000000016123000 WatcherThread [stack: 0x0000000016600000,0x0000000016700000] [id=9088]

VM state:not at safepoint (normal execution)

VM Mutex/Monitor currently owned by a thread: None

Heap:
 PSYoungGen      total 28672K, used 7895K [0x00000000eab00000, 0x00000000ecb00000, 0x0000000100000000)
  eden space 24576K, 32% used [0x00000000eab00000,0x00000000eb2b5d88,0x00000000ec300000)
  from space 4096K, 0% used [0x00000000ec700000,0x00000000ec700000,0x00000000ecb00000)
  to   space 4096K, 0% used [0x00000000ec300000,0x00000000ec300000,0x00000000ec700000)
 ParOldGen       total 65536K, used 0K [0x00000000c0000000, 0x00000000c4000000, 0x00000000eab00000)
  object space 65536K, 0% used [0x00000000c0000000,0x00000000c0000000,0x00000000c4000000)
 Metaspace       used 4636K, capacity 5744K, committed 6016K, reserved 1056768K
  class space    used 516K, capacity 552K, committed 640K, reserved 1048576K

Card table byte_map: [0x0000000011460000,0x0000000011670000] byte_map_base: 0x0000000010e60000

Marking Bits: (ParMarkBitMap*) 0x0000000058b40600
 Begin Bits: [0x0000000011bd0000, 0x0000000012bd0000)
 End Bits:   [0x0000000012bd0000, 0x0000000013bd0000)

Polling page: 0x0000000001e30000

CodeCache: size=245760Kb used=1639Kb max_used=1649Kb free=244120Kb
 bounds [0x00000000020a0000, 0x0000000002310000, 0x00000000110a0000]
 total_blobs=542 nmethods=277 adapters=178
 compilation: enabled

Compilation events (10 events):
Event: 1.148 Thread 0x0000000014793000  274       3       com.android.dx.rop.type.Type::getCategory (36 bytes)
Event: 1.148 Thread 0x0000000014793000 nmethod 274 0x00000000022387d0 code [0x0000000002238920, 0x0000000002238a90]
Event: 1.148 Thread 0x0000000014793000  275       3       com.android.dx.rop.code.Rop::<init> (137 bytes)
Event: 1.148 Thread 0x000000001478b800  276       4       java.util.ArrayList::get (11 bytes)
Event: 1.149 Thread 0x0000000014793000 nmethod 275 0x0000000002238b10 code [0x0000000002238d00, 0x0000000002239558]
Event: 1.149 Thread 0x0000000014793000  277       3       java.util.Vector::ensureCapacityHelper (16 bytes)
Event: 1.149 Thread 0x000000001478b800 nmethod 276 0x000000000223c5d0 code [0x000000000223c700, 0x000000000223c7b8]
Event: 1.149 Thread 0x0000000014793000 nmethod 277 0x000000000223c1d0 code [0x000000000223c340, 0x000000000223c508]
Event: 1.150 Thread 0x0000000014793000  278       1       com.android.dx.cf.code.ExecutionStack::size (5 bytes)
Event: 1.150 Thread 0x0000000014793000 nmethod 278 0x000000000223bf10 code [0x000000000223c060, 0x000000000223c170]

GC Heap History (0 events):
No events

Deoptimization events (0 events):
No events

Internal exceptions (2 events):
Event: 0.097 Thread 0x0000000001f90800 Exception <a 'java/lang/NoSuchMethodError': Method sun.misc.Unsafe.defineClass(Ljava/lang/String;[BII)Ljava/lang/Class; name or signature does not match> (0x00000000eab0d5a8) thrown at [D:\re\puppet\workspace\8-2-build-windows-amd64-cygwin\jdk8u73\6086\hot–YµﬂÚÂ∏?
Event: 0.097 Thread 0x0000000001f90800 Exception <a 'java/lang/NoSuchMethodError': Method sun.misc.Unsafe.prefetchRead(Ljava/lang/Object;J)V name or signature does not match> (0x00000000eab0d890) thrown at [D:\re\puppet\workspace\8-2-build-windows-amd64-cygwin\jdk8u73\6086\hotspot\src\share\vm\

Events (10 events):
Event: 1.146 loading class com/android/dx/ssa/SsaConverter
Event: 1.146 loading class com/android/dx/ssa/SsaConverter done
Event: 1.147 loading class com/android/dx/ssa/SsaMethod
Event: 1.147 loading class com/android/dx/ssa/SsaMethod done
Event: 1.148 loading class com/android/dx/ssa/SsaInsn
Event: 1.148 loading class com/android/dx/ssa/SsaInsn done
Event: 1.149 loading class com/android/dx/ssa/NormalSsaInsn
Event: 1.149 loading class com/android/dx/ssa/NormalSsaInsn done
Event: 1.149 loading class com/android/dx/ssa/SsaInsn$Visitor
Event: 1.149 loading class com/android/dx/ssa/SsaInsn$Visitor done


Dynamic libraries:
0x00007ff7cfaf0000 - 0x00007ff7cfb27000 	C:\Program Files\Java\jdk1.8.0_73\bin\java.exe
0x00007ff9d0080000 - 0x00007ff9d0242000 	C:\Windows\SYSTEM32\ntdll.dll
0x00007ff9ce580000 - 0x00007ff9ce62d000 	C:\Windows\system32\KERNEL32.DLL
0x00007ff9ccf40000 - 0x00007ff9cd11d000 	C:\Windows\system32\KERNELBASE.dll
0x0000000058bc0000 - 0x0000000058c66000 	C:\Program Files\Bitdefender\Bitdefender 2016\Active Virus Control\avc3_000_001\avcuf64.dll
0x00007ff9ce470000 - 0x00007ff9ce516000 	C:\Windows\system32\ADVAPI32.dll
0x00007ff9cdf20000 - 0x00007ff9cdfbd000 	C:\Windows\system32\msvcrt.dll
0x00007ff9cdec0000 - 0x00007ff9cdf1b000 	C:\Windows\system32\sechost.dll
0x00007ff9ce0a0000 - 0x00007ff9ce1c6000 	C:\Windows\system32\RPCRT4.dll
0x00007ff9ce1d0000 - 0x00007ff9ce31e000 	C:\Windows\system32\USER32.dll
0x00007ff9ce770000 - 0x00007ff9ce8f5000 	C:\Windows\system32\GDI32.dll
0x00007ff9c0230000 - 0x00007ff9c04a4000 	C:\Windows\WinSxS\amd64_microsoft.windows.common-controls_6595b64144ccf1df_6.0.10240.16384_none_f41f7b285750ef43\COMCTL32.dll
0x00007ff9cd830000 - 0x00007ff9cd866000 	C:\Windows\system32\IMM32.DLL
0x00007ff9cd870000 - 0x00007ff9cd9cc000 	C:\Windows\system32\MSCTF.dll
0x0000000057eb0000 - 0x0000000057f82000 	C:\Program Files\Java\jdk1.8.0_73\jre\bin\msvcr100.dll
0x0000000058330000 - 0x0000000058bc0000 	C:\Program Files\Java\jdk1.8.0_73\jre\bin\server\jvm.dll
0x00007ff9d0070000 - 0x00007ff9d0078000 	C:\Windows\system32\PSAPI.DLL
0x00007ff9c8210000 - 0x00007ff9c8219000 	C:\Windows\SYSTEM32\WSOCK32.dll
0x00007ff9cfe30000 - 0x00007ff9cfe99000 	C:\Windows\system32\WS2_32.dll
0x00007ff9cd750000 - 0x00007ff9cd758000 	C:\Windows\system32\NSI.dll
0x00007ff9b6c40000 - 0x00007ff9b6c63000 	C:\Windows\SYSTEM32\WINMM.dll
0x00007ff9c65f0000 - 0x00007ff9c65fa000 	C:\Windows\SYSTEM32\VERSION.dll
0x00007ff9b6c10000 - 0x00007ff9b6c3c000 	C:\Windows\SYSTEM32\WINMMBASE.dll
0x00007ff9ccef0000 - 0x00007ff9ccf34000 	C:\Windows\system32\cfgmgr32.dll
0x00007ff9cb380000 - 0x00007ff9cb3a7000 	C:\Windows\SYSTEM32\DEVOBJ.dll
0x0000000058320000 - 0x000000005832f000 	C:\Program Files\Java\jdk1.8.0_73\jre\bin\verify.dll
0x00000000582f0000 - 0x0000000058319000 	C:\Program Files\Java\jdk1.8.0_73\jre\bin\java.dll
0x00000000582d0000 - 0x00000000582e6000 	C:\Program Files\Java\jdk1.8.0_73\jre\bin\zip.dll
0x00007ff9ce900000 - 0x00007ff9cfe25000 	C:\Windows\system32\SHELL32.dll
0x00007ff9cd120000 - 0x00007ff9cd748000 	C:\Windows\system32\windows.storage.dll
0x00007ff9cdc40000 - 0x00007ff9cdebc000 	C:\Windows\system32\combase.dll
0x00007ff9cd7d0000 - 0x00007ff9cd821000 	C:\Windows\system32\shlwapi.dll
0x00007ff9ccb40000 - 0x00007ff9ccb4f000 	C:\Windows\system32\kernel.appcore.dll
0x00007ff9cce30000 - 0x00007ff9ccee3000 	C:\Windows\system32\shcore.dll
0x00007ff9ccaf0000 - 0x00007ff9ccb3a000 	C:\Windows\system32\powrprof.dll
0x00007ff9ccad0000 - 0x00007ff9ccae3000 	C:\Windows\system32\profapi.dll

VM Arguments:
jvm_args: -Djava.awt.headless=true -Xmx1024M -Dfile.encoding=windows-1252 -Duser.country=US -Duser.language=en -Duser.variant 
java_command: com.android.dx.command.Main --dex --force-jumbo --num-threads=4 --output C:\Users\user\AndroidStudioProjects\ExpenseManager\app\build\intermediates\pre-dexed\debug\com.android.support-animated-vector-drawable-23.4.0_3f02a4ea9a24cfbe17b8537edf6f7fb0c257b2ee.jar C:\Users\user\AndroidStudioProjects\ExpenseManager\app\build\intermediates\exploded-aar\com.android.support\animated-vector-drawable\23.4.0\jars\classes.jar
java_class_path (initial): C:\Users\user\AppData\Local\Android\sdk\build-tools\23.0.3\lib\dx.jar
Launcher Type: SUN_STANDARD

Environment Variables:
PATH=C:\ProgramData\Oracle\Java\javapath;D:\DevSuiteHome_1\jdk\jre\bin\classic;D:\DevSuiteHome_1\jdk\jre\bin;D:\DevSuiteHome_1\jdk\jre\bin\client;D:\DevSuiteHome_1\jlib;D:\DevSuiteHome_1\bin;D:\DevSuiteHome_1\jre\1.4.2\bin\client;D:\DevSuiteHome_1\jre\1.4.2\bin;C:\Windows\system32;C:\Windows;C:\Windows\System32\Wbem;C:\Windows\System32\WindowsPowerShell\v1.0\;C:\Program Files (x86)\Skype\Phone\;C:\Program Files (x86)\CrSSL\bin;C:\Program Files\CrSSL\bin;C:\Program Files (x86)\CrSSL\bin
USERNAME=user
OS=Windows_NT
PROCESSOR_IDENTIFIER=Intel64 Family 6 Model 69 Stepping 1, GenuineIntel



---------------  S Y S T E M  ---------------

OS: Windows 10.0 , 64 bit Build 10240 (10.0.10240.16384)

CPU:total 4 (2 cores per cpu, 2 threads per core) family 6 model 69 stepping 1, cmov, cx8, fxsr, mmx, sse, sse2, sse3, ssse3, sse4.1, sse4.2, popcnt, avx, avx2, aes, clmul, erms, lzcnt, ht, tsc, tscinvbit, bmi1, bmi2

Memory: 4k page, physical 6214896k(755180k free), swap 7918832k(3104k free)

vm_info: Java HotSpot(TM) 64-Bit Server VM (25.73-b02) for windows-amd64 JRE (1.8.0_73-b02), built on Jan 29 2016 17:38:49 by "java_re" with MS VC++ 10.0 (VS2010)

time: Thu Jun 23 18:52:15 2016
elapsed time: 1 seconds (0d 0h 0m 1s)

