#
# There is insufficient memory for the Java Runtime Environment to continue.
# Native memory allocation (malloc) failed to allocate 927296 bytes for Chunk::new
# Possible reasons:
#   The system is out of physical RAM or swap space
#   In 32 bit mode, the process size limit was hit
# Possible solutions:
#   Reduce memory load on the system
#   Increase physical memory or swap space
#   Check if swap backing store is full
#   Use 64 bit Java on a 64 bit OS
#   Decrease Java heap size (-Xmx/-Xms)
#   Decrease number of Java threads
#   Decrease Java thread stack sizes (-Xss)
#   Set larger code cache with -XX:ReservedCodeCacheSize=
# This output file may be truncated or incomplete.
#
#  Out of Memory Error (allocation.cpp:390), pid=10020, tid=9652
#
# JRE version: Java(TM) SE Runtime Environment (8.0_73-b02) (build 1.8.0_73-b02)
# Java VM: Java HotSpot(TM) 64-Bit Server VM (25.73-b02 mixed mode windows-amd64 compressed oops)
# Failed to write core dump. Minidumps are not enabled by default on client versions of Windows
#

---------------  T H R E A D  ---------------

Current thread (0x000000001500c800):  JavaThread "C2 CompilerThread0" daemon [_thread_in_native, id=9652, stack(0x0000000016650000,0x0000000016750000)]

Stack: [0x0000000016650000,0x0000000016750000]
[error occurred during error reporting (printing stack bounds), id 0xc0000005]

Native frames: (J=compiled Java code, j=interpreted, Vv=VM code, C=native code)


Current CompileTask:
C2:  10541 1425       4       com.android.dx.ssa.SCCP::simulatePhi (169 bytes)


---------------  P R O C E S S  ---------------

Java Threads: ( => current thread )
  0x0000000016bc6800 JavaThread "pool-2-thread-4" [_thread_blocked, id=8524, stack(0x0000000017350000,0x0000000017450000)]
  0x0000000016bc5000 JavaThread "pool-2-thread-3" [_thread_blocked, id=6352, stack(0x0000000017250000,0x0000000017350000)]
  0x0000000016bc2800 JavaThread "pool-2-thread-2" [_thread_blocked, id=7704, stack(0x0000000017150000,0x0000000017250000)]
  0x0000000016bbb000 JavaThread "pool-3-thread-1" [_thread_blocked, id=9328, stack(0x0000000017050000,0x0000000017150000)]
  0x0000000016bb5800 JavaThread "pool-2-thread-1" [_thread_blocked, id=4380, stack(0x0000000016f50000,0x0000000017050000)]
  0x000000001696b000 JavaThread "Service Thread" daemon [_thread_blocked, id=8460, stack(0x0000000016d50000,0x0000000016e50000)]
  0x0000000015037000 JavaThread "C1 CompilerThread2" daemon [_thread_blocked, id=10400, stack(0x0000000016850000,0x0000000016950000)]
  0x0000000015010000 JavaThread "C2 CompilerThread1" daemon [_thread_in_native, id=9316, stack(0x0000000016750000,0x0000000016850000)]
=>0x000000001500c800 JavaThread "C2 CompilerThread0" daemon [_thread_in_native, id=9652, stack(0x0000000016650000,0x0000000016750000)]
  0x000000001500b000 JavaThread "Attach Listener" daemon [_thread_blocked, id=8924, stack(0x0000000016550000,0x0000000016650000)]
  0x0000000015009800 JavaThread "Signal Dispatcher" daemon [_thread_blocked, id=8296, stack(0x0000000016450000,0x0000000016550000)]
  0x0000000002936000 JavaThread "Finalizer" daemon [_thread_blocked, id=3332, stack(0x0000000016270000,0x0000000016370000)]
  0x000000000292d000 JavaThread "Reference Handler" daemon [_thread_blocked, id=7500, stack(0x0000000016170000,0x0000000016270000)]
  0x0000000002840800 JavaThread "main" [_thread_in_Java, id=10412, stack(0x0000000002740000,0x0000000002840000)]

Other Threads:
  0x0000000014fd8000 VMThread [stack: 0x0000000016070000,0x0000000016170000] [id=8368]
  0x0000000016970000 WatcherThread [stack: 0x0000000016e50000,0x0000000016f50000] [id=9204]

VM state:not at safepoint (normal execution)

VM Mutex/Monitor currently owned by a thread: None

Heap:
 PSYoungGen      total 28672K, used 8180K [0x00000000eab00000, 0x00000000ee300000, 0x0000000100000000)
  eden space 24576K, 16% used [0x00000000eab00000,0x00000000eaf04790,0x00000000ec300000)
  from space 4096K, 99% used [0x00000000ec700000,0x00000000ecaf89a0,0x00000000ecb00000)
  to   space 4096K, 0% used [0x00000000ec300000,0x00000000ec300000,0x00000000ec700000)
 ParOldGen       total 65536K, used 4068K [0x00000000c0000000, 0x00000000c4000000, 0x00000000eab00000)
  object space 65536K, 6% used [0x00000000c0000000,0x00000000c03f9160,0x00000000c4000000)
 Metaspace       used 6104K, capacity 7024K, committed 7296K, reserved 1056768K
  class space    used 602K, capacity 616K, committed 640K, reserved 1048576K

Card table byte_map: [0x0000000011d00000,0x0000000011f10000] byte_map_base: 0x0000000011700000

Marking Bits: (ParMarkBitMap*) 0x00000000026c0600
 Begin Bits: [0x0000000012470000, 0x0000000013470000)
 End Bits:   [0x0000000013470000, 0x0000000014470000)

Polling page: 0x0000000001df0000

CodeCache: size=245760Kb used=5958Kb max_used=5980Kb free=239801Kb
 bounds [0x0000000002940000, 0x0000000002f20000, 0x0000000011940000]
 total_blobs=1704 nmethods=1434 adapters=182
 compilation: enabled

Compilation events (10 events):
Event: 10.257 Thread 0x0000000015037000 1451       3       com.android.dx.rop.code.ThrowingInsn::accept (8 bytes)
Event: 10.257 Thread 0x0000000015037000 nmethod 1451 0x0000000002f07ed0 code [0x0000000002f08040, 0x0000000002f08268]
Event: 10.259 Thread 0x0000000015037000 1452       3       com.android.dx.cf.code.ConcreteMethod::getMaxStack (8 bytes)
Event: 10.259 Thread 0x0000000015037000 nmethod 1452 0x0000000002f08350 code [0x0000000002f084a0, 0x0000000002f08690]
Event: 10.418 Thread 0x000000001500c800 nmethod 1423 0x0000000002f0ee10 code [0x0000000002f0f240, 0x0000000002f12b48]
Event: 10.419 Thread 0x000000001500c800 1434       4       com.android.dx.rop.cst.Constant::compareTo (33 bytes)
Event: 10.421 Thread 0x000000001500c800 nmethod 1434 0x0000000002f0ba90 code [0x0000000002f0bbe0, 0x0000000002f0be18]
Event: 10.421 Thread 0x000000001500c800 1427       4       com.android.dx.ssa.PhiInsn::getSources (95 bytes)
Event: 10.434 Thread 0x000000001500c800 nmethod 1427 0x0000000002f09710 code [0x0000000002f09880, 0x0000000002f09c98]
Event: 10.434 Thread 0x000000001500c800 1425       4       com.android.dx.ssa.SCCP::simulatePhi (169 bytes)

GC Heap History (4 events):
Event: 8.664 GC heap before
{Heap before GC invocations=1 (full 0):
 PSYoungGen      total 28672K, used 24576K [0x00000000eab00000, 0x00000000ecb00000, 0x0000000100000000)
  eden space 24576K, 100% used [0x00000000eab00000,0x00000000ec300000,0x00000000ec300000)
  from space 4096K, 0% used [0x00000000ec700000,0x00000000ec700000,0x00000000ecb00000)
  to   space 4096K, 0% used [0x00000000ec300000,0x00000000ec300000,0x00000000ec700000)
 ParOldGen       total 65536K, used 0K [0x00000000c0000000, 0x00000000c4000000, 0x00000000eab00000)
  object space 65536K, 0% used [0x00000000c0000000,0x00000000c0000000,0x00000000c4000000)
 Metaspace       used 5872K, capacity 6832K, committed 7040K, reserved 1056768K
  class space    used 599K, capacity 616K, committed 640K, reserved 1048576K
Event: 8.727 GC heap after
Heap after GC invocations=1 (full 0):
 PSYoungGen      total 28672K, used 4069K [0x00000000eab00000, 0x00000000ecb00000, 0x0000000100000000)
  eden space 24576K, 0% used [0x00000000eab00000,0x00000000eab00000,0x00000000ec300000)
  from space 4096K, 99% used [0x00000000ec300000,0x00000000ec6f95c0,0x00000000ec700000)
  to   space 4096K, 0% used [0x00000000ec700000,0x00000000ec700000,0x00000000ecb00000)
 ParOldGen       total 65536K, used 1159K [0x00000000c0000000, 0x00000000c4000000, 0x00000000eab00000)
  object space 65536K, 1% used [0x00000000c0000000,0x00000000c0121de0,0x00000000c4000000)
 Metaspace       used 5872K, capacity 6832K, committed 7040K, reserved 1056768K
  class space    used 599K, capacity 616K, committed 640K, reserved 1048576K
}
Event: 9.854 GC heap before
{Heap before GC invocations=2 (full 0):
 PSYoungGen      total 28672K, used 28645K [0x00000000eab00000, 0x00000000ecb00000, 0x0000000100000000)
  eden space 24576K, 100% used [0x00000000eab00000,0x00000000ec300000,0x00000000ec300000)
  from space 4096K, 99% used [0x00000000ec300000,0x00000000ec6f95c0,0x00000000ec700000)
  to   space 4096K, 0% used [0x00000000ec700000,0x00000000ec700000,0x00000000ecb00000)
 ParOldGen       total 65536K, used 1159K [0x00000000c0000000, 0x00000000c4000000, 0x00000000eab00000)
  object space 65536K, 1% used [0x00000000c0000000,0x00000000c0121de0,0x00000000c4000000)
 Metaspace       used 6090K, capacity 7024K, committed 7296K, reserved 1056768K
  class space    used 602K, capacity 616K, committed 640K, reserved 1048576K
Event: 10.000 GC heap after
Heap after GC invocations=2 (full 0):
 PSYoungGen      total 28672K, used 4066K [0x00000000eab00000, 0x00000000ee300000, 0x0000000100000000)
  eden space 24576K, 0% used [0x00000000eab00000,0x00000000eab00000,0x00000000ec300000)
  from space 4096K, 99% used [0x00000000ec700000,0x00000000ecaf89a0,0x00000000ecb00000)
  to   space 4096K, 0% used [0x00000000ec300000,0x00000000ec300000,0x00000000ec700000)
 ParOldGen       total 65536K, used 4068K [0x00000000c0000000, 0x00000000c4000000, 0x00000000eab00000)
  object space 65536K, 6% used [0x00000000c0000000,0x00000000c03f9160,0x00000000c4000000)
 Metaspace       used 6090K, capacity 7024K, committed 7296K, reserved 1056768K
  class space    used 602K, capacity 616K, committed 640K, reserved 1048576K
}

Deoptimization events (10 events):
Event: 8.865 Thread 0x0000000016bc5000 Uncommon trap: reason=bimorphic action=maybe_recompile pc=0x0000000002b791c8 method=java.util.HashMap.getNode(ILjava/lang/Object;)Ljava/util/HashMap$Node; @ 126
Event: 8.865 Thread 0x0000000016bc5000 Uncommon trap: reason=class_check action=maybe_recompile pc=0x0000000002da30d0 method=java.util.HashMap.putVal(ILjava/lang/Object;Ljava/lang/Object;ZZ)Ljava/lang/Object; @ 203
Event: 8.865 Thread 0x0000000016bc5000 Uncommon trap: reason=bimorphic action=maybe_recompile pc=0x0000000002b791c8 method=java.util.HashMap.getNode(ILjava/lang/Object;)Ljava/util/HashMap$Node; @ 126
Event: 8.865 Thread 0x0000000016bc5000 Uncommon trap: reason=class_check action=maybe_recompile pc=0x0000000002da30d0 method=java.util.HashMap.putVal(ILjava/lang/Object;Ljava/lang/Object;ZZ)Ljava/lang/Object; @ 203
Event: 8.865 Thread 0x0000000016bc5000 Uncommon trap: reason=bimorphic action=maybe_recompile pc=0x0000000002bab4e0 method=java.util.HashMap.getNode(ILjava/lang/Object;)Ljava/util/HashMap$Node; @ 126
Event: 9.149 Thread 0x0000000016bc5000 Uncommon trap: reason=uninitialized action=reinterpret pc=0x0000000002e18104 method=com.android.dx.cf.code.BytecodeArray.parseInstruction(ILcom/android/dx/cf/code/BytecodeArray$Visitor;)I @ 1031
Event: 10.025 Thread 0x0000000002840800 Uncommon trap: reason=class_check action=maybe_recompile pc=0x0000000002ed75f4 method=com.android.dx.rop.code.RegisterSpec.withSimpleType()Lcom/android/dx/rop/code/RegisterSpec; @ 21
Event: 10.026 Thread 0x0000000002840800 Uncommon trap: reason=class_check action=maybe_recompile pc=0x0000000002ed75f4 method=com.android.dx.rop.code.RegisterSpec.withSimpleType()Lcom/android/dx/rop/code/RegisterSpec; @ 21
Event: 10.241 Thread 0x0000000002840800 Uncommon trap: reason=class_check action=maybe_recompile pc=0x0000000002ed75f4 method=com.android.dx.rop.code.RegisterSpec.withSimpleType()Lcom/android/dx/rop/code/RegisterSpec; @ 21
Event: 10.241 Thread 0x0000000002840800 Uncommon trap: reason=class_check action=maybe_recompile pc=0x0000000002ed75f4 method=com.android.dx.rop.code.RegisterSpec.withSimpleType()Lcom/android/dx/rop/code/RegisterSpec; @ 21

Internal exceptions (4 events):
Event: 2.768 Thread 0x0000000002840800 Exception <a 'java/lang/NoSuchMethodError': Method sun.misc.Unsafe.defineClass(Ljava/lang/String;[BII)Ljava/lang/Class; name or signature does not match> (0x00000000eab0d3b0) thrown at [D:\re\puppet\workspace\8-2-build-windows-amd64-cygwin\jdk8u73\6086\hotB>ÈóŒJ@
Event: 2.787 Thread 0x0000000002840800 Exception <a 'java/lang/NoSuchMethodError': Method sun.misc.Unsafe.prefetchRead(Ljava/lang/Object;J)V name or signature does not match> (0x00000000eab0d698) thrown at [D:\re\puppet\workspace\8-2-build-windows-amd64-cygwin\jdk8u73\6086\hotspot\src\share\vm\öç∏ÂÄu @
Event: 8.229 Thread 0x0000000002840800 Implicit null exception at 0x0000000002bbdd33 to 0x0000000002bbf3cd
Event: 8.410 Thread 0x0000000016bc5000 Implicit null exception at 0x0000000002c757a2 to 0x0000000002c7589a

Events (10 events):
Event: 10.025 Thread 0x0000000002840800 DEOPT UNPACKING pc=0x000000000298582a sp=0x000000000283e4e8 mode 2
Event: 10.026 Thread 0x0000000002840800 Uncommon trap: trap_request=0xffffffde fr.pc=0x0000000002ed75f4
Event: 10.026 Thread 0x0000000002840800 DEOPT PACKING pc=0x0000000002ed75f4 sp=0x000000000283e580
Event: 10.026 Thread 0x0000000002840800 DEOPT UNPACKING pc=0x000000000298582a sp=0x000000000283e4e8 mode 2
Event: 10.241 Thread 0x0000000002840800 Uncommon trap: trap_request=0xffffffde fr.pc=0x0000000002ed75f4
Event: 10.241 Thread 0x0000000002840800 DEOPT PACKING pc=0x0000000002ed75f4 sp=0x000000000283e500
Event: 10.241 Thread 0x0000000002840800 DEOPT UNPACKING pc=0x000000000298582a sp=0x000000000283e468 mode 2
Event: 10.241 Thread 0x0000000002840800 Uncommon trap: trap_request=0xffffffde fr.pc=0x0000000002ed75f4
Event: 10.241 Thread 0x0000000002840800 DEOPT PACKING pc=0x0000000002ed75f4 sp=0x000000000283e500
Event: 10.241 Thread 0x0000000002840800 DEOPT UNPACKING pc=0x000000000298582a sp=0x000000000283e468 mode 2


Dynamic libraries:
0x00007ff76ba80000 - 0x00007ff76bab7000 	C:\Program Files\Java\jdk1.8.0_73\bin\java.exe
0x00007ffe70490000 - 0x00007ffe70652000 	C:\Windows\SYSTEM32\ntdll.dll
0x00007ffe70100000 - 0x00007ffe701ad000 	C:\Windows\system32\KERNEL32.DLL
0x00007ffe6d700000 - 0x00007ffe6d8dd000 	C:\Windows\system32\KERNELBASE.dll
0x0000000074930000 - 0x00000000749e1000 	C:\Program Files\Bitdefender\Bitdefender 2016\Active Virus Control\Avc3_00363_002\avcuf64.dll
0x00007ffe6fdd0000 - 0x00007ffe6fe76000 	C:\Windows\system32\ADVAPI32.dll
0x00007ffe6fc40000 - 0x00007ffe6fcdd000 	C:\Windows\system32\msvcrt.dll
0x00007ffe6db60000 - 0x00007ffe6dbbb000 	C:\Windows\system32\sechost.dll
0x00007ffe702b0000 - 0x00007ffe703d6000 	C:\Windows\system32\RPCRT4.dll
0x00007ffe6dd80000 - 0x00007ffe6dece000 	C:\Windows\system32\USER32.dll
0x00007ffe6e120000 - 0x00007ffe6e2a5000 	C:\Windows\system32\GDI32.dll
0x00007ffe5bc10000 - 0x00007ffe5be84000 	C:\Windows\WinSxS\amd64_microsoft.windows.common-controls_6595b64144ccf1df_6.0.10240.16384_none_f41f7b285750ef43\COMCTL32.dll
0x00007ffe70270000 - 0x00007ffe702a6000 	C:\Windows\system32\IMM32.DLL
0x00007ffe6dbc0000 - 0x00007ffe6dd1c000 	C:\Windows\system32\MSCTF.dll
0x0000000074b70000 - 0x0000000074c42000 	C:\Program Files\Java\jdk1.8.0_73\jre\bin\msvcr100.dll
0x0000000001eb0000 - 0x0000000002740000 	C:\Program Files\Java\jdk1.8.0_73\jre\bin\server\jvm.dll
0x00007ffe6e020000 - 0x00007ffe6e028000 	C:\Windows\system32\PSAPI.DLL
0x00007ffe61450000 - 0x00007ffe61459000 	C:\Windows\SYSTEM32\WSOCK32.dll
0x00007ffe6e2b0000 - 0x00007ffe6e319000 	C:\Windows\system32\WS2_32.dll
0x00007ffe6fa00000 - 0x00007ffe6fa08000 	C:\Windows\system32\NSI.dll
0x00007ffe6a840000 - 0x00007ffe6a863000 	C:\Windows\SYSTEM32\WINMM.dll
0x00007ffe6afd0000 - 0x00007ffe6afda000 	C:\Windows\SYSTEM32\VERSION.dll
0x00007ffe6a810000 - 0x00007ffe6a83c000 	C:\Windows\SYSTEM32\WINMMBASE.dll
0x00007ffe6db10000 - 0x00007ffe6db54000 	C:\Windows\system32\cfgmgr32.dll
0x00007ffe6b790000 - 0x00007ffe6b7b7000 	C:\Windows\SYSTEM32\DEVOBJ.dll
0x0000000075980000 - 0x000000007598f000 	C:\Program Files\Java\jdk1.8.0_73\jre\bin\verify.dll
0x0000000075950000 - 0x0000000075979000 	C:\Program Files\Java\jdk1.8.0_73\jre\bin\java.dll
0x0000000075930000 - 0x0000000075946000 	C:\Program Files\Java\jdk1.8.0_73\jre\bin\zip.dll
0x00007ffe6e4d0000 - 0x00007ffe6f9f5000 	C:\Windows\system32\SHELL32.dll
0x00007ffe6d0d0000 - 0x00007ffe6d6f8000 	C:\Windows\system32\windows.storage.dll
0x00007ffe6fe80000 - 0x00007ffe700fc000 	C:\Windows\system32\combase.dll
0x00007ffe6fa10000 - 0x00007ffe6fa61000 	C:\Windows\system32\shlwapi.dll
0x00007ffe6cf00000 - 0x00007ffe6cf0f000 	C:\Windows\system32\kernel.appcore.dll
0x00007ffe6d010000 - 0x00007ffe6d0c3000 	C:\Windows\system32\shcore.dll
0x00007ffe6cf10000 - 0x00007ffe6cf5a000 	C:\Windows\system32\powrprof.dll
0x00007ffe6cee0000 - 0x00007ffe6cef3000 	C:\Windows\system32\profapi.dll

VM Arguments:
jvm_args: -Djava.awt.headless=true -Xmx1024M -Dfile.encoding=windows-1252 -Duser.country=US -Duser.language=en -Duser.variant 
java_command: com.android.dx.command.Main --dex --force-jumbo --num-threads=4 --multi-dex --output C:\Users\user\AndroidStudioProjects\ExpenseManager\app\build\intermediates\transforms\dex\debug\folders\1000\10\com.android.support-recyclerview-v7-23.4.0_5156805f4d7e1d0acef1cc9912695743a5a662bc C:\Users\user\AndroidStudioProjects\ExpenseManager\app\build\intermediates\exploded-aar\com.android.support\recyclerview-v7\23.4.0\jars\classes.jar
java_class_path (initial): C:\Users\user\AppData\Local\Android\sdk\build-tools\23.0.3\lib\dx.jar
Launcher Type: SUN_STANDARD

Environment Variables:
PATH=C:\ProgramData\Oracle\Java\javapath;D:\DevSuiteHome_1\jdk\jre\bin\classic;D:\DevSuiteHome_1\jdk\jre\bin;D:\DevSuiteHome_1\jdk\jre\bin\client;D:\DevSuiteHome_1\jlib;D:\DevSuiteHome_1\bin;D:\DevSuiteHome_1\jre\1.4.2\bin\client;D:\DevSuiteHome_1\jre\1.4.2\bin;C:\Windows\system32;C:\Windows;C:\Windows\System32\Wbem;C:\Windows\System32\WindowsPowerShell\v1.0\;C:\Program Files (x86)\Skype\Phone\;C:\Program Files (x86)\CrSSL\bin;C:\Program Files\CrSSL\bin;C:\Program Files (x86)\CrSSL\bin
USERNAME=user
OS=Windows_NT
PROCESSOR_IDENTIFIER=Intel64 Family 6 Model 69 Stepping 1, GenuineIntel



---------------  S Y S T E M  ---------------

OS: Windows 10.0 , 64 bit Build 10240 (10.0.10240.16384)

CPU:total 4 (2 cores per cpu, 2 threads per core) family 6 model 69 stepping 1, cmov, cx8, fxsr, mmx, sse, sse2, sse3, ssse3, sse4.1, sse4.2, popcnt, avx, avx2, aes, clmul, erms, lzcnt, ht, tsc, tscinvbit, bmi1, bmi2

Memory: 4k page, physical 6214896k(637964k free), swap 7918832k(5916k free)

vm_info: Java HotSpot(TM) 64-Bit Server VM (25.73-b02) for windows-amd64 JRE (1.8.0_73-b02), built on Jan 29 2016 17:38:49 by "java_re" with MS VC++ 10.0 (VS2010)

time: Fri Jun 24 20:05:12 2016
elapsed time: 10 seconds (0d 0h 0m 10s)

