#
# There is insufficient memory for the Java Runtime Environment to continue.
# Native memory allocation (malloc) failed to allocate 81936 bytes for Chunk::new
# Possible reasons:
#   The system is out of physical RAM or swap space
#   In 32 bit mode, the process size limit was hit
# Possible solutions:
#   Reduce memory load on the system
#   Increase physical memory or swap space
#   Check if swap backing store is full
#   Use 64 bit Java on a 64 bit OS
#   Decrease Java heap size (-Xmx/-Xms)
#   Decrease number of Java threads
#   Decrease Java thread stack sizes (-Xss)
#   Set larger code cache with -XX:ReservedCodeCacheSize=
# This output file may be truncated or incomplete.
#
#  Out of Memory Error (allocation.cpp:390), pid=6736, tid=5132
#
# JRE version: Java(TM) SE Runtime Environment (8.0_73-b02) (build 1.8.0_73-b02)
# Java VM: Java HotSpot(TM) 64-Bit Server VM (25.73-b02 mixed mode windows-amd64 compressed oops)
# Failed to write core dump. Minidumps are not enabled by default on client versions of Windows
#

---------------  T H R E A D  ---------------

Current thread (0x00000000150bc000):  JavaThread "C1 CompilerThread2" daemon [_thread_in_native, id=5132, stack(0x0000000016890000,0x0000000016990000)]

Stack: [0x0000000016890000,0x0000000016990000]
[error occurred during error reporting (printing stack bounds), id 0xc0000005]

Native frames: (J=compiled Java code, j=interpreted, Vv=VM code, C=native code)


Current CompileTask:
C1:   3446  626   !   3       com.android.dx.cf.code.RopperMachine::run (1550 bytes)


---------------  P R O C E S S  ---------------

Java Threads: ( => current thread )
  0x0000000016afe800 JavaThread "pool-1-thread-1" [_thread_new, id=2852, stack(0x0000000000000000,0x0000000000000000)]
  0x0000000016995800 JavaThread "Service Thread" daemon [_thread_blocked, id=4192, stack(0x0000000016d90000,0x0000000016e90000)]
=>0x00000000150bc000 JavaThread "C1 CompilerThread2" daemon [_thread_in_native, id=5132, stack(0x0000000016890000,0x0000000016990000)]
  0x00000000150ae000 JavaThread "C2 CompilerThread1" daemon [_thread_blocked, id=5384, stack(0x0000000016790000,0x0000000016890000)]
  0x000000001505b800 JavaThread "C2 CompilerThread0" daemon [_thread_blocked, id=5812, stack(0x0000000016690000,0x0000000016790000)]
  0x0000000015059800 JavaThread "Attach Listener" daemon [_thread_blocked, id=5636, stack(0x0000000016590000,0x0000000016690000)]
  0x0000000015058000 JavaThread "Signal Dispatcher" daemon [_thread_blocked, id=4644, stack(0x0000000016490000,0x0000000016590000)]
  0x0000000002980800 JavaThread "Finalizer" daemon [_thread_blocked, id=6564, stack(0x00000000162b0000,0x00000000163b0000)]
  0x000000000297d000 JavaThread "Reference Handler" daemon [_thread_blocked, id=5316, stack(0x00000000161b0000,0x00000000162b0000)]
  0x0000000002890800 JavaThread "main" [_thread_blocked, id=2824, stack(0x00000000026c0000,0x00000000027c0000)]

Other Threads:
  0x0000000015028000 VMThread [stack: 0x00000000160b0000,0x00000000161b0000] [id=6988]
  0x00000000169b2800 WatcherThread [stack: 0x0000000016e90000,0x0000000016f90000] [id=972]

VM state:not at safepoint (normal execution)

VM Mutex/Monitor currently owned by a thread: None

Heap:
 PSYoungGen      total 28672K, used 12314K [0x00000000eab00000, 0x00000000ecb00000, 0x0000000100000000)
  eden space 24576K, 50% used [0x00000000eab00000,0x00000000eb706978,0x00000000ec300000)
  from space 4096K, 0% used [0x00000000ec700000,0x00000000ec700000,0x00000000ecb00000)
  to   space 4096K, 0% used [0x00000000ec300000,0x00000000ec300000,0x00000000ec700000)
 ParOldGen       total 65536K, used 0K [0x00000000c0000000, 0x00000000c4000000, 0x00000000eab00000)
  object space 65536K, 0% used [0x00000000c0000000,0x00000000c0000000,0x00000000c4000000)
 Metaspace       used 5441K, capacity 6576K, committed 6784K, reserved 1056768K
  class space    used 576K, capacity 616K, committed 640K, reserved 1048576K

Card table byte_map: [0x0000000011d50000,0x0000000011f60000] byte_map_base: 0x0000000011750000

Marking Bits: (ParMarkBitMap*) 0x000000005fb60600
 Begin Bits: [0x00000000124c0000, 0x00000000134c0000)
 End Bits:   [0x00000000134c0000, 0x00000000144c0000)

Polling page: 0x0000000002620000

CodeCache: size=245760Kb used=2601Kb max_used=2612Kb free=243158Kb
 bounds [0x0000000002990000, 0x0000000002c30000, 0x0000000011990000]
 total_blobs=893 nmethods=631 adapters=175
 compilation: enabled

Compilation events (10 events):
Event: 3.416 Thread 0x00000000150ae000 nmethod 632 0x0000000002be8110 code [0x0000000002be8240, 0x0000000002be82b8]
Event: 3.419 Thread 0x00000000150bc000 nmethod 627 0x0000000002c15890 code [0x0000000002c15ea0, 0x0000000002c1a838]
Event: 3.419 Thread 0x00000000150bc000  626   !   3       com.android.dx.cf.code.RopperMachine::run (1550 bytes)
Event: 3.429 Thread 0x000000001505b800  635   !   4       com.android.dx.util.FixedSizeList::<init> (36 bytes)
Event: 3.431 Thread 0x000000001505b800 nmethod 635 0x0000000002c14050 code [0x0000000002c141a0, 0x0000000002c142d8]
Event: 3.431 Thread 0x00000000150ae000  636       4       java.util.ArrayList::remove (69 bytes)
Event: 3.435 Thread 0x00000000150ae000 nmethod 636 0x0000000002c13bd0 code [0x0000000002c13d20, 0x0000000002c13eb8]
Event: 3.438 Thread 0x000000001505b800  641       4       com.android.dx.ssa.SsaBasicBlock::isReachable (29 bytes)
Event: 3.439 Thread 0x000000001505b800 nmethod 641 0x0000000002bf3210 code [0x0000000002bf3340, 0x0000000002bf33d8]
Event: 3.439 Thread 0x00000000150ae000  647       4       java.lang.String::compareTo (78 bytes)

GC Heap History (0 events):
No events

Deoptimization events (1 events):
Event: 3.025 Thread 0x0000000016bf3000 Uncommon trap: reason=unstable_if action=reinterpret pc=0x0000000002b9f304 method=java.util.HashMap.getNode(ILjava/lang/Object;)Ljava/util/HashMap$Node; @ 62

Internal exceptions (2 events):
Event: 0.463 Thread 0x0000000002890800 Exception <a 'java/lang/NoSuchMethodError': Method sun.misc.Unsafe.defineClass(Ljava/lang/String;[BII)Ljava/lang/Class; name or signature does not match> (0x00000000eab0d4f8) thrown at [D:\re\puppet\workspace\8-2-build-windows-amd64-cygwin\jdk8u73\6086\hotτώ%» έ?
Event: 0.463 Thread 0x0000000002890800 Exception <a 'java/lang/NoSuchMethodError': Method sun.misc.Unsafe.prefetchRead(Ljava/lang/Object;J)V name or signature does not match> (0x00000000eab0d7e0) thrown at [D:\re\puppet\workspace\8-2-build-windows-amd64-cygwin\jdk8u73\6086\hotspot\src\share\vm\

Events (10 events):
Event: 3.071 Thread 0x0000000016abb800 Thread exited: 0x0000000016abb800
Event: 3.385 loading class java/util/ArrayList$1
Event: 3.385 loading class java/util/ArrayList$1 done
Event: 3.391 Thread 0x0000000016bf3000 Thread exited: 0x0000000016bf3000
Event: 3.404 Thread 0x0000000016b97000 Thread exited: 0x0000000016b97000
Event: 3.441 Thread 0x0000000016afe800 Thread exited: 0x0000000016afe800
Event: 3.442 Thread 0x0000000016abc800 Thread exited: 0x0000000016abc800
Event: 3.442 loading class com/android/dx/command/dexer/Main$DexWriter
Event: 3.442 loading class com/android/dx/command/dexer/Main$DexWriter done
Event: 3.443 Thread 0x0000000016afe800 Thread added: 0x0000000016afe800


Dynamic libraries:
0x00007ff6b4f10000 - 0x00007ff6b4f47000 	C:\Program Files\Java\jdk1.8.0_73\bin\java.exe
0x00007ffd4ceb0000 - 0x00007ffd4d072000 	C:\Windows\SYSTEM32\ntdll.dll
0x00007ffd4cd50000 - 0x00007ffd4cdfd000 	C:\Windows\system32\KERNEL32.DLL
0x00007ffd4a3a0000 - 0x00007ffd4a57d000 	C:\Windows\system32\KERNELBASE.dll
0x00007ffd4ce00000 - 0x00007ffd4cea6000 	C:\Windows\system32\ADVAPI32.dll
0x00007ffd4a580000 - 0x00007ffd4a61d000 	C:\Windows\system32\msvcrt.dll
0x00007ffd4c2b0000 - 0x00007ffd4c30b000 	C:\Windows\system32\sechost.dll
0x00007ffd4c310000 - 0x00007ffd4c436000 	C:\Windows\system32\RPCRT4.dll
0x00007ffd4c610000 - 0x00007ffd4c75e000 	C:\Windows\system32\USER32.dll
0x00007ffd4c760000 - 0x00007ffd4c8e5000 	C:\Windows\system32\GDI32.dll
0x00007ffd38d30000 - 0x00007ffd38fa4000 	C:\Windows\WinSxS\amd64_microsoft.windows.common-controls_6595b64144ccf1df_6.0.10240.16384_none_f41f7b285750ef43\COMCTL32.dll
0x00007ffd4aae0000 - 0x00007ffd4ab16000 	C:\Windows\system32\IMM32.DLL
0x00007ffd4a8a0000 - 0x00007ffd4a9fc000 	C:\Windows\system32\MSCTF.dll
0x000000005f070000 - 0x000000005f142000 	C:\Program Files\Java\jdk1.8.0_73\jre\bin\msvcr100.dll
0x000000005f350000 - 0x000000005fbe0000 	C:\Program Files\Java\jdk1.8.0_73\jre\bin\server\jvm.dll
0x00007ffd4abe0000 - 0x00007ffd4abe8000 	C:\Windows\system32\PSAPI.DLL
0x00007ffd47f90000 - 0x00007ffd47f99000 	C:\Windows\SYSTEM32\WSOCK32.dll
0x00007ffd4c190000 - 0x00007ffd4c1f9000 	C:\Windows\system32\WS2_32.dll
0x00007ffd4ac50000 - 0x00007ffd4ac58000 	C:\Windows\system32\NSI.dll
0x00007ffd3d470000 - 0x00007ffd3d493000 	C:\Windows\SYSTEM32\WINMM.dll
0x00007ffd3f9e0000 - 0x00007ffd3f9ea000 	C:\Windows\SYSTEM32\VERSION.dll
0x00007ffd3d410000 - 0x00007ffd3d43c000 	C:\Windows\SYSTEM32\WINMMBASE.dll
0x00007ffd49c60000 - 0x00007ffd49ca4000 	C:\Windows\system32\cfgmgr32.dll
0x00007ffd48250000 - 0x00007ffd48277000 	C:\Windows\SYSTEM32\DEVOBJ.dll
0x000000005fe20000 - 0x000000005fe2f000 	C:\Program Files\Java\jdk1.8.0_73\jre\bin\verify.dll
0x000000005fdf0000 - 0x000000005fe19000 	C:\Program Files\Java\jdk1.8.0_73\jre\bin\java.dll
0x000000005fdd0000 - 0x000000005fde6000 	C:\Program Files\Java\jdk1.8.0_73\jre\bin\zip.dll
0x00007ffd4ac60000 - 0x00007ffd4c185000 	C:\Windows\system32\SHELL32.dll
0x00007ffd49d70000 - 0x00007ffd4a398000 	C:\Windows\system32\windows.storage.dll
0x00007ffd4a620000 - 0x00007ffd4a89c000 	C:\Windows\system32\combase.dll
0x00007ffd4cac0000 - 0x00007ffd4cb11000 	C:\Windows\system32\shlwapi.dll
0x00007ffd498e0000 - 0x00007ffd498ef000 	C:\Windows\system32\kernel.appcore.dll
0x00007ffd49cb0000 - 0x00007ffd49d63000 	C:\Windows\system32\shcore.dll
0x00007ffd49910000 - 0x00007ffd4995a000 	C:\Windows\system32\powrprof.dll
0x00007ffd49960000 - 0x00007ffd49973000 	C:\Windows\system32\profapi.dll

VM Arguments:
jvm_args: -Djava.awt.headless=true -Xmx1024M -Dfile.encoding=windows-1252 -Duser.country=US -Duser.language=en -Duser.variant 
java_command: com.android.dx.command.Main --dex --force-jumbo --num-threads=4 --multi-dex --output C:\Users\user\AndroidStudioProjects\ExpenseManager\app\build\intermediates\transforms\dex\debug\folders\1000\5\slice_1 C:\Users\user\AndroidStudioProjects\ExpenseManager\app\build\intermediates\transforms\instantRunSlicer\debug\folders\1\5\slice_1
java_class_path (initial): C:\Users\user\AppData\Local\Android\sdk\build-tools\23.0.3\lib\dx.jar
Launcher Type: SUN_STANDARD

Environment Variables:
PATH=C:\ProgramData\Oracle\Java\javapath;D:\DevSuiteHome_1\jdk\jre\bin\classic;D:\DevSuiteHome_1\jdk\jre\bin;D:\DevSuiteHome_1\jdk\jre\bin\client;D:\DevSuiteHome_1\jlib;D:\DevSuiteHome_1\bin;D:\DevSuiteHome_1\jre\1.4.2\bin\client;D:\DevSuiteHome_1\jre\1.4.2\bin;C:\Windows\system32;C:\Windows;C:\Windows\System32\Wbem;C:\Windows\System32\WindowsPowerShell\v1.0\;C:\Program Files (x86)\Skype\Phone\;C:\Program Files (x86)\CrSSL\bin;C:\Program Files\CrSSL\bin;C:\Program Files (x86)\CrSSL\bin
USERNAME=user
OS=Windows_NT
PROCESSOR_IDENTIFIER=Intel64 Family 6 Model 69 Stepping 1, GenuineIntel



---------------  S Y S T E M  ---------------

OS: Windows 10.0 , 64 bit Build 10240 (10.0.10240.16384)

CPU:total 4 (2 cores per cpu, 2 threads per core) family 6 model 69 stepping 1, cmov, cx8, fxsr, mmx, sse, sse2, sse3, ssse3, sse4.1, sse4.2, popcnt, avx, avx2, aes, clmul, erms, lzcnt, ht, tsc, tscinvbit, bmi1, bmi2

Memory: 4k page, physical 6214896k(619824k free), swap 7918832k(5140k free)

vm_info: Java HotSpot(TM) 64-Bit Server VM (25.73-b02) for windows-amd64 JRE (1.8.0_73-b02), built on Jan 29 2016 17:38:49 by "java_re" with MS VC++ 10.0 (VS2010)

time: Sat Jul 02 22:29:38 2016
elapsed time: 3 seconds (0d 0h 0m 3s)

