#
# There is insufficient memory for the Java Runtime Environment to continue.
# Native memory allocation (malloc) failed to allocate 1165264 bytes for Chunk::new
# Possible reasons:
#   The system is out of physical RAM or swap space
#   In 32 bit mode, the process size limit was hit
# Possible solutions:
#   Reduce memory load on the system
#   Increase physical memory or swap space
#   Check if swap backing store is full
#   Use 64 bit Java on a 64 bit OS
#   Decrease Java heap size (-Xmx/-Xms)
#   Decrease number of Java threads
#   Decrease Java thread stack sizes (-Xss)
#   Set larger code cache with -XX:ReservedCodeCacheSize=
# This output file may be truncated or incomplete.
#
#  Out of Memory Error (allocation.cpp:390), pid=8128, tid=4704
#
# JRE version: Java(TM) SE Runtime Environment (8.0_73-b02) (build 1.8.0_73-b02)
# Java VM: Java HotSpot(TM) 64-Bit Server VM (25.73-b02 mixed mode windows-amd64 compressed oops)
# Failed to write core dump. Minidumps are not enabled by default on client versions of Windows
#

---------------  T H R E A D  ---------------

Current thread (0x0000000014c6c800):  JavaThread "C2 CompilerThread1" daemon [_thread_in_native, id=4704, stack(0x00000000163b0000,0x00000000164b0000)]

Stack: [0x00000000163b0000,0x00000000164b0000]
[error occurred during error reporting (printing stack bounds), id 0xc0000005]

Native frames: (J=compiled Java code, j=interpreted, Vv=VM code, C=native code)


Current CompileTask:
C2:   3736 1089   !   4       com.android.dx.cf.code.BytecodeArray::parseInstruction (2764 bytes)


---------------  P R O C E S S  ---------------

Java Threads: ( => current thread )
  0x0000000016706800 JavaThread "pool-2-thread-4" [_thread_in_Java, id=1352, stack(0x0000000016fb0000,0x00000000170b0000)]
  0x0000000016661800 JavaThread "pool-2-thread-2" [_thread_in_vm, id=484, stack(0x0000000016db0000,0x0000000016eb0000)]
  0x000000001665a800 JavaThread "pool-3-thread-1" [_thread_blocked, id=4356, stack(0x0000000016cb0000,0x0000000016db0000)]
  0x0000000016655800 JavaThread "pool-2-thread-1" [_thread_in_Java, id=6812, stack(0x0000000016bb0000,0x0000000016cb0000)]
  0x00000000164bd800 JavaThread "Service Thread" daemon [_thread_blocked, id=7448, stack(0x00000000169b0000,0x0000000016ab0000)]
  0x00000000164b8800 JavaThread "C1 CompilerThread2" daemon [_thread_in_native, id=5776, stack(0x00000000168b0000,0x00000000169b0000)]
=>0x0000000014c6c800 JavaThread "C2 CompilerThread1" daemon [_thread_in_native, id=4704, stack(0x00000000163b0000,0x00000000164b0000)]
  0x0000000014c69800 JavaThread "C2 CompilerThread0" daemon [_thread_in_native, id=7520, stack(0x00000000162b0000,0x00000000163b0000)]
  0x0000000014c67800 JavaThread "Attach Listener" daemon [_thread_blocked, id=5440, stack(0x00000000161b0000,0x00000000162b0000)]
  0x0000000014c7c000 JavaThread "Signal Dispatcher" daemon [_thread_blocked, id=5972, stack(0x00000000160b0000,0x00000000161b0000)]
  0x0000000002500800 JavaThread "Finalizer" daemon [_thread_blocked, id=7524, stack(0x0000000015ed0000,0x0000000015fd0000)]
  0x00000000024fd000 JavaThread "Reference Handler" daemon [_thread_blocked, id=2352, stack(0x0000000015dd0000,0x0000000015ed0000)]
  0x0000000002410800 JavaThread "main" [_thread_blocked, id=6152, stack(0x0000000002290000,0x0000000002390000)]

Other Threads:
  0x0000000014c38000 VMThread [stack: 0x0000000015cd0000,0x0000000015dd0000] [id=6216]
  0x00000000164c1000 WatcherThread [stack: 0x0000000016ab0000,0x0000000016bb0000] [id=6088]

VM state:not at safepoint (normal execution)

VM Mutex/Monitor currently owned by a thread: None

Heap:
 PSYoungGen      total 28672K, used 10462K [0x00000000eab00000, 0x00000000ecb00000, 0x0000000100000000)
  eden space 24576K, 25% used [0x00000000eab00000,0x00000000eb13a318,0x00000000ec300000)
  from space 4096K, 99% used [0x00000000ec300000,0x00000000ec6fd7b8,0x00000000ec700000)
  to   space 4096K, 0% used [0x00000000ec700000,0x00000000ec700000,0x00000000ecb00000)
 ParOldGen       total 65536K, used 1561K [0x00000000c0000000, 0x00000000c4000000, 0x00000000eab00000)
  object space 65536K, 2% used [0x00000000c0000000,0x00000000c0186470,0x00000000c4000000)
 Metaspace       used 5996K, capacity 6962K, committed 7040K, reserved 1056768K
  class space    used 603K, capacity 618K, committed 640K, reserved 1048576K

Card table byte_map: [0x0000000011960000,0x0000000011b70000] byte_map_base: 0x0000000011360000

Marking Bits: (ParMarkBitMap*) 0x0000000062a40600
 Begin Bits: [0x00000000120d0000, 0x00000000130d0000)
 End Bits:   [0x00000000130d0000, 0x00000000140d0000)

Polling page: 0x0000000000a20000

CodeCache: size=245760Kb used=4772Kb max_used=4772Kb free=240987Kb
 bounds [0x00000000025a0000, 0x0000000002a50000, 0x00000000115a0000]
 total_blobs=1433 nmethods=1164 adapters=182
 compilation: enabled

Compilation events (10 events):
Event: 3.703 Thread 0x00000000164b8800 nmethod 1141 0x0000000002a30050 code [0x0000000002a301c0, 0x0000000002a303c8]
Event: 3.703 Thread 0x00000000164b8800 1144       2       com.android.dx.rop.type.Type::equals (31 bytes)
Event: 3.703 Thread 0x00000000164b8800 nmethod 1144 0x0000000002a30450 code [0x0000000002a305c0, 0x0000000002a307e8]
Event: 3.703 Thread 0x00000000164b8800 1139       3       com.android.dx.ssa.SsaMethod::onInsnsChanged (16 bytes)
Event: 3.703 Thread 0x00000000164b8800 nmethod 1139 0x0000000002a30910 code [0x0000000002a30a60, 0x0000000002a30bf0]
Event: 3.703 Thread 0x00000000164b8800 1145       3       com.android.dx.rop.type.Type::isIntlike (56 bytes)
Event: 3.703 Thread 0x00000000164b8800 nmethod 1145 0x0000000002a30c90 code [0x0000000002a30de0, 0x0000000002a30f70]
Event: 3.703 Thread 0x00000000164b8800 1146       3       com.android.dx.cf.code.Ropper::getRopMethod (64 bytes)
Event: 3.705 Thread 0x00000000164b8800 nmethod 1146 0x0000000002a31010 code [0x0000000002a31260, 0x0000000002a31ff8]
Event: 3.705 Thread 0x00000000164b8800 1147       3       com.android.dx.ssa.SsaMethod::convertRopToSsaBlocks (103 bytes)

GC Heap History (2 events):
Event: 3.482 GC heap before
{Heap before GC invocations=1 (full 0):
 PSYoungGen      total 28672K, used 24576K [0x00000000eab00000, 0x00000000ecb00000, 0x0000000100000000)
  eden space 24576K, 100% used [0x00000000eab00000,0x00000000ec300000,0x00000000ec300000)
  from space 4096K, 0% used [0x00000000ec700000,0x00000000ec700000,0x00000000ecb00000)
  to   space 4096K, 0% used [0x00000000ec300000,0x00000000ec300000,0x00000000ec700000)
 ParOldGen       total 65536K, used 0K [0x00000000c0000000, 0x00000000c4000000, 0x00000000eab00000)
  object space 65536K, 0% used [0x00000000c0000000,0x00000000c0000000,0x00000000c4000000)
 Metaspace       used 5914K, capacity 6898K, committed 7040K, reserved 1056768K
  class space    used 603K, capacity 618K, committed 640K, reserved 1048576K
Event: 3.593 GC heap after
Heap after GC invocations=1 (full 0):
 PSYoungGen      total 28672K, used 4085K [0x00000000eab00000, 0x00000000ecb00000, 0x0000000100000000)
  eden space 24576K, 0% used [0x00000000eab00000,0x00000000eab00000,0x00000000ec300000)
  from space 4096K, 99% used [0x00000000ec300000,0x00000000ec6fd7b8,0x00000000ec700000)
  to   space 4096K, 0% used [0x00000000ec700000,0x00000000ec700000,0x00000000ecb00000)
 ParOldGen       total 65536K, used 1561K [0x00000000c0000000, 0x00000000c4000000, 0x00000000eab00000)
  object space 65536K, 2% used [0x00000000c0000000,0x00000000c0186470,0x00000000c4000000)
 Metaspace       used 5914K, capacity 6898K, committed 7040K, reserved 1056768K
  class space    used 603K, capacity 618K, committed 640K, reserved 1048576K
}

Deoptimization events (5 events):
Event: 2.197 Thread 0x0000000002410800 Uncommon trap: reason=unstable_if action=reinterpret pc=0x00000000027d0484 method=java.util.HashMap.getNode(ILjava/lang/Object;)Ljava/util/HashMap$Node; @ 62
Event: 2.630 Thread 0x0000000002410800 Uncommon trap: reason=unstable_if action=reinterpret pc=0x0000000002838e58 method=java.util.HashMap.getNode(ILjava/lang/Object;)Ljava/util/HashMap$Node; @ 129
Event: 3.048 Thread 0x0000000016706800 Uncommon trap: reason=unstable_if action=reinterpret pc=0x0000000002976edc method=com.android.dx.rop.cst.Constant.compareTo(Lcom/android/dx/rop/cst/Constant;)I @ 12
Event: 3.693 Thread 0x0000000016655800 Uncommon trap: reason=null_check action=make_not_entrant pc=0x0000000002973de8 method=com.android.dx.rop.type.Type.equals(Ljava/lang/Object;)Z @ 8
Event: 3.704 Thread 0x0000000016655800 Uncommon trap: reason=unstable_if action=reinterpret pc=0x00000000028da5fc method=com.android.dx.rop.code.RegisterSpec.equals(ILcom/android/dx/rop/type/TypeBearer;Lcom/android/dx/rop/code/LocalItem;)Z @ 42

Internal exceptions (3 events):
Event: 0.224 Thread 0x0000000002410800 Exception <a 'java/lang/NoSuchMethodError': Method sun.misc.Unsafe.defineClass(Ljava/lang/String;[BII)Ljava/lang/Class; name or signature does not match> (0x00000000eab0d5d8) thrown at [D:\re\puppet\workspace\8-2-build-windows-amd64-cygwin\jdk8u73\6086\hotå‘fP™Ã?
Event: 0.224 Thread 0x0000000002410800 Exception <a 'java/lang/NoSuchMethodError': Method sun.misc.Unsafe.prefetchRead(Ljava/lang/Object;J)V name or signature does not match> (0x00000000eab0d8c0) thrown at [D:\re\puppet\workspace\8-2-build-windows-amd64-cygwin\jdk8u73\6086\hotspot\src\share\vm\Íê˚√êã@
Event: 3.693 Thread 0x0000000016655800 Implicit null exception at 0x0000000002973ce2 to 0x0000000002973dda

Events (10 events):
Event: 3.217 Executing VM operation: Deoptimize done
Event: 3.323 Executing VM operation: ParallelGCFailedAllocation
Event: 3.593 Executing VM operation: ParallelGCFailedAllocation done
Event: 3.678 Thread 0x0000000016705800 Thread exited: 0x0000000016705800
Event: 3.693 Thread 0x0000000016655800 Uncommon trap: trap_request=0xfffffff4 fr.pc=0x0000000002973de8
Event: 3.693 Thread 0x0000000016655800 DEOPT PACKING pc=0x0000000002973de8 sp=0x0000000016cae120
Event: 3.693 Thread 0x0000000016655800 DEOPT UNPACKING pc=0x00000000025e582a sp=0x0000000016cae0a8 mode 2
Event: 3.704 Thread 0x0000000016655800 Uncommon trap: trap_request=0xffffff65 fr.pc=0x00000000028da5fc
Event: 3.704 Thread 0x0000000016655800 DEOPT PACKING pc=0x00000000028da5fc sp=0x0000000016cae450
Event: 3.704 Thread 0x0000000016655800 DEOPT UNPACKING pc=0x00000000025e582a sp=0x0000000016cae3d8 mode 2


Dynamic libraries:
0x00007ff6ea4b0000 - 0x00007ff6ea4e7000 	C:\Program Files\Java\jdk1.8.0_73\bin\java.exe
0x00007ffee20b0000 - 0x00007ffee2272000 	C:\Windows\SYSTEM32\ntdll.dll
0x00007ffee19a0000 - 0x00007ffee1a4d000 	C:\Windows\system32\KERNEL32.DLL
0x00007ffedf5a0000 - 0x00007ffedf77d000 	C:\Windows\system32\KERNELBASE.dll
0x00007ffee1a50000 - 0x00007ffee1af6000 	C:\Windows\system32\ADVAPI32.dll
0x00007ffee1c40000 - 0x00007ffee1cdd000 	C:\Windows\system32\msvcrt.dll
0x00007ffee00c0000 - 0x00007ffee011b000 	C:\Windows\system32\sechost.dll
0x00007ffee1d20000 - 0x00007ffee1e46000 	C:\Windows\system32\RPCRT4.dll
0x00007ffedfef0000 - 0x00007ffee003e000 	C:\Windows\system32\USER32.dll
0x00007ffee16c0000 - 0x00007ffee1845000 	C:\Windows\system32\GDI32.dll
0x00007ffecd5e0000 - 0x00007ffecd854000 	C:\Windows\WinSxS\amd64_microsoft.windows.common-controls_6595b64144ccf1df_6.0.10240.16384_none_f41f7b285750ef43\COMCTL32.dll
0x00007ffee1ce0000 - 0x00007ffee1d16000 	C:\Windows\system32\IMM32.DLL
0x00007ffedfa50000 - 0x00007ffedfbac000 	C:\Windows\system32\MSCTF.dll
0x0000000061db0000 - 0x0000000061e82000 	C:\Program Files\Java\jdk1.8.0_73\jre\bin\msvcr100.dll
0x0000000062230000 - 0x0000000062ac0000 	C:\Program Files\Java\jdk1.8.0_73\jre\bin\server\jvm.dll
0x00007ffee0040000 - 0x00007ffee0048000 	C:\Windows\system32\PSAPI.DLL
0x00007ffed98b0000 - 0x00007ffed98b9000 	C:\Windows\SYSTEM32\WSOCK32.dll
0x00007ffee2020000 - 0x00007ffee2089000 	C:\Windows\system32\WS2_32.dll
0x00007ffee16b0000 - 0x00007ffee16b8000 	C:\Windows\system32\NSI.dll
0x00007ffed7d30000 - 0x00007ffed7d53000 	C:\Windows\SYSTEM32\WINMM.dll
0x00007ffed4b40000 - 0x00007ffed4b4a000 	C:\Windows\SYSTEM32\VERSION.dll
0x00007ffed7430000 - 0x00007ffed745c000 	C:\Windows\SYSTEM32\WINMMBASE.dll
0x00007ffedec30000 - 0x00007ffedec74000 	C:\Windows\system32\cfgmgr32.dll
0x00007ffedd450000 - 0x00007ffedd477000 	C:\Windows\SYSTEM32\DEVOBJ.dll
0x0000000062220000 - 0x000000006222f000 	C:\Program Files\Java\jdk1.8.0_73\jre\bin\verify.dll
0x00000000621f0000 - 0x0000000062219000 	C:\Program Files\Java\jdk1.8.0_73\jre\bin\java.dll
0x00000000621d0000 - 0x00000000621e6000 	C:\Program Files\Java\jdk1.8.0_73\jre\bin\zip.dll
0x00007ffee0120000 - 0x00007ffee1645000 	C:\Windows\system32\SHELL32.dll
0x00007ffedee50000 - 0x00007ffedf478000 	C:\Windows\system32\windows.storage.dll
0x00007ffedfc70000 - 0x00007ffedfeec000 	C:\Windows\system32\combase.dll
0x00007ffee1650000 - 0x00007ffee16a1000 	C:\Windows\system32\shlwapi.dll
0x00007ffedeb50000 - 0x00007ffedeb5f000 	C:\Windows\system32\kernel.appcore.dll
0x00007ffedf480000 - 0x00007ffedf533000 	C:\Windows\system32\shcore.dll
0x00007ffedeae0000 - 0x00007ffedeb2a000 	C:\Windows\system32\powrprof.dll
0x00007ffedeb60000 - 0x00007ffedeb73000 	C:\Windows\system32\profapi.dll

VM Arguments:
jvm_args: -Djava.awt.headless=true -Xmx1024M -Dfile.encoding=windows-1252 -Duser.country=US -Duser.language=en -Duser.variant 
java_command: com.android.dx.command.Main --dex --force-jumbo --num-threads=4 --multi-dex --output C:\Users\user\AndroidStudioProjects\ExpenseManager\app\build\intermediates\transforms\dex\debug\folders\1000\10\com.android.support-support-vector-drawable-23.4.0_975480d889613d500f0d751721fbd743949a393c C:\Users\user\AndroidStudioProjects\ExpenseManager\app\build\intermediates\exploded-aar\com.android.support\support-vector-drawable\23.4.0\jars\classes.jar
java_class_path (initial): C:\Users\user\AppData\Local\Android\sdk\build-tools\23.0.3\lib\dx.jar
Launcher Type: SUN_STANDARD

Environment Variables:
PATH=C:\ProgramData\Oracle\Java\javapath;D:\DevSuiteHome_1\jdk\jre\bin\classic;D:\DevSuiteHome_1\jdk\jre\bin;D:\DevSuiteHome_1\jdk\jre\bin\client;D:\DevSuiteHome_1\jlib;D:\DevSuiteHome_1\bin;D:\DevSuiteHome_1\jre\1.4.2\bin\client;D:\DevSuiteHome_1\jre\1.4.2\bin;C:\Windows\system32;C:\Windows;C:\Windows\System32\Wbem;C:\Windows\System32\WindowsPowerShell\v1.0\;C:\Program Files (x86)\Skype\Phone\;C:\Program Files (x86)\CrSSL\bin;C:\Program Files\CrSSL\bin;C:\Program Files (x86)\CrSSL\bin
USERNAME=user
OS=Windows_NT
PROCESSOR_IDENTIFIER=Intel64 Family 6 Model 69 Stepping 1, GenuineIntel



---------------  S Y S T E M  ---------------

OS: Windows 10.0 , 64 bit Build 10240 (10.0.10240.16384)

CPU:total 4 (2 cores per cpu, 2 threads per core) family 6 model 69 stepping 1, cmov, cx8, fxsr, mmx, sse, sse2, sse3, ssse3, sse4.1, sse4.2, popcnt, avx, avx2, aes, clmul, erms, lzcnt, ht, tsc, tscinvbit, bmi1, bmi2

Memory: 4k page, physical 6214896k(378996k free), swap 7918832k(5312k free)

vm_info: Java HotSpot(TM) 64-Bit Server VM (25.73-b02) for windows-amd64 JRE (1.8.0_73-b02), built on Jan 29 2016 17:38:49 by "java_re" with MS VC++ 10.0 (VS2010)

time: Thu Jul 07 11:06:31 2016
elapsed time: 3 seconds (0d 0h 0m 3s)

