#
# There is insufficient memory for the Java Runtime Environment to continue.
# Native memory allocation (malloc) failed to allocate 290896 bytes for Chunk::new
# Possible reasons:
#   The system is out of physical RAM or swap space
#   In 32 bit mode, the process size limit was hit
# Possible solutions:
#   Reduce memory load on the system
#   Increase physical memory or swap space
#   Check if swap backing store is full
#   Use 64 bit Java on a 64 bit OS
#   Decrease Java heap size (-Xmx/-Xms)
#   Decrease number of Java threads
#   Decrease Java thread stack sizes (-Xss)
#   Set larger code cache with -XX:ReservedCodeCacheSize=
# This output file may be truncated or incomplete.
#
#  Out of Memory Error (allocation.cpp:390), pid=8180, tid=7752
#
# JRE version: Java(TM) SE Runtime Environment (8.0_73-b02) (build 1.8.0_73-b02)
# Java VM: Java HotSpot(TM) 64-Bit Server VM (25.73-b02 mixed mode windows-amd64 compressed oops)
# Failed to write core dump. Minidumps are not enabled by default on client versions of Windows
#

---------------  T H R E A D  ---------------

Current thread (0x0000000014ecb800):  JavaThread "C2 CompilerThread0" daemon [_thread_in_native, id=7752, stack(0x0000000016510000,0x0000000016610000)]

Stack: [0x0000000016510000,0x0000000016610000]
[error occurred during error reporting (printing stack bounds), id 0xc0000005]

Native frames: (J=compiled Java code, j=interpreted, Vv=VM code, C=native code)


Current CompileTask:
C2:   1766  865       4       java.util.TreeMap::put (247 bytes)


---------------  P R O C E S S  ---------------

Java Threads: ( => current thread )
  0x0000000016a75000 JavaThread "pool-2-thread-4" [_thread_blocked, id=3256, stack(0x0000000017210000,0x0000000017310000)]
  0x0000000016a7f800 JavaThread "pool-2-thread-3" [_thread_blocked, id=1052, stack(0x0000000017110000,0x0000000017210000)]
  0x0000000016a51000 JavaThread "pool-2-thread-2" [_thread_in_Java, id=6676, stack(0x0000000017010000,0x0000000017110000)]
  0x0000000016940800 JavaThread "pool-3-thread-1" [_thread_blocked, id=1516, stack(0x0000000016f10000,0x0000000017010000)]
  0x000000001693f800 JavaThread "pool-2-thread-1" [_thread_in_Java, id=5752, stack(0x0000000016e10000,0x0000000016f10000)]
  0x0000000016825800 JavaThread "Service Thread" daemon [_thread_blocked, id=7016, stack(0x0000000016c10000,0x0000000016d10000)]
  0x0000000014ed3000 JavaThread "C1 CompilerThread2" daemon [_thread_in_vm, id=8092, stack(0x0000000016710000,0x0000000016810000)]
  0x0000000014ed0000 JavaThread "C2 CompilerThread1" daemon [_thread_in_native, id=6364, stack(0x0000000016610000,0x0000000016710000)]
=>0x0000000014ecb800 JavaThread "C2 CompilerThread0" daemon [_thread_in_native, id=7752, stack(0x0000000016510000,0x0000000016610000)]
  0x0000000014ec9800 JavaThread "Attach Listener" daemon [_thread_blocked, id=5380, stack(0x0000000016410000,0x0000000016510000)]
  0x0000000014ec8000 JavaThread "Signal Dispatcher" daemon [_thread_blocked, id=6600, stack(0x0000000016310000,0x0000000016410000)]
  0x00000000027f0800 JavaThread "Finalizer" daemon [_thread_blocked, id=7684, stack(0x0000000016130000,0x0000000016230000)]
  0x00000000027ed000 JavaThread "Reference Handler" daemon [_thread_blocked, id=764, stack(0x0000000016030000,0x0000000016130000)]
  0x0000000002700800 JavaThread "main" [_thread_in_native, id=5460, stack(0x0000000002560000,0x0000000002660000)]

Other Threads:
  0x0000000014e98000 VMThread [stack: 0x0000000015f30000,0x0000000016030000] [id=7252]
  0x000000001682a000 WatcherThread [stack: 0x0000000016d10000,0x0000000016e10000] [id=5936]

VM state:not at safepoint (normal execution)

VM Mutex/Monitor currently owned by a thread: None

Heap:
 PSYoungGen      total 28672K, used 19707K [0x00000000eab00000, 0x00000000ecb00000, 0x0000000100000000)
  eden space 24576K, 80% used [0x00000000eab00000,0x00000000ebe3eda8,0x00000000ec300000)
  from space 4096K, 0% used [0x00000000ec700000,0x00000000ec700000,0x00000000ecb00000)
  to   space 4096K, 0% used [0x00000000ec300000,0x00000000ec300000,0x00000000ec700000)
 ParOldGen       total 65536K, used 0K [0x00000000c0000000, 0x00000000c4000000, 0x00000000eab00000)
  object space 65536K, 0% used [0x00000000c0000000,0x00000000c0000000,0x00000000c4000000)
 Metaspace       used 5643K, capacity 6832K, committed 7040K, reserved 1058816K
  class space    used 574K, capacity 616K, committed 640K, reserved 1048576K

Card table byte_map: [0x0000000011bc0000,0x0000000011dd0000] byte_map_base: 0x00000000115c0000

Marking Bits: (ParMarkBitMap*) 0x0000000062820600
 Begin Bits: [0x0000000012330000, 0x0000000013330000)
 End Bits:   [0x0000000013330000, 0x0000000014330000)

Polling page: 0x0000000000e00000

CodeCache: size=245760Kb used=3696Kb max_used=3696Kb free=242064Kb
 bounds [0x0000000002800000, 0x0000000002ba0000, 0x0000000011800000]
 total_blobs=1168 nmethods=907 adapters=174
 compilation: enabled

Compilation events (10 events):
Event: 1.727 Thread 0x0000000014ed3000 nmethod 872 0x0000000002b6fa10 code [0x0000000002b6fd20, 0x0000000002b71558]
Event: 1.727 Thread 0x0000000014ed3000  873       3       com.android.dx.rop.code.ThrowingInsn::withNewRegisters (21 bytes)
Event: 1.727 Thread 0x0000000014ed3000 nmethod 873 0x0000000002b72050 code [0x0000000002b721c0, 0x0000000002b724e8]
Event: 1.727 Thread 0x0000000014ed3000  866       1       com.android.dx.cf.attrib.AttCode::getCode (5 bytes)
Event: 1.727 Thread 0x0000000014ed3000 nmethod 866 0x0000000002b64c10 code [0x0000000002b64d60, 0x0000000002b64e70]
Event: 1.727 Thread 0x0000000014ed3000  874       1       com.android.dx.dex.code.RopTranslator::access$100 (5 bytes)
Event: 1.727 Thread 0x0000000014ed3000 nmethod 874 0x0000000002b62910 code [0x0000000002b62a60, 0x0000000002b62b50]
Event: 1.732 Thread 0x0000000014ed3000  882       3       com.android.dx.rop.code.LocalVariableExtractor::processBlock (327 bytes)
Event: 1.736 Thread 0x0000000014ed3000 nmethod 882 0x0000000002b725d0 code [0x0000000002b72a40, 0x0000000002b764d8]
Event: 1.736 Thread 0x0000000014ed3000  875       3       com.android.dx.ssa.SsaBasicBlock::getRopLabelSuccessorList (57 bytes)

GC Heap History (0 events):
No events

Deoptimization events (6 events):
Event: 1.400 Thread 0x000000001693f800 Uncommon trap: reason=class_check action=maybe_recompile pc=0x00000000029fd5b4 method=com.android.dx.rop.cst.CstMemberRef.compareTo0(Lcom/android/dx/rop/cst/Constant;)I @ 1
Event: 1.422 Thread 0x000000001693f800 Uncommon trap: reason=unstable_if action=reinterpret pc=0x00000000029e5a80 method=java.util.HashMap.getNode(ILjava/lang/Object;)Ljava/util/HashMap$Node; @ 62
Event: 1.428 Thread 0x0000000016a75000 Uncommon trap: reason=class_check action=maybe_recompile pc=0x00000000029fd5b4 method=com.android.dx.rop.cst.CstMemberRef.compareTo0(Lcom/android/dx/rop/cst/Constant;)I @ 1
Event: 1.428 Thread 0x0000000016a75000 Uncommon trap: reason=class_check action=maybe_recompile pc=0x00000000029fd5b4 method=com.android.dx.rop.cst.CstMemberRef.compareTo0(Lcom/android/dx/rop/cst/Constant;)I @ 1
Event: 1.428 Thread 0x0000000002700800 Uncommon trap: reason=class_check action=maybe_recompile pc=0x00000000029fd5b4 method=com.android.dx.rop.cst.CstMemberRef.compareTo0(Lcom/android/dx/rop/cst/Constant;)I @ 1
Event: 1.496 Thread 0x0000000016a51000 Uncommon trap: reason=unstable_if action=reinterpret pc=0x00000000029fcb38 method=com.android.dx.rop.cst.CstFieldRef.compareTo0(Lcom/android/dx/rop/cst/Constant;)I @ 7

Internal exceptions (2 events):
Event: 0.119 Thread 0x0000000002700800 Exception <a 'java/lang/NoSuchMethodError': Method sun.misc.Unsafe.defineClass(Ljava/lang/String;[BII)Ljava/lang/Class; name or signature does not match> (0x00000000eab0d4f8) thrown at [D:\re\puppet\workspace\8-2-build-windows-amd64-cygwin\jdk8u73\6086\hot%× @i^¾?
Event: 0.119 Thread 0x0000000002700800 Exception <a 'java/lang/NoSuchMethodError': Method sun.misc.Unsafe.prefetchRead(Ljava/lang/Object;J)V name or signature does not match> (0x00000000eab0d7e0) thrown at [D:\re\puppet\workspace\8-2-build-windows-amd64-cygwin\jdk8u73\6086\hotspot\src\share\vm\

Events (10 events):
Event: 1.463 loading class com/android/dx/ssa/back/FirstFitLocalCombiningAllocator$Multiset done
Event: 1.466 loading class java/util/DualPivotQuicksort
Event: 1.466 loading class java/util/DualPivotQuicksort done
Event: 1.496 Thread 0x0000000016a51000 Uncommon trap: trap_request=0xffffff65 fr.pc=0x00000000029fcb38
Event: 1.496 Thread 0x0000000016a51000 DEOPT PACKING pc=0x00000000029fcb38 sp=0x000000001710ea70
Event: 1.496 Thread 0x0000000016a51000 DEOPT UNPACKING pc=0x000000000284582a sp=0x000000001710e9f8 mode 2
Event: 1.650 Executing VM operation: CollectForMetadataAllocation
Event: 1.652 Executing VM operation: CollectForMetadataAllocation done
Event: 1.668 loading class java/util/ArrayList$1
Event: 1.668 loading class java/util/ArrayList$1 done


Dynamic libraries:
0x00007ff6896f0000 - 0x00007ff689727000 	C:\Program Files\Java\jdk1.8.0_73\bin\java.exe
0x00007ffee20b0000 - 0x00007ffee2272000 	C:\Windows\SYSTEM32\ntdll.dll
0x00007ffee19a0000 - 0x00007ffee1a4d000 	C:\Windows\system32\KERNEL32.DLL
0x00007ffedf5a0000 - 0x00007ffedf77d000 	C:\Windows\system32\KERNELBASE.dll
0x00007ffee1a50000 - 0x00007ffee1af6000 	C:\Windows\system32\ADVAPI32.dll
0x00007ffee1c40000 - 0x00007ffee1cdd000 	C:\Windows\system32\msvcrt.dll
0x00007ffee00c0000 - 0x00007ffee011b000 	C:\Windows\system32\sechost.dll
0x00007ffee1d20000 - 0x00007ffee1e46000 	C:\Windows\system32\RPCRT4.dll
0x00007ffedfef0000 - 0x00007ffee003e000 	C:\Windows\system32\USER32.dll
0x00007ffee16c0000 - 0x00007ffee1845000 	C:\Windows\system32\GDI32.dll
0x00007ffecd5e0000 - 0x00007ffecd854000 	C:\Windows\WinSxS\amd64_microsoft.windows.common-controls_6595b64144ccf1df_6.0.10240.16384_none_f41f7b285750ef43\COMCTL32.dll
0x00007ffee1ce0000 - 0x00007ffee1d16000 	C:\Windows\system32\IMM32.DLL
0x00007ffedfa50000 - 0x00007ffedfbac000 	C:\Windows\system32\MSCTF.dll
0x0000000061bb0000 - 0x0000000061c82000 	C:\Program Files\Java\jdk1.8.0_73\jre\bin\msvcr100.dll
0x0000000062010000 - 0x00000000628a0000 	C:\Program Files\Java\jdk1.8.0_73\jre\bin\server\jvm.dll
0x00007ffee0040000 - 0x00007ffee0048000 	C:\Windows\system32\PSAPI.DLL
0x00007ffedc6b0000 - 0x00007ffedc6b9000 	C:\Windows\SYSTEM32\WSOCK32.dll
0x00007ffee2020000 - 0x00007ffee2089000 	C:\Windows\system32\WS2_32.dll
0x00007ffee16b0000 - 0x00007ffee16b8000 	C:\Windows\system32\NSI.dll
0x00007ffecafa0000 - 0x00007ffecafc3000 	C:\Windows\SYSTEM32\WINMM.dll
0x00007ffed4b40000 - 0x00007ffed4b4a000 	C:\Windows\SYSTEM32\VERSION.dll
0x00007ffecaea0000 - 0x00007ffecaecc000 	C:\Windows\SYSTEM32\WINMMBASE.dll
0x00007ffedec30000 - 0x00007ffedec74000 	C:\Windows\system32\cfgmgr32.dll
0x00007ffedd450000 - 0x00007ffedd477000 	C:\Windows\SYSTEM32\DEVOBJ.dll
0x0000000062be0000 - 0x0000000062bef000 	C:\Program Files\Java\jdk1.8.0_73\jre\bin\verify.dll
0x0000000061fe0000 - 0x0000000062009000 	C:\Program Files\Java\jdk1.8.0_73\jre\bin\java.dll
0x0000000061fc0000 - 0x0000000061fd6000 	C:\Program Files\Java\jdk1.8.0_73\jre\bin\zip.dll
0x00007ffee0120000 - 0x00007ffee1645000 	C:\Windows\system32\SHELL32.dll
0x00007ffedee50000 - 0x00007ffedf478000 	C:\Windows\system32\windows.storage.dll
0x00007ffedfc70000 - 0x00007ffedfeec000 	C:\Windows\system32\combase.dll
0x00007ffee1650000 - 0x00007ffee16a1000 	C:\Windows\system32\shlwapi.dll
0x00007ffedeb50000 - 0x00007ffedeb5f000 	C:\Windows\system32\kernel.appcore.dll
0x00007ffedf480000 - 0x00007ffedf533000 	C:\Windows\system32\shcore.dll
0x00007ffedeae0000 - 0x00007ffedeb2a000 	C:\Windows\system32\powrprof.dll
0x00007ffedeb60000 - 0x00007ffedeb73000 	C:\Windows\system32\profapi.dll

VM Arguments:
jvm_args: -Djava.awt.headless=true -Xmx1024M -Dfile.encoding=windows-1252 -Duser.country=US -Duser.language=en -Duser.variant 
java_command: com.android.dx.command.Main --dex --force-jumbo --num-threads=4 --multi-dex --output C:\Users\user\AndroidStudioProjects\ExpenseManager\app\build\intermediates\transforms\dex\debug\folders\1000\5\slice_2 C:\Users\user\AndroidStudioProjects\ExpenseManager\app\build\intermediates\transforms\instantRunSlicer\debug\folders\1\5\slice_2
java_class_path (initial): C:\Users\user\AppData\Local\Android\sdk\build-tools\23.0.3\lib\dx.jar
Launcher Type: SUN_STANDARD

Environment Variables:
PATH=C:\ProgramData\Oracle\Java\javapath;D:\DevSuiteHome_1\jdk\jre\bin\classic;D:\DevSuiteHome_1\jdk\jre\bin;D:\DevSuiteHome_1\jdk\jre\bin\client;D:\DevSuiteHome_1\jlib;D:\DevSuiteHome_1\bin;D:\DevSuiteHome_1\jre\1.4.2\bin\client;D:\DevSuiteHome_1\jre\1.4.2\bin;C:\Windows\system32;C:\Windows;C:\Windows\System32\Wbem;C:\Windows\System32\WindowsPowerShell\v1.0\;C:\Program Files (x86)\Skype\Phone\;C:\Program Files (x86)\CrSSL\bin;C:\Program Files\CrSSL\bin;C:\Program Files (x86)\CrSSL\bin
USERNAME=user
OS=Windows_NT
PROCESSOR_IDENTIFIER=Intel64 Family 6 Model 69 Stepping 1, GenuineIntel



---------------  S Y S T E M  ---------------

OS: Windows 10.0 , 64 bit Build 10240 (10.0.10240.16384)

CPU:total 4 (2 cores per cpu, 2 threads per core) family 6 model 69 stepping 1, cmov, cx8, fxsr, mmx, sse, sse2, sse3, ssse3, sse4.1, sse4.2, popcnt, avx, avx2, aes, clmul, erms, lzcnt, ht, tsc, tscinvbit, bmi1, bmi2

Memory: 4k page, physical 6214896k(707672k free), swap 7918832k(3608k free)

vm_info: Java HotSpot(TM) 64-Bit Server VM (25.73-b02) for windows-amd64 JRE (1.8.0_73-b02), built on Jan 29 2016 17:38:49 by "java_re" with MS VC++ 10.0 (VS2010)

time: Tue Jul 05 16:05:19 2016
elapsed time: 1 seconds (0d 0h 0m 1s)

